
Turn 3
================================================================
warning: entity 0 was directed to use 7 halite to move north, but only 0 halite was available
At command 1 of 2:
>>> 1   m 0 n
    2   g


Turn 5
================================================================
warning: entity 2 was directed to use 3 halite to move east, but only 0 halite was available
At command 2 of 2:
    1   m 0 n
>>> 2   m 2 e


Turn 8
================================================================
warning: entity 5 was directed to use 5 halite to move north, but only 0 halite was available
At command 2 of 4:
    1   m 2 o
>>> 2   m 5 n
    3   m 0 o
    4   g


Turn 10
================================================================
warning: entity 7 was directed to use 5 halite to move south, but only 0 halite was available
At command 3 of 4:
    1   m 5 n
    2   m 2 o
>>> 3   m 7 s
    4   m 0 o


Turn 11
================================================================
warning: entity 5 was directed to use 4 halite to move west, but only 2 halite was available
At command 1 of 4:
>>> 1   m 5 w
    2   m 2 o
    3   m 7 n


Turn 14
================================================================
warning: entity 9 was directed to use 3 halite to move north, but only 0 halite was available
At command 2 of 5:
    1   m 5 o
>>> 2   m 9 n
    3   m 2 o
    4   m 7 n

warning: entity 7 was directed to use 3 halite to move north, but only 0 halite was available
At command 4 of 5:
    2   m 9 n
    3   m 2 o
>>> 4   m 7 n
    5   m 0 o


Turn 18
================================================================
warning: entity 5 was directed to use 2 halite to move north, but only 0 halite was available
At command 1 of 5:
>>> 1   m 5 n
    2   m 9 e
    3   m 2 o


Turn 26
================================================================
warning: entity 9 was directed to use 1 halite to move west, but only 0 halite was available
At command 2 of 5:
    1   m 5 o
>>> 2   m 9 w
    3   m 2 o
    4   m 7 o


Turn 28
================================================================
warning: entity 9 was directed to use 8 halite to move south, but only 3 halite was available
At command 2 of 5:
    1   m 5 o
>>> 2   m 9 s
    3   m 2 o
    4   m 7 o


Turn 37
================================================================
warning: entity 9 was directed to use 2 halite to move north, but only 0 halite was available
At command 2 of 5:
    1   m 5 o
>>> 2   m 9 n
    3   m 2 o
    4   m 7 o


Turn 45
================================================================
warning: entity 9 was directed to use 3 halite to move south, but only 0 halite was available
At command 2 of 5:
    1   m 5 o
>>> 2   m 9 s
    3   m 2 o
    4   m 7 o


Turn 51
================================================================
warning: entity 9 was directed to use 2 halite to move east, but only 0 halite was available
At command 2 of 5:
    1   m 5 o
>>> 2   m 9 e
    3   m 2 o
    4   m 7 o


Turn 54
================================================================
warning: entity 9 was directed to use 1 halite to move west, but only 0 halite was available
At command 2 of 5:
    1   m 5 o
>>> 2   m 9 w
    3   m 2 o
    4   m 7 o


Turn 56
================================================================
warning: entity 9 was directed to use 6 halite to move north, but only 3 halite was available
At command 2 of 5:
    1   m 5 o
>>> 2   m 9 n
    3   m 2 o
    4   m 7 o

