
Turn 31
================================================================
warning: entity 5 was directed to use 4 halite to move south, but only 0 halite was available
At command 2 of 5:
    1   m 9 w
>>> 2   m 5 s
    3   m 7 o
    4   m 3 o


Turn 33
================================================================
warning: entity 5 was directed to use 8 halite to move north, but only 7 halite was available
At command 1 of 5:
>>> 1   m 5 n
    2   m 9 o
    3   m 7 o


Turn 39
================================================================
warning: entity 10 was directed to use 3 halite to move west, but only 0 halite was available
At command 3 of 6:
    1   m 7 s
    2   m 3 o
>>> 3   m 10 w
    4   m 1 s
    5   m 9 e


Turn 42
================================================================
warning: entity 1 was directed to use 3 halite to move west, but only 0 halite was available
At command 2 of 7:
    1   m 7 n
>>> 2   m 1 w
    3   m 13 o
    4   m 5 o


Turn 44
================================================================
warning: entity 7 was directed to use 4 halite to move south, but only 3 halite was available
At command 3 of 8:
    1   m 14 o
    2   m 1 o
>>> 3   m 7 s
    4   m 3 o
    5   m 13 o


Turn 46
================================================================
warning: entity 14 was directed to use 2 halite to move south, but only 0 halite was available
At command 1 of 8:
>>> 1   m 14 s
    2   m 5 o
    3   m 9 w

warning: owned entities 10, 14 collided on cell (7, 16) as the result of moves on this turn
At command 8 of 8:
    6   m 3 o
    7   m 13 s
>>> 8   m 10 e


Turn 91
================================================================
warning: entity 5 was directed to use 8 halite to move north, but only 0 halite was available
At command 3 of 7:
    1   m 13 e
    2   m 7 o
>>> 3   m 5 n
    4   m 9 o
    5   m 19 e


Turn 94
================================================================
warning: entity 1 was directed to use 5 halite to move west, but only 0 halite was available
At command 3 of 9:
    1   m 21 n
    2   m 7 w
>>> 3   m 1 w
    4   m 3 o
    5   m 13 e


Turn 96
================================================================
warning: entity 3 was directed to use 3 halite to move west, but only 0 halite was available
At command 2 of 9:
    1   m 13 o
>>> 2   m 3 w
    3   m 22 o
    4   m 5 n


Turn 97
================================================================
warning: entity 19 was directed to use 8 halite to move north, but only 2 halite was available
At command 1 of 9:
>>> 1   m 19 n
    2   m 7 o
    3   m 9 o


Turn 99
================================================================
warning: entity 22 was directed to use 8 halite to move west, but only 7 halite was available
At command 3 of 9:
    1   m 3 o
    2   m 1 o
>>> 3   m 22 w
    4   m 5 n
    5   m 19 o


Turn 100
================================================================
warning: owned entities 5, 7 collided on cell (11, 14) as the result of moves on this turn
At command 4 of 9:
    2   m 3 o
    3   m 1 o
>>> 4   m 5 n
    5   m 22 e
    6   m 19 o


Turn 103
================================================================
warning: entity 21 was directed to use 1 halite to move west, but only 0 halite was available
At command 6 of 7:
    4   m 19 o
    5   m 1 w
>>> 6   m 21 w
    7   m 9 o


Turn 105
================================================================
warning: entity 22 was directed to use 8 halite to move east, but only 3 halite was available
At command 3 of 7:
    1   m 21 o
    2   m 19 o
>>> 3   m 22 e
    4   m 9 s
    5   m 3 o


Turn 107
================================================================
warning: entity 9 was directed to use 4 halite to move north, but only 0 halite was available
At command 6 of 8:
    4   m 13 w
    5   m 19 s
>>> 6   m 9 n
    7   m 22 s
    8   m 3 n


Turn 110
================================================================
warning: entity 9 was directed to use 3 halite to move north, but only 2 halite was available
At command 7 of 8:
    5   m 1 e
    6   m 22 n
>>> 7   m 9 n
    8   m 3 o


Turn 112
================================================================
warning: entity 22 was directed to use 9 halite to move west, but only 6 halite was available
At command 3 of 8:
    1   m 13 n
    2   m 1 o
>>> 3   m 22 w
    4   m 19 o
    5   m 9 n


Turn 113
================================================================
warning: entity 9 was directed to use 8 halite to move west, but only 5 halite was available
At command 1 of 8:
>>> 1   m 9 w
    2   m 13 n
    3   m 21 e


Turn 117
================================================================
warning: entity 13 was directed to use 4 halite to move west, but only 0 halite was available
At command 5 of 9:
    3   m 19 s
    4   m 21 w
>>> 5   m 13 w
    6   m 28 e
    7   m 9 w

warning: entity 28 was directed to use 3 halite to move east, but only 0 halite was available
At command 6 of 9:
    4   m 21 w
    5   m 13 w
>>> 6   m 28 e
    7   m 9 w
    8   m 22 o


Turn 120
================================================================
warning: entity 9 was directed to use 8 halite to move south, but only 6 halite was available
At command 3 of 9:
    1   m 3 w
    2   m 19 s
>>> 3   m 9 s
    4   m 28 n
    5   m 1 s


Turn 121
================================================================
warning: entity 28 was directed to use 8 halite to move south, but only 0 halite was available
At command 1 of 9:
>>> 1   m 28 s
    2   m 3 s
    3   m 19 o


Turn 145
================================================================
warning: owned entities 21, 3 collided on cell (12, 11) as the result of moves on this turn
At command 8 of 9:
    6   m 25 o
    7   m 22 s
>>> 8   m 21 s
    9   m 28 s


Turn 157
================================================================
warning: entity 33 was directed to use 4 halite to move south, but only 3 halite was available
At command 3 of 9:
    1   m 1 e
    2   m 22 o
>>> 3   m 33 s
    4   m 13 e
    5   m 9 o


Turn 159
================================================================
warning: entity 25 was directed to use 3 halite to move south, but only 0 halite was available
At command 2 of 9:
    1   m 13 o
>>> 2   m 25 s
    3   m 22 w
    4   m 33 e


Turn 160
================================================================
warning: entity 19 was directed to use 6 halite to move north, but only 1 halite was available
At command 2 of 9:
    1   m 22 e
>>> 2   m 19 n
    3   m 33 w
    4   m 1 o

warning: entity 33 was directed to use 4 halite to move west, but only 3 halite was available
At command 3 of 9:
    1   m 22 e
    2   m 19 n
>>> 3   m 33 w
    4   m 1 o
    5   m 35 e


Turn 161
================================================================
warning: entity 25 was directed to use 8 halite to move east, but only 7 halite was available
At command 1 of 10:
>>> 1   m 25 e
    2   m 13 e
    3   m 22 s


Turn 162
================================================================
warning: entity 35 was directed to use 7 halite to move south, but only 0 halite was available
At command 9 of 10:
    7   m 33 n
    8   m 25 n
>>> 9   m 35 s
    10   m 1 o


Turn 163
================================================================
warning: entity 28 was directed to use 3 halite to move west, but only 0 halite was available
At command 3 of 10:
    1   m 33 s
    2   m 9 e
>>> 3   m 28 w
    4   m 22 s
    5   m 25 n


Turn 164
================================================================
warning: entity 36 was directed to use 1 halite to move south, but only 0 halite was available
At command 9 of 10:
    7   m 1 w
    8   m 28 e
>>> 9   m 36 s
    10   m 19 o


Turn 166
================================================================
warning: entity 28 was directed to use 2 halite to move south, but only 1 halite was available
At command 6 of 10:
    4   m 33 e
    5   m 9 s
>>> 6   m 28 s
    7   m 1 w
    8   m 35 e


Turn 167
================================================================
warning: entity 33 was directed to use 7 halite to move north, but only 2 halite was available
At command 1 of 10:
>>> 1   m 33 n
    2   m 13 o
    3   m 35 n

warning: entity 25 was directed to use 6 halite to move north, but only 2 halite was available
At command 6 of 10:
    4   m 1 o
    5   m 9 n
>>> 6   m 25 n
    7   m 22 n
    8   m 28 w


Turn 168
================================================================
warning: entity 28 was directed to use 9 halite to move north, but only 6 halite was available
At command 3 of 10:
    1   m 9 s
    2   m 22 n
>>> 3   m 28 n
    4   m 33 s
    5   m 13 o


Turn 170
================================================================
warning: entity 35 was directed to use 9 halite to move east, but only 0 halite was available
At command 2 of 10:
    1   m 1 o
>>> 2   m 35 e
    3   m 9 w
    4   m 33 w


Turn 171
================================================================
warning: entity 25 was directed to use 6 halite to move south, but only 4 halite was available
At command 1 of 10:
>>> 1   m 25 s
    2   m 33 o
    3   m 9 n


Turn 173
================================================================
warning: entity 36 was directed to use 3 halite to move south, but only 2 halite was available
At command 6 of 10:
    4   m 9 w
    5   m 13 w
>>> 6   m 36 s
    7   m 19 s
    8   m 1 s


Turn 175
================================================================
warning: entity 33 was directed to use 3 halite to move south, but only 2 halite was available
At command 3 of 11:
    1   m 37 w
    2   m 28 s
>>> 3   m 33 s
    4   m 13 o
    5   m 25 s

warning: entity 25 was directed to use 9 halite to move south, but only 1 halite was available
At command 5 of 11:
    3   m 33 s
    4   m 13 o
>>> 5   m 25 s
    6   m 22 n
    7   m 36 w


Turn 176
================================================================
warning: entity 36 was directed to use 9 halite to move south, but only 5 halite was available
At command 5 of 11:
    3   m 22 s
    4   m 19 o
>>> 5   m 36 s
    6   m 33 n
    7   m 13 o


Turn 179
================================================================
warning: entity 37 was directed to use 5 halite to move east, but only 3 halite was available
At command 3 of 11:
    1   m 28 e
    2   m 33 w
>>> 3   m 37 e
    4   m 25 s
    5   m 13 w

warning: entity 25 was directed to use 8 halite to move south, but only 7 halite was available
At command 4 of 11:
    2   m 33 w
    3   m 37 e
>>> 4   m 25 s
    5   m 13 w
    6   m 35 o

warning: owned entities 36, 37 collided on cell (6, 16) as the result of moves on this turn
At command 10 of 11:
    8   m 9 e
    9   m 22 e
>>> 10   m 36 e
    11   m 19 o


Turn 182
================================================================
warning: entity 33 was directed to use 2 halite to move west, but only 1 halite was available
At command 3 of 9:
    1   m 25 e
    2   m 9 e
>>> 3   m 33 w
    4   m 1 o
    5   m 35 s


Turn 183
================================================================
warning: entity 25 was directed to use 9 halite to move east, but only 7 halite was available
At command 2 of 9:
    1   m 9 e
>>> 2   m 25 e
    3   m 19 n
    4   m 28 w


Turn 186
================================================================
warning: entity 28 was directed to use 6 halite to move north, but only 0 halite was available
At command 5 of 10:
    3   m 19 e
    4   m 9 o
>>> 5   m 28 n
    6   m 33 e
    7   m 13 w


Turn 188
================================================================
warning: entity 25 was directed to use 7 halite to move south, but only 2 halite was available
At command 1 of 10:
>>> 1   m 25 s
    2   m 40 n
    3   m 9 o


Turn 189
================================================================
warning: entity 40 was directed to use 3 halite to move north, but only 0 halite was available
At command 2 of 10:
    1   m 22 s
>>> 2   m 40 n
    3   m 33 w
    4   m 19 w


Turn 190
================================================================
warning: entity 33 was directed to use 7 halite to move north, but only 1 halite was available
At command 3 of 10:
    1   m 19 e
    2   m 22 e
>>> 3   m 33 n
    4   m 25 s
    5   m 13 e


Turn 194
================================================================
warning: entity 40 was directed to use 6 halite to move south, but only 1 halite was available
At command 4 of 10:
    2   m 22 n
    3   m 19 o
>>> 4   m 40 s
    5   m 9 e
    6   m 33 w

warning: entity 1 was directed to use 1 halite to move west, but only 0 halite was available
At command 9 of 10:
    7   m 28 w
    8   m 25 o
>>> 9   m 1 w
    10   m 35 s


Turn 196
================================================================
warning: entity 1 was directed to use 9 halite to move north, but only 3 halite was available
At command 9 of 10:
    7   m 13 e
    8   m 25 e
>>> 9   m 1 n
    10   m 35 o


Turn 197
================================================================
warning: entity 33 was directed to use 6 halite to move south, but only 3 halite was available
At command 4 of 10:
    2   m 28 w
    3   m 9 o
>>> 4   m 33 s
    5   m 13 e
    6   m 25 w


Turn 202
================================================================
warning: entity 33 was directed to use 4 halite to move west, but only 0 halite was available
At command 3 of 10:
    1   m 28 n
    2   m 22 e
>>> 3   m 33 w
    4   m 19 s
    5   m 13 n


Turn 205
================================================================
warning: entity 33 was directed to use 8 halite to move west, but only 0 halite was available
At command 5 of 10:
    3   m 13 w
    4   m 9 s
>>> 5   m 33 w
    6   m 19 o
    7   m 25 o


Turn 209
================================================================
warning: entity 33 was directed to use 4 halite to move east, but only 3 halite was available
At command 4 of 10:
    2   m 1 o
    3   m 28 n
>>> 4   m 33 e
    5   m 19 e
    6   m 22 n


Turn 213
================================================================
warning: entity 22 was directed to use 1 halite to move west, but only 0 halite was available
At command 1 of 10:
>>> 1   m 22 w
    2   m 28 w
    3   m 33 w

warning: entity 33 was directed to use 6 halite to move west, but only 1 halite was available
At command 3 of 10:
    1   m 22 w
    2   m 28 w
>>> 3   m 33 w
    4   m 9 o
    5   m 19 n


Turn 216
================================================================
warning: entity 22 was directed to use 3 halite to move east, but only 2 halite was available
At command 6 of 10:
    4   m 33 w
    5   m 40 e
>>> 6   m 22 e
    7   m 1 w
    8   m 35 s


Turn 217
================================================================
warning: entity 33 was directed to use 8 halite to move south, but only 0 halite was available
At command 2 of 10:
    1   m 40 o
>>> 2   m 33 s
    3   m 25 n
    4   m 13 w


Turn 218
================================================================
warning: entity 28 was directed to use 7 halite to move south, but only 4 halite was available
At command 3 of 10:
    1   m 13 s
    2   m 25 n
>>> 3   m 28 s
    4   m 19 w
    5   m 22 s


Turn 220
================================================================
warning: entity 22 was directed to use 5 halite to move west, but only 2 halite was available
At command 6 of 10:
    4   m 25 o
    5   m 33 e
>>> 6   m 22 w
    7   m 19 s
    8   m 28 w


Turn 221
================================================================
warning: entity 33 was directed to use 8 halite to move west, but only 3 halite was available
At command 2 of 10:
    1   m 19 s
>>> 2   m 33 w
    3   m 9 e
    4   m 35 n


Turn 223
================================================================
warning: entity 13 was directed to use 2 halite to move west, but only 0 halite was available
At command 7 of 10:
    5   m 1 w
    6   m 35 s
>>> 7   m 13 w
    8   m 33 e
    9   m 25 w


Turn 224
================================================================
warning: entity 22 was directed to use 9 halite to move west, but only 5 halite was available
At command 2 of 10:
    1   m 9 w
>>> 2   m 22 w
    3   m 19 s
    4   m 40 e


Turn 226
================================================================
warning: entity 35 was directed to use 1 halite to move south, but only 0 halite was available
At command 7 of 10:
    5   m 33 s
    6   m 9 w
>>> 7   m 35 s
    8   m 1 o
    9   m 19 n


Turn 228
================================================================
warning: entity 33 was directed to use 4 halite to move west, but only 3 halite was available
At command 5 of 10:
    3   m 28 w
    4   m 25 n
>>> 5   m 33 w
    6   m 13 w
    7   m 9 s

warning: entity 13 was directed to use 1 halite to move west, but only 0 halite was available
At command 6 of 10:
    4   m 25 n
    5   m 33 w
>>> 6   m 13 w
    7   m 9 s
    8   m 35 w


Turn 229
================================================================
warning: entity 22 was directed to use 7 halite to move north, but only 5 halite was available
At command 3 of 10:
    1   m 25 n
    2   m 40 s
>>> 3   m 22 n
    4   m 19 w
    5   m 28 e

warning: entity 35 was directed to use 5 halite to move west, but only 1 halite was available
At command 7 of 10:
    5   m 28 e
    6   m 9 s
>>> 7   m 35 w
    8   m 1 s
    9   m 33 n


Turn 232
================================================================
warning: entity 19 was directed to use 2 halite to move north, but only 0 halite was available
At command 1 of 10:
>>> 1   m 19 n
    2   m 40 o
    3   m 33 s

warning: entity 33 was directed to use 6 halite to move south, but only 0 halite was available
At command 3 of 10:
    1   m 19 n
    2   m 40 o
>>> 3   m 33 s
    4   m 22 w
    5   m 13 s


Turn 233
================================================================
warning: entity 13 was directed to use 6 halite to move north, but only 0 halite was available
At command 2 of 10:
    1   m 22 e
>>> 2   m 13 n
    3   m 1 e
    4   m 35 e


Turn 234
================================================================
warning: entity 22 was directed to use 5 halite to move south, but only 3 halite was available
At command 2 of 10:
    1   m 40 n
>>> 2   m 22 s
    3   m 1 o
    4   m 35 o


Turn 236
================================================================
warning: entity 33 was directed to use 6 halite to move north, but only 2 halite was available
At command 3 of 10:
    1   m 13 e
    2   m 40 n
>>> 3   m 33 n
    4   m 22 e
    5   m 1 o


Turn 238
================================================================
warning: entity 22 was directed to use 8 halite to move west, but only 2 halite was available
At command 2 of 10:
    1   m 33 n
>>> 2   m 22 w
    3   m 9 n
    4   m 19 w


Turn 239
================================================================
warning: entity 19 was directed to use 7 halite to move west, but only 1 halite was available
At command 3 of 10:
    1   m 13 w
    2   m 25 n
>>> 3   m 19 w
    4   m 9 n
    5   m 33 w


Turn 240
================================================================
warning: entity 33 was directed to use 9 halite to move south, but only 5 halite was available
At command 2 of 10:
    1   m 40 e
>>> 2   m 33 s
    3   m 22 w
    4   m 9 s


Turn 244
================================================================
warning: entity 19 was directed to use 5 halite to move west, but only 0 halite was available
At command 4 of 10:
    2   m 22 n
    3   m 33 n
>>> 4   m 19 w
    5   m 25 o
    6   m 28 n


Turn 245
================================================================
warning: entity 22 was directed to use 7 halite to move west, but only 1 halite was available
At command 2 of 10:
    1   m 9 n
>>> 2   m 22 w
    3   m 13 w
    4   m 28 o


Turn 246
================================================================
warning: entity 13 was directed to use 4 halite to move north, but only 3 halite was available
At command 4 of 10:
    2   m 9 s
    3   m 19 s
>>> 4   m 13 n
    5   m 35 w
    6   m 1 n


Turn 248
================================================================
warning: entity 9 was directed to use 1 halite to move east, but only 0 halite was available
At command 2 of 10:
    1   m 19 e
>>> 2   m 9 e
    3   m 40 o
    4   m 13 s


Turn 249
================================================================
warning: entity 22 was directed to use 4 halite to move east, but only 2 halite was available
At command 4 of 10:
    2   m 13 w
    3   m 19 e
>>> 4   m 22 e
    5   m 35 e
    6   m 1 e


Turn 253
================================================================
warning: entity 19 was directed to use 2 halite to move north, but only 1 halite was available
At command 1 of 10:
>>> 1   m 19 n
    2   m 33 s
    3   m 9 w

warning: entity 9 was directed to use 6 halite to move west, but only 0 halite was available
At command 3 of 10:
    1   m 19 n
    2   m 33 s
>>> 3   m 9 w
    4   m 22 e
    5   m 25 w

warning: entity 22 was directed to use 4 halite to move east, but only 3 halite was available
At command 4 of 10:
    2   m 33 s
    3   m 9 w
>>> 4   m 22 e
    5   m 25 w
    6   m 28 w


Turn 264
================================================================
warning: entity 22 was directed to use 5 halite to move east, but only 4 halite was available
At command 1 of 10:
>>> 1   m 22 e
    2   m 28 o
    3   m 33 s

warning: entity 19 was directed to use 3 halite to move west, but only 1 halite was available
At command 4 of 10:
    2   m 28 o
    3   m 33 s
>>> 4   m 19 w
    5   m 9 s
    6   m 25 e

warning: entity 9 was directed to use 4 halite to move south, but only 2 halite was available
At command 5 of 10:
    3   m 33 s
    4   m 19 w
>>> 5   m 9 s
    6   m 25 e
    7   m 35 e


Turn 267
================================================================
warning: entity 9 was directed to use 9 halite to move west, but only 5 halite was available
At command 3 of 10:
    1   m 28 n
    2   m 40 s
>>> 3   m 9 w
    4   m 35 s
    5   m 1 e

warning: entity 35 was directed to use 6 halite to move south, but only 2 halite was available
At command 4 of 10:
    2   m 40 s
    3   m 9 w
>>> 4   m 35 s
    5   m 1 e
    6   m 19 n

warning: entity 19 was directed to use 7 halite to move north, but only 3 halite was available
At command 6 of 10:
    4   m 35 s
    5   m 1 e
>>> 6   m 19 n
    7   m 33 e
    8   m 25 e


Turn 268
================================================================
warning: entity 22 was directed to use 5 halite to move east, but only 2 halite was available
At command 2 of 10:
    1   m 25 w
>>> 2   m 22 e
    3   m 33 o
    4   m 28 s


Turn 280
================================================================
warning: entity 19 was directed to use 4 halite to move south, but only 3 halite was available
At command 5 of 10:
    3   m 25 n
    4   m 28 e
>>> 5   m 19 s
    6   m 9 o
    7   m 35 o


Turn 284
================================================================
warning: entity 19 was directed to use 8 halite to move north, but only 1 halite was available
At command 6 of 10:
    4   m 25 n
    5   m 13 n
>>> 6   m 19 n
    7   m 1 n
    8   m 35 o


Turn 286
================================================================
warning: entity 40 was directed to use 1 halite to move west, but only 0 halite was available
At command 4 of 10:
    2   m 25 e
    3   m 28 w
>>> 4   m 40 w
    5   m 33 n
    6   m 13 w


Turn 288
================================================================
warning: entity 13 was directed to use 4 halite to move west, but only 0 halite was available
At command 5 of 10:
    3   m 28 n
    4   m 19 e
>>> 5   m 13 w
    6   m 40 w
    7   m 33 o


Turn 290
================================================================
warning: entity 40 was directed to use 3 halite to move north, but only 2 halite was available
At command 7 of 10:
    5   m 25 n
    6   m 22 n
>>> 7   m 40 n
    8   m 33 e
    9   m 1 s


Turn 293
================================================================
warning: entity 40 was directed to use 7 halite to move north, but only 3 halite was available
At command 4 of 10:
    2   m 19 s
    3   m 33 e
>>> 4   m 40 n
    5   m 13 n
    6   m 25 n


Turn 295
================================================================
warning: entity 19 was directed to use 6 halite to move south, but only 0 halite was available
At command 6 of 10:
    4   m 33 s
    5   m 13 s
>>> 6   m 19 s
    7   m 40 w
    8   m 9 w


Turn 297
================================================================
warning: entity 40 was directed to use 6 halite to move west, but only 5 halite was available
At command 7 of 10:
    5   m 22 n
    6   m 28 o
>>> 7   m 40 w
    8   m 35 s
    9   m 1 n


Turn 299
================================================================
warning: entity 13 was directed to use 3 halite to move east, but only 2 halite was available
At command 2 of 10:
    1   m 33 e
>>> 2   m 13 e
    3   m 25 o
    4   m 40 s


Turn 303
================================================================
warning: entity 13 was directed to use 6 halite to move south, but only 2 halite was available
At command 1 of 10:
>>> 1   m 13 s
    2   m 40 s
    3   m 28 o

warning: entity 40 was directed to use 4 halite to move south, but only 2 halite was available
At command 2 of 10:
    1   m 13 s
>>> 2   m 40 s
    3   m 28 o
    4   m 33 w


Turn 306
================================================================
warning: entity 13 was directed to use 9 halite to move west, but only 7 halite was available
At command 6 of 10:
    4   m 33 s
    5   m 22 s
>>> 6   m 13 w
    7   m 25 e
    8   m 28 o


Turn 313
================================================================
warning: entity 19 was directed to use 5 halite to move west, but only 0 halite was available
At command 1 of 10:
>>> 1   m 19 w
    2   m 25 s
    3   m 9 e


Turn 329
================================================================
warning: entity 19 was directed to use 9 halite to move west, but only 4 halite was available
At command 3 of 10:
    1   m 25 n
    2   m 28 e
>>> 3   m 19 w
    4   m 9 n
    5   m 13 s


Turn 332
================================================================
warning: entity 40 was directed to use 7 halite to move east, but only 4 halite was available
At command 2 of 10:
    1   m 33 n
>>> 2   m 40 e
    3   m 19 n
    4   m 9 w


Turn 333
================================================================
warning: entity 19 was directed to use 8 halite to move north, but only 6 halite was available
At command 3 of 10:
    1   m 13 w
    2   m 33 n
>>> 3   m 19 n
    4   m 9 n
    5   m 25 s

warning: entity 1 was directed to use 1 halite to move south, but only 0 halite was available
At command 8 of 10:
    6   m 40 w
    7   m 28 s
>>> 8   m 1 s
    9   m 35 n
    10   m 22 e


Turn 337
================================================================
warning: entity 19 was directed to use 9 halite to move east, but only 5 halite was available
At command 1 of 10:
>>> 1   m 19 e
    2   m 33 w
    3   m 13 e


Turn 341
================================================================
warning: entity 19 was directed to use 8 halite to move south, but only 6 halite was available
At command 1 of 10:
>>> 1   m 19 s
    2   m 33 n
    3   m 22 n


Turn 348
================================================================
warning: entity 19 was directed to use 7 halite to move east, but only 3 halite was available
At command 6 of 10:
    4   m 22 s
    5   m 9 w
>>> 6   m 19 e
    7   m 40 s
    8   m 33 n


Turn 351
================================================================
warning: entity 33 was directed to use 4 halite to move south, but only 3 halite was available
At command 4 of 10:
    2   m 9 o
    3   m 28 n
>>> 4   m 33 s
    5   m 40 e
    6   m 25 e

warning: owned entities 25, 33 collided on cell (5, 12) as the result of moves on this turn
At command 6 of 10:
    4   m 33 s
    5   m 40 e
>>> 6   m 25 e
    7   m 1 e
    8   m 35 e


Turn 352
================================================================
warning: entity 19 was directed to use 8 halite to move west, but only 2 halite was available
At command 7 of 8:
    5   m 1 n
    6   m 35 n
>>> 7   m 19 w
    8   m 9 e


Turn 356
================================================================
warning: entity 19 was directed to use 8 halite to move west, but only 3 halite was available
At command 4 of 8:
    2   m 9 n
    3   m 13 n
>>> 4   m 19 w
    5   m 28 w
    6   m 1 o


Turn 360
================================================================
warning: entity 19 was directed to use 8 halite to move west, but only 5 halite was available
At command 8 of 8:
    6   m 40 n
    7   m 9 s
>>> 8   m 19 w


Turn 361
================================================================
warning: entity 1 was directed to use 3 halite to move east, but only 1 halite was available
At command 5 of 8:
    3   m 28 w
    4   m 35 e
>>> 5   m 1 e
    6   m 9 w
    7   m 22 s


Turn 364
================================================================
warning: entity 19 was directed to use 9 halite to move south, but only 8 halite was available
At command 3 of 8:
    1   m 40 w
    2   m 13 n
>>> 3   m 19 s
    4   m 35 n
    5   m 1 s


Turn 366
================================================================
warning: entity 1 was directed to use 1 halite to move north, but only 0 halite was available
At command 5 of 8:
    3   m 40 s
    4   m 35 n
>>> 5   m 1 n
    6   m 19 n
    7   m 13 n


Turn 369
================================================================
warning: entity 19 was directed to use 7 halite to move south, but only 5 halite was available
At command 5 of 8:
    3   m 1 s
    4   m 22 o
>>> 5   m 19 s
    6   m 9 w
    7   m 13 o


Turn 373
================================================================
warning: entity 19 was directed to use 8 halite to move east, but only 6 halite was available
At command 1 of 8:
>>> 1   m 19 e
    2   m 9 e
    3   m 28 n

warning: entity 1 was directed to use 2 halite to move north, but only 1 halite was available
At command 7 of 8:
    5   m 13 n
    6   m 35 s
>>> 7   m 1 n
    8   m 40 w


Turn 379
================================================================
warning: entity 22 was directed to use 7 halite to move east, but only 2 halite was available
At command 1 of 8:
>>> 1   m 22 e
    2   m 9 n
    3   m 40 w


Turn 383
================================================================
warning: entity 22 was directed to use 8 halite to move north, but only 2 halite was available
At command 3 of 8:
    1   m 13 e
    2   m 28 s
>>> 3   m 22 n
    4   m 19 e
    5   m 9 e


Turn 388
================================================================
warning: entity 22 was directed to use 5 halite to move east, but only 3 halite was available
At command 6 of 8:
    4   m 40 s
    5   m 28 w
>>> 6   m 22 e
    7   m 35 o
    8   m 1 e


Turn 393
================================================================
warning: entity 40 was directed to use 7 halite to move south, but only 1 halite was available
At command 5 of 8:
    3   m 13 s
    4   m 19 o
>>> 5   m 40 s
    6   m 9 e
    7   m 35 e


Turn 396
================================================================
warning: entity 40 was directed to use 9 halite to move north, but only 7 halite was available
At command 4 of 8:
    2   m 9 e
    3   m 28 w
>>> 4   m 40 n
    5   m 35 n
    6   m 1 w

