
Turn 3
================================================================
warning: entity 0 was directed to use 4 halite to move west, but only 0 halite was available
At command 1 of 2:
>>> 1   m 0 w
    2   g


Turn 5
================================================================
warning: entity 2 was directed to use 6 halite to move west, but only 0 halite was available
At command 2 of 3:
    1   m 0 o
>>> 2   m 2 w
    3   g


Turn 6
================================================================
warning: owned entities 4, 0 collided on cell (23, 15) as the result of moves on this turn
At command 1 of 3:
>>> 1   m 4 n
    2   m 2 s
    3   m 0 w

Other commands that placed an entity on this cell:
    1   m 4 n
    2   m 2 s
>>> 3   m 0 w


Turn 8
================================================================
warning: entity 2 was directed to use 3 halite to move east, but only 0 halite was available
At command 1 of 2:
>>> 1   m 2 e
    2   g


Turn 10
================================================================
warning: entity 7 was directed to use 4 halite to move north, but only 0 halite was available
At command 2 of 2:
    1   m 2 w
>>> 2   m 7 n

warning: owned entities 2, 7 collided on cell (22, 16) as the result of moves on this turn
At command 1 of 2:
>>> 1   m 2 w
    2   m 7 n


Turn 13
================================================================
warning: entity 9 was directed to use 7 halite to move south, but only 0 halite was available
At command 1 of 1:
>>> 1   m 9 s


Turn 63
================================================================
warning: entity 9 was directed to use 4 halite to move east, but only 0 halite was available
At command 1 of 1:
>>> 1   m 9 e


Turn 66
================================================================
warning: entity 9 was directed to use 8 halite to move north, but only 4 halite was available
At command 1 of 1:
>>> 1   m 9 n


Turn 83
================================================================
warning: entity 9 was directed to use 2 halite to move north, but only 0 halite was available
At command 1 of 1:
>>> 1   m 9 n


Turn 85
================================================================
warning: entity 9 was directed to use 8 halite to move north, but only 5 halite was available
At command 1 of 1:
>>> 1   m 9 n


Turn 89
================================================================
warning: entity 9 was directed to use 1 halite to move north, but only 0 halite was available
At command 1 of 1:
>>> 1   m 9 n


Turn 92
================================================================
warning: entity 9 was directed to use 3 halite to move south, but only 0 halite was available
At command 1 of 1:
>>> 1   m 9 s


Turn 97
================================================================
warning: entity 9 was directed to use 5 halite to move east, but only 0 halite was available
At command 1 of 1:
>>> 1   m 9 e


Turn 102
================================================================
warning: entity 9 was directed to use 9 halite to move east, but only 4 halite was available
At command 1 of 1:
>>> 1   m 9 e

