
Turn 5
================================================================
warning: entity 1 was directed to use 4 halite to move west, but only 0 halite was available
At command 1 of 2:
>>> 1   m 1 w
    2   g


Turn 8
================================================================
warning: entity 3 was directed to use 1 halite to move north, but only 0 halite was available
At command 3 of 3:
    1   m 4 s
    2   m 1 s
>>> 3   m 3 n


Turn 9
================================================================
warning: entity 4 was directed to use 3 halite to move south, but only 0 halite was available
At command 1 of 4:
>>> 1   m 4 s
    2   m 1 s
    3   m 3 s


Turn 10
================================================================
warning: entity 3 was directed to use 4 halite to move north, but only 3 halite was available
At command 3 of 4:
    1   m 6 o
    2   m 1 w
>>> 3   m 3 n
    4   m 4 s


Turn 11
================================================================
warning: entity 4 was directed to use 8 halite to move north, but only 7 halite was available
At command 2 of 4:
    1   m 1 s
>>> 2   m 4 n
    3   m 6 n
    4   m 3 s


Turn 12
================================================================
warning: entity 6 was directed to use 1 halite to move east, but only 0 halite was available
At command 1 of 5:
>>> 1   m 6 e
    2   m 1 o
    3   m 3 w


Turn 15
================================================================
warning: entity 6 was directed to use 3 halite to move west, but only 0 halite was available
At command 1 of 5:
>>> 1   m 6 w
    2   m 4 s
    3   m 3 e


Turn 16
================================================================
warning: entity 8 was directed to use 2 halite to move north, but only 0 halite was available
At command 4 of 5:
    2   m 3 n
    3   m 6 w
>>> 4   m 8 n
    5   m 1 s


Turn 17
================================================================
warning: entity 4 was directed to use 7 halite to move east, but only 5 halite was available
At command 2 of 5:
    1   m 6 n
>>> 2   m 4 e
    3   m 3 w
    4   m 1 o


Turn 18
================================================================
warning: entity 6 was directed to use 4 halite to move east, but only 0 halite was available
At command 2 of 5:
    1   m 3 w
>>> 2   m 6 e
    3   m 4 e
    4   m 8 n

warning: entity 8 was directed to use 6 halite to move north, but only 5 halite was available
At command 4 of 5:
    2   m 6 e
    3   m 4 e
>>> 4   m 8 n
    5   m 1 o


Turn 22
================================================================
warning: entity 6 was directed to use 3 halite to move east, but only 1 halite was available
At command 1 of 5:
>>> 1   m 6 e
    2   m 3 w
    3   m 4 o


Turn 23
================================================================
warning: entity 8 was directed to use 2 halite to move south, but only 0 halite was available
At command 4 of 5:
    2   m 6 w
    3   m 4 w
>>> 4   m 8 s
    5   m 1 o


Turn 26
================================================================
warning: entity 6 was directed to use 1 halite to move north, but only 0 halite was available
At command 2 of 5:
    1   m 4 s
>>> 2   m 6 n
    3   m 3 o
    4   m 8 o


Turn 28
================================================================
warning: entity 6 was directed to use 6 halite to move west, but only 4 halite was available
At command 1 of 5:
>>> 1   m 6 w
    2   m 3 o
    3   m 4 e


Turn 33
================================================================
warning: entity 6 was directed to use 7 halite to move east, but only 0 halite was available
At command 2 of 5:
    1   m 3 w
>>> 2   m 6 e
    3   m 4 n
    4   m 8 n


Turn 36
================================================================
warning: entity 8 was directed to use 2 halite to move east, but only 1 halite was available
At command 3 of 5:
    1   m 4 w
    2   m 6 n
>>> 3   m 8 e
    4   m 1 o
    5   m 3 e


Turn 38
================================================================
warning: entity 6 was directed to use 2 halite to move east, but only 0 halite was available
At command 2 of 5:
    1   m 3 s
>>> 2   m 6 e
    3   m 4 n
    4   m 8 e


Turn 42
================================================================
warning: entity 8 was directed to use 6 halite to move east, but only 0 halite was available
At command 2 of 5:
    1   m 1 n
>>> 2   m 8 e
    3   m 6 w
    4   m 4 w

warning: entity 6 was directed to use 5 halite to move west, but only 1 halite was available
At command 3 of 5:
    1   m 1 n
    2   m 8 e
>>> 3   m 6 w
    4   m 4 w
    5   m 3 n


Turn 46
================================================================
warning: entity 4 was directed to use 1 halite to move south, but only 0 halite was available
At command 1 of 5:
>>> 1   m 4 s
    2   m 3 w
    3   m 6 s


Turn 47
================================================================
warning: entity 6 was directed to use 3 halite to move east, but only 1 halite was available
At command 1 of 5:
>>> 1   m 6 e
    2   m 3 o
    3   m 8 e


Turn 48
================================================================
warning: entity 8 was directed to use 7 halite to move east, but only 3 halite was available
At command 1 of 5:
>>> 1   m 8 e
    2   m 1 w
    3   m 4 w


Turn 50
================================================================
warning: entity 4 was directed to use 5 halite to move east, but only 0 halite was available
At command 2 of 5:
    1   m 6 s
>>> 2   m 4 e
    3   m 1 s
    4   m 8 e


Turn 52
================================================================
warning: entity 6 was directed to use 2 halite to move south, but only 0 halite was available
At command 1 of 5:
>>> 1   m 6 s
    2   m 1 n
    3   m 8 n


Turn 53
================================================================
warning: entity 8 was directed to use 4 halite to move south, but only 2 halite was available
At command 2 of 5:
    1   m 1 o
>>> 2   m 8 s
    3   m 3 n
    4   m 4 w


Turn 55
================================================================
warning: entity 6 was directed to use 2 halite to move east, but only 0 halite was available
At command 1 of 5:
>>> 1   m 6 e
    2   m 4 n
    3   m 3 w


Turn 57
================================================================
warning: entity 8 was directed to use 9 halite to move west, but only 5 halite was available
At command 3 of 5:
    1   m 3 o
    2   m 6 e
>>> 3   m 8 w
    4   m 1 w
    5   m 4 w

warning: entity 4 was directed to use 4 halite to move west, but only 2 halite was available
At command 5 of 5:
    3   m 8 w
    4   m 1 w
>>> 5   m 4 w


Turn 62
================================================================
warning: entity 4 was directed to use 3 halite to move west, but only 1 halite was available
At command 3 of 5:
    1   m 6 n
    2   m 3 s
>>> 3   m 4 w
    4   m 1 w
    5   m 8 o


Turn 67
================================================================
warning: entity 6 was directed to use 6 halite to move east, but only 1 halite was available
At command 1 of 5:
>>> 1   m 6 e
    2   m 3 w
    3   m 1 e


Turn 70
================================================================
error: communication error with bot: read failed, errno was: 0 (Success)
Last input received was:


Bot error output was:
Traceback (most recent call last):
  File "MyBot.py", line 59, in <module>
    command_queue.append(intendMove(game_map.naive_navigate(ship, me.shipyard)))
  File "/mnt/c/Users/Michael/Downloads/Halite3_Python3_Linux-AMD64/hlt/game_map.py", line 232, in naive_navigate
    for direction in self.get_unsafe_moves(ship.position, destination):
  File "/mnt/c/Users/Michael/Downloads/Halite3_Python3_Linux-AMD64/hlt/game_map.py", line 209, in get_unsafe_moves
    destination = self.normalize(destination)
  File "/mnt/c/Users/Michael/Downloads/Halite3_Python3_Linux-AMD64/hlt/game_map.py", line 185, in normalize
    return Position(position.x % self.width, position.y % self.height)
AttributeError: 'Shipyard' object has no attribute 'x'

