
Turn 30
================================================================
warning: entity 1 was directed to use 8 halite to move west, but only 2 halite was available
At command 1 of 5:
>>> 1   m 1 w
    2   m 3 w
    3   m 7 w

warning: entity 3 was directed to use 1 halite to move west, but only 0 halite was available
At command 2 of 5:
    1   m 1 w
>>> 2   m 3 w
    3   m 7 w
    4   m 9 o


Turn 32
================================================================
warning: entity 7 was directed to use 4 halite to move south, but only 0 halite was available
At command 3 of 6:
    1   m 3 o
    2   m 1 o
>>> 3   m 7 s
    4   m 9 w
    5   m 5 o


Turn 34
================================================================
warning: entity 11 was directed to use 1 halite to move south, but only 0 halite was available
At command 1 of 7:
>>> 1   m 11 s
    2   m 7 o
    3   m 9 o


Turn 37
================================================================
warning: entity 13 was directed to use 1 halite to move west, but only 0 halite was available
At command 1 of 8:
>>> 1   m 13 w
    2   m 11 w
    3   m 3 o

warning: entity 11 was directed to use 7 halite to move west, but only 6 halite was available
At command 2 of 8:
    1   m 13 w
>>> 2   m 11 w
    3   m 3 o
    4   m 5 o


Turn 43
================================================================
warning: entity 9 was directed to use 3 halite to move east, but only 0 halite was available
At command 1 of 9:
>>> 1   m 9 e
    2   m 1 o
    3   m 15 n


Turn 44
================================================================
warning: entity 15 was directed to use 4 halite to move west, but only 3 halite was available
At command 2 of 9:
    1   m 16 e
>>> 2   m 15 w
    3   m 9 s
    4   m 1 o


Turn 45
================================================================
warning: entity 16 was directed to use 3 halite to move east, but only 0 halite was available
At command 2 of 9:
    1   m 11 s
>>> 2   m 16 e
    3   m 7 s
    4   m 9 n

warning: entity 9 was directed to use 8 halite to move north, but only 6 halite was available
At command 4 of 9:
    2   m 16 e
    3   m 7 s
>>> 4   m 9 n
    5   m 15 w
    6   m 1 o


Turn 47
================================================================
warning: entity 16 was directed to use 9 halite to move south, but only 7 halite was available
At command 2 of 9:
    1   m 11 o
>>> 2   m 16 s
    3   m 15 o
    4   m 7 o


Turn 55
================================================================
warning: entity 5 was directed to use 8 halite to move west, but only 7 halite was available
At command 4 of 10:
    2   m 9 s
    3   m 1 n
>>> 4   m 5 w
    5   m 15 o
    6   m 3 s


Turn 56
================================================================
warning: entity 17 was directed to use 9 halite to move south, but only 1 halite was available
At command 4 of 11:
    2   m 9 s
    3   m 3 o
>>> 4   m 17 s
    5   m 16 o
    6   m 13 o


Turn 58
================================================================
warning: entity 19 was directed to use 1 halite to move east, but only 0 halite was available
At command 4 of 11:
    2   m 17 n
    3   m 9 w
>>> 4   m 19 e
    5   m 1 n
    6   m 3 n


Turn 62
================================================================
warning: entity 3 was directed to use 6 halite to move north, but only 2 halite was available
At command 2 of 11:
    1   m 9 e
>>> 2   m 3 n
    3   m 7 n
    4   m 19 e

warning: entity 17 was directed to use 7 halite to move west, but only 0 halite was available
At command 5 of 11:
    3   m 7 n
    4   m 19 e
>>> 5   m 17 w
    6   m 1 e
    7   m 5 o


Turn 66
================================================================
warning: entity 3 was directed to use 7 halite to move east, but only 6 halite was available
At command 2 of 12:
    1   m 21 s
>>> 2   m 3 e
    3   m 15 s
    4   m 11 e


Turn 67
================================================================
warning: entity 21 was directed to use 2 halite to move west, but only 0 halite was available
At command 1 of 12:
>>> 1   m 21 w
    2   m 5 o
    3   m 15 o


Turn 69
================================================================
warning: entity 1 was directed to use 6 halite to move north, but only 0 halite was available
At command 4 of 12:
    2   m 19 n
    3   m 7 w
>>> 4   m 1 n
    5   m 11 o
    6   m 21 s

warning: entity 21 was directed to use 9 halite to move south, but only 5 halite was available
At command 6 of 12:
    4   m 1 n
    5   m 11 o
>>> 6   m 21 s
    7   m 15 o
    8   m 9 o


Turn 74
================================================================
warning: entity 1 was directed to use 4 halite to move north, but only 0 halite was available
At command 3 of 13:
    1   m 16 o
    2   m 15 e
>>> 3   m 1 n
    4   m 23 o
    5   m 17 s


Turn 75
================================================================
warning: entity 7 was directed to use 7 halite to move west, but only 2 halite was available
At command 3 of 13:
    1   m 15 o
    2   m 17 e
>>> 3   m 7 w
    4   m 13 s
    5   m 3 w


Turn 76
================================================================
warning: entity 23 was directed to use 2 halite to move north, but only 1 halite was available
At command 8 of 13:
    6   m 17 w
    7   m 1 n
>>> 8   m 23 n
    9   m 15 o
    10   m 7 o


Turn 89
================================================================
warning: entity 11 was directed to use 8 halite to move south, but only 0 halite was available
At command 4 of 14:
    2   m 23 s
    3   m 21 o
>>> 4   m 11 s
    5   m 9 o
    6   m 17 e


Turn 93
================================================================
warning: entity 16 was directed to use 6 halite to move east, but only 1 halite was available
At command 6 of 14:
    4   m 11 n
    5   m 3 e
>>> 6   m 16 e
    7   m 19 w
    8   m 23 o


Turn 94
================================================================
warning: entity 24 was directed to use 8 halite to move south, but only 4 halite was available
At command 11 of 15:
    9   m 5 w
    10   m 19 o
>>> 11   m 24 s
    12   m 7 o
    13   m 16 s


Turn 97
================================================================
warning: entity 9 was directed to use 1 halite to move south, but only 0 halite was available
At command 3 of 16:
    1   m 19 o
    2   m 21 o
>>> 3   m 9 s
    4   m 30 o
    5   m 13 s


Turn 98
================================================================
warning: entity 13 was directed to use 4 halite to move west, but only 2 halite was available
At command 7 of 16:
    5   m 21 o
    6   m 9 o
>>> 7   m 13 w
    8   m 30 o
    9   m 17 o

warning: entity 24 was directed to use 9 halite to move west, but only 5 halite was available
At command 15 of 16:
    13   m 16 o
    14   m 15 e
>>> 15   m 24 w
    16   m 7 o


Turn 101
================================================================
warning: entity 30 was directed to use 6 halite to move south, but only 0 halite was available
At command 10 of 16:
    8   m 15 n
    9   m 13 n
>>> 10   m 30 s
    11   m 11 e
    12   m 28 n


Turn 102
================================================================
warning: entity 24 was directed to use 8 halite to move south, but only 5 halite was available
At command 2 of 17:
    1   m 15 o
>>> 2   m 24 s
    3   m 7 s
    4   m 19 o


Turn 103
================================================================
warning: entity 28 was directed to use 6 halite to move south, but only 1 halite was available
At command 6 of 17:
    4   m 23 o
    5   m 11 w
>>> 6   m 28 s
    7   m 17 o
    8   m 19 e

warning: entity 13 was directed to use 9 halite to move west, but only 6 halite was available
At command 14 of 17:
    12   m 21 o
    13   m 30 w
>>> 14   m 13 w
    15   m 9 o
    16   m 5 n


Turn 106
================================================================
warning: entity 31 was directed to use 5 halite to move south, but only 0 halite was available
At command 7 of 18:
    5   m 16 o
    6   m 5 s
>>> 7   m 31 s
    8   m 7 e
    9   m 11 o


Turn 108
================================================================
warning: entity 30 was directed to use 6 halite to move north, but only 3 halite was available
At command 6 of 18:
    4   m 17 e
    5   m 9 w
>>> 6   m 30 n
    7   m 32 w
    8   m 28 o


Turn 109
================================================================
warning: entity 32 was directed to use 1 halite to move west, but only 0 halite was available
At command 2 of 18:
    1   m 9 n
>>> 2   m 32 w
    3   m 17 s
    4   m 5 e


Turn 111
================================================================
warning: entity 30 was directed to use 9 halite to move east, but only 8 halite was available
At command 6 of 18:
    4   m 11 w
    5   m 21 n
>>> 6   m 30 e
    7   m 7 w
    8   m 28 n


Turn 113
================================================================
warning: entity 31 was directed to use 7 halite to move north, but only 0 halite was available
At command 10 of 18:
    8   m 13 o
    9   m 21 w
>>> 10   m 31 n
    11   m 15 w
    12   m 32 n


Turn 115
================================================================
warning: entity 9 was directed to use 6 halite to move north, but only 1 halite was available
At command 2 of 18:
    1   m 19 w
>>> 2   m 9 n
    3   m 5 s
    4   m 28 o


Turn 117
================================================================
warning: entity 31 was directed to use 7 halite to move east, but only 1 halite was available
At command 2 of 18:
    1   m 1 s
>>> 2   m 31 e
    3   m 16 n
    4   m 32 e


Turn 120
================================================================
warning: entity 31 was directed to use 9 halite to move north, but only 6 halite was available
At command 14 of 18:
    12   m 28 n
    13   m 16 o
>>> 14   m 31 n
    15   m 23 o
    16   m 21 n


Turn 121
================================================================
warning: entity 9 was directed to use 9 halite to move east, but only 8 halite was available
At command 2 of 18:
    1   m 5 n
>>> 2   m 9 e
    3   m 24 e
    4   m 32 o


Turn 125
================================================================
warning: entity 28 was directed to use 4 halite to move east, but only 2 halite was available
At command 4 of 19:
    2   m 7 s
    3   m 13 s
>>> 4   m 28 e
    5   m 24 o
    6   m 32 w

warning: entity 32 was directed to use 8 halite to move west, but only 4 halite was available
At command 6 of 19:
    4   m 28 e
    5   m 24 o
>>> 6   m 32 w
    7   m 15 s
    8   m 16 o


Turn 128
================================================================
warning: entity 15 was directed to use 5 halite to move north, but only 3 halite was available
At command 7 of 19:
    5   m 16 w
    6   m 13 s
>>> 7   m 15 n
    8   m 5 w
    9   m 3 e

warning: entity 28 was directed to use 7 halite to move south, but only 2 halite was available
At command 10 of 19:
    8   m 5 w
    9   m 3 e
>>> 10   m 28 s
    11   m 11 n
    12   m 31 o


Turn 131
================================================================
warning: entity 16 was directed to use 4 halite to move west, but only 3 halite was available
At command 1 of 19:
>>> 1   m 16 w
    2   m 11 s
    3   m 30 s


Turn 132
================================================================
warning: entity 28 was directed to use 5 halite to move east, but only 2 halite was available
At command 5 of 19:
    3   m 35 s
    4   m 30 o
>>> 5   m 28 e
    6   m 11 w
    7   m 13 n

warning: entity 15 was directed to use 8 halite to move south, but only 3 halite was available
At command 8 of 19:
    6   m 11 w
    7   m 13 n
>>> 8   m 15 s
    9   m 32 e
    10   m 21 e

warning: entity 32 was directed to use 8 halite to move east, but only 0 halite was available
At command 9 of 19:
    7   m 13 n
    8   m 15 s
>>> 9   m 32 e
    10   m 21 e
    11   m 7 o


Turn 135
================================================================
warning: entity 32 was directed to use 8 halite to move west, but only 7 halite was available
At command 11 of 19:
    9   m 17 w
    10   m 23 n
>>> 11   m 32 w
    12   m 9 s
    13   m 28 w

warning: entity 16 was directed to use 6 halite to move north, but only 2 halite was available
At command 14 of 19:
    12   m 9 s
    13   m 28 w
>>> 14   m 16 n
    15   m 15 n
    16   m 1 e


Turn 137
================================================================
warning: entity 35 was directed to use 8 halite to move east, but only 0 halite was available
At command 12 of 19:
    10   m 24 n
    11   m 23 s
>>> 12   m 35 e
    13   m 28 n
    14   m 15 w

warning: entity 15 was directed to use 8 halite to move west, but only 5 halite was available
At command 14 of 19:
    12   m 35 e
    13   m 28 n
>>> 14   m 15 w
    15   m 1 e
    16   m 32 o


Turn 139
================================================================
warning: entity 16 was directed to use 5 halite to move north, but only 1 halite was available
At command 1 of 19:
>>> 1   m 16 n
    2   m 35 n
    3   m 5 e


Turn 140
================================================================
warning: entity 35 was directed to use 8 halite to move east, but only 6 halite was available
At command 2 of 19:
    1   m 5 w
>>> 2   m 35 e
    3   m 11 s
    4   m 21 n


Turn 142
================================================================
warning: entity 16 was directed to use 8 halite to move west, but only 6 halite was available
At command 15 of 20:
    13   m 3 s
    14   m 7 w
>>> 15   m 16 w
    16   m 28 o
    17   m 5 w


Turn 144
================================================================
warning: entity 32 was directed to use 9 halite to move south, but only 2 halite was available
At command 1 of 20:
>>> 1   m 32 s
    2   m 3 w
    3   m 23 e


Turn 145
================================================================
warning: entity 35 was directed to use 8 halite to move north, but only 0 halite was available
At command 4 of 20:
    2   m 3 e
    3   m 16 e
>>> 4   m 35 n
    5   m 11 s
    6   m 30 n


Turn 146
================================================================
warning: entity 15 was directed to use 4 halite to move north, but only 1 halite was available
At command 1 of 20:
>>> 1   m 15 n
    2   m 21 o
    3   m 17 e

warning: entity 19 was directed to use 2 halite to move south, but only 0 halite was available
At command 5 of 20:
    3   m 17 e
    4   m 11 w
>>> 5   m 19 s
    6   m 16 w
    7   m 23 e


Turn 148
================================================================
warning: entity 16 was directed to use 5 halite to move east, but only 2 halite was available
At command 1 of 20:
>>> 1   m 16 e
    2   m 17 n
    3   m 3 e


Turn 149
================================================================
warning: entity 32 was directed to use 8 halite to move west, but only 0 halite was available
At command 1 of 20:
>>> 1   m 32 w
    2   m 31 s
    3   m 19 w


Turn 150
================================================================
warning: entity 35 was directed to use 6 halite to move east, but only 5 halite was available
At command 6 of 20:
    4   m 28 n
    5   m 23 e
>>> 6   m 35 e
    7   m 7 w
    8   m 13 w


Turn 152
================================================================
warning: entity 16 was directed to use 4 halite to move south, but only 3 halite was available
At command 9 of 20:
    7   m 5 w
    8   m 7 s
>>> 9   m 16 s
    10   m 3 s
    11   m 17 n


Turn 153
================================================================
warning: entity 15 was directed to use 8 halite to move south, but only 2 halite was available
At command 4 of 20:
    2   m 30 w
    3   m 7 n
>>> 4   m 15 s
    5   m 21 o
    6   m 28 s


Turn 155
================================================================
warning: entity 16 was directed to use 9 halite to move west, but only 8 halite was available
At command 1 of 20:
>>> 1   m 16 w
    2   m 38 n
    3   m 1 e


Turn 156
================================================================
warning: entity 38 was directed to use 4 halite to move south, but only 2 halite was available
At command 7 of 20:
    5   m 5 s
    6   m 1 e
>>> 7   m 38 s
    8   m 15 e
    9   m 35 o


Turn 157
================================================================
warning: entity 15 was directed to use 9 halite to move north, but only 5 halite was available
At command 9 of 20:
    7   m 5 n
    8   m 11 e
>>> 9   m 15 n
    10   m 30 w
    11   m 21 n


Turn 160
================================================================
warning: entity 32 was directed to use 8 halite to move south, but only 1 halite was available
At command 15 of 20:
    13   m 31 s
    14   m 30 o
>>> 15   m 32 s
    16   m 24 e
    17   m 13 o


Turn 161
================================================================
warning: entity 16 was directed to use 9 halite to move north, but only 6 halite was available
At command 9 of 20:
    7   m 3 o
    8   m 9 w
>>> 9   m 16 n
    10   m 24 e
    11   m 17 n


Turn 163
================================================================
warning: entity 21 was directed to use 2 halite to move west, but only 0 halite was available
At command 6 of 21:
    4   m 42 e
    5   m 5 n
>>> 6   m 21 w
    7   m 11 e
    8   m 3 s


Turn 164
================================================================
warning: entity 19 was directed to use 1 halite to move west, but only 0 halite was available
At command 9 of 21:
    7   m 28 s
    8   m 3 n
>>> 9   m 19 w
    10   m 35 n
    11   m 9 n


Turn 165
================================================================
warning: entity 42 was directed to use 3 halite to move south, but only 0 halite was available
At command 12 of 21:
    10   m 3 n
    11   m 24 n
>>> 12   m 42 s
    13   m 5 s
    14   m 19 s


Turn 168
================================================================
warning: entity 38 was directed to use 3 halite to move south, but only 2 halite was available
At command 17 of 21:
    15   m 15 e
    16   m 1 e
>>> 17   m 38 s
    18   m 31 n
    19   m 42 s


Turn 169
================================================================
warning: entity 21 was directed to use 3 halite to move west, but only 1 halite was available
At command 9 of 21:
    7   m 28 n
    8   m 15 w
>>> 9   m 21 w
    10   m 30 s
    11   m 35 w


Turn 172
================================================================
warning: entity 42 was directed to use 7 halite to move west, but only 4 halite was available
At command 15 of 22:
    13   m 24 w
    14   m 5 w
>>> 15   m 42 w
    16   m 21 e
    17   m 9 s

warning: entity 21 was directed to use 8 halite to move east, but only 3 halite was available
At command 16 of 22:
    14   m 5 w
    15   m 42 w
>>> 16   m 21 e
    17   m 9 s
    18   m 11 w


Turn 174
================================================================
warning: entity 35 was directed to use 6 halite to move north, but only 5 halite was available
At command 9 of 22:
    7   m 31 e
    8   m 23 w
>>> 9   m 35 n
    10   m 21 e
    11   m 7 e


Turn 175
================================================================
warning: entity 11 was directed to use 4 halite to move west, but only 2 halite was available
At command 4 of 22:
    2   m 15 e
    3   m 23 o
>>> 4   m 11 w
    5   m 28 n
    6   m 24 o


Turn 176
================================================================
warning: entity 19 was directed to use 2 halite to move east, but only 1 halite was available
At command 5 of 22:
    3   m 9 o
    4   m 17 o
>>> 5   m 19 e
    6   m 15 n
    7   m 32 w


Turn 177
================================================================
warning: entity 21 was directed to use 6 halite to move east, but only 5 halite was available
At command 3 of 22:
    1   m 13 e
    2   m 28 n
>>> 3   m 21 e
    4   m 15 e
    5   m 32 w

warning: entity 43 was directed to use 2 halite to move east, but only 0 halite was available
At command 8 of 22:
    6   m 7 e
    7   m 11 o
>>> 8   m 43 e
    9   m 16 o
    10   m 9 s


Turn 178
================================================================
warning: entity 42 was directed to use 9 halite to move east, but only 0 halite was available
At command 20 of 22:
    18   m 31 o
    19   m 35 w
>>> 20   m 42 e
    21   m 5 n
    22   m 30 s


Turn 181
================================================================
warning: entity 38 was directed to use 4 halite to move north, but only 2 halite was available
At command 16 of 22:
    14   m 24 w
    15   m 16 o
>>> 16   m 38 n
    17   m 1 o
    18   m 35 n


Turn 182
================================================================
warning: entity 19 was directed to use 1 halite to move east, but only 0 halite was available
At command 5 of 22:
    3   m 9 e
    4   m 15 n
>>> 5   m 19 e
    6   m 35 e
    7   m 11 w

warning: entity 43 was directed to use 2 halite to move east, but only 0 halite was available
At command 8 of 22:
    6   m 35 e
    7   m 11 w
>>> 8   m 43 e
    9   m 21 e
    10   m 17 e


Turn 184
================================================================
warning: entity 21 was directed to use 6 halite to move north, but only 5 halite was available
At command 4 of 22:
    2   m 28 s
    3   m 3 w
>>> 4   m 21 n
    5   m 32 s
    6   m 11 s

warning: entity 38 was directed to use 8 halite to move west, but only 4 halite was available
At command 16 of 22:
    14   m 24 o
    15   m 35 n
>>> 16   m 38 w
    17   m 1 s
    18   m 7 o


Turn 186
================================================================
warning: entity 43 was directed to use 3 halite to move west, but only 1 halite was available
At command 7 of 22:
    5   m 31 o
    6   m 35 s
>>> 7   m 43 w
    8   m 11 w
    9   m 23 w

warning: entity 19 was directed to use 3 halite to move east, but only 1 halite was available
At command 12 of 22:
    10   m 42 o
    11   m 5 n
>>> 12   m 19 e
    13   m 21 e
    14   m 9 s

warning: entity 9 was directed to use 6 halite to move south, but only 3 halite was available
At command 14 of 22:
    12   m 19 e
    13   m 21 e
>>> 14   m 9 s
    15   m 32 s
    16   m 24 w


Turn 187
================================================================
warning: entity 32 was directed to use 8 halite to move south, but only 4 halite was available
At command 4 of 22:
    2   m 3 w
    3   m 13 w
>>> 4   m 32 s
    5   m 16 o
    6   m 24 s


Turn 188
================================================================
warning: entity 38 was directed to use 6 halite to move east, but only 5 halite was available
At command 20 of 22:
    18   m 42 n
    19   m 5 o
>>> 20   m 38 e
    21   m 1 e
    22   m 7 o


Turn 189
================================================================
warning: entity 21 was directed to use 4 halite to move west, but only 3 halite was available
At command 6 of 22:
    4   m 31 e
    5   m 19 n
>>> 6   m 21 w
    7   m 3 e
    8   m 24 n


Turn 190
================================================================
warning: entity 43 was directed to use 5 halite to move north, but only 4 halite was available
At command 5 of 22:
    3   m 24 n
    4   m 15 e
>>> 5   m 43 n
    6   m 30 o
    7   m 32 w

warning: entity 9 was directed to use 8 halite to move north, but only 4 halite was available
At command 12 of 22:
    10   m 17 w
    11   m 28 s
>>> 12   m 9 n
    13   m 35 s
    14   m 7 o


Turn 191
================================================================
warning: entity 32 was directed to use 8 halite to move west, but only 2 halite was available
At command 9 of 22:
    7   m 17 e
    8   m 15 w
>>> 9   m 32 w
    10   m 31 o
    11   m 28 w

warning: entity 28 was directed to use 5 halite to move west, but only 3 halite was available
At command 11 of 22:
    9   m 32 w
    10   m 31 o
>>> 11   m 28 w
    12   m 35 s
    13   m 11 n


Turn 192
================================================================
warning: entity 21 was directed to use 9 halite to move north, but only 4 halite was available
At command 7 of 22:
    5   m 42 s
    6   m 16 e
>>> 7   m 21 n
    8   m 3 e
    9   m 13 e


Turn 193
================================================================
warning: entity 19 was directed to use 2 halite to move west, but only 1 halite was available
At command 2 of 22:
    1   m 11 n
>>> 2   m 19 w
    3   m 23 s
    4   m 16 e


Turn 194
================================================================
warning: entity 9 was directed to use 7 halite to move west, but only 1 halite was available
At command 2 of 22:
    1   m 7 e
>>> 2   m 9 w
    3   m 11 s
    4   m 13 e

warning: entity 11 was directed to use 6 halite to move south, but only 0 halite was available
At command 3 of 22:
    1   m 7 e
    2   m 9 w
>>> 3   m 11 s
    4   m 13 e
    5   m 23 w

warning: entity 32 was directed to use 9 halite to move south, but only 8 halite was available
At command 11 of 22:
    9   m 21 w
    10   m 30 n
>>> 11   m 32 s
    12   m 28 n
    13   m 19 n


Turn 195
================================================================
warning: entity 28 was directed to use 8 halite to move east, but only 2 halite was available
At command 10 of 22:
    8   m 21 e
    9   m 19 n
>>> 10   m 28 e
    11   m 24 s
    12   m 15 s


Turn 197
================================================================
warning: entity 43 was directed to use 8 halite to move east, but only 7 halite was available
At command 6 of 22:
    4   m 35 e
    5   m 13 o
>>> 6   m 43 e
    7   m 9 w
    8   m 32 n

warning: entity 21 was directed to use 7 halite to move west, but only 1 halite was available
At command 14 of 22:
    12   m 24 w
    13   m 3 o
>>> 14   m 21 w
    15   m 19 e
    16   m 23 s

warning: entity 19 was directed to use 6 halite to move east, but only 3 halite was available
At command 15 of 22:
    13   m 3 o
    14   m 21 w
>>> 15   m 19 e
    16   m 23 s
    17   m 31 s


Turn 198
================================================================
warning: entity 11 was directed to use 7 halite to move north, but only 2 halite was available
At command 3 of 23:
    1   m 7 e
    2   m 35 w
>>> 3   m 11 n
    4   m 15 s
    5   m 31 e


Turn 199
================================================================
warning: entity 28 was directed to use 6 halite to move east, but only 5 halite was available
At command 13 of 23:
    11   m 31 n
    12   m 32 n
>>> 13   m 28 e
    14   m 23 e
    15   m 13 w


Turn 200
================================================================
warning: entity 30 was directed to use 6 halite to move east, but only 0 halite was available
At command 6 of 23:
    4   m 45 o
    5   m 43 w
>>> 6   m 30 e
    7   m 21 e
    8   m 32 e


Turn 201
================================================================
warning: entity 35 was directed to use 8 halite to move east, but only 3 halite was available
At command 7 of 23:
    5   m 32 w
    6   m 16 n
>>> 7   m 35 e
    8   m 31 s
    9   m 15 s


Turn 202
================================================================
warning: entity 32 was directed to use 2 halite to move east, but only 1 halite was available
At command 2 of 23:
    1   m 17 s
>>> 2   m 32 e
    3   m 11 e
    4   m 9 e

warning: entity 9 was directed to use 9 halite to move east, but only 0 halite was available
At command 4 of 23:
    2   m 32 e
    3   m 11 e
>>> 4   m 9 e
    5   m 23 e
    6   m 16 w

warning: entity 43 was directed to use 6 halite to move south, but only 2 halite was available
At command 7 of 23:
    5   m 23 e
    6   m 16 w
>>> 7   m 43 s
    8   m 31 e
    9   m 15 s


Turn 203
================================================================
warning: entity 11 was directed to use 2 halite to move north, but only 0 halite was available
At command 1 of 23:
>>> 1   m 11 n
    2   m 45 e
    3   m 16 w


Turn 205
================================================================
warning: entity 45 was directed to use 1 halite to move north, but only 0 halite was available
At command 4 of 23:
    2   m 19 w
    3   m 9 n
>>> 4   m 45 n
    5   m 32 w
    6   m 3 w

warning: entity 32 was directed to use 6 halite to move west, but only 5 halite was available
At command 5 of 23:
    3   m 9 n
    4   m 45 n
>>> 5   m 32 w
    6   m 3 w
    7   m 21 n

warning: entity 21 was directed to use 9 halite to move north, but only 8 halite was available
At command 7 of 23:
    5   m 32 w
    6   m 3 w
>>> 7   m 21 n
    8   m 17 e
    9   m 28 s

warning: entity 1 was directed to use 4 halite to move east, but only 2 halite was available
At command 14 of 23:
    12   m 31 o
    13   m 23 e
>>> 14   m 1 e
    15   m 38 w
    16   m 7 n


Turn 206
================================================================
warning: entity 19 was directed to use 9 halite to move east, but only 4 halite was available
At command 6 of 23:
    4   m 24 w
    5   m 11 n
>>> 6   m 19 e
    7   m 17 w
    8   m 43 w

warning: entity 30 was directed to use 6 halite to move east, but only 5 halite was available
At command 14 of 23:
    12   m 13 w
    13   m 35 n
>>> 14   m 30 e
    15   m 23 w
    16   m 7 n


Turn 207
================================================================
warning: entity 9 was directed to use 8 halite to move east, but only 1 halite was available
At command 1 of 23:
>>> 1   m 9 e
    2   m 32 s
    3   m 23 e

warning: entity 42 was directed to use 8 halite to move south, but only 3 halite was available
At command 4 of 23:
    2   m 32 s
    3   m 23 e
>>> 4   m 42 s
    5   m 5 e
    6   m 3 s


Turn 211
================================================================
warning: entity 7 was directed to use 2 halite to move south, but only 0 halite was available
At command 7 of 23:
    5   m 3 e
    6   m 16 s
>>> 7   m 7 s
    8   m 19 o
    9   m 13 e

warning: entity 1 was directed to use 4 halite to move south, but only 1 halite was available
At command 15 of 23:
    13   m 23 o
    14   m 38 w
>>> 15   m 1 s
    16   m 28 s
    17   m 32 w


Turn 213
================================================================
warning: entity 45 was directed to use 8 halite to move south, but only 4 halite was available
At command 10 of 23:
    8   m 28 e
    9   m 43 e
>>> 10   m 45 s
    11   m 7 s
    12   m 31 s


Turn 214
================================================================
warning: entity 43 was directed to use 6 halite to move west, but only 4 halite was available
At command 13 of 23:
    11   m 32 e
    12   m 28 e
>>> 13   m 43 w
    14   m 7 e
    15   m 31 o

warning: entity 7 was directed to use 8 halite to move east, but only 1 halite was available
At command 14 of 23:
    12   m 28 e
    13   m 43 w
>>> 14   m 7 e
    15   m 31 o
    16   m 1 s

warning: entity 1 was directed to use 5 halite to move south, but only 0 halite was available
At command 16 of 23:
    14   m 7 e
    15   m 31 o
>>> 16   m 1 s
    17   m 38 w
    18   m 15 o


Turn 215
================================================================
warning: entity 9 was directed to use 6 halite to move east, but only 3 halite was available
At command 9 of 23:
    7   m 30 n
    8   m 17 e
>>> 9   m 9 e
    10   m 19 o
    11   m 21 n

warning: entity 38 was directed to use 1 halite to move north, but only 0 halite was available
At command 19 of 23:
    17   m 7 n
    18   m 31 e
>>> 19   m 38 n
    20   m 1 n
    21   m 15 e


Turn 217
================================================================
warning: entity 45 was directed to use 9 halite to move west, but only 4 halite was available
At command 6 of 23:
    4   m 30 e
    5   m 35 e
>>> 6   m 45 w
    7   m 42 s
    8   m 5 s

warning: entity 1 was directed to use 4 halite to move south, but only 2 halite was available
At command 20 of 23:
    18   m 11 n
    19   m 23 s
>>> 20   m 1 s
    21   m 38 s
    22   m 15 o


Turn 218
================================================================
warning: entity 43 was directed to use 9 halite to move north, but only 3 halite was available
At command 12 of 23:
    10   m 5 s
    11   m 13 s
>>> 12   m 43 n
    13   m 3 e
    14   m 32 e

warning: entity 38 was directed to use 1 halite to move east, but only 0 halite was available
At command 20 of 23:
    18   m 17 s
    19   m 7 e
>>> 20   m 38 e
    21   m 1 n
    22   m 15 o


Turn 219
================================================================
warning: entity 21 was directed to use 5 halite to move north, but only 1 halite was available
At command 8 of 23:
    6   m 30 w
    7   m 24 e
>>> 8   m 21 n
    9   m 31 w
    10   m 13 o


Turn 220
================================================================
warning: entity 30 was directed to use 4 halite to move north, but only 3 halite was available
At command 5 of 23:
    3   m 32 n
    4   m 31 s
>>> 5   m 30 n
    6   m 9 s
    7   m 11 n

warning: entity 9 was directed to use 4 halite to move south, but only 2 halite was available
At command 6 of 23:
    4   m 31 s
    5   m 30 n
>>> 6   m 9 s
    7   m 11 n
    8   m 15 s

warning: entity 35 was directed to use 8 halite to move east, but only 5 halite was available
At command 16 of 23:
    14   m 42 o
    15   m 5 w
>>> 16   m 35 e
    17   m 17 w
    18   m 16 o

warning: entity 1 was directed to use 3 halite to move east, but only 2 halite was available
At command 22 of 23:
    20   m 21 o
    21   m 13 w
>>> 22   m 1 e
    23   m 38 w


Turn 222
================================================================
warning: entity 45 was directed to use 5 halite to move north, but only 2 halite was available
At command 11 of 23:
    9   m 3 w
    10   m 24 o
>>> 11   m 45 n
    12   m 43 e
    13   m 17 s


Turn 223
================================================================
warning: entity 13 was directed to use 4 halite to move west, but only 0 halite was available
At command 5 of 23:
    3   m 30 e
    4   m 9 n
>>> 5   m 13 w
    6   m 7 e
    7   m 31 n

warning: entity 7 was directed to use 1 halite to move east, but only 0 halite was available
At command 6 of 23:
    4   m 9 n
    5   m 13 w
>>> 6   m 7 e
    7   m 31 n
    8   m 32 s


Turn 224
================================================================
warning: entity 43 was directed to use 6 halite to move west, but only 1 halite was available
At command 2 of 23:
    1   m 35 s
>>> 2   m 43 w
    3   m 11 s
    4   m 3 w

warning: entity 32 was directed to use 6 halite to move west, but only 3 halite was available
At command 5 of 23:
    3   m 11 s
    4   m 3 w
>>> 5   m 32 w
    6   m 19 n
    7   m 30 n


Turn 225
================================================================
warning: entity 7 was directed to use 8 halite to move east, but only 3 halite was available
At command 2 of 23:
    1   m 13 w
>>> 2   m 7 e
    3   m 21 s
    4   m 23 w

warning: entity 21 was directed to use 6 halite to move south, but only 4 halite was available
At command 3 of 23:
    1   m 13 w
    2   m 7 e
>>> 3   m 21 s
    4   m 23 w
    5   m 9 e

warning: entity 5 was directed to use 3 halite to move west, but only 0 halite was available
At command 9 of 23:
    7   m 30 e
    8   m 11 n
>>> 9   m 5 w
    10   m 42 s
    11   m 19 e

warning: entity 19 was directed to use 3 halite to move east, but only 1 halite was available
At command 11 of 23:
    9   m 5 w
    10   m 42 s
>>> 11   m 19 e
    12   m 3 e
    13   m 15 n

warning: entity 35 was directed to use 6 halite to move west, but only 5 halite was available
At command 16 of 23:
    14   m 16 n
    15   m 31 e
>>> 16   m 35 w
    17   m 43 w
    18   m 32 s


Turn 226
================================================================
warning: entity 9 was directed to use 5 halite to move north, but only 0 halite was available
At command 6 of 23:
    4   m 31 s
    5   m 16 n
>>> 6   m 9 n
    7   m 13 e
    8   m 11 s

warning: entity 13 was directed to use 7 halite to move east, but only 0 halite was available
At command 7 of 23:
    5   m 16 n
    6   m 9 n
>>> 7   m 13 e
    8   m 11 s
    9   m 24 w


Turn 227
================================================================
warning: entity 30 was directed to use 3 halite to move south, but only 2 halite was available
At command 9 of 23:
    7   m 7 o
    8   m 31 w
>>> 9   m 30 s
    10   m 23 e
    11   m 15 e


Turn 228
================================================================
warning: entity 43 was directed to use 7 halite to move west, but only 5 halite was available
At command 5 of 23:
    3   m 15 o
    4   m 31 e
>>> 5   m 43 w
    6   m 23 e
    7   m 16 e

warning: entity 32 was directed to use 7 halite to move west, but only 5 halite was available
At command 11 of 23:
    9   m 1 e
    10   m 24 w
>>> 11   m 32 w
    12   m 21 n
    13   m 19 n

warning: entity 19 was directed to use 4 halite to move north, but only 1 halite was available
At command 13 of 23:
    11   m 32 w
    12   m 21 n
>>> 13   m 19 n
    14   m 17 s
    15   m 28 o


Turn 229
================================================================
warning: entity 38 was directed to use 6 halite to move south, but only 0 halite was available
At command 9 of 23:
    7   m 45 w
    8   m 16 w
>>> 9   m 38 s
    10   m 1 o
    11   m 24 s

warning: entity 13 was directed to use 8 halite to move east, but only 7 halite was available
At command 15 of 23:
    13   m 17 w
    14   m 9 e
>>> 15   m 13 e
    16   m 15 w
    17   m 43 n


Turn 231
================================================================
warning: entity 5 was directed to use 7 halite to move north, but only 2 halite was available
At command 6 of 23:
    4   m 9 w
    5   m 24 o
>>> 6   m 5 n
    7   m 42 o
    8   m 45 n


Turn 232
================================================================
warning: entity 32 was directed to use 6 halite to move west, but only 4 halite was available
At command 11 of 23:
    9   m 35 w
    10   m 17 w
>>> 11   m 32 w
    12   m 9 s
    13   m 21 w


Turn 233
================================================================
warning: entity 9 was directed to use 4 halite to move south, but only 1 halite was available
At command 9 of 23:
    7   m 15 e
    8   m 23 o
>>> 9   m 9 s
    10   m 21 s
    11   m 3 o


Turn 236
================================================================
warning: entity 30 was directed to use 1 halite to move south, but only 0 halite was available
At command 1 of 23:
>>> 1   m 30 s
    2   m 15 e
    3   m 11 s

warning: entity 11 was directed to use 7 halite to move south, but only 3 halite was available
At command 3 of 23:
    1   m 30 s
    2   m 15 e
>>> 3   m 11 s
    4   m 9 o
    5   m 24 w

warning: entity 32 was directed to use 8 halite to move east, but only 7 halite was available
At command 6 of 23:
    4   m 9 o
    5   m 24 w
>>> 6   m 32 e
    7   m 17 w
    8   m 28 o


Turn 238
================================================================
warning: entity 21 was directed to use 5 halite to move north, but only 1 halite was available
At command 5 of 23:
    3   m 23 n
    4   m 17 e
>>> 5   m 21 n
    6   m 24 o
    7   m 15 s

warning: entity 19 was directed to use 3 halite to move east, but only 0 halite was available
At command 8 of 23:
    6   m 24 o
    7   m 15 s
>>> 8   m 19 e
    9   m 3 w
    10   m 16 o

warning: entity 5 was directed to use 5 halite to move south, but only 1 halite was available
At command 17 of 23:
    15   m 1 s
    16   m 38 o
>>> 17   m 5 s
    18   m 42 o
    19   m 30 w


Turn 241
================================================================
warning: entity 11 was directed to use 8 halite to move west, but only 7 halite was available
At command 7 of 23:
    5   m 9 e
    6   m 32 n
>>> 7   m 11 w
    8   m 43 w
    9   m 13 o

warning: entity 19 was directed to use 5 halite to move north, but only 4 halite was available
At command 13 of 23:
    11   m 38 e
    12   m 1 e
>>> 13   m 19 n
    14   m 31 o
    15   m 21 w

warning: entity 30 was directed to use 4 halite to move north, but only 1 halite was available
At command 16 of 23:
    14   m 31 o
    15   m 21 w
>>> 16   m 30 n
    17   m 17 e
    18   m 3 e

warning: entity 5 was directed to use 9 halite to move east, but only 3 halite was available
At command 22 of 23:
    20   m 15 o
    21   m 35 o
>>> 22   m 5 e
    23   m 42 n


Turn 243
================================================================
warning: entity 1 was directed to use 6 halite to move west, but only 2 halite was available
At command 10 of 23:
    8   m 23 e
    9   m 38 o
>>> 10   m 1 w
    11   m 30 e
    12   m 11 o


Turn 246
================================================================
warning: entity 19 was directed to use 4 halite to move east, but only 0 halite was available
At command 3 of 22:
    1   m 17 e
    2   m 30 e
>>> 3   m 19 e
    4   m 21 o
    5   m 16 e

warning: entity 16 was directed to use 7 halite to move east, but only 2 halite was available
At command 5 of 22:
    3   m 19 e
    4   m 21 o
>>> 5   m 16 e
    6   m 24 s
    7   m 43 o

warning: entity 24 was directed to use 3 halite to move south, but only 0 halite was available
At command 6 of 22:
    4   m 21 o
    5   m 16 e
>>> 6   m 24 s
    7   m 43 o
    8   m 3 s


Turn 247
================================================================
warning: entity 1 was directed to use 6 halite to move east, but only 4 halite was available
At command 11 of 22:
    9   m 9 w
    10   m 38 e
>>> 11   m 1 e
    12   m 13 s
    13   m 19 n


Turn 248
================================================================
warning: entity 24 was directed to use 9 halite to move west, but only 7 halite was available
At command 8 of 22:
    6   m 15 n
    7   m 3 w
>>> 8   m 24 w
    9   m 35 e
    10   m 21 e

warning: entity 30 was directed to use 2 halite to move east, but only 1 halite was available
At command 15 of 22:
    13   m 32 w
    14   m 23 n
>>> 15   m 30 e
    16   m 7 w
    17   m 38 n


Turn 250
================================================================
warning: entity 19 was directed to use 6 halite to move north, but only 0 halite was available
At command 7 of 22:
    5   m 9 s
    6   m 15 s
>>> 7   m 19 n
    8   m 16 s
    9   m 17 n


Turn 255
================================================================
warning: entity 19 was directed to use 4 halite to move south, but only 3 halite was available
At command 7 of 22:
    5   m 9 w
    6   m 32 e
>>> 7   m 19 s
    8   m 31 s
    9   m 3 n


Turn 256
================================================================
warning: entity 30 was directed to use 3 halite to move east, but only 2 halite was available
At command 10 of 22:
    8   m 31 w
    9   m 3 n
>>> 10   m 30 e
    11   m 45 w
    12   m 17 s


Turn 257
================================================================
warning: entity 24 was directed to use 7 halite to move north, but only 3 halite was available
At command 8 of 22:
    6   m 3 n
    7   m 13 n
>>> 8   m 24 n
    9   m 9 s
    10   m 21 n

warning: entity 9 was directed to use 3 halite to move south, but only 0 halite was available
At command 9 of 22:
    7   m 13 n
    8   m 24 n
>>> 9   m 9 s
    10   m 21 n
    11   m 45 n


Turn 259
================================================================
warning: entity 21 was directed to use 9 halite to move south, but only 1 halite was available
At command 2 of 22:
    1   m 43 e
>>> 2   m 21 s
    3   m 30 s
    4   m 32 o

warning: entity 17 was directed to use 2 halite to move west, but only 0 halite was available
At command 5 of 22:
    3   m 30 s
    4   m 32 o
>>> 5   m 17 w
    6   m 15 n
    7   m 19 w


Turn 261
================================================================
warning: entity 35 was directed to use 5 halite to move north, but only 3 halite was available
At command 15 of 22:
    13   m 43 n
    14   m 15 n
>>> 15   m 35 n
    16   m 28 e
    17   m 5 o

warning: entity 1 was directed to use 2 halite to move north, but only 0 halite was available
At command 21 of 22:
    19   m 32 n
    20   m 45 o
>>> 21   m 1 n
    22   m 38 o


Turn 262
================================================================
warning: entity 19 was directed to use 6 halite to move west, but only 0 halite was available
At command 11 of 22:
    9   m 21 e
    10   m 3 n
>>> 11   m 19 w
    12   m 9 o
    13   m 31 w


Turn 263
================================================================
warning: entity 21 was directed to use 8 halite to move north, but only 2 halite was available
At command 2 of 22:
    1   m 24 w
>>> 2   m 21 n
    3   m 23 w
    4   m 32 o


Turn 264
================================================================
warning: entity 1 was directed to use 7 halite to move south, but only 4 halite was available
At command 17 of 22:
    15   m 35 w
    16   m 38 o
>>> 17   m 1 s
    18   m 21 e
    19   m 32 o


Turn 265
================================================================
warning: entity 19 was directed to use 8 halite to move south, but only 4 halite was available
At command 2 of 22:
    1   m 21 w
>>> 2   m 19 s
    3   m 3 w
    4   m 28 s

warning: entity 24 was directed to use 9 halite to move east, but only 2 halite was available
At command 9 of 22:
    7   m 23 s
    8   m 7 w
>>> 9   m 24 e
    10   m 43 w
    11   m 16 n

warning: entity 35 was directed to use 4 halite to move north, but only 2 halite was available
At command 15 of 22:
    13   m 17 s
    14   m 30 n
>>> 15   m 35 n
    16   m 9 n
    17   m 15 e


Turn 268
================================================================
warning: entity 30 was directed to use 2 halite to move south, but only 0 halite was available
At command 2 of 22:
    1   m 31 n
>>> 2   m 30 s
    3   m 3 o
    4   m 45 n

warning: entity 17 was directed to use 4 halite to move north, but only 1 halite was available
At command 6 of 22:
    4   m 45 n
    5   m 7 n
>>> 6   m 17 n
    7   m 28 s
    8   m 43 n

warning: entity 35 was directed to use 6 halite to move east, but only 3 halite was available
At command 14 of 22:
    12   m 13 w
    13   m 19 e
>>> 14   m 35 e
    15   m 24 n
    16   m 21 s


Turn 269
================================================================
warning: entity 19 was directed to use 7 halite to move north, but only 2 halite was available
At command 10 of 22:
    8   m 16 e
    9   m 13 o
>>> 10   m 19 n
    11   m 24 w
    12   m 21 e


Turn 270
================================================================
warning: entity 24 was directed to use 9 halite to move east, but only 0 halite was available
At command 6 of 22:
    4   m 45 o
    5   m 28 s
>>> 6   m 24 e
    7   m 43 o
    8   m 21 w


Turn 271
================================================================
warning: entity 30 was directed to use 3 halite to move east, but only 2 halite was available
At command 4 of 22:
    2   m 19 w
    3   m 28 e
>>> 4   m 30 e
    5   m 15 s
    6   m 21 w

warning: entity 1 was directed to use 5 halite to move east, but only 0 halite was available
At command 18 of 22:
    16   m 24 n
    17   m 43 e
>>> 18   m 1 e
    19   m 38 o
    20   m 32 o


Turn 272
================================================================
warning: entity 19 was directed to use 8 halite to move west, but only 7 halite was available
At command 2 of 22:
    1   m 16 e
>>> 2   m 19 w
    3   m 15 w
    4   m 23 e

warning: entity 21 was directed to use 7 halite to move west, but only 3 halite was available
At command 8 of 22:
    6   m 31 e
    7   m 28 s
>>> 8   m 21 w
    9   m 7 e
    10   m 17 n

warning: entity 9 was directed to use 3 halite to move west, but only 1 halite was available
At command 11 of 22:
    9   m 7 e
    10   m 17 n
>>> 11   m 9 w
    12   m 3 e
    13   m 35 n

warning: entity 35 was directed to use 6 halite to move north, but only 0 halite was available
At command 13 of 22:
    11   m 9 w
    12   m 3 e
>>> 13   m 35 n
    14   m 24 n
    15   m 30 n


Turn 274
================================================================
warning: entity 17 was directed to use 6 halite to move east, but only 2 halite was available
At command 10 of 22:
    8   m 15 s
    9   m 28 n
>>> 10   m 17 e
    11   m 30 n
    12   m 16 w

warning: entity 30 was directed to use 5 halite to move north, but only 1 halite was available
At command 11 of 22:
    9   m 28 n
    10   m 17 e
>>> 11   m 30 n
    12   m 16 w
    13   m 23 e


Turn 276
================================================================
warning: entity 19 was directed to use 9 halite to move north, but only 8 halite was available
At command 10 of 21:
    8   m 16 n
    9   m 31 w
>>> 10   m 19 n
    11   m 35 e
    12   m 30 s

warning: entity 1 was directed to use 8 halite to move north, but only 3 halite was available
At command 18 of 21:
    16   m 28 e
    17   m 21 o
>>> 18   m 1 n
    19   m 38 s
    20   m 9 e


Turn 278
================================================================
warning: entity 17 was directed to use 9 halite to move north, but only 5 halite was available
At command 10 of 21:
    8   m 15 o
    9   m 7 e
>>> 10   m 17 n
    11   m 42 w
    12   m 35 n


Turn 279
================================================================
warning: entity 35 was directed to use 8 halite to move north, but only 6 halite was available
At command 14 of 21:
    12   m 13 n
    13   m 42 s
>>> 14   m 35 n
    15   m 9 n
    16   m 19 s


Turn 282
================================================================
warning: entity 24 was directed to use 4 halite to move south, but only 0 halite was available
At command 8 of 21:
    6   m 31 n
    7   m 17 n
>>> 8   m 24 s
    9   m 13 w
    10   m 9 e


Turn 284
================================================================
warning: entity 30 was directed to use 8 halite to move south, but only 2 halite was available
At command 6 of 21:
    4   m 16 s
    5   m 35 w
>>> 6   m 30 s
    7   m 31 e
    8   m 32 w


Turn 285
================================================================
warning: entity 24 was directed to use 6 halite to move south, but only 2 halite was available
At command 6 of 21:
    4   m 43 e
    5   m 3 s
>>> 6   m 24 s
    7   m 15 n
    8   m 16 w


Turn 289
================================================================
warning: entity 24 was directed to use 6 halite to move west, but only 1 halite was available
At command 8 of 21:
    6   m 30 n
    7   m 9 w
>>> 8   m 24 w
    9   m 7 s
    10   m 15 s


Turn 290
================================================================
warning: entity 1 was directed to use 7 halite to move north, but only 1 halite was available
At command 14 of 21:
    12   m 31 n
    13   m 28 s
>>> 14   m 1 n
    15   m 38 o
    16   m 17 n

warning: entity 17 was directed to use 8 halite to move north, but only 2 halite was available
At command 16 of 21:
    14   m 1 n
    15   m 38 o
>>> 16   m 17 n
    17   m 35 e
    18   m 21 o


Turn 291
================================================================
warning: entity 30 was directed to use 9 halite to move west, but only 2 halite was available
At command 10 of 20:
    8   m 45 e
    9   m 43 s
>>> 10   m 30 w
    11   m 7 n
    12   m 31 s


Turn 293
================================================================
warning: entity 24 was directed to use 5 halite to move south, but only 0 halite was available
At command 10 of 20:
    8   m 13 n
    9   m 43 w
>>> 10   m 24 s
    11   m 15 s
    12   m 23 n


Turn 295
================================================================
warning: entity 15 was directed to use 2 halite to move north, but only 0 halite was available
At command 2 of 20:
    1   m 42 o
>>> 2   m 15 n
    3   m 7 s
    4   m 13 s


Turn 297
================================================================
warning: entity 24 was directed to use 3 halite to move west, but only 0 halite was available
At command 9 of 20:
    7   m 28 s
    8   m 23 e
>>> 9   m 24 w
    10   m 43 w
    11   m 13 n

warning: entity 15 was directed to use 7 halite to move north, but only 5 halite was available
At command 17 of 20:
    15   m 30 s
    16   m 42 w
>>> 17   m 15 n
    18   m 31 w
    19   m 9 w

warning: entity 9 was directed to use 2 halite to move west, but only 1 halite was available
At command 19 of 20:
    17   m 15 n
    18   m 31 w
>>> 19   m 9 w
    20   m 21 o


Turn 299
================================================================
warning: entity 17 was directed to use 9 halite to move south, but only 3 halite was available
At command 4 of 19:
    2   m 35 s
    3   m 45 e
>>> 4   m 17 s
    5   m 16 e
    6   m 15 n

warning: entity 1 was directed to use 9 halite to move east, but only 8 halite was available
At command 13 of 19:
    11   m 28 w
    12   m 23 o
>>> 13   m 1 e
    14   m 38 s
    15   m 24 s


Turn 300
================================================================
warning: entity 24 was directed to use 7 halite to move north, but only 5 halite was available
At command 2 of 19:
    1   m 45 w
>>> 2   m 24 n
    3   m 3 s
    4   m 31 e


Turn 304
================================================================
warning: entity 17 was directed to use 5 halite to move east, but only 3 halite was available
At command 13 of 18:
    11   m 16 w
    12   m 35 s
>>> 13   m 17 e
    14   m 31 w
    15   m 28 w


Turn 305
================================================================
warning: entity 1 was directed to use 7 halite to move west, but only 5 halite was available
At command 12 of 18:
    10   m 43 w
    11   m 38 s
>>> 12   m 1 w
    13   m 30 s
    14   m 16 n

warning: entity 30 was directed to use 5 halite to move south, but only 4 halite was available
At command 13 of 18:
    11   m 38 s
    12   m 1 w
>>> 13   m 30 s
    14   m 16 n
    15   m 31 e


Turn 306
================================================================
warning: entity 9 was directed to use 2 halite to move south, but only 1 halite was available
At command 2 of 18:
    1   m 13 e
>>> 2   m 9 s
    3   m 42 n
    4   m 23 w


Turn 308
================================================================
warning: entity 17 was directed to use 6 halite to move north, but only 2 halite was available
At command 11 of 18:
    9   m 38 n
    10   m 43 s
>>> 11   m 17 n
    12   m 32 e
    13   m 16 e


Turn 310
================================================================
warning: entity 1 was directed to use 8 halite to move east, but only 3 halite was available
At command 14 of 18:
    12   m 21 w
    13   m 38 w
>>> 14   m 1 e
    15   m 17 n
    16   m 23 n


Turn 311
================================================================
warning: entity 17 was directed to use 7 halite to move east, but only 4 halite was available
At command 3 of 18:
    1   m 16 e
    2   m 13 s
>>> 3   m 17 e
    4   m 42 s
    5   m 43 s

warning: entity 35 was directed to use 2 halite to move north, but only 0 halite was available
At command 11 of 18:
    9   m 32 e
    10   m 31 n
>>> 11   m 35 n
    12   m 45 e
    13   m 21 n


Turn 313
================================================================
warning: entity 35 was directed to use 5 halite to move west, but only 4 halite was available
At command 11 of 18:
    9   m 43 n
    10   m 3 s
>>> 11   m 35 w
    12   m 38 n
    13   m 1 s


Turn 314
================================================================
warning: entity 30 was directed to use 2 halite to move east, but only 0 halite was available
At command 5 of 18:
    3   m 32 e
    4   m 23 o
>>> 5   m 30 e
    6   m 38 w
    7   m 1 w

warning: entity 9 was directed to use 5 halite to move west, but only 4 halite was available
At command 8 of 18:
    6   m 38 w
    7   m 1 w
>>> 8   m 9 w
    9   m 45 s
    10   m 43 s


Turn 315
================================================================
warning: entity 17 was directed to use 9 halite to move north, but only 3 halite was available
At command 3 of 18:
    1   m 16 s
    2   m 45 s
>>> 3   m 17 n
    4   m 3 s
    5   m 31 s

warning: entity 1 was directed to use 6 halite to move north, but only 1 halite was available
At command 11 of 18:
    9   m 32 s
    10   m 38 s
>>> 11   m 1 n
    12   m 43 n
    13   m 35 n


Turn 316
================================================================
warning: entity 42 was directed to use 2 halite to move north, but only 0 halite was available
At command 2 of 18:
    1   m 16 s
>>> 2   m 42 n
    3   m 31 w
    4   m 9 w

warning: entity 30 was directed to use 7 halite to move south, but only 5 halite was available
At command 5 of 18:
    3   m 31 w
    4   m 9 w
>>> 5   m 30 s
    6   m 3 o
    7   m 45 n


Turn 319
================================================================
warning: entity 1 was directed to use 5 halite to move south, but only 2 halite was available
At command 4 of 18:
    2   m 35 n
    3   m 45 s
>>> 4   m 1 s
    5   m 38 w
    6   m 13 o

warning: entity 42 was directed to use 3 halite to move east, but only 0 halite was available
At command 9 of 18:
    7   m 23 s
    8   m 30 n
>>> 9   m 42 e
    10   m 21 o
    11   m 32 n


Turn 322
================================================================
warning: entity 9 was directed to use 7 halite to move west, but only 1 halite was available
At command 1 of 18:
>>> 1   m 9 w
    2   m 35 n
    3   m 17 w


Turn 323
================================================================
warning: entity 1 was directed to use 9 halite to move south, but only 1 halite was available
At command 17 of 18:
    15   m 28 s
    16   m 23 e
>>> 17   m 1 s
    18   m 38 o


Turn 325
================================================================
warning: entity 17 was directed to use 3 halite to move west, but only 0 halite was available
At command 8 of 18:
    6   m 9 s
    7   m 3 e
>>> 8   m 17 w
    9   m 35 e
    10   m 32 s


Turn 327
================================================================
warning: entity 42 was directed to use 1 halite to move north, but only 0 halite was available
At command 5 of 17:
    3   m 17 n
    4   m 3 e
>>> 5   m 42 n
    6   m 43 e
    7   m 35 s

warning: entity 31 was directed to use 8 halite to move south, but only 4 halite was available
At command 8 of 17:
    6   m 43 e
    7   m 35 s
>>> 8   m 31 s
    9   m 30 w
    10   m 16 n

warning: entity 1 was directed to use 9 halite to move south, but only 3 halite was available
At command 14 of 17:
    12   m 21 n
    13   m 38 o
>>> 14   m 1 s
    15   m 15 o
    16   m 23 s


Turn 328
================================================================
warning: entity 17 was directed to use 9 halite to move south, but only 3 halite was available
At command 8 of 17:
    6   m 21 o
    7   m 16 s
>>> 8   m 17 s
    9   m 3 w
    10   m 30 e


Turn 330
================================================================
warning: entity 9 was directed to use 6 halite to move east, but only 4 halite was available
At command 1 of 17:
>>> 1   m 9 e
    2   m 43 n
    3   m 23 w


Turn 331
================================================================
warning: entity 42 was directed to use 5 halite to move west, but only 2 halite was available
At command 6 of 17:
    4   m 32 e
    5   m 15 s
>>> 6   m 42 w
    7   m 16 n
    8   m 28 e

warning: entity 30 was directed to use 3 halite to move south, but only 2 halite was available
At command 9 of 17:
    7   m 16 n
    8   m 28 e
>>> 9   m 30 s
    10   m 3 n
    11   m 31 o


Turn 333
================================================================
warning: entity 43 was directed to use 6 halite to move west, but only 0 halite was available
At command 7 of 17:
    5   m 9 e
    6   m 30 n
>>> 7   m 43 w
    8   m 23 n
    9   m 15 e

warning: entity 1 was directed to use 7 halite to move east, but only 0 halite was available
At command 13 of 17:
    11   m 3 n
    12   m 38 e
>>> 13   m 1 e
    14   m 42 s
    15   m 21 n


Turn 335
================================================================
warning: entity 9 was directed to use 6 halite to move west, but only 0 halite was available
At command 6 of 17:
    4   m 13 e
    5   m 16 s
>>> 6   m 9 w
    7   m 21 e
    8   m 17 e

warning: entity 30 was directed to use 2 halite to move east, but only 1 halite was available
At command 10 of 17:
    8   m 17 e
    9   m 3 s
>>> 10   m 30 e
    11   m 23 n
    12   m 15 e


Turn 338
================================================================
warning: entity 42 was directed to use 3 halite to move north, but only 0 halite was available
At command 3 of 17:
    1   m 21 s
    2   m 31 n
>>> 3   m 42 n
    4   m 9 s
    5   m 28 n


Turn 339
================================================================
warning: entity 9 was directed to use 3 halite to move east, but only 2 halite was available
At command 7 of 17:
    5   m 3 s
    6   m 23 w
>>> 7   m 9 e
    8   m 28 n
    9   m 32 e


Turn 340
================================================================
warning: entity 35 was directed to use 2 halite to move west, but only 1 halite was available
At command 2 of 17:
    1   m 21 e
>>> 2   m 35 w
    3   m 31 w
    4   m 3 n

warning: entity 17 was directed to use 5 halite to move west, but only 3 halite was available
At command 8 of 17:
    6   m 42 n
    7   m 30 w
>>> 8   m 17 w
    9   m 13 e
    10   m 23 n


Turn 341
================================================================
warning: entity 42 was directed to use 6 halite to move north, but only 5 halite was available
At command 7 of 16:
    5   m 3 n
    6   m 43 o
>>> 7   m 42 n
    8   m 16 s
    9   m 30 s

warning: entity 30 was directed to use 2 halite to move south, but only 1 halite was available
At command 9 of 16:
    7   m 42 n
    8   m 16 s
>>> 9   m 30 s
    10   m 28 e
    11   m 32 w


Turn 343
================================================================
warning: entity 17 was directed to use 9 halite to move east, but only 4 halite was available
At command 13 of 16:
    11   m 16 w
    12   m 32 s
>>> 13   m 17 e
    14   m 43 e
    15   m 1 n


Turn 346
================================================================
warning: entity 30 was directed to use 3 halite to move north, but only 2 halite was available
At command 4 of 16:
    2   m 9 w
    3   m 28 s
>>> 4   m 30 n
    5   m 32 w
    6   m 38 s

warning: entity 1 was directed to use 4 halite to move west, but only 0 halite was available
At command 7 of 16:
    5   m 32 w
    6   m 38 s
>>> 7   m 1 w
    8   m 42 s
    9   m 3 s


Turn 348
================================================================
warning: entity 17 was directed to use 3 halite to move south, but only 1 halite was available
At command 2 of 16:
    1   m 9 n
>>> 2   m 17 s
    3   m 16 s
    4   m 42 n


Turn 349
================================================================
warning: entity 30 was directed to use 5 halite to move north, but only 1 halite was available
At command 2 of 16:
    1   m 9 o
>>> 2   m 30 n
    3   m 28 s
    4   m 16 s


Turn 350
================================================================
warning: entity 42 was directed to use 6 halite to move west, but only 5 halite was available
At command 1 of 15:
>>> 1   m 42 w
    2   m 28 s
    3   m 17 e


Turn 351
================================================================
warning: entity 17 was directed to use 6 halite to move east, but only 2 halite was available
At command 5 of 15:
    3   m 28 s
    4   m 9 s
>>> 5   m 17 e
    6   m 23 n
    7   m 3 w


Turn 352
================================================================
warning: entity 30 was directed to use 4 halite to move north, but only 3 halite was available
At command 8 of 14:
    6   m 3 w
    7   m 28 e
>>> 8   m 30 n
    9   m 42 w
    10   m 38 o


Turn 355
================================================================
warning: entity 17 was directed to use 2 halite to move west, but only 1 halite was available
At command 9 of 14:
    7   m 30 w
    8   m 23 w
>>> 9   m 17 w
    10   m 28 n
    11   m 31 n

warning: entity 38 was directed to use 2 halite to move east, but only 0 halite was available
At command 13 of 14:
    11   m 31 n
    12   m 15 n
>>> 13   m 38 e
    14   m 1 n


Turn 356
================================================================
warning: entity 42 was directed to use 5 halite to move west, but only 1 halite was available
At command 1 of 14:
>>> 1   m 42 w
    2   m 3 e
    3   m 35 w

warning: entity 30 was directed to use 9 halite to move south, but only 1 halite was available
At command 4 of 14:
    2   m 3 e
    3   m 35 w
>>> 4   m 30 s
    5   m 43 n
    6   m 31 n


Turn 358
================================================================
warning: entity 1 was directed to use 2 halite to move south, but only 0 halite was available
At command 3 of 14:
    1   m 28 s
    2   m 38 s
>>> 3   m 1 s
    4   m 3 w
    5   m 43 w


Turn 359
================================================================
warning: entity 43 was directed to use 3 halite to move west, but only 1 halite was available
At command 1 of 14:
>>> 1   m 43 w
    2   m 17 s
    3   m 28 n


Turn 361
================================================================
warning: entity 17 was directed to use 2 halite to move west, but only 0 halite was available
At command 4 of 14:
    2   m 28 e
    3   m 15 n
>>> 4   m 17 w
    5   m 35 s
    6   m 13 e

warning: entity 30 was directed to use 6 halite to move south, but only 5 halite was available
At command 9 of 14:
    7   m 31 o
    8   m 3 w
>>> 9   m 30 s
    10   m 32 s
    11   m 38 n

warning: entity 1 was directed to use 6 halite to move north, but only 4 halite was available
At command 12 of 14:
    10   m 32 s
    11   m 38 n
>>> 12   m 1 n
    13   m 43 s
    14   m 23 o


Turn 362
================================================================
warning: entity 42 was directed to use 4 halite to move east, but only 2 halite was available
At command 3 of 14:
    1   m 43 o
    2   m 28 e
>>> 3   m 42 e
    4   m 15 n
    5   m 3 w


Turn 364
================================================================
warning: entity 17 was directed to use 7 halite to move east, but only 5 halite was available
At command 8 of 14:
    6   m 28 n
    7   m 32 w
>>> 8   m 17 e
    9   m 1 w
    10   m 38 w


Turn 365
================================================================
warning: entity 38 was directed to use 2 halite to move south, but only 1 halite was available
At command 10 of 14:
    8   m 13 o
    9   m 32 n
>>> 10   m 38 s
    11   m 1 s
    12   m 43 e


Turn 366
================================================================
warning: entity 35 was directed to use 8 halite to move south, but only 6 halite was available
At command 3 of 13:
    1   m 15 w
    2   m 31 w
>>> 3   m 35 s
    4   m 32 n
    5   m 42 w


Turn 368
================================================================
warning: entity 42 was directed to use 4 halite to move south, but only 3 halite was available
At command 4 of 13:
    2   m 38 n
    3   m 1 n
>>> 4   m 42 s
    5   m 15 s
    6   m 31 n

warning: entity 15 was directed to use 3 halite to move south, but only 0 halite was available
At command 5 of 13:
    3   m 1 n
    4   m 42 s
>>> 5   m 15 s
    6   m 31 n
    7   m 32 w


Turn 370
================================================================
warning: entity 30 was directed to use 4 halite to move east, but only 1 halite was available
At command 2 of 13:
    1   m 31 e
>>> 2   m 30 e
    3   m 38 n
    4   m 1 n

warning: entity 35 was directed to use 8 halite to move east, but only 4 halite was available
At command 8 of 13:
    6   m 32 w
    7   m 17 e
>>> 8   m 35 e
    9   m 42 e
    10   m 13 n


Turn 371
================================================================
warning: entity 38 was directed to use 6 halite to move south, but only 2 halite was available
At command 3 of 13:
    1   m 28 s
    2   m 1 e
>>> 3   m 38 s
    4   m 17 e
    5   m 31 e

warning: entity 31 was directed to use 1 halite to move east, but only 0 halite was available
At command 5 of 13:
    3   m 38 s
    4   m 17 e
>>> 5   m 31 e
    6   m 32 s
    7   m 15 e


Turn 372
================================================================
warning: entity 1 was directed to use 1 halite to move east, but only 0 halite was available
At command 11 of 13:
    9   m 30 w
    10   m 35 w
>>> 11   m 1 e
    12   m 38 w
    13   m 31 s


Turn 374
================================================================
warning: entity 42 was directed to use 4 halite to move north, but only 3 halite was available
At command 7 of 12:
    5   m 3 e
    6   m 32 w
>>> 7   m 42 n
    8   m 31 e
    9   m 15 e


Turn 375
================================================================
warning: entity 17 was directed to use 2 halite to move south, but only 1 halite was available
At command 4 of 12:
    2   m 30 n
    3   m 31 w
>>> 4   m 17 s
    5   m 13 o
    6   m 32 e

warning: entity 1 was directed to use 3 halite to move south, but only 2 halite was available
At command 11 of 12:
    9   m 23 e
    10   m 38 n
>>> 11   m 1 s
    12   m 42 n


Turn 377
================================================================
warning: entity 31 was directed to use 3 halite to move east, but only 1 halite was available
At command 8 of 12:
    6   m 15 e
    7   m 28 s
>>> 8   m 31 e
    9   m 42 s
    10   m 17 w

warning: entity 38 was directed to use 5 halite to move east, but only 3 halite was available
At command 12 of 12:
    10   m 17 w
    11   m 1 e
>>> 12   m 38 e


Turn 378
================================================================
warning: entity 17 was directed to use 4 halite to move west, but only 2 halite was available
At command 8 of 12:
    6   m 28 s
    7   m 42 n
>>> 8   m 17 w
    9   m 23 s
    10   m 31 w


Turn 380
================================================================
warning: entity 30 was directed to use 3 halite to move west, but only 2 halite was available
At command 8 of 12:
    6   m 17 n
    7   m 23 w
>>> 8   m 30 w
    9   m 13 n
    10   m 31 e


Turn 381
================================================================
warning: entity 42 was directed to use 7 halite to move west, but only 4 halite was available
At command 1 of 12:
>>> 1   m 42 w
    2   m 32 s
    3   m 28 n


Turn 382
================================================================
warning: entity 17 was directed to use 7 halite to move east, but only 5 halite was available
At command 5 of 12:
    3   m 32 o
    4   m 28 s
>>> 5   m 17 e
    6   m 31 w
    7   m 15 w


Turn 383
================================================================
warning: entity 38 was directed to use 7 halite to move south, but only 2 halite was available
At command 8 of 12:
    6   m 28 s
    7   m 1 s
>>> 8   m 38 s
    9   m 30 e
    10   m 42 n


Turn 384
================================================================
warning: entity 1 was directed to use 2 halite to move east, but only 0 halite was available
At command 10 of 12:
    8   m 13 n
    9   m 17 s
>>> 10   m 1 e
    11   m 38 w
    12   m 32 o


Turn 386
================================================================
warning: entity 31 was directed to use 1 halite to move east, but only 0 halite was available
At command 2 of 12:
    1   m 15 w
>>> 2   m 31 e
    3   m 28 o
    4   m 42 n

warning: entity 42 was directed to use 6 halite to move north, but only 2 halite was available
At command 4 of 12:
    2   m 31 e
    3   m 28 o
>>> 4   m 42 n
    5   m 23 s
    6   m 17 s


Turn 388
================================================================
warning: entity 17 was directed to use 9 halite to move east, but only 8 halite was available
At command 4 of 12:
    2   m 23 o
    3   m 3 e
>>> 4   m 17 e
    5   m 13 w
    6   m 38 w


Turn 389
================================================================
warning: entity 15 was directed to use 4 halite to move east, but only 3 halite was available
At command 3 of 12:
    1   m 3 e
    2   m 32 w
>>> 3   m 15 e
    4   m 42 w
    5   m 13 s


Turn 391
================================================================
warning: entity 38 was directed to use 8 halite to move east, but only 4 halite was available
At command 5 of 12:
    3   m 32 n
    4   m 1 w
>>> 5   m 38 e
    6   m 31 s
    7   m 30 o


Turn 392
================================================================
warning: entity 42 was directed to use 3 halite to move north, but only 0 halite was available
At command 2 of 12:
    1   m 17 n
>>> 2   m 42 n
    3   m 3 e
    4   m 13 e

warning: entity 13 was directed to use 1 halite to move east, but only 0 halite was available
At command 4 of 12:
    2   m 42 n
    3   m 3 e
>>> 4   m 13 e
    5   m 28 o
    6   m 31 n


Turn 393
================================================================
warning: entity 31 was directed to use 1 halite to move south, but only 0 halite was available
At command 4 of 12:
    2   m 23 w
    3   m 30 n
>>> 4   m 31 s
    5   m 17 s
    6   m 32 o

warning: entity 17 was directed to use 4 halite to move south, but only 0 halite was available
At command 5 of 12:
    3   m 30 n
    4   m 31 s
>>> 5   m 17 s
    6   m 32 o
    7   m 3 n

warning: entity 3 was directed to use 6 halite to move north, but only 4 halite was available
At command 7 of 12:
    5   m 17 s
    6   m 32 o
>>> 7   m 3 n
    8   m 1 n
    9   m 38 n


Turn 394
================================================================
warning: entity 15 was directed to use 9 halite to move south, but only 1 halite was available
At command 5 of 12:
    3   m 30 w
    4   m 23 e
>>> 5   m 15 s
    6   m 13 n
    7   m 42 w


Turn 395
================================================================
warning: entity 1 was directed to use 2 halite to move south, but only 0 halite was available
At command 6 of 12:
    4   m 13 n
    5   m 38 w
>>> 6   m 1 s
    7   m 32 e
    8   m 17 w


Turn 396
================================================================
warning: entity 42 was directed to use 4 halite to move south, but only 2 halite was available
At command 3 of 12:
    1   m 31 n
    2   m 30 e
>>> 3   m 42 s
    4   m 23 n
    5   m 13 o

warning: entity 38 was directed to use 3 halite to move west, but only 2 halite was available
At command 11 of 12:
    9   m 15 n
    10   m 28 o
>>> 11   m 38 w
    12   m 1 w


Turn 397
================================================================
warning: entity 31 was directed to use 9 halite to move south, but only 2 halite was available
At command 2 of 12:
    1   m 30 s
>>> 2   m 31 s
    3   m 32 w
    4   m 3 e


Turn 398
================================================================
warning: entity 3 was directed to use 8 halite to move east, but only 0 halite was available
At command 8 of 12:
    6   m 28 w
    7   m 23 w
>>> 8   m 3 e
    9   m 1 w
    10   m 38 n


Turn 399
================================================================
warning: entity 17 was directed to use 4 halite to move south, but only 1 halite was available
At command 3 of 12:
    1   m 30 w
    2   m 32 w
>>> 3   m 17 s
    4   m 15 w
    5   m 42 s

warning: entity 38 was directed to use 8 halite to move south, but only 0 halite was available
At command 11 of 12:
    9   m 23 s
    10   m 1 w
>>> 11   m 38 s
    12   m 3 w


Turn 400
================================================================
warning: entity 15 was directed to use 5 halite to move east, but only 2 halite was available
At command 4 of 12:
    2   m 32 w
    3   m 42 e
>>> 4   m 15 e
    5   m 3 e
    6   m 30 n

warning: entity 1 was directed to use 6 halite to move east, but only 1 halite was available
At command 11 of 12:
    9   m 17 e
    10   m 28 o
>>> 11   m 1 e
    12   m 38 e

