
Turn 3
================================================================
warning: entity 0 was directed to use 6 halite to move south, but only 0 halite was available
At command 1 of 2:
>>> 1   m 0 s
    2   g


Turn 5
================================================================
warning: entity 2 was directed to use 5 halite to move south, but only 0 halite was available
At command 2 of 3:
    1   m 0 n
>>> 2   m 2 s
    3   g


Turn 10
================================================================
warning: entity 4 was directed to use 8 halite to move north, but only 0 halite was available
At command 2 of 4:
    1   m 2 o
>>> 2   m 4 n
    3   m 0 o
    4   g


Turn 12
================================================================
warning: entity 8 was directed to use 4 halite to move east, but only 0 halite was available
At command 1 of 5:
>>> 1   m 8 e
    2   m 2 w
    3   m 4 o


Turn 30
================================================================
warning: entity 4 was directed to use 7 halite to move north, but only 5 halite was available
At command 1 of 5:
>>> 1   m 4 n
    2   m 8 o
    3   m 2 w


Turn 35
================================================================
warning: entity 4 was directed to use 9 halite to move east, but only 1 halite was available
At command 2 of 5:
    1   m 0 e
>>> 2   m 4 e
    3   m 8 o
    4   m 9 n


Turn 41
================================================================
warning: entity 4 was directed to use 7 halite to move west, but only 3 halite was available
At command 2 of 5:
    1   m 0 o
>>> 2   m 4 w
    3   m 9 w
    4   m 2 e


Turn 56
================================================================
warning: entity 4 was directed to use 9 halite to move east, but only 2 halite was available
At command 1 of 5:
>>> 1   m 4 e
    2   m 8 n
    3   m 9 s


Turn 58
================================================================
warning: entity 0 was directed to use 8 halite to move south, but only 2 halite was available
At command 3 of 5:
    1   m 4 e
    2   m 8 n
>>> 3   m 0 s
    4   m 2 w
    5   m 9 o


Turn 63
================================================================
warning: entity 0 was directed to use 9 halite to move north, but only 0 halite was available
At command 1 of 5:
>>> 1   m 0 n
    2   m 4 e
    3   m 8 w


Turn 68
================================================================
warning: entity 0 was directed to use 9 halite to move north, but only 4 halite was available
At command 5 of 5:
    3   m 9 o
    4   m 4 w
>>> 5   m 0 n


Turn 73
================================================================
warning: entity 0 was directed to use 6 halite to move east, but only 5 halite was available
At command 2 of 5:
    1   m 4 n
>>> 2   m 0 e
    3   m 8 o
    4   m 9 o


Turn 75
================================================================
warning: entity 4 was directed to use 9 halite to move east, but only 6 halite was available
At command 1 of 5:
>>> 1   m 4 e
    2   m 8 w
    3   m 0 n


Turn 83
================================================================
warning: entity 4 was directed to use 2 halite to move east, but only 0 halite was available
At command 2 of 5:
    1   m 0 n
>>> 2   m 4 e
    3   m 9 e
    4   m 2 n


Turn 86
================================================================
warning: entity 4 was directed to use 6 halite to move west, but only 4 halite was available
At command 3 of 5:
    1   m 0 n
    2   m 8 n
>>> 3   m 4 w
    4   m 2 o
    5   m 9 e


Turn 91
================================================================
warning: entity 4 was directed to use 1 halite to move west, but only 0 halite was available
At command 3 of 5:
    1   m 2 n
    2   m 9 n
>>> 3   m 4 w
    4   m 8 e
    5   m 0 o


Turn 94
================================================================
warning: entity 4 was directed to use 4 halite to move north, but only 2 halite was available
At command 1 of 5:
>>> 1   m 4 n
    2   m 0 w
    3   m 8 w


Turn 98
================================================================
warning: entity 4 was directed to use 9 halite to move south, but only 5 halite was available
At command 3 of 5:
    1   m 8 s
    2   m 0 w
>>> 3   m 4 s
    4   m 9 w
    5   m 2 n


Turn 117
================================================================
warning: entity 4 was directed to use 3 halite to move south, but only 2 halite was available
At command 1 of 5:
>>> 1   m 4 s
    2   m 8 w
    3   m 9 n


Turn 121
================================================================
warning: entity 4 was directed to use 1 halite to move north, but only 0 halite was available
At command 2 of 5:
    1   m 8 n
>>> 2   m 4 n
    3   m 2 w
    4   m 9 n


Turn 124
================================================================
warning: entity 4 was directed to use 9 halite to move east, but only 2 halite was available
At command 1 of 5:
>>> 1   m 4 e
    2   m 8 w
    3   m 9 e


Turn 128
================================================================
warning: entity 4 was directed to use 8 halite to move south, but only 4 halite was available
At command 2 of 5:
    1   m 8 s
>>> 2   m 4 s
    3   m 2 s
    4   m 9 w


Turn 172
================================================================
warning: entity 4 was directed to use 6 halite to move west, but only 3 halite was available
At command 1 of 5:
>>> 1   m 4 w
    2   m 8 e
    3   m 0 e


Turn 176
================================================================
warning: entity 4 was directed to use 8 halite to move north, but only 7 halite was available
At command 3 of 5:
    1   m 8 e
    2   m 0 n
>>> 3   m 4 n
    4   m 2 s
    5   m 9 e


Turn 181
================================================================
warning: entity 4 was directed to use 9 halite to move west, but only 8 halite was available
At command 5 of 5:
    3   m 8 w
    4   m 0 w
>>> 5   m 4 w


Turn 188
================================================================
warning: entity 4 was directed to use 8 halite to move east, but only 7 halite was available
At command 3 of 4:
    1   m 2 s
    2   m 9 w
>>> 3   m 4 e
    4   m 8 n


Turn 200
================================================================
warning: entity 4 was directed to use 2 halite to move south, but only 1 halite was available
At command 3 of 4:
    1   m 2 w
    2   m 9 w
>>> 3   m 4 s
    4   m 8 e


Turn 202
================================================================
warning: entity 4 was directed to use 7 halite to move west, but only 6 halite was available
At command 1 of 4:
>>> 1   m 4 w
    2   m 8 s
    3   m 9 s


Turn 205
================================================================
warning: entity 2 was directed to use 1 halite to move south, but only 0 halite was available
At command 3 of 4:
    1   m 8 w
    2   m 4 o
>>> 3   m 2 s
    4   m 9 s


Turn 207
================================================================
warning: entity 2 was directed to use 5 halite to move south, but only 3 halite was available
At command 2 of 4:
    1   m 9 s
>>> 2   m 2 s
    3   m 8 e
    4   m 4 n


Turn 215
================================================================
warning: entity 2 was directed to use 7 halite to move south, but only 2 halite was available
At command 3 of 4:
    1   m 8 n
    2   m 4 e
>>> 3   m 2 s
    4   m 9 o


Turn 219
================================================================
warning: entity 2 was directed to use 6 halite to move east, but only 1 halite was available
At command 3 of 4:
    1   m 4 e
    2   m 9 s
>>> 3   m 2 e
    4   m 8 o


Turn 222
================================================================
warning: entity 2 was directed to use 8 halite to move north, but only 6 halite was available
At command 4 of 4:
    2   m 4 w
    3   m 9 w
>>> 4   m 2 n


Turn 227
================================================================
warning: entity 2 was directed to use 7 halite to move south, but only 0 halite was available
At command 2 of 4:
    1   m 8 n
>>> 2   m 2 s
    3   m 9 o
    4   m 4 o


Turn 231
================================================================
warning: entity 2 was directed to use 7 halite to move west, but only 4 halite was available
At command 3 of 4:
    1   m 4 o
    2   m 9 w
>>> 3   m 2 w
    4   m 8 e

