
Turn 11
================================================================
warning: entity 9 was directed to use 6 halite to move east, but only 0 halite was available
At command 2 of 5:
    1   m 4 o
>>> 2   m 9 e
    3   m 2 o
    4   m 6 o


Turn 14
================================================================
warning: entity 9 was directed to use 9 halite to move north, but only 7 halite was available
At command 3 of 5:
    1   m 4 s
    2   m 6 o
>>> 3   m 9 n
    4   m 2 o
    5   m 0 o


Turn 48
================================================================
warning: entity 2 was directed to use 2 halite to move south, but only 0 halite was available
At command 3 of 5:
    1   m 6 e
    2   m 9 n
>>> 3   m 2 s
    4   m 0 o
    5   m 4 o


Turn 50
================================================================
warning: entity 2 was directed to use 8 halite to move west, but only 5 halite was available
At command 4 of 5:
    2   m 6 o
    3   m 4 o
>>> 4   m 2 w
    5   m 9 o


Turn 54
================================================================
warning: entity 2 was directed to use 9 halite to move west, but only 8 halite was available
At command 2 of 5:
    1   m 9 n
>>> 2   m 2 w
    3   m 0 n
    4   m 6 w


Turn 59
================================================================
warning: entity 2 was directed to use 8 halite to move south, but only 1 halite was available
At command 2 of 5:
    1   m 9 e
>>> 2   m 2 s
    3   m 0 e
    4   m 4 n


Turn 83
================================================================
warning: entity 4 was directed to use 1 halite to move east, but only 0 halite was available
At command 3 of 6:
    1   m 10 s
    2   m 0 w
>>> 3   m 4 e
    4   m 6 n
    5   m 2 e


Turn 85
================================================================
warning: entity 4 was directed to use 5 halite to move west, but only 4 halite was available
At command 3 of 6:
    1   m 2 o
    2   m 9 e
>>> 3   m 4 w
    4   m 6 n
    5   m 0 s

warning: owned entities 0, 2 collided on cell (23, 19) as the result of moves on this turn
At command 5 of 6:
    3   m 4 w
    4   m 6 n
>>> 5   m 0 s
    6   m 10 o


Turn 109
================================================================
warning: entity 11 was directed to use 7 halite to move west, but only 0 halite was available
At command 2 of 5:
    1   m 4 s
>>> 2   m 11 w
    3   m 6 e
    4   m 10 w


Turn 110
================================================================
warning: entity 9 was directed to use 6 halite to move east, but only 3 halite was available
At command 3 of 5:
    1   m 6 s
    2   m 10 o
>>> 3   m 9 e
    4   m 4 s
    5   m 11 w


Turn 112
================================================================
warning: entity 11 was directed to use 9 halite to move east, but only 5 halite was available
At command 3 of 5:
    1   m 6 o
    2   m 4 o
>>> 3   m 11 e
    4   m 9 w
    5   m 10 e


Turn 117
================================================================
warning: owned entities 11, 9 collided on cell (22, 14) as the result of moves on this turn
At command 4 of 5:
    2   m 6 e
    3   m 9 o
>>> 4   m 11 n
    5   m 4 w


Turn 158
================================================================
warning: entity 10 was directed to use 4 halite to move east, but only 0 halite was available
At command 1 of 4:
>>> 1   m 10 e
    2   m 4 w
    3   m 13 e

warning: owned entities 13, 10 collided on cell (25, 16) as the result of moves on this turn
At command 3 of 4:
    1   m 10 e
    2   m 4 w
>>> 3   m 13 e
    4   m 6 w


Turn 174
================================================================
warning: entity 4 was directed to use 4 halite to move east, but only 0 halite was available
At command 3 of 3:
    1   m 14 w
    2   m 6 w
>>> 3   m 4 e


Turn 175
================================================================
warning: entity 14 was directed to use 5 halite to move north, but only 0 halite was available
At command 2 of 3:
    1   m 6 e
>>> 2   m 14 n
    3   m 4 n


Turn 178
================================================================
warning: entity 4 was directed to use 9 halite to move north, but only 2 halite was available
At command 1 of 3:
>>> 1   m 4 n
    2   m 14 s
    3   m 6 w

warning: entity 14 was directed to use 7 halite to move south, but only 4 halite was available
At command 2 of 3:
    1   m 4 n
>>> 2   m 14 s
    3   m 6 w


Turn 221
================================================================
warning: entity 4 was directed to use 3 halite to move west, but only 0 halite was available
At command 2 of 3:
    1   m 6 w
>>> 2   m 4 w
    3   m 14 s


Turn 226
================================================================
warning: entity 4 was directed to use 4 halite to move north, but only 3 halite was available
At command 3 of 3:
    1   m 14 s
    2   m 6 e
>>> 3   m 4 n


Turn 230
================================================================
warning: entity 4 was directed to use 5 halite to move west, but only 2 halite was available
At command 1 of 3:
>>> 1   m 4 w
    2   m 6 w
    3   m 14 o


Turn 233
================================================================
warning: entity 4 was directed to use 8 halite to move west, but only 5 halite was available
At command 2 of 3:
    1   m 6 e
>>> 2   m 4 w
    3   m 14 e


Turn 237
================================================================
warning: entity 4 was directed to use 9 halite to move east, but only 5 halite was available
At command 2 of 3:
    1   m 6 e
>>> 2   m 4 e
    3   m 14 s


Turn 255
================================================================
warning: entity 4 was directed to use 5 halite to move east, but only 1 halite was available
At command 2 of 3:
    1   m 6 s
>>> 2   m 4 e
    3   m 14 e


Turn 259
================================================================
warning: entity 4 was directed to use 7 halite to move north, but only 0 halite was available
At command 1 of 3:
>>> 1   m 4 n
    2   m 6 o
    3   m 14 e


Turn 262
================================================================
warning: entity 14 was directed to use 2 halite to move west, but only 0 halite was available
At command 1 of 3:
>>> 1   m 14 w
    2   m 4 s
    3   m 6 o

warning: entity 4 was directed to use 8 halite to move south, but only 7 halite was available
At command 2 of 3:
    1   m 14 w
>>> 2   m 4 s
    3   m 6 o


Turn 264
================================================================
warning: entity 14 was directed to use 5 halite to move north, but only 4 halite was available
At command 2 of 3:
    1   m 4 o
>>> 2   m 14 n
    3   m 6 e


Turn 267
================================================================
warning: entity 14 was directed to use 8 halite to move east, but only 5 halite was available
At command 1 of 3:
>>> 1   m 14 e
    2   m 4 w
    3   m 6 s


Turn 272
================================================================
warning: entity 4 was directed to use 6 halite to move east, but only 5 halite was available
At command 1 of 3:
>>> 1   m 4 e
    2   m 14 o
    3   m 6 o


Turn 299
================================================================
warning: owned entities 6, 4 collided on cell (23, 10) as the result of moves on this turn
At command 2 of 3:
    1   m 4 o
>>> 2   m 6 n
    3   m 14 o

