
Turn 5
================================================================
warning: entity 3 was directed to use 4 halite to move west, but only 0 halite was available
At command 1 of 2:
>>> 1   m 3 w
    2   m 1 w


Turn 6
================================================================
warning: entity 1 was directed to use 9 halite to move east, but only 0 halite was available
At command 1 of 3:
>>> 1   m 1 e
    2   m 3 w
    3   g

warning: spawn on cell (8, 16) collided with owned entity 3 on that cell
At command 3 of 3:
    1   m 1 e
    2   m 3 w
>>> 3   g


Turn 8
================================================================
warning: owned entities 6, 1 collided on cell (7, 16) as the result of moves on this turn
At command 1 of 2:
>>> 1   m 6 w
    2   m 1 s

Other commands that placed an entity on this cell:
    1   m 6 w
>>> 2   m 1 s


Turn 394
================================================================
warning: entity 8 was directed to use 7 halite to move south, but only 0 halite was available
At command 1 of 1:
>>> 1   m 8 s


Turn 397
================================================================
warning: entity 8 was directed to use 3 halite to move south, but only 0 halite was available
At command 1 of 1:
>>> 1   m 8 s

