
Turn 12
================================================================
warning: entity 7 was directed to use 9 halite to move east, but only 0 halite was available
At command 1 of 4:
>>> 1   m 7 e
    2   m 1 o
    3   m 5 o


Turn 26
================================================================
warning: entity 1 was directed to use 7 halite to move west, but only 0 halite was available
At command 4 of 5:
    2   m 5 s
    3   m 3 o
>>> 4   m 1 w
    5   m 8 o


Turn 28
================================================================
warning: entity 5 was directed to use 4 halite to move west, but only 0 halite was available
At command 2 of 5:
    1   m 7 o
>>> 2   m 5 w
    3   m 3 e
    4   m 1 s


Turn 31
================================================================
warning: entity 11 was directed to use 6 halite to move east, but only 0 halite was available
At command 1 of 6:
>>> 1   m 11 e
    2   m 7 o
    3   m 3 o


Turn 34
================================================================
warning: entity 11 was directed to use 5 halite to move south, but only 0 halite was available
At command 1 of 7:
>>> 1   m 11 s
    2   m 7 o
    3   m 5 o


Turn 37
================================================================
warning: entity 12 was directed to use 3 halite to move west, but only 0 halite was available
At command 1 of 7:
>>> 1   m 12 w
    2   m 3 o
    3   m 11 s

warning: entity 11 was directed to use 7 halite to move south, but only 2 halite was available
At command 3 of 7:
    1   m 12 w
    2   m 3 o
>>> 3   m 11 s
    4   m 5 o
    5   m 7 o


Turn 39
================================================================
warning: entity 8 was directed to use 3 halite to move south, but only 0 halite was available
At command 3 of 8:
    1   m 11 o
    2   m 12 e
>>> 3   m 8 s
    4   m 7 w
    5   m 3 w


Turn 40
================================================================
warning: entity 12 was directed to use 7 halite to move north, but only 0 halite was available
At command 2 of 8:
    1   m 14 s
>>> 2   m 12 n
    3   m 3 o
    4   m 7 e


Turn 41
================================================================
warning: entity 14 was directed to use 1 halite to move east, but only 0 halite was available
At command 1 of 8:
>>> 1   m 14 e
    2   m 8 n
    3   m 7 o


Turn 42
================================================================
warning: entity 8 was directed to use 2 halite to move north, but only 1 halite was available
At command 2 of 8:
    1   m 12 w
>>> 2   m 8 n
    3   m 1 o
    4   m 14 n


Turn 44
================================================================
warning: entity 8 was directed to use 7 halite to move west, but only 6 halite was available
At command 3 of 8:
    1   m 3 s
    2   m 7 n
>>> 3   m 8 w
    4   m 12 o
    5   m 14 o


Turn 46
================================================================
warning: entity 14 was directed to use 2 halite to move west, but only 0 halite was available
At command 1 of 8:
>>> 1   m 14 w
    2   m 5 o
    3   m 8 o


Turn 48
================================================================
warning: entity 14 was directed to use 8 halite to move east, but only 5 halite was available
At command 1 of 9:
>>> 1   m 14 e
    2   m 3 w
    3   m 7 s


Turn 49
================================================================
warning: entity 3 was directed to use 5 halite to move north, but only 0 halite was available
At command 2 of 9:
    1   m 16 e
>>> 2   m 3 n
    3   m 7 o
    4   m 8 o


Turn 56
================================================================
warning: entity 14 was directed to use 4 halite to move south, but only 2 halite was available
At command 1 of 9:
>>> 1   m 14 s
    2   m 12 w
    3   m 16 w


Turn 57
================================================================
warning: entity 16 was directed to use 1 halite to move west, but only 0 halite was available
At command 2 of 9:
    1   m 12 n
>>> 2   m 16 w
    3   m 1 n
    4   m 8 o


Turn 62
================================================================
warning: entity 1 was directed to use 9 halite to move south, but only 0 halite was available
At command 1 of 9:
>>> 1   m 1 s
    2   m 12 e
    3   m 14 e


Turn 64
================================================================
warning: entity 14 was directed to use 8 halite to move west, but only 0 halite was available
At command 1 of 9:
>>> 1   m 14 w
    2   m 5 s
    3   m 3 o


Turn 76
================================================================
warning: entity 16 was directed to use 7 halite to move east, but only 6 halite was available
At command 3 of 9:
    1   m 1 e
    2   m 3 e
>>> 3   m 16 e
    4   m 7 n
    5   m 12 n


Turn 79
================================================================
warning: entity 5 was directed to use 8 halite to move west, but only 0 halite was available
At command 2 of 9:
    1   m 11 e
>>> 2   m 5 w
    3   m 16 s
    4   m 7 n


Turn 81
================================================================
warning: entity 11 was directed to use 6 halite to move south, but only 0 halite was available
At command 3 of 9:
    1   m 16 o
    2   m 7 n
>>> 3   m 11 s
    4   m 1 o
    5   m 14 o


Turn 83
================================================================
warning: entity 8 was directed to use 7 halite to move south, but only 0 halite was available
At command 3 of 10:
    1   m 11 w
    2   m 7 e
>>> 3   m 8 s
    4   m 3 o
    5   m 16 w


Turn 89
================================================================
warning: entity 11 was directed to use 7 halite to move south, but only 1 halite was available
At command 9 of 10:
    7   m 1 n
    8   m 18 w
>>> 9   m 11 s
    10   m 7 w


Turn 97
================================================================
warning: entity 11 was directed to use 7 halite to move east, but only 3 halite was available
At command 4 of 10:
    2   m 8 e
    3   m 3 e
>>> 4   m 11 e
    5   m 7 o
    6   m 12 s


Turn 100
================================================================
warning: entity 3 was directed to use 2 halite to move east, but only 1 halite was available
At command 3 of 10:
    1   m 11 e
    2   m 16 n
>>> 3   m 3 e
    4   m 5 o
    5   m 8 o


Turn 102
================================================================
warning: entity 11 was directed to use 9 halite to move south, but only 2 halite was available
At command 1 of 10:
>>> 1   m 11 s
    2   m 16 w
    3   m 3 e


Turn 106
================================================================
warning: entity 11 was directed to use 9 halite to move north, but only 6 halite was available
At command 4 of 10:
    2   m 7 o
    3   m 8 e
>>> 4   m 11 n
    5   m 5 w
    6   m 12 n


Turn 107
================================================================
warning: entity 12 was directed to use 2 halite to move east, but only 0 halite was available
At command 4 of 10:
    2   m 8 w
    3   m 5 o
>>> 4   m 12 e
    5   m 14 s
    6   m 7 n


Turn 108
================================================================
warning: entity 7 was directed to use 5 halite to move west, but only 0 halite was available
At command 5 of 10:
    3   m 8 n
    4   m 14 w
>>> 5   m 7 w
    6   m 5 o
    7   m 12 w


Turn 110
================================================================
warning: entity 14 was directed to use 8 halite to move south, but only 0 halite was available
At command 6 of 11:
    4   m 18 s
    5   m 1 w
>>> 6   m 14 s
    7   m 3 s
    8   m 12 o


Turn 111
================================================================
warning: entity 7 was directed to use 9 halite to move east, but only 2 halite was available
At command 1 of 11:
>>> 1   m 7 e
    2   m 5 e
    3   m 25 s

warning: entity 1 was directed to use 1 halite to move east, but only 0 halite was available
At command 6 of 11:
    4   m 8 n
    5   m 18 s
>>> 6   m 1 e
    7   m 3 w
    8   m 11 o


Turn 113
================================================================
warning: entity 3 was directed to use 9 halite to move north, but only 7 halite was available
At command 1 of 11:
>>> 1   m 3 n
    2   m 11 w
    3   m 7 o


Turn 116
================================================================
warning: entity 25 was directed to use 1 halite to move east, but only 0 halite was available
At command 11 of 12:
    9   m 11 o
    10   m 7 o
>>> 11   m 25 e
    12   m 8 s


Turn 118
================================================================
warning: entity 27 was directed to use 2 halite to move south, but only 0 halite was available
At command 4 of 13:
    2   m 16 s
    3   m 3 o
>>> 4   m 27 s
    5   m 5 e
    6   m 1 o


Turn 121
================================================================
warning: entity 27 was directed to use 2 halite to move east, but only 1 halite was available
At command 4 of 14:
    2   m 7 e
    3   m 5 e
>>> 4   m 27 e
    5   m 25 e
    6   m 8 o

warning: entity 25 was directed to use 4 halite to move east, but only 1 halite was available
At command 5 of 14:
    3   m 5 e
    4   m 27 e
>>> 5   m 25 e
    6   m 8 o
    7   m 16 o


Turn 123
================================================================
warning: entity 29 was directed to use 2 halite to move east, but only 0 halite was available
At command 13 of 14:
    11   m 28 o
    12   m 11 s
>>> 13   m 29 e
    14   m 12 o


Turn 124
================================================================
warning: entity 27 was directed to use 8 halite to move north, but only 0 halite was available
At command 2 of 14:
    1   m 7 e
>>> 2   m 27 n
    3   m 5 o
    4   m 14 o


Turn 125
================================================================
warning: entity 25 was directed to use 5 halite to move west, but only 2 halite was available
At command 4 of 14:
    2   m 1 o
    3   m 18 w
>>> 4   m 25 w
    5   m 8 e
    6   m 28 o


Turn 127
================================================================
warning: entity 5 was directed to use 1 halite to move east, but only 0 halite was available
At command 1 of 14:
>>> 1   m 5 e
    2   m 14 o
    3   m 27 s


Turn 129
================================================================
warning: entity 25 was directed to use 5 halite to move north, but only 2 halite was available
At command 10 of 15:
    8   m 27 o
    9   m 14 o
>>> 10   m 25 n
    11   m 8 w
    12   m 29 o


Turn 133
================================================================
warning: entity 30 was directed to use 1 halite to move east, but only 0 halite was available
At command 5 of 15:
    3   m 11 o
    4   m 28 s
>>> 5   m 30 e
    6   m 5 s
    7   m 27 o


Turn 135
================================================================
warning: entity 28 was directed to use 1 halite to move north, but only 0 halite was available
At command 14 of 16:
    12   m 14 s
    13   m 3 o
>>> 14   m 28 n
    15   m 11 o
    16   m 27 s


Turn 136
================================================================
warning: entity 25 was directed to use 7 halite to move east, but only 3 halite was available
At command 1 of 16:
>>> 1   m 25 e
    2   m 8 s
    3   m 5 s

warning: entity 5 was directed to use 6 halite to move south, but only 0 halite was available
At command 3 of 16:
    1   m 25 e
    2   m 8 s
>>> 3   m 5 s
    4   m 1 w
    5   m 18 w


Turn 138
================================================================
warning: entity 30 was directed to use 4 halite to move south, but only 3 halite was available
At command 3 of 16:
    1   m 25 e
    2   m 8 e
>>> 3   m 30 s
    4   m 31 e
    5   m 14 s


Turn 140
================================================================
warning: entity 1 was directed to use 4 halite to move east, but only 1 halite was available
At command 11 of 16:
    9   m 14 o
    10   m 27 o
>>> 11   m 1 e
    12   m 18 e
    13   m 16 o


Turn 141
================================================================
warning: entity 31 was directed to use 1 halite to move east, but only 0 halite was available
At command 11 of 17:
    9   m 29 n
    10   m 12 s
>>> 11   m 31 e
    12   m 14 w
    13   m 27 n


Turn 142
================================================================
warning: entity 28 was directed to use 1 halite to move west, but only 0 halite was available
At command 12 of 17:
    10   m 30 s
    11   m 11 w
>>> 12   m 28 w
    13   m 18 s
    14   m 1 e


Turn 143
================================================================
warning: entity 1 was directed to use 9 halite to move south, but only 1 halite was available
At command 5 of 17:
    3   m 18 n
    4   m 14 o
>>> 5   m 1 s
    6   m 3 o
    7   m 31 e

warning: entity 29 was directed to use 8 halite to move north, but only 0 halite was available
At command 9 of 17:
    7   m 31 e
    8   m 30 o
>>> 9   m 29 n
    10   m 11 n
    11   m 7 n


Turn 144
================================================================
warning: entity 31 was directed to use 9 halite to move north, but only 2 halite was available
At command 4 of 17:
    2   m 18 n
    3   m 27 s
>>> 4   m 31 n
    5   m 11 o
    6   m 7 o


Turn 147
================================================================
warning: entity 1 was directed to use 9 halite to move west, but only 6 halite was available
At command 3 of 17:
    1   m 18 w
    2   m 8 w
>>> 3   m 1 w
    4   m 30 n
    5   m 16 o

warning: entity 29 was directed to use 6 halite to move east, but only 3 halite was available
At command 7 of 17:
    5   m 16 o
    6   m 27 w
>>> 7   m 29 e
    8   m 31 e
    9   m 33 o


Turn 148
================================================================
warning: entity 28 was directed to use 8 halite to move west, but only 5 halite was available
At command 3 of 17:
    1   m 18 e
    2   m 31 n
>>> 3   m 28 w
    4   m 5 w
    5   m 8 e


Turn 150
================================================================
warning: entity 33 was directed to use 1 halite to move south, but only 0 halite was available
At command 10 of 17:
    8   m 1 n
    9   m 7 e
>>> 10   m 33 s
    11   m 28 n
    12   m 3 s


Turn 151
================================================================
warning: entity 30 was directed to use 9 halite to move south, but only 1 halite was available
At command 5 of 18:
    3   m 31 o
    4   m 25 w
>>> 5   m 30 s
    6   m 5 e
    7   m 8 w


Turn 154
================================================================
warning: entity 5 was directed to use 3 halite to move north, but only 0 halite was available
At command 1 of 19:
>>> 1   m 5 n
    2   m 29 o
    3   m 8 n

warning: entity 37 was directed to use 1 halite to move north, but only 0 halite was available
At command 4 of 19:
    2   m 29 o
    3   m 8 n
>>> 4   m 37 n
    5   m 31 n
    6   m 12 o


Turn 156
================================================================
warning: entity 5 was directed to use 8 halite to move east, but only 6 halite was available
At command 7 of 20:
    5   m 27 n
    6   m 28 w
>>> 7   m 5 e
    8   m 37 n
    9   m 12 o


Turn 157
================================================================
warning: entity 37 was directed to use 3 halite to move south, but only 1 halite was available
At command 4 of 21:
    2   m 18 e
    3   m 8 n
>>> 4   m 37 s
    5   m 27 s
    6   m 39 e

warning: entity 28 was directed to use 5 halite to move north, but only 2 halite was available
At command 7 of 21:
    5   m 27 s
    6   m 39 e
>>> 7   m 28 n
    8   m 3 e
    9   m 29 s

warning: entity 3 was directed to use 7 halite to move east, but only 5 halite was available
At command 8 of 21:
    6   m 39 e
    7   m 28 n
>>> 8   m 3 e
    9   m 29 s
    10   m 33 e


Turn 159
================================================================
warning: entity 39 was directed to use 2 halite to move south, but only 0 halite was available
At command 4 of 21:
    2   m 8 e
    3   m 27 e
>>> 4   m 39 s
    5   m 29 s
    6   m 18 e

warning: entity 38 was directed to use 1 halite to move north, but only 0 halite was available
At command 20 of 21:
    18   m 33 o
    19   m 14 o
>>> 20   m 38 n
    21   m 1 n


Turn 160
================================================================
warning: entity 5 was directed to use 7 halite to move west, but only 4 halite was available
At command 8 of 21:
    6   m 18 n
    7   m 12 o
>>> 8   m 5 w
    9   m 28 e
    10   m 3 w


Turn 161
================================================================
warning: entity 39 was directed to use 7 halite to move east, but only 5 halite was available
At command 3 of 21:
    1   m 25 e
    2   m 8 w
>>> 3   m 39 e
    4   m 3 n
    5   m 40 e

warning: entity 40 was directed to use 4 halite to move east, but only 0 halite was available
At command 5 of 21:
    3   m 39 e
    4   m 3 n
>>> 5   m 40 e
    6   m 16 e
    7   m 14 e


Turn 163
================================================================
warning: entity 3 was directed to use 2 halite to move east, but only 1 halite was available
At command 17 of 21:
    15   m 14 o
    16   m 31 o
>>> 17   m 3 e
    18   m 40 o
    19   m 38 o


Turn 164
================================================================
warning: entity 5 was directed to use 8 halite to move south, but only 1 halite was available
At command 2 of 21:
    1   m 8 s
>>> 2   m 5 s
    3   m 37 o
    4   m 27 o


Turn 165
================================================================
warning: entity 39 was directed to use 7 halite to move west, but only 3 halite was available
At command 8 of 22:
    6   m 18 e
    7   m 16 s
>>> 8   m 39 w
    9   m 11 e
    10   m 3 n


Turn 167
================================================================
warning: entity 11 was directed to use 6 halite to move west, but only 0 halite was available
At command 2 of 22:
    1   m 41 w
>>> 2   m 11 w
    3   m 27 s
    4   m 28 s

warning: entity 3 was directed to use 5 halite to move west, but only 0 halite was available
At command 12 of 22:
    10   m 5 o
    11   m 16 o
>>> 12   m 3 w
    13   m 40 e
    14   m 14 w


Turn 170
================================================================
warning: entity 11 was directed to use 7 halite to move north, but only 6 halite was available
At command 3 of 23:
    1   m 25 s
    2   m 27 e
>>> 3   m 11 n
    4   m 33 e
    5   m 14 e

warning: entity 40 was directed to use 7 halite to move east, but only 1 halite was available
At command 12 of 23:
    10   m 16 w
    11   m 3 o
>>> 12   m 40 e
    13   m 12 o
    14   m 29 o


Turn 171
================================================================
warning: entity 28 was directed to use 3 halite to move north, but only 2 halite was available
At command 6 of 23:
    4   m 14 e
    5   m 27 e
>>> 6   m 28 n
    7   m 7 w
    8   m 8 s


Turn 173
================================================================
warning: entity 40 was directed to use 9 halite to move south, but only 6 halite was available
At command 16 of 23:
    14   m 38 n
    15   m 11 n
>>> 16   m 40 s
    17   m 3 n
    18   m 28 w


Turn 174
================================================================
warning: entity 39 was directed to use 8 halite to move east, but only 5 halite was available
At command 6 of 23:
    4   m 8 n
    5   m 18 n
>>> 6   m 39 e
    7   m 27 n
    8   m 16 n


Turn 176
================================================================
warning: entity 42 was directed to use 1 halite to move north, but only 0 halite was available
At command 7 of 22:
    5   m 29 s
    6   m 25 s
>>> 7   m 42 n
    8   m 5 e
    9   m 27 n

warning: entity 7 was directed to use 6 halite to move south, but only 4 halite was available
At command 15 of 22:
    13   m 16 w
    14   m 12 s
>>> 15   m 7 s
    16   m 41 n
    17   m 8 o


Turn 177
================================================================
warning: entity 40 was directed to use 9 halite to move north, but only 6 halite was available
At command 9 of 23:
    7   m 41 e
    8   m 30 o
>>> 9   m 40 n
    10   m 27 n
    11   m 16 w


Turn 179
================================================================
warning: entity 39 was directed to use 7 halite to move west, but only 0 halite was available
At command 8 of 23:
    6   m 37 e
    7   m 16 w
>>> 8   m 39 w
    9   m 31 e
    10   m 25 s


Turn 182
================================================================
warning: entity 39 was directed to use 7 halite to move west, but only 5 halite was available
At command 2 of 23:
    1   m 29 s
>>> 2   m 39 w
    3   m 25 e
    4   m 11 w


Turn 184
================================================================
warning: entity 28 was directed to use 6 halite to move south, but only 0 halite was available
At command 10 of 23:
    8   m 7 w
    9   m 29 n
>>> 10   m 28 s
    11   m 37 n
    12   m 39 n


Turn 188
================================================================
warning: entity 7 was directed to use 3 halite to move west, but only 0 halite was available
At command 4 of 23:
    2   m 40 o
    3   m 41 e
>>> 4   m 7 w
    5   m 8 o
    6   m 14 n


Turn 190
================================================================
warning: entity 12 was directed to use 1 halite to move west, but only 0 halite was available
At command 8 of 23:
    6   m 29 n
    7   m 33 e
>>> 8   m 12 w
    9   m 27 w
    10   m 16 w


Turn 191
================================================================
warning: entity 41 was directed to use 8 halite to move west, but only 3 halite was available
At command 2 of 23:
    1   m 43 o
>>> 2   m 41 w
    3   m 29 e
    4   m 25 w

warning: entity 33 was directed to use 2 halite to move south, but only 1 halite was available
At command 5 of 23:
    3   m 29 e
    4   m 25 w
>>> 5   m 33 s
    6   m 7 w
    7   m 27 e

warning: entity 7 was directed to use 2 halite to move west, but only 1 halite was available
At command 6 of 23:
    4   m 25 w
    5   m 33 s
>>> 6   m 7 w
    7   m 27 e
    8   m 11 e


Turn 193
================================================================
warning: entity 28 was directed to use 8 halite to move south, but only 5 halite was available
At command 3 of 23:
    1   m 7 n
    2   m 33 n
>>> 3   m 28 s
    4   m 38 e
    5   m 1 e

warning: entity 12 was directed to use 7 halite to move west, but only 0 halite was available
At command 12 of 23:
    10   m 5 e
    11   m 42 e
>>> 12   m 12 w
    13   m 18 s
    14   m 39 w


Turn 194
================================================================
warning: entity 33 was directed to use 8 halite to move east, but only 0 halite was available
At command 3 of 23:
    1   m 18 e
    2   m 14 n
>>> 3   m 33 e
    4   m 38 o
    5   m 1 w

warning: entity 7 was directed to use 7 halite to move west, but only 0 halite was available
At command 6 of 23:
    4   m 38 o
    5   m 1 w
>>> 6   m 7 w
    7   m 31 s
    8   m 29 w


Turn 197
================================================================
warning: entity 12 was directed to use 9 halite to move north, but only 4 halite was available
At command 11 of 23:
    9   m 5 w
    10   m 42 s
>>> 11   m 12 n
    12   m 33 w
    13   m 7 s


Turn 198
================================================================
warning: entity 28 was directed to use 7 halite to move east, but only 4 halite was available
At command 5 of 23:
    3   m 16 s
    4   m 8 e
>>> 5   m 28 e
    6   m 18 e
    7   m 25 e

warning: entity 33 was directed to use 7 halite to move south, but only 5 halite was available
At command 12 of 23:
    10   m 42 s
    11   m 37 s
>>> 12   m 33 s
    13   m 31 s
    14   m 27 e


Turn 200
================================================================
warning: entity 11 was directed to use 4 halite to move west, but only 1 halite was available
At command 5 of 23:
    3   m 8 e
    4   m 25 o
>>> 5   m 11 w
    6   m 16 w
    7   m 31 o


Turn 201
================================================================
warning: entity 12 was directed to use 9 halite to move east, but only 4 halite was available
At command 5 of 23:
    3   m 27 n
    4   m 16 n
>>> 5   m 12 e
    6   m 30 s
    7   m 29 e


Turn 203
================================================================
warning: entity 42 was directed to use 9 halite to move north, but only 0 halite was available
At command 13 of 23:
    11   m 39 w
    12   m 5 e
>>> 13   m 42 n
    14   m 33 n
    15   m 37 n


Turn 204
================================================================
warning: entity 33 was directed to use 6 halite to move south, but only 0 halite was available
At command 4 of 23:
    2   m 12 w
    3   m 27 w
>>> 4   m 33 s
    5   m 43 s
    6   m 18 w

warning: entity 38 was directed to use 1 halite to move south, but only 0 halite was available
At command 20 of 23:
    18   m 11 o
    19   m 41 o
>>> 20   m 38 s
    21   m 1 o
    22   m 31 s


Turn 205
================================================================
warning: entity 12 was directed to use 9 halite to move east, but only 8 halite was available
At command 2 of 23:
    1   m 27 e
>>> 2   m 12 e
    3   m 28 s
    4   m 25 s


Turn 208
================================================================
warning: entity 33 was directed to use 9 halite to move east, but only 0 halite was available
At command 4 of 23:
    2   m 1 o
    3   m 27 n
>>> 4   m 33 e
    5   m 25 s
    6   m 40 s


Turn 209
================================================================
warning: entity 39 was directed to use 9 halite to move east, but only 3 halite was available
At command 10 of 23:
    8   m 29 s
    9   m 18 e
>>> 10   m 39 e
    11   m 14 n
    12   m 11 e


Turn 210
================================================================
warning: entity 25 was directed to use 7 halite to move north, but only 0 halite was available
At command 4 of 23:
    2   m 12 n
    3   m 41 e
>>> 4   m 25 n
    5   m 28 s
    6   m 8 w

warning: entity 38 was directed to use 2 halite to move west, but only 1 halite was available
At command 18 of 23:
    16   m 39 e
    17   m 16 e
>>> 18   m 38 w
    19   m 1 o
    20   m 30 s


Turn 211
================================================================
warning: entity 30 was directed to use 1 halite to move south, but only 0 halite was available
At command 3 of 23:
    1   m 12 o
    2   m 27 s
>>> 3   m 30 s
    4   m 41 s
    5   m 28 n

warning: entity 28 was directed to use 9 halite to move north, but only 7 halite was available
At command 5 of 23:
    3   m 30 s
    4   m 41 s
>>> 5   m 28 n
    6   m 33 n
    7   m 37 o

warning: entity 42 was directed to use 6 halite to move west, but only 1 halite was available
At command 13 of 23:
    11   m 14 n
    12   m 11 n
>>> 13   m 42 w
    14   m 5 n
    15   m 40 s


Turn 212
================================================================
warning: entity 33 was directed to use 7 halite to move north, but only 1 halite was available
At command 3 of 23:
    1   m 41 s
    2   m 27 w
>>> 3   m 33 n
    4   m 8 e
    5   m 29 o


Turn 214
================================================================
warning: entity 30 was directed to use 5 halite to move south, but only 0 halite was available
At command 3 of 23:
    1   m 39 n
    2   m 28 s
>>> 3   m 30 s
    4   m 5 e
    5   m 42 s


Turn 215
================================================================
warning: entity 33 was directed to use 8 halite to move south, but only 6 halite was available
At command 11 of 22:
    9   m 41 o
    10   m 18 o
>>> 11   m 33 s
    12   m 16 s
    13   m 29 w


Turn 217
================================================================
warning: entity 30 was directed to use 9 halite to move east, but only 5 halite was available
At command 6 of 22:
    4   m 5 s
    5   m 25 o
>>> 6   m 30 e
    7   m 37 s
    8   m 14 e

warning: entity 14 was directed to use 2 halite to move east, but only 0 halite was available
At command 8 of 22:
    6   m 30 e
    7   m 37 s
>>> 8   m 14 e
    9   m 27 n
    10   m 16 n


Turn 219
================================================================
warning: entity 1 was directed to use 4 halite to move east, but only 0 halite was available
At command 6 of 21:
    4   m 25 n
    5   m 27 e
>>> 6   m 1 e
    7   m 29 w
    8   m 41 o

warning: entity 12 was directed to use 7 halite to move east, but only 4 halite was available
At command 9 of 21:
    7   m 29 w
    8   m 41 o
>>> 9   m 12 e
    10   m 33 e
    11   m 28 n

warning: entity 28 was directed to use 3 halite to move north, but only 1 halite was available
At command 11 of 21:
    9   m 12 e
    10   m 33 e
>>> 11   m 28 n
    12   m 40 s
    13   m 42 s


Turn 221
================================================================
warning: entity 42 was directed to use 6 halite to move east, but only 0 halite was available
At command 11 of 21:
    9   m 40 s
    10   m 5 w
>>> 11   m 42 e
    12   m 18 w
    13   m 31 w


Turn 222
================================================================
warning: entity 30 was directed to use 7 halite to move east, but only 6 halite was available
At command 4 of 21:
    2   m 37 s
    3   m 25 e
>>> 4   m 30 e
    5   m 11 o
    6   m 27 s

warning: entity 28 was directed to use 7 halite to move north, but only 4 halite was available
At command 14 of 21:
    12   m 1 s
    13   m 12 o
>>> 14   m 28 n
    15   m 43 n
    16   m 16 o


Turn 223
================================================================
warning: entity 1 was directed to use 4 halite to move south, but only 3 halite was available
At command 2 of 21:
    1   m 31 o
>>> 2   m 1 s
    3   m 40 e
    4   m 37 s

warning: entity 25 was directed to use 6 halite to move west, but only 3 halite was available
At command 7 of 21:
    5   m 5 w
    6   m 42 w
>>> 7   m 25 w
    8   m 14 n
    9   m 7 e


Turn 225
================================================================
warning: entity 31 was directed to use 1 halite to move south, but only 0 halite was available
At command 7 of 21:
    5   m 7 n
    6   m 30 n
>>> 7   m 31 s
    8   m 5 w
    9   m 42 e


Turn 226
================================================================
warning: entity 42 was directed to use 4 halite to move north, but only 3 halite was available
At command 7 of 21:
    5   m 40 o
    6   m 43 w
>>> 7   m 42 n
    8   m 5 o
    9   m 1 e

warning: entity 1 was directed to use 9 halite to move east, but only 5 halite was available
At command 9 of 21:
    7   m 42 n
    8   m 5 o
>>> 9   m 1 e
    10   m 30 s
    11   m 27 n

warning: entity 28 was directed to use 9 halite to move south, but only 3 halite was available
At command 14 of 21:
    12   m 18 w
    13   m 14 s
>>> 14   m 28 s
    15   m 41 w
    16   m 29 e


Turn 227
================================================================
warning: entity 30 was directed to use 7 halite to move south, but only 6 halite was available
At command 6 of 21:
    4   m 37 o
    5   m 8 n
>>> 6   m 30 s
    7   m 27 n
    8   m 18 s

warning: entity 31 was directed to use 5 halite to move west, but only 4 halite was available
At command 11 of 21:
    9   m 25 o
    10   m 14 s
>>> 11   m 31 w
    12   m 41 e
    13   m 29 w


Turn 230
================================================================
warning: entity 42 was directed to use 9 halite to move west, but only 8 halite was available
At command 15 of 21:
    13   m 29 o
    14   m 5 s
>>> 15   m 42 w
    16   m 30 e
    17   m 12 w


Turn 232
================================================================
warning: entity 31 was directed to use 8 halite to move east, but only 1 halite was available
At command 8 of 21:
    6   m 28 s
    7   m 29 n
>>> 8   m 31 e
    9   m 14 s
    10   m 37 s


Turn 233
================================================================
warning: entity 30 was directed to use 6 halite to move south, but only 4 halite was available
At command 12 of 21:
    10   m 14 n
    11   m 37 s
>>> 12   m 30 s
    13   m 12 w
    14   m 7 s

warning: entity 1 was directed to use 6 halite to move south, but only 0 halite was available
At command 16 of 21:
    14   m 7 s
    15   m 27 w
>>> 16   m 1 s
    17   m 42 e
    18   m 5 o


Turn 235
================================================================
warning: entity 28 was directed to use 9 halite to move south, but only 3 halite was available
At command 3 of 21:
    1   m 27 e
    2   m 37 s
>>> 3   m 28 s
    4   m 40 s
    5   m 41 e


Turn 237
================================================================
warning: entity 1 was directed to use 4 halite to move east, but only 1 halite was available
At command 6 of 21:
    4   m 12 e
    5   m 11 n
>>> 6   m 1 e
    7   m 41 e
    8   m 40 w


Turn 239
================================================================
warning: entity 30 was directed to use 5 halite to move south, but only 3 halite was available
At command 7 of 20:
    5   m 7 o
    6   m 43 s
>>> 7   m 30 s
    8   m 28 s
    9   m 29 w

warning: entity 40 was directed to use 4 halite to move north, but only 2 halite was available
At command 10 of 20:
    8   m 28 s
    9   m 29 w
>>> 10   m 40 n
    11   m 41 n
    12   m 8 w

warning: entity 42 was directed to use 4 halite to move south, but only 3 halite was available
At command 17 of 20:
    15   m 12 o
    16   m 25 s
>>> 17   m 42 s
    18   m 5 o
    19   m 31 s


Turn 241
================================================================
warning: entity 28 was directed to use 9 halite to move north, but only 0 halite was available
At command 1 of 20:
>>> 1   m 28 n
    2   m 1 w
    3   m 25 e

warning: entity 1 was directed to use 5 halite to move west, but only 4 halite was available
At command 2 of 20:
    1   m 28 n
>>> 2   m 1 w
    3   m 25 e
    4   m 14 n


Turn 243
================================================================
warning: entity 30 was directed to use 5 halite to move west, but only 3 halite was available
At command 2 of 20:
    1   m 11 s
>>> 2   m 30 w
    3   m 1 s
    4   m 31 w

warning: entity 43 was directed to use 9 halite to move north, but only 5 halite was available
At command 10 of 20:
    8   m 41 s
    9   m 40 e
>>> 10   m 43 n
    11   m 18 w
    12   m 14 s


Turn 244
================================================================
warning: entity 40 was directed to use 5 halite to move south, but only 2 halite was available
At command 8 of 20:
    6   m 37 e
    7   m 12 o
>>> 8   m 40 s
    9   m 31 n
    10   m 5 e


Turn 246
================================================================
warning: entity 30 was directed to use 6 halite to move east, but only 4 halite was available
At command 3 of 20:
    1   m 40 s
    2   m 11 s
>>> 3   m 30 e
    4   m 27 s
    5   m 1 n

warning: entity 14 was directed to use 3 halite to move south, but only 0 halite was available
At command 6 of 20:
    4   m 27 s
    5   m 1 n
>>> 6   m 14 s
    7   m 8 n
    8   m 42 w


Turn 247
================================================================
warning: entity 1 was directed to use 4 halite to move north, but only 2 halite was available
At command 7 of 20:
    5   m 11 e
    6   m 28 e
>>> 7   m 1 n
    8   m 8 n
    9   m 42 s


Turn 248
================================================================
warning: entity 40 was directed to use 5 halite to move south, but only 1 halite was available
At command 6 of 20:
    4   m 41 n
    5   m 33 w
>>> 6   m 40 s
    7   m 29 w
    8   m 25 w


Turn 250
================================================================
warning: entity 14 was directed to use 6 halite to move east, but only 0 halite was available
At command 2 of 20:
    1   m 43 n
>>> 2   m 14 e
    3   m 27 n
    4   m 25 e

warning: entity 30 was directed to use 5 halite to move west, but only 2 halite was available
At command 5 of 20:
    3   m 27 n
    4   m 25 e
>>> 5   m 30 w
    6   m 41 o
    7   m 8 w


Turn 252
================================================================
warning: entity 25 was directed to use 2 halite to move north, but only 0 halite was available
At command 5 of 20:
    3   m 14 n
    4   m 43 o
>>> 5   m 25 n
    6   m 8 w
    7   m 40 s

warning: entity 40 was directed to use 3 halite to move south, but only 1 halite was available
At command 7 of 20:
    5   m 25 n
    6   m 8 w
>>> 7   m 40 s
    8   m 11 w
    9   m 18 o

warning: entity 42 was directed to use 3 halite to move south, but only 0 halite was available
At command 13 of 20:
    11   m 31 n
    12   m 12 w
>>> 13   m 42 s
    14   m 5 e
    15   m 28 n


Turn 253
================================================================
warning: entity 28 was directed to use 4 halite to move north, but only 1 halite was available
At command 11 of 20:
    9   m 33 s
    10   m 30 n
>>> 11   m 28 n
    12   m 1 w
    13   m 41 w


Turn 254
================================================================
warning: entity 25 was directed to use 9 halite to move north, but only 5 halite was available
At command 6 of 20:
    4   m 29 s
    5   m 27 s
>>> 6   m 25 n
    7   m 12 n
    8   m 31 w

warning: entity 42 was directed to use 9 halite to move south, but only 7 halite was available
At command 10 of 20:
    8   m 31 w
    9   m 5 e
>>> 10   m 42 s
    11   m 14 n
    12   m 37 w

warning: entity 14 was directed to use 4 halite to move north, but only 1 halite was available
At command 11 of 20:
    9   m 5 e
    10   m 42 s
>>> 11   m 14 n
    12   m 37 w
    13   m 8 n


Turn 255
================================================================
warning: entity 30 was directed to use 7 halite to move south, but only 0 halite was available
At command 7 of 20:
    5   m 40 w
    6   m 18 s
>>> 7   m 30 s
    8   m 29 n
    9   m 1 s


Turn 258
================================================================
warning: entity 14 was directed to use 3 halite to move south, but only 2 halite was available
At command 1 of 19:
>>> 1   m 14 s
    2   m 5 e
    3   m 42 n

warning: entity 7 was directed to use 8 halite to move east, but only 0 halite was available
At command 7 of 19:
    5   m 29 w
    6   m 31 n
>>> 7   m 7 e
    8   m 25 s
    9   m 33 o

warning: entity 28 was directed to use 3 halite to move west, but only 1 halite was available
At command 13 of 19:
    11   m 1 e
    12   m 37 s
>>> 13   m 28 w
    14   m 40 o
    15   m 8 n


Turn 260
================================================================
warning: entity 1 was directed to use 3 halite to move south, but only 1 halite was available
At command 11 of 19:
    9   m 12 n
    10   m 31 n
>>> 11   m 1 s
    12   m 7 n
    13   m 28 n


Turn 261
================================================================
warning: entity 25 was directed to use 7 halite to move north, but only 6 halite was available
At command 5 of 19:
    3   m 11 e
    4   m 14 w
>>> 5   m 25 n
    6   m 12 s
    7   m 31 o

warning: entity 12 was directed to use 7 halite to move south, but only 0 halite was available
At command 6 of 19:
    4   m 14 w
    5   m 25 n
>>> 6   m 12 s
    7   m 31 o
    8   m 7 e

warning: entity 7 was directed to use 6 halite to move east, but only 0 halite was available
At command 8 of 19:
    6   m 12 s
    7   m 31 o
>>> 8   m 7 e
    9   m 28 e
    10   m 33 o


Turn 262
================================================================
warning: entity 28 was directed to use 2 halite to move south, but only 0 halite was available
At command 1 of 19:
>>> 1   m 28 s
    2   m 8 w
    3   m 11 s


Turn 264
================================================================
warning: entity 1 was directed to use 5 halite to move east, but only 0 halite was available
At command 1 of 19:
>>> 1   m 1 e
    2   m 31 s
    3   m 28 n


Turn 266
================================================================
warning: entity 28 was directed to use 7 halite to move north, but only 0 halite was available
At command 5 of 19:
    3   m 41 w
    4   m 37 n
>>> 5   m 28 n
    6   m 40 n
    7   m 8 e

warning: entity 14 was directed to use 1 halite to move south, but only 0 halite was available
At command 13 of 19:
    11   m 5 w
    12   m 42 e
>>> 13   m 14 s
    14   m 11 n
    15   m 29 w


Turn 267
================================================================
warning: entity 12 was directed to use 4 halite to move south, but only 0 halite was available
At command 15 of 18:
    13   m 29 n
    14   m 1 s
>>> 15   m 12 s
    16   m 28 w
    17   m 14 n


Turn 268
================================================================
warning: entity 1 was directed to use 7 halite to move west, but only 5 halite was available
At command 1 of 18:
>>> 1   m 1 w
    2   m 41 s
    3   m 11 n


Turn 269
================================================================
warning: entity 14 was directed to use 7 halite to move south, but only 4 halite was available
At command 5 of 17:
    3   m 28 w
    4   m 37 n
>>> 5   m 14 s
    6   m 11 w
    7   m 5 s

warning: entity 25 was directed to use 3 halite to move east, but only 0 halite was available
At command 9 of 17:
    7   m 5 s
    8   m 42 s
>>> 9   m 25 e
    10   m 7 n
    11   m 43 w


Turn 271
================================================================
warning: entity 28 was directed to use 7 halite to move north, but only 2 halite was available
At command 2 of 17:
    1   m 41 s
>>> 2   m 28 n
    3   m 31 s
    4   m 8 s


Turn 272
================================================================
warning: entity 1 was directed to use 7 halite to move north, but only 4 halite was available
At command 2 of 17:
    1   m 43 s
>>> 2   m 1 n
    3   m 18 e
    4   m 33 n


Turn 273
================================================================
warning: entity 33 was directed to use 3 halite to move south, but only 0 halite was available
At command 4 of 17:
    2   m 43 e
    3   m 41 w
>>> 4   m 33 s
    5   m 31 e
    6   m 8 s

warning: entity 37 was directed to use 4 halite to move south, but only 0 halite was available
At command 12 of 17:
    10   m 14 o
    11   m 40 s
>>> 12   m 37 s
    13   m 7 o
    14   m 28 s


Turn 274
================================================================
warning: entity 42 was directed to use 3 halite to move west, but only 1 halite was available
At command 8 of 17:
    6   m 41 e
    7   m 31 s
>>> 8   m 42 w
    9   m 5 n
    10   m 28 e


Turn 277
================================================================
warning: entity 1 was directed to use 3 halite to move north, but only 0 halite was available
At command 2 of 17:
    1   m 33 s
>>> 2   m 1 n
    3   m 40 n
    4   m 18 o


Turn 279
================================================================
warning: entity 42 was directed to use 2 halite to move east, but only 1 halite was available
At command 4 of 17:
    2   m 43 e
    3   m 1 n
>>> 4   m 42 e
    5   m 5 n
    6   m 14 o

warning: entity 7 was directed to use 7 halite to move west, but only 3 halite was available
At command 10 of 17:
    8   m 40 o
    9   m 25 o
>>> 10   m 7 w
    11   m 28 e
    12   m 31 w

warning: entity 37 was directed to use 2 halite to move west, but only 0 halite was available
At command 13 of 17:
    11   m 28 e
    12   m 31 w
>>> 13   m 37 w
    14   m 18 w
    15   m 11 s


Turn 281
================================================================
warning: entity 1 was directed to use 2 halite to move east, but only 1 halite was available
At command 6 of 16:
    4   m 14 e
    5   m 41 n
>>> 6   m 1 e
    7   m 28 s
    8   m 11 n


Turn 282
================================================================
warning: entity 42 was directed to use 5 halite to move west, but only 2 halite was available
At command 9 of 16:
    7   m 11 e
    8   m 5 s
>>> 9   m 42 w
    10   m 43 w
    11   m 40 s


Turn 285
================================================================
warning: entity 1 was directed to use 3 halite to move west, but only 0 halite was available
At command 8 of 16:
    6   m 37 w
    7   m 11 s
>>> 8   m 1 w
    9   m 14 s
    10   m 40 n


Turn 286
================================================================
warning: entity 33 was directed to use 6 halite to move west, but only 3 halite was available
At command 8 of 16:
    6   m 14 e
    7   m 25 e
>>> 8   m 33 w
    9   m 11 w
    10   m 40 e

warning: entity 40 was directed to use 2 halite to move east, but only 1 halite was available
At command 10 of 16:
    8   m 33 w
    9   m 11 w
>>> 10   m 40 e
    11   m 5 e
    12   m 42 s


Turn 288
================================================================
warning: entity 42 was directed to use 9 halite to move east, but only 1 halite was available
At command 13 of 16:
    11   m 11 s
    12   m 5 w
>>> 13   m 42 e
    14   m 18 n
    15   m 1 e


Turn 289
================================================================
warning: entity 1 was directed to use 5 halite to move east, but only 2 halite was available
At command 1 of 16:
>>> 1   m 1 e
    2   m 43 n
    3   m 25 n

warning: entity 8 was directed to use 3 halite to move south, but only 0 halite was available
At command 5 of 16:
    3   m 25 n
    4   m 7 o
>>> 5   m 8 s
    6   m 29 s
    7   m 37 s

warning: entity 37 was directed to use 9 halite to move south, but only 8 halite was available
At command 7 of 16:
    5   m 8 s
    6   m 29 s
>>> 7   m 37 s
    8   m 40 n
    9   m 41 e


Turn 292
================================================================
warning: entity 1 was directed to use 9 halite to move south, but only 5 halite was available
At command 5 of 16:
    3   m 7 w
    4   m 18 s
>>> 5   m 1 s
    6   m 11 w
    7   m 37 n

warning: entity 40 was directed to use 2 halite to move north, but only 0 halite was available
At command 10 of 16:
    8   m 29 e
    9   m 25 n
>>> 10   m 40 n
    11   m 28 e
    12   m 33 e


Turn 293
================================================================
warning: entity 8 was directed to use 6 halite to move south, but only 5 halite was available
At command 1 of 16:
>>> 1   m 8 s
    2   m 11 e
    3   m 29 s


Turn 294
================================================================
warning: entity 28 was directed to use 7 halite to move north, but only 4 halite was available
At command 9 of 16:
    7   m 37 s
    8   m 25 o
>>> 9   m 28 n
    10   m 14 e
    11   m 33 e


Turn 295
================================================================
warning: entity 42 was directed to use 7 halite to move south, but only 4 halite was available
At command 13 of 16:
    11   m 33 s
    12   m 5 s
>>> 13   m 42 s
    14   m 43 o
    15   m 25 w


Turn 296
================================================================
warning: entity 40 was directed to use 3 halite to move west, but only 0 halite was available
At command 11 of 16:
    9   m 37 n
    10   m 8 o
>>> 11   m 40 w
    12   m 41 w
    13   m 14 w


Turn 297
================================================================
warning: entity 1 was directed to use 6 halite to move east, but only 2 halite was available
At command 10 of 16:
    8   m 25 n
    9   m 11 n
>>> 10   m 1 e
    11   m 41 e
    12   m 14 n


Turn 301
================================================================
warning: entity 33 was directed to use 4 halite to move west, but only 2 halite was available
At command 1 of 15:
>>> 1   m 33 w
    2   m 11 n
    3   m 7 o


Turn 304
================================================================
warning: entity 33 was directed to use 7 halite to move east, but only 5 halite was available
At command 5 of 15:
    3   m 29 n
    4   m 37 w
>>> 5   m 33 e
    6   m 7 e
    7   m 40 w


Turn 306
================================================================
warning: entity 28 was directed to use 5 halite to move west, but only 4 halite was available
At command 14 of 15:
    12   m 42 e
    13   m 5 n
>>> 14   m 28 w
    15   m 33 s


Turn 307
================================================================
warning: entity 37 was directed to use 4 halite to move south, but only 1 halite was available
At command 3 of 15:
    1   m 41 w
    2   m 40 n
>>> 3   m 37 s
    4   m 29 w
    5   m 8 n


Turn 308
================================================================
warning: entity 33 was directed to use 8 halite to move east, but only 4 halite was available
At command 10 of 15:
    8   m 11 s
    9   m 18 s
>>> 10   m 33 e
    11   m 42 n
    12   m 5 n


Turn 317
================================================================
warning: entity 40 was directed to use 1 halite to move south, but only 0 halite was available
At command 6 of 14:
    4   m 43 n
    5   m 29 n
>>> 6   m 40 s
    7   m 41 e
    8   m 1 n


Turn 320
================================================================
warning: entity 7 was directed to use 9 halite to move south, but only 3 halite was available
At command 5 of 14:
    3   m 43 s
    4   m 29 w
>>> 5   m 7 s
    6   m 40 n
    7   m 1 e


Turn 321
================================================================
warning: entity 28 was directed to use 9 halite to move north, but only 0 halite was available
At command 6 of 14:
    4   m 41 n
    5   m 11 e
>>> 6   m 28 n
    7   m 1 n
    8   m 37 s

warning: entity 37 was directed to use 9 halite to move south, but only 2 halite was available
At command 8 of 14:
    6   m 28 n
    7   m 1 n
>>> 8   m 37 s
    9   m 5 s
    10   m 42 n


Turn 322
================================================================
warning: entity 42 was directed to use 2 halite to move west, but only 0 halite was available
At command 9 of 14:
    7   m 11 s
    8   m 5 s
>>> 9   m 42 w
    10   m 18 n
    11   m 7 w


Turn 324
================================================================
warning: entity 7 was directed to use 9 halite to move west, but only 4 halite was available
At command 5 of 14:
    3   m 28 w
    4   m 1 n
>>> 5   m 7 w
    6   m 29 n
    7   m 42 s


Turn 325
================================================================
warning: entity 37 was directed to use 7 halite to move north, but only 4 halite was available
At command 3 of 14:
    1   m 1 s
    2   m 8 w
>>> 3   m 37 n
    4   m 28 n
    5   m 29 n

warning: entity 42 was directed to use 5 halite to move east, but only 4 halite was available
At command 8 of 14:
    6   m 41 o
    7   m 11 o
>>> 8   m 42 e
    9   m 5 e
    10   m 18 w


Turn 328
================================================================
warning: entity 28 was directed to use 1 halite to move north, but only 0 halite was available
At command 1 of 14:
>>> 1   m 28 n
    2   m 29 w
    3   m 8 e

warning: entity 7 was directed to use 9 halite to move north, but only 5 halite was available
At command 9 of 14:
    7   m 5 o
    8   m 37 e
>>> 9   m 7 n
    10   m 11 n
    11   m 43 o


Turn 329
================================================================
warning: entity 37 was directed to use 9 halite to move south, but only 2 halite was available
At command 5 of 14:
    3   m 29 s
    4   m 1 w
>>> 5   m 37 s
    6   m 11 n
    7   m 41 w


Turn 331
================================================================
warning: entity 28 was directed to use 1 halite to move north, but only 0 halite was available
At command 9 of 14:
    7   m 41 e
    8   m 40 n
>>> 9   m 28 n
    10   m 37 o
    11   m 14 w


Turn 333
================================================================
warning: entity 7 was directed to use 9 halite to move north, but only 1 halite was available
At command 3 of 14:
    1   m 29 w
    2   m 8 e
>>> 3   m 7 n
    4   m 1 s
    5   m 11 w


Turn 337
================================================================
warning: entity 7 was directed to use 5 halite to move west, but only 2 halite was available
At command 6 of 14:
    4   m 41 e
    5   m 8 e
>>> 6   m 7 w
    7   m 29 w
    8   m 11 w


Turn 340
================================================================
warning: entity 37 was directed to use 7 halite to move east, but only 4 halite was available
At command 3 of 14:
    1   m 43 w
    2   m 41 e
>>> 3   m 37 e
    4   m 29 s
    5   m 8 e


Turn 341
================================================================
warning: entity 7 was directed to use 9 halite to move east, but only 4 halite was available
At command 6 of 14:
    4   m 41 s
    5   m 29 w
>>> 6   m 7 e
    7   m 11 n
    8   m 43 e


Turn 351
================================================================
warning: entity 28 was directed to use 1 halite to move west, but only 0 halite was available
At command 3 of 13:
    1   m 1 n
    2   m 11 s
>>> 3   m 28 w
    4   m 41 e
    5   m 14 s

warning: entity 7 was directed to use 2 halite to move east, but only 0 halite was available
At command 6 of 13:
    4   m 41 e
    5   m 14 s
>>> 6   m 7 e
    7   m 8 s
    8   m 40 e


Turn 354
================================================================
warning: entity 7 was directed to use 5 halite to move north, but only 3 halite was available
At command 5 of 13:
    3   m 18 n
    4   m 43 o
>>> 5   m 7 n
    6   m 11 s
    7   m 37 e


Turn 355
================================================================
warning: entity 28 was directed to use 3 halite to move west, but only 2 halite was available
At command 8 of 13:
    6   m 8 s
    7   m 40 n
>>> 8   m 28 w
    9   m 43 e
    10   m 7 n


Turn 357
================================================================
warning: entity 40 was directed to use 2 halite to move north, but only 1 halite was available
At command 5 of 13:
    3   m 14 e
    4   m 8 n
>>> 5   m 40 n
    6   m 18 n
    7   m 11 s


Turn 362
================================================================
warning: entity 40 was directed to use 6 halite to move east, but only 1 halite was available
At command 7 of 12:
    5   m 41 w
    6   m 7 n
>>> 7   m 40 e
    8   m 28 n
    9   m 14 n

warning: entity 14 was directed to use 2 halite to move north, but only 0 halite was available
At command 9 of 12:
    7   m 40 e
    8   m 28 n
>>> 9   m 14 n
    10   m 18 o
    11   m 42 w


Turn 367
================================================================
warning: entity 40 was directed to use 4 halite to move west, but only 1 halite was available
At command 6 of 12:
    4   m 41 s
    5   m 28 w
>>> 6   m 40 w
    7   m 18 n
    8   m 7 s


Turn 369
================================================================
warning: entity 7 was directed to use 1 halite to move south, but only 0 halite was available
At command 2 of 12:
    1   m 43 n
>>> 2   m 7 s
    3   m 40 w
    4   m 41 n

warning: entity 14 was directed to use 4 halite to move east, but only 2 halite was available
At command 5 of 12:
    3   m 40 w
    4   m 41 n
>>> 5   m 14 e
    6   m 28 w
    7   m 18 s


Turn 370
================================================================
warning: entity 40 was directed to use 5 halite to move west, but only 4 halite was available
At command 3 of 12:
    1   m 18 s
    2   m 41 n
>>> 3   m 40 w
    4   m 43 e
    5   m 28 e


Turn 372
================================================================
warning: entity 11 was directed to use 4 halite to move west, but only 0 halite was available
At command 4 of 12:
    2   m 43 e
    3   m 28 e
>>> 4   m 11 w
    5   m 37 w
    6   m 40 e


Turn 373
================================================================
warning: entity 14 was directed to use 7 halite to move south, but only 1 halite was available
At command 7 of 12:
    5   m 43 w
    6   m 18 n
>>> 7   m 14 s
    8   m 11 n
    9   m 7 s


Turn 374
================================================================
warning: entity 40 was directed to use 8 halite to move west, but only 3 halite was available
At command 3 of 12:
    1   m 43 n
    2   m 37 s
>>> 3   m 40 w
    4   m 28 s
    5   m 41 s


Turn 376
================================================================
warning: entity 11 was directed to use 2 halite to move north, but only 0 halite was available
At command 7 of 12:
    5   m 41 n
    6   m 37 s
>>> 7   m 11 n
    8   m 7 w
    9   m 14 n

warning: entity 7 was directed to use 5 halite to move west, but only 1 halite was available
At command 8 of 12:
    6   m 37 s
    7   m 11 n
>>> 8   m 7 w
    9   m 14 n
    10   m 40 s


Turn 378
================================================================
warning: entity 40 was directed to use 8 halite to move south, but only 4 halite was available
At command 3 of 12:
    1   m 41 s
    2   m 7 s
>>> 3   m 40 s
    4   m 18 n
    5   m 43 w


Turn 379
================================================================
warning: entity 11 was directed to use 7 halite to move east, but only 0 halite was available
At command 11 of 12:
    9   m 42 n
    10   m 5 n
>>> 11   m 11 e
    12   m 40 s


Turn 380
================================================================
warning: entity 28 was directed to use 6 halite to move west, but only 2 halite was available
At command 1 of 12:
>>> 1   m 28 w
    2   m 37 s
    3   m 41 w

warning: entity 7 was directed to use 6 halite to move south, but only 3 halite was available
At command 4 of 12:
    2   m 37 s
    3   m 41 w
>>> 4   m 7 s
    5   m 43 n
    6   m 18 s


Turn 383
================================================================
warning: entity 11 was directed to use 5 halite to move west, but only 3 halite was available
At command 1 of 12:
>>> 1   m 11 w
    2   m 18 s
    3   m 43 w


Turn 384
================================================================
warning: entity 28 was directed to use 7 halite to move north, but only 2 halite was available
At command 10 of 12:
    8   m 37 e
    9   m 41 w
>>> 10   m 28 n
    11   m 11 n
    12   m 7 n


Turn 386
================================================================
warning: entity 14 was directed to use 7 halite to move west, but only 2 halite was available
At command 2 of 12:
    1   m 1 n
>>> 2   m 14 w
    3   m 40 w
    4   m 7 o


Turn 387
================================================================
warning: entity 28 was directed to use 9 halite to move west, but only 8 halite was available
At command 8 of 12:
    6   m 40 w
    7   m 41 e
>>> 8   m 28 w
    9   m 11 n
    10   m 18 o


Turn 388
================================================================
warning: entity 40 was directed to use 6 halite to move south, but only 1 halite was available
At command 8 of 12:
    6   m 1 n
    7   m 43 s
>>> 8   m 40 s
    9   m 41 w
    10   m 11 n


Turn 390
================================================================
warning: entity 11 was directed to use 8 halite to move south, but only 0 halite was available
At command 4 of 12:
    2   m 37 w
    3   m 18 s
>>> 4   m 11 s
    5   m 5 s
    6   m 42 s


Turn 391
================================================================
warning: entity 40 was directed to use 9 halite to move east, but only 4 halite was available
At command 6 of 11:
    4   m 5 w
    5   m 42 e
>>> 6   m 40 e
    7   m 28 e
    8   m 14 s


Turn 392
================================================================
warning: entity 28 was directed to use 7 halite to move south, but only 3 halite was available
At command 4 of 11:
    2   m 14 s
    3   m 1 w
>>> 4   m 28 s
    5   m 7 n
    6   m 37 w


Turn 394
================================================================
warning: entity 11 was directed to use 7 halite to move north, but only 3 halite was available
At command 9 of 11:
    7   m 43 n
    8   m 37 e
>>> 9   m 11 n
    10   m 28 s
    11   m 7 e


Turn 396
================================================================
warning: entity 40 was directed to use 5 halite to move north, but only 0 halite was available
At command 3 of 11:
    1   m 37 n
    2   m 41 e
>>> 3   m 40 n
    4   m 1 w
    5   m 28 s

warning: entity 28 was directed to use 8 halite to move south, but only 1 halite was available
At command 5 of 11:
    3   m 40 n
    4   m 1 w
>>> 5   m 28 s
    6   m 11 e
    7   m 14 s


Turn 400
================================================================
warning: entity 28 was directed to use 7 halite to move east, but only 3 halite was available
At command 2 of 9:
    1   m 11 e
>>> 2   m 28 e
    3   m 41 s
    4   m 14 s

warning: entity 37 was directed to use 7 halite to move west, but only 0 halite was available
At command 5 of 9:
    3   m 41 s
    4   m 14 s
>>> 5   m 37 w
    6   m 7 s
    7   m 40 e

warning: entity 40 was directed to use 3 halite to move east, but only 1 halite was available
At command 7 of 9:
    5   m 37 w
    6   m 7 s
>>> 7   m 40 e
    8   m 5 n
    9   m 42 o

