
Turn 5
================================================================
warning: spawn on cell (23, 16) collided with owned entity 0 on that cell
At command 3 of 3:
    1   m 2 o
    2   m 0 s
>>> 3   g


Turn 8
================================================================
warning: entity 5 was directed to use 9 halite to move west, but only 0 halite was available
At command 1 of 3:
>>> 1   m 5 w
    2   m 2 o
    3   g


Turn 10
================================================================
warning: entity 6 was directed to use 8 halite to move east, but only 0 halite was available
At command 2 of 3:
    1   m 5 w
>>> 2   m 6 e
    3   m 2 s


Turn 13
================================================================
warning: entity 6 was directed to use 7 halite to move south, but only 5 halite was available
At command 2 of 3:
    1   m 2 n
>>> 2   m 6 s
    3   m 5 w


Turn 18
================================================================
warning: entity 6 was directed to use 6 halite to move west, but only 0 halite was available
At command 1 of 3:
>>> 1   m 6 w
    2   m 2 s
    3   m 5 n


Turn 21
================================================================
warning: entity 6 was directed to use 6 halite to move north, but only 0 halite was available
At command 1 of 3:
>>> 1   m 6 n
    2   m 5 o
    3   m 2 n


Turn 25
================================================================
warning: entity 2 was directed to use 4 halite to move south, but only 0 halite was available
At command 1 of 3:
>>> 1   m 2 s
    2   m 6 s
    3   m 5 o

warning: owned entities 6, 2 collided on cell (23, 17) as the result of moves on this turn
At command 2 of 3:
    1   m 2 s
>>> 2   m 6 s
    3   m 5 o

