
Turn 19
================================================================
warning: entity 9 was directed to use 9 halite to move south, but only 0 halite was available
At command 2 of 5:
    1   m 2 n
>>> 2   m 9 s
    3   m 0 o
    4   m 4 o


Turn 21
================================================================
warning: entity 2 was directed to use 4 halite to move north, but only 0 halite was available
At command 2 of 5:
    1   m 9 o
>>> 2   m 2 n
    3   m 0 w
    4   m 4 o


Turn 25
================================================================
warning: entity 4 was directed to use 6 halite to move east, but only 0 halite was available
At command 2 of 5:
    1   m 0 o
>>> 2   m 4 e
    3   m 6 o
    4   m 2 o


Turn 28
================================================================
warning: entity 10 was directed to use 6 halite to move west, but only 0 halite was available
At command 1 of 6:
>>> 1   m 10 w
    2   m 4 n
    3   m 0 o


Turn 31
================================================================
warning: entity 10 was directed to use 5 halite to move east, but only 4 halite was available
At command 1 of 6:
>>> 1   m 10 e
    2   m 6 o
    3   m 4 o


Turn 33
================================================================
warning: entity 6 was directed to use 4 halite to move north, but only 0 halite was available
At command 1 of 6:
>>> 1   m 6 n
    2   m 10 e
    3   m 4 o


Turn 35
================================================================
warning: entity 0 was directed to use 2 halite to move west, but only 0 halite was available
At command 3 of 6:
    1   m 9 o
    2   m 2 o
>>> 3   m 0 w
    4   m 6 o
    5   m 10 o


Turn 37
================================================================
warning: entity 0 was directed to use 8 halite to move west, but only 5 halite was available
At command 6 of 7:
    4   m 9 o
    5   m 4 o
>>> 6   m 0 w
    7   m 6 o


Turn 40
================================================================
warning: entity 13 was directed to use 3 halite to move north, but only 0 halite was available
At command 3 of 8:
    1   m 9 s
    2   m 2 o
>>> 3   m 13 n
    4   m 0 o
    5   m 10 e


Turn 44
================================================================
warning: entity 13 was directed to use 8 halite to move east, but only 5 halite was available
At command 1 of 8:
>>> 1   m 13 e
    2   m 6 n
    3   m 4 o


Turn 45
================================================================
warning: entity 15 was directed to use 2 halite to move east, but only 0 halite was available
At command 1 of 8:
>>> 1   m 15 e
    2   m 6 o
    3   m 2 o


Turn 51
================================================================
warning: entity 9 was directed to use 9 halite to move south, but only 0 halite was available
At command 2 of 9:
    1   m 6 o
>>> 2   m 9 s
    3   m 4 e
    4   m 10 w


Turn 54
================================================================
warning: entity 17 was directed to use 1 halite to move south, but only 0 halite was available
At command 3 of 9:
    1   m 9 n
    2   m 0 o
>>> 3   m 17 s
    4   m 10 o
    5   m 6 o


Turn 55
================================================================
warning: entity 9 was directed to use 6 halite to move south, but only 4 halite was available
At command 2 of 9:
    1   m 13 n
>>> 2   m 9 s
    3   m 0 o
    4   m 17 o


Turn 59
================================================================
warning: entity 9 was directed to use 7 halite to move west, but only 4 halite was available
At command 2 of 9:
    1   m 13 s
>>> 2   m 9 w
    3   m 10 o
    4   m 2 o


Turn 64
================================================================
warning: entity 10 was directed to use 3 halite to move east, but only 2 halite was available
At command 1 of 9:
>>> 1   m 10 e
    2   m 15 o
    3   m 9 s


Turn 66
================================================================
warning: entity 10 was directed to use 9 halite to move west, but only 8 halite was available
At command 1 of 9:
>>> 1   m 10 w
    2   m 0 s
    3   m 17 w

warning: entity 6 was directed to use 1 halite to move west, but only 0 halite was available
At command 4 of 9:
    2   m 0 s
    3   m 17 w
>>> 4   m 6 w
    5   m 4 s
    6   m 9 o


Turn 68
================================================================
warning: entity 6 was directed to use 8 halite to move north, but only 4 halite was available
At command 1 of 9:
>>> 1   m 6 n
    2   m 10 s
    3   m 15 o


Turn 69
================================================================
warning: entity 4 was directed to use 3 halite to move west, but only 0 halite was available
At command 5 of 9:
    3   m 10 o
    4   m 9 o
>>> 5   m 4 w
    6   m 6 o
    7   m 15 o


Turn 74
================================================================
warning: entity 0 was directed to use 6 halite to move east, but only 2 halite was available
At command 7 of 9:
    5   m 10 o
    6   m 13 o
>>> 7   m 0 e
    8   m 17 o
    9   m 4 o


Turn 83
================================================================
warning: entity 2 was directed to use 7 halite to move south, but only 0 halite was available
At command 5 of 9:
    3   m 0 e
    4   m 10 e
>>> 5   m 2 s
    6   m 6 w
    7   m 15 e


Turn 85
================================================================
warning: entity 0 was directed to use 2 halite to move north, but only 0 halite was available
At command 4 of 10:
    2   m 2 w
    3   m 17 w
>>> 4   m 0 n
    5   m 4 o
    6   m 6 n


Turn 86
================================================================
warning: entity 6 was directed to use 9 halite to move south, but only 2 halite was available
At command 2 of 11:
    1   m 15 o
>>> 2   m 6 s
    3   m 19 s
    4   m 2 w


Turn 87
================================================================
warning: entity 19 was directed to use 5 halite to move west, but only 0 halite was available
At command 5 of 11:
    3   m 17 s
    4   m 13 o
>>> 5   m 19 w
    6   m 2 o
    7   m 15 w


Turn 88
================================================================
warning: entity 0 was directed to use 6 halite to move east, but only 5 halite was available
At command 3 of 11:
    1   m 6 n
    2   m 17 n
>>> 3   m 0 e
    4   m 15 w
    5   m 20 s


Turn 92
================================================================
warning: entity 19 was directed to use 7 halite to move west, but only 5 halite was available
At command 8 of 11:
    6   m 20 e
    7   m 6 s
>>> 8   m 19 w
    9   m 2 o
    10   m 4 n


Turn 95
================================================================
warning: entity 13 was directed to use 3 halite to move south, but only 0 halite was available
At command 4 of 11:
    2   m 17 w
    3   m 6 w
>>> 4   m 13 s
    5   m 10 n
    6   m 15 e


Turn 97
================================================================
warning: entity 15 was directed to use 1 halite to move south, but only 0 halite was available
At command 4 of 12:
    2   m 21 s
    3   m 4 w
>>> 4   m 15 s
    5   m 6 w
    6   m 20 o


Turn 99
================================================================
warning: entity 15 was directed to use 6 halite to move east, but only 4 halite was available
At command 2 of 13:
    1   m 22 o
>>> 2   m 15 e
    3   m 21 e
    4   m 4 w

warning: entity 21 was directed to use 1 halite to move east, but only 0 halite was available
At command 3 of 13:
    1   m 22 o
    2   m 15 e
>>> 3   m 21 e
    4   m 4 w
    5   m 13 n


Turn 102
================================================================
warning: entity 6 was directed to use 3 halite to move north, but only 2 halite was available
At command 4 of 14:
    2   m 22 n
    3   m 23 o
>>> 4   m 6 n
    5   m 15 n
    6   m 21 w


Turn 103
================================================================
warning: entity 21 was directed to use 7 halite to move north, but only 1 halite was available
At command 1 of 14:
>>> 1   m 21 n
    2   m 4 s
    3   m 15 s

warning: entity 15 was directed to use 4 halite to move south, but only 2 halite was available
At command 3 of 14:
    1   m 21 n
    2   m 4 s
>>> 3   m 15 s
    4   m 10 w
    5   m 22 s


Turn 105
================================================================
warning: entity 23 was directed to use 1 halite to move east, but only 0 halite was available
At command 7 of 15:
    5   m 22 s
    6   m 6 n
>>> 7   m 23 e
    8   m 15 o
    9   m 21 o


Turn 107
================================================================
warning: entity 20 was directed to use 5 halite to move east, but only 3 halite was available
At command 1 of 15:
>>> 1   m 20 e
    2   m 10 e
    3   m 24 w


Turn 108
================================================================
warning: entity 24 was directed to use 1 halite to move west, but only 0 halite was available
At command 3 of 15:
    1   m 21 s
    2   m 4 w
>>> 3   m 24 w
    4   m 17 w
    5   m 0 n


Turn 109
================================================================
warning: entity 6 was directed to use 9 halite to move south, but only 6 halite was available
At command 14 of 15:
    12   m 2 n
    13   m 19 o
>>> 14   m 6 s
    15   m 23 o


Turn 110
================================================================
warning: entity 24 was directed to use 7 halite to move north, but only 3 halite was available
At command 1 of 15:
>>> 1   m 24 n
    2   m 4 s
    3   m 21 o


Turn 112
================================================================
warning: entity 4 was directed to use 4 halite to move south, but only 0 halite was available
At command 7 of 16:
    5   m 6 n
    6   m 23 e
>>> 7   m 4 s
    8   m 21 s
    9   m 2 n

warning: entity 21 was directed to use 3 halite to move south, but only 1 halite was available
At command 8 of 16:
    6   m 23 e
    7   m 4 s
>>> 8   m 21 s
    9   m 2 n
    10   m 19 o


Turn 114
================================================================
warning: entity 23 was directed to use 4 halite to move east, but only 3 halite was available
At command 6 of 16:
    4   m 19 w
    5   m 2 s
>>> 6   m 23 e
    7   m 6 w
    8   m 22 n


Turn 115
================================================================
warning: entity 21 was directed to use 2 halite to move east, but only 0 halite was available
At command 5 of 16:
    3   m 13 o
    4   m 15 e
>>> 5   m 21 e
    6   m 4 o
    7   m 2 w

warning: entity 26 was directed to use 7 halite to move south, but only 0 halite was available
At command 11 of 16:
    9   m 6 e
    10   m 23 w
>>> 11   m 26 s
    12   m 9 o
    13   m 0 o


Turn 117
================================================================
warning: entity 21 was directed to use 8 halite to move south, but only 5 halite was available
At command 7 of 16:
    5   m 6 o
    6   m 4 e
>>> 7   m 21 s
    8   m 20 o
    9   m 2 o


Turn 119
================================================================
warning: entity 26 was directed to use 7 halite to move east, but only 5 halite was available
At command 4 of 16:
    2   m 4 s
    3   m 9 e
>>> 4   m 26 e
    5   m 10 w
    6   m 13 s

warning: entity 23 was directed to use 3 halite to move north, but only 1 halite was available
At command 8 of 16:
    6   m 13 s
    7   m 24 o
>>> 8   m 23 n
    9   m 6 o
    10   m 15 o


Turn 124
================================================================
warning: entity 4 was directed to use 3 halite to move east, but only 0 halite was available
At command 4 of 16:
    2   m 10 s
    3   m 24 s
>>> 4   m 4 e
    5   m 21 o
    6   m 0 o


Turn 125
================================================================
warning: entity 23 was directed to use 3 halite to move north, but only 2 halite was available
At command 11 of 16:
    9   m 17 o
    10   m 22 e
>>> 11   m 23 n
    12   m 6 w
    13   m 9 s


Turn 127
================================================================
warning: entity 24 was directed to use 5 halite to move north, but only 0 halite was available
At command 9 of 16:
    7   m 2 e
    8   m 19 w
>>> 9   m 24 n
    10   m 10 s
    11   m 22 w


Turn 128
================================================================
warning: entity 23 was directed to use 8 halite to move west, but only 5 halite was available
At command 7 of 16:
    5   m 19 e
    6   m 6 s
>>> 7   m 23 w
    8   m 22 s
    9   m 17 s


Turn 129
================================================================
warning: entity 4 was directed to use 7 halite to move east, but only 6 halite was available
At command 5 of 16:
    3   m 0 w
    4   m 15 e
>>> 5   m 4 e
    6   m 21 n
    7   m 10 w


Turn 134
================================================================
warning: entity 15 was directed to use 9 halite to move north, but only 1 halite was available
At command 5 of 16:
    3   m 10 o
    4   m 24 o
>>> 5   m 15 n
    6   m 26 o
    7   m 9 w

warning: entity 4 was directed to use 5 halite to move north, but only 4 halite was available
At command 14 of 16:
    12   m 17 o
    13   m 0 w
>>> 14   m 4 n
    15   m 21 o
    16   m 22 o


Turn 138
================================================================
warning: entity 17 was directed to use 4 halite to move east, but only 1 halite was available
At command 6 of 16:
    4   m 10 o
    5   m 0 s
>>> 6   m 17 e
    7   m 13 w
    8   m 22 s


Turn 139
================================================================
warning: entity 15 was directed to use 9 halite to move east, but only 5 halite was available
At command 2 of 16:
    1   m 20 e
>>> 2   m 15 e
    3   m 13 s
    4   m 2 n

warning: entity 26 was directed to use 1 halite to move west, but only 0 halite was available
At command 12 of 16:
    10   m 0 e
    11   m 17 o
>>> 12   m 26 w
    13   m 9 o
    14   m 24 o


Turn 141
================================================================
warning: entity 9 was directed to use 7 halite to move west, but only 2 halite was available
At command 5 of 17:
    3   m 4 o
    4   m 26 w
>>> 5   m 9 w
    6   m 23 o
    7   m 6 e

warning: entity 20 was directed to use 1 halite to move north, but only 0 halite was available
At command 13 of 17:
    11   m 2 s
    12   m 13 o
>>> 13   m 20 n
    14   m 0 w
    15   m 17 s


Turn 144
================================================================
warning: entity 17 was directed to use 8 halite to move east, but only 0 halite was available
At command 11 of 19:
    9   m 2 e
    10   m 0 w
>>> 11   m 17 e
    12   m 19 w
    13   m 23 n


Turn 145
================================================================
warning: entity 20 was directed to use 6 halite to move east, but only 3 halite was available
At command 8 of 19:
    6   m 0 n
    7   m 21 w
>>> 8   m 20 e
    9   m 15 e
    10   m 32 s


Turn 147
================================================================
warning: entity 17 was directed to use 9 halite to move south, but only 7 halite was available
At command 5 of 19:
    3   m 34 w
    4   m 2 s
>>> 5   m 17 s
    6   m 20 n
    7   m 0 w


Turn 148
================================================================
warning: entity 32 was directed to use 7 halite to move north, but only 1 halite was available
At command 5 of 19:
    3   m 21 o
    4   m 24 e
>>> 5   m 32 n
    6   m 10 o
    7   m 13 s

warning: entity 15 was directed to use 7 halite to move east, but only 5 halite was available
At command 8 of 19:
    6   m 10 o
    7   m 13 s
>>> 8   m 15 e
    9   m 9 e
    10   m 2 n

warning: entity 34 was directed to use 7 halite to move east, but only 0 halite was available
At command 12 of 19:
    10   m 2 n
    11   m 4 s
>>> 12   m 34 e
    13   m 20 w
    14   m 0 n


Turn 149
================================================================
warning: entity 20 was directed to use 7 halite to move east, but only 3 halite was available
At command 4 of 19:
    2   m 22 s
    3   m 17 s
>>> 4   m 20 e
    5   m 0 s
    6   m 2 s


Turn 151
================================================================
warning: entity 32 was directed to use 8 halite to move north, but only 7 halite was available
At command 2 of 20:
    1   m 36 s
>>> 2   m 32 n
    3   m 4 s
    4   m 13 n

warning: entity 10 was directed to use 5 halite to move east, but only 0 halite was available
At command 10 of 20:
    8   m 15 e
    9   m 23 o
>>> 10   m 10 e
    11   m 0 e
    12   m 24 e


Turn 153
================================================================
warning: entity 15 was directed to use 5 halite to move east, but only 4 halite was available
At command 6 of 20:
    4   m 20 n
    5   m 22 s
>>> 6   m 15 e
    7   m 24 n
    8   m 34 o


Turn 155
================================================================
warning: entity 10 was directed to use 3 halite to move north, but only 1 halite was available
At command 11 of 20:
    9   m 0 w
    10   m 21 s
>>> 11   m 10 n
    12   m 6 o
    13   m 24 o


Turn 157
================================================================
warning: entity 15 was directed to use 5 halite to move north, but only 3 halite was available
At command 1 of 20:
>>> 1   m 15 n
    2   m 4 w
    3   m 10 s


Turn 159
================================================================
warning: entity 10 was directed to use 3 halite to move north, but only 0 halite was available
At command 7 of 20:
    5   m 4 s
    6   m 13 e
>>> 7   m 10 n
    8   m 34 o
    9   m 36 e


Turn 160
================================================================
warning: entity 35 was directed to use 5 halite to move east, but only 4 halite was available
At command 2 of 20:
    1   m 32 n
>>> 2   m 35 e
    3   m 19 s
    4   m 24 w


Turn 161
================================================================
warning: entity 15 was directed to use 5 halite to move east, but only 2 halite was available
At command 4 of 20:
    2   m 13 e
    3   m 22 e
>>> 4   m 15 e
    5   m 10 e
    6   m 26 s


Turn 162
================================================================
warning: entity 10 was directed to use 6 halite to move north, but only 3 halite was available
At command 13 of 20:
    11   m 26 w
    12   m 22 o
>>> 13   m 10 n
    14   m 23 w
    15   m 15 n


Turn 165
================================================================
warning: entity 36 was directed to use 2 halite to move east, but only 0 halite was available
At command 13 of 20:
    11   m 35 o
    12   m 20 o
>>> 13   m 36 e
    14   m 24 e
    15   m 15 n

warning: entity 15 was directed to use 2 halite to move north, but only 0 halite was available
At command 15 of 20:
    13   m 36 e
    14   m 24 e
>>> 15   m 15 n
    16   m 6 o
    17   m 23 w


Turn 169
================================================================
warning: entity 36 was directed to use 5 halite to move north, but only 2 halite was available
At command 2 of 20:
    1   m 19 n
>>> 2   m 36 n
    3   m 22 o
    4   m 15 n

warning: entity 15 was directed to use 9 halite to move north, but only 0 halite was available
At command 4 of 20:
    2   m 36 n
    3   m 22 o
>>> 4   m 15 n
    5   m 2 w
    6   m 26 e


Turn 175
================================================================
warning: entity 36 was directed to use 4 halite to move east, but only 2 halite was available
At command 8 of 20:
    6   m 17 n
    7   m 0 n
>>> 8   m 36 e
    9   m 20 s
    10   m 35 o


Turn 178
================================================================
warning: entity 22 was directed to use 4 halite to move north, but only 0 halite was available
At command 8 of 19:
    6   m 4 o
    7   m 13 o
>>> 8   m 22 n
    9   m 0 s
    10   m 34 o


Turn 181
================================================================
warning: entity 34 was directed to use 2 halite to move south, but only 0 halite was available
At command 12 of 19:
    10   m 0 w
    11   m 19 n
>>> 12   m 34 s
    13   m 2 s
    14   m 13 o


Turn 186
================================================================
warning: entity 34 was directed to use 4 halite to move east, but only 2 halite was available
At command 13 of 20:
    11   m 35 n
    12   m 21 s
>>> 13   m 34 e
    14   m 9 s
    15   m 0 n


Turn 187
================================================================
warning: entity 26 was directed to use 7 halite to move west, but only 4 halite was available
At command 5 of 20:
    3   m 23 e
    4   m 0 n
>>> 5   m 26 w
    6   m 21 s
    7   m 9 w


Turn 191
================================================================
warning: entity 22 was directed to use 6 halite to move west, but only 0 halite was available
At command 11 of 22:
    9   m 23 o
    10   m 17 n
>>> 11   m 22 w
    12   m 0 w
    13   m 20 w


Turn 192
================================================================
warning: entity 36 was directed to use 3 halite to move east, but only 2 halite was available
At command 9 of 22:
    7   m 13 e
    8   m 24 s
>>> 9   m 36 e
    10   m 6 w
    11   m 26 w


Turn 193
================================================================
warning: entity 26 was directed to use 9 halite to move west, but only 4 halite was available
At command 7 of 22:
    5   m 22 e
    6   m 44 w
>>> 7   m 26 w
    8   m 24 e
    9   m 46 w


Turn 194
================================================================
warning: entity 44 was directed to use 2 halite to move east, but only 1 halite was available
At command 11 of 23:
    9   m 34 o
    10   m 6 w
>>> 11   m 44 e
    12   m 22 w
    13   m 13 w


Turn 195
================================================================
warning: entity 22 was directed to use 5 halite to move south, but only 4 halite was available
At command 9 of 23:
    7   m 6 o
    8   m 13 o
>>> 9   m 22 s
    10   m 32 o
    11   m 36 o


Turn 198
================================================================
warning: entity 46 was directed to use 2 halite to move west, but only 0 halite was available
At command 10 of 23:
    8   m 45 w
    9   m 20 s
>>> 10   m 46 w
    11   m 9 e
    12   m 26 e

warning: entity 26 was directed to use 7 halite to move east, but only 1 halite was available
At command 12 of 23:
    10   m 46 w
    11   m 9 e
>>> 12   m 26 e
    13   m 23 o
    14   m 17 e


Turn 199
================================================================
warning: entity 22 was directed to use 9 halite to move north, but only 0 halite was available
At command 6 of 23:
    4   m 20 e
    5   m 32 e
>>> 6   m 22 n
    7   m 0 s
    8   m 45 w

warning: entity 45 was directed to use 3 halite to move west, but only 0 halite was available
At command 8 of 23:
    6   m 22 n
    7   m 0 s
>>> 8   m 45 w
    9   m 6 o
    10   m 21 w


Turn 202
================================================================
warning: entity 46 was directed to use 3 halite to move south, but only 0 halite was available
At command 11 of 23:
    9   m 24 o
    10   m 9 w
>>> 11   m 46 s
    12   m 35 o
    13   m 21 o


Turn 203
================================================================
warning: entity 22 was directed to use 4 halite to move north, but only 2 halite was available
At command 10 of 23:
    8   m 0 o
    9   m 36 s
>>> 10   m 22 n
    11   m 44 s
    12   m 45 e


Turn 204
================================================================
warning: entity 46 was directed to use 9 halite to move east, but only 7 halite was available
At command 3 of 23:
    1   m 23 e
    2   m 35 o
>>> 3   m 46 e
    4   m 9 s
    5   m 44 s


Turn 206
================================================================
warning: entity 26 was directed to use 8 halite to move west, but only 4 halite was available
At command 4 of 23:
    2   m 32 e
    3   m 35 n
>>> 4   m 26 w
    5   m 24 s
    6   m 20 o


Turn 207
================================================================
warning: entity 22 was directed to use 7 halite to move east, but only 3 halite was available
At command 7 of 23:
    5   m 36 o
    6   m 23 s
>>> 7   m 22 e
    8   m 32 n
    9   m 24 o


Turn 208
================================================================
warning: entity 47 was directed to use 1 halite to move south, but only 0 halite was available
At command 5 of 23:
    3   m 17 o
    4   m 6 e
>>> 5   m 47 s
    6   m 10 n
    7   m 23 o


Turn 210
================================================================
warning: entity 26 was directed to use 9 halite to move west, but only 4 halite was available
At command 14 of 23:
    12   m 21 e
    13   m 22 s
>>> 14   m 26 w
    15   m 45 n
    16   m 36 n


Turn 214
================================================================
warning: entity 22 was directed to use 9 halite to move south, but only 0 halite was available
At command 9 of 23:
    7   m 20 n
    8   m 35 w
>>> 9   m 22 s
    10   m 44 o
    11   m 26 e

warning: entity 26 was directed to use 5 halite to move east, but only 4 halite was available
At command 11 of 23:
    9   m 22 s
    10   m 44 o
>>> 11   m 26 e
    12   m 9 n
    13   m 46 e


Turn 218
================================================================
warning: entity 10 was directed to use 9 halite to move north, but only 2 halite was available
At command 13 of 22:
    11   m 46 n
    12   m 9 e
>>> 13   m 10 n
    14   m 47 s
    15   m 20 o


Turn 219
================================================================
warning: entity 22 was directed to use 3 halite to move north, but only 2 halite was available
At command 3 of 21:
    1   m 26 e
    2   m 2 n
>>> 3   m 22 n
    4   m 9 n
    5   m 46 w


Turn 220
================================================================
warning: entity 19 was directed to use 2 halite to move east, but only 0 halite was available
At command 11 of 21:
    9   m 36 e
    10   m 2 n
>>> 11   m 19 e
    12   m 9 e
    13   m 46 o


Turn 221
================================================================
warning: entity 26 was directed to use 9 halite to move south, but only 2 halite was available
At command 5 of 21:
    3   m 22 e
    4   m 34 o
>>> 5   m 26 s
    6   m 2 n
    7   m 35 n

warning: entity 35 was directed to use 6 halite to move north, but only 5 halite was available
At command 7 of 21:
    5   m 26 s
    6   m 2 n
>>> 7   m 35 n
    8   m 36 s
    9   m 21 n


Turn 222
================================================================
warning: entity 4 was directed to use 1 halite to move east, but only 0 halite was available
At command 9 of 21:
    7   m 9 e
    8   m 46 e
>>> 9   m 4 e
    10   m 17 o
    11   m 36 n


Turn 224
================================================================
warning: entity 17 was directed to use 3 halite to move east, but only 0 halite was available
At command 1 of 21:
>>> 1   m 17 e
    2   m 36 e
    3   m 20 e


Turn 225
================================================================
warning: entity 22 was directed to use 6 halite to move south, but only 0 halite was available
At command 3 of 21:
    1   m 44 w
    2   m 20 s
>>> 3   m 22 s
    4   m 35 s
    5   m 4 o

warning: entity 35 was directed to use 8 halite to move south, but only 4 halite was available
At command 4 of 21:
    2   m 20 s
    3   m 22 s
>>> 4   m 35 s
    5   m 4 o
    6   m 34 w


Turn 227
================================================================
warning: entity 17 was directed to use 5 halite to move west, but only 3 halite was available
At command 17 of 21:
    15   m 10 o
    16   m 47 w
>>> 17   m 17 w
    18   m 32 o
    19   m 34 e


Turn 229
================================================================
warning: entity 35 was directed to use 9 halite to move north, but only 5 halite was available
At command 8 of 21:
    6   m 23 w
    7   m 22 s
>>> 8   m 35 n
    9   m 44 n
    10   m 34 o


Turn 230
================================================================
warning: entity 22 was directed to use 5 halite to move east, but only 4 halite was available
At command 14 of 21:
    12   m 24 o
    13   m 23 o
>>> 14   m 22 e
    15   m 46 e
    16   m 9 o


Turn 231
================================================================
warning: entity 26 was directed to use 5 halite to move south, but only 0 halite was available
At command 4 of 21:
    2   m 35 n
    3   m 13 o
>>> 4   m 26 s
    5   m 44 e
    6   m 36 n


Turn 234
================================================================
warning: entity 26 was directed to use 8 halite to move south, but only 3 halite was available
At command 7 of 21:
    5   m 13 o
    6   m 36 e
>>> 7   m 26 s
    8   m 35 w
    9   m 17 o

warning: entity 35 was directed to use 8 halite to move west, but only 1 halite was available
At command 8 of 21:
    6   m 36 e
    7   m 26 s
>>> 8   m 35 w
    9   m 17 o
    10   m 21 e


Turn 238
================================================================
warning: entity 26 was directed to use 7 halite to move north, but only 5 halite was available
At command 5 of 21:
    3   m 24 w
    4   m 32 n
>>> 5   m 26 n
    6   m 21 n
    7   m 2 w

warning: entity 35 was directed to use 6 halite to move west, but only 4 halite was available
At command 13 of 21:
    11   m 20 s
    12   m 17 s
>>> 13   m 35 w
    14   m 45 n
    15   m 10 o


Turn 239
================================================================
warning: entity 17 was directed to use 7 halite to move north, but only 4 halite was available
At command 4 of 20:
    2   m 34 n
    3   m 45 o
>>> 4   m 17 n
    5   m 20 e
    6   m 2 n


Turn 242
================================================================
warning: entity 35 was directed to use 7 halite to move west, but only 1 halite was available
At command 16 of 20:
    14   m 9 s
    15   m 26 w
>>> 16   m 35 w
    17   m 45 o
    18   m 24 w


Turn 243
================================================================
warning: entity 26 was directed to use 8 halite to move west, but only 4 halite was available
At command 2 of 20:
    1   m 24 e
>>> 2   m 26 w
    3   m 34 w
    4   m 21 n

warning: entity 22 was directed to use 7 halite to move east, but only 6 halite was available
At command 9 of 20:
    7   m 23 e
    8   m 36 s
>>> 9   m 22 e
    10   m 17 e
    11   m 32 e

warning: entity 17 was directed to use 4 halite to move east, but only 1 halite was available
At command 10 of 20:
    8   m 36 s
    9   m 22 e
>>> 10   m 17 e
    11   m 32 e
    12   m 10 s


Turn 246
================================================================
warning: entity 47 was directed to use 4 halite to move south, but only 3 halite was available
At command 4 of 20:
    2   m 23 o
    3   m 10 e
>>> 4   m 47 s
    5   m 36 w
    6   m 4 w

warning: entity 35 was directed to use 8 halite to move west, but only 0 halite was available
At command 15 of 20:
    13   m 9 w
    14   m 22 e
>>> 15   m 35 w
    16   m 19 n
    17   m 26 e


Turn 248
================================================================
warning: entity 2 was directed to use 3 halite to move west, but only 0 halite was available
At command 2 of 20:
    1   m 19 o
>>> 2   m 2 w
    3   m 9 s
    4   m 46 w

warning: entity 10 was directed to use 9 halite to move west, but only 4 halite was available
At command 9 of 20:
    7   m 20 w
    8   m 17 s
>>> 9   m 10 w
    10   m 47 e
    11   m 34 e

warning: entity 22 was directed to use 7 halite to move south, but only 2 halite was available
At command 12 of 20:
    10   m 47 e
    11   m 34 e
>>> 12   m 22 s
    13   m 32 o
    14   m 36 o


Turn 251
================================================================
warning: entity 22 was directed to use 9 halite to move west, but only 8 halite was available
At command 7 of 20:
    5   m 13 e
    6   m 36 s
>>> 7   m 22 w
    8   m 26 w
    9   m 21 o

warning: entity 26 was directed to use 6 halite to move west, but only 4 halite was available
At command 8 of 20:
    6   m 36 s
    7   m 22 w
>>> 8   m 26 w
    9   m 21 o
    10   m 2 o


Turn 254
================================================================
warning: entity 17 was directed to use 3 halite to move west, but only 2 halite was available
At command 13 of 20:
    11   m 13 s
    12   m 24 s
>>> 13   m 17 w
    14   m 45 o
    15   m 22 o


Turn 257
================================================================
warning: entity 10 was directed to use 5 halite to move south, but only 2 halite was available
At command 15 of 20:
    13   m 20 n
    14   m 47 n
>>> 15   m 10 s
    16   m 35 o
    17   m 26 w


Turn 258
================================================================
warning: entity 34 was directed to use 6 halite to move west, but only 3 halite was available
At command 4 of 19:
    2   m 4 e
    3   m 26 n
>>> 4   m 34 w
    5   m 19 n
    6   m 23 o


Turn 261
================================================================
warning: entity 10 was directed to use 4 halite to move south, but only 1 halite was available
At command 17 of 19:
    15   m 9 e
    16   m 46 o
>>> 17   m 10 s
    18   m 47 s
    19   m 23 o


Turn 264
================================================================
warning: entity 26 was directed to use 8 halite to move north, but only 4 halite was available
At command 10 of 19:
    8   m 35 n
    9   m 34 s
>>> 10   m 26 n
    11   m 36 s
    12   m 22 w


Turn 265
================================================================
warning: entity 10 was directed to use 7 halite to move north, but only 0 halite was available
At command 14 of 19:
    12   m 19 n
    13   m 47 n
>>> 14   m 10 n
    15   m 21 n
    16   m 32 w


Turn 267
================================================================
warning: entity 4 was directed to use 7 halite to move south, but only 4 halite was available
At command 4 of 18:
    2   m 26 s
    3   m 34 e
>>> 4   m 4 s
    5   m 35 o
    6   m 20 w


Turn 268
================================================================
warning: entity 10 was directed to use 9 halite to move east, but only 8 halite was available
At command 10 of 18:
    8   m 36 e
    9   m 2 w
>>> 10   m 10 e
    11   m 47 n
    12   m 34 s


Turn 269
================================================================
warning: entity 36 was directed to use 1 halite to move west, but only 0 halite was available
At command 3 of 17:
    1   m 4 s
    2   m 22 w
>>> 3   m 36 w
    4   m 20 e
    5   m 32 s

warning: entity 26 was directed to use 9 halite to move west, but only 8 halite was available
At command 10 of 17:
    8   m 24 o
    9   m 45 w
>>> 10   m 26 w
    11   m 19 s
    12   m 2 s

warning: entity 47 was directed to use 3 halite to move south, but only 2 halite was available
At command 14 of 17:
    12   m 2 s
    13   m 13 n
>>> 14   m 47 s
    15   m 10 n
    16   m 35 o


Turn 271
================================================================
warning: entity 36 was directed to use 7 halite to move west, but only 4 halite was available
At command 3 of 17:
    1   m 22 o
    2   m 26 e
>>> 3   m 36 w
    4   m 4 n
    5   m 10 s

warning: entity 47 was directed to use 9 halite to move north, but only 8 halite was available
At command 6 of 17:
    4   m 4 n
    5   m 10 s
>>> 6   m 47 n
    7   m 32 s
    8   m 9 n


Turn 274
================================================================
warning: entity 4 was directed to use 5 halite to move east, but only 3 halite was available
At command 4 of 17:
    2   m 22 e
    3   m 26 e
>>> 4   m 4 e
    5   m 9 e
    6   m 35 n


Turn 275
================================================================
warning: entity 36 was directed to use 9 halite to move south, but only 1 halite was available
At command 9 of 17:
    7   m 13 o
    8   m 32 n
>>> 9   m 36 s
    10   m 24 o
    11   m 34 s


Turn 278
================================================================
warning: entity 2 was directed to use 3 halite to move west, but only 0 halite was available
At command 3 of 17:
    1   m 35 n
    2   m 20 e
>>> 3   m 2 w
    4   m 13 o
    5   m 26 w


Turn 280
================================================================
warning: entity 26 was directed to use 3 halite to move south, but only 1 halite was available
At command 2 of 17:
    1   m 34 w
>>> 2   m 26 s
    3   m 13 w
    4   m 2 n


Turn 281
================================================================
warning: entity 32 was directed to use 2 halite to move south, but only 0 halite was available
At command 7 of 16:
    5   m 45 e
    6   m 36 n
>>> 7   m 32 s
    8   m 20 s
    9   m 13 w


Turn 282
================================================================
warning: entity 2 was directed to use 7 halite to move east, but only 3 halite was available
At command 8 of 16:
    6   m 34 s
    7   m 13 w
>>> 8   m 2 e
    9   m 45 e
    10   m 36 n


Turn 284
================================================================
warning: entity 26 was directed to use 4 halite to move west, but only 0 halite was available
At command 1 of 16:
>>> 1   m 26 w
    2   m 2 s
    3   m 32 w


Turn 285
================================================================
warning: entity 32 was directed to use 6 halite to move north, but only 5 halite was available
At command 7 of 16:
    5   m 36 n
    6   m 9 s
>>> 7   m 32 n
    8   m 24 o
    9   m 22 e


Turn 286
================================================================
warning: entity 34 was directed to use 2 halite to move west, but only 1 halite was available
At command 1 of 16:
>>> 1   m 34 w
    2   m 26 w
    3   m 4 w

warning: entity 36 was directed to use 8 halite to move north, but only 5 halite was available
At command 8 of 16:
    6   m 22 o
    7   m 13 s
>>> 8   m 36 n
    9   m 9 s
    10   m 10 w


Turn 289
================================================================
warning: entity 26 was directed to use 5 halite to move east, but only 3 halite was available
At command 1 of 16:
>>> 1   m 26 e
    2   m 20 e
    3   m 32 n


Turn 290
================================================================
warning: entity 2 was directed to use 8 halite to move west, but only 2 halite was available
At command 2 of 16:
    1   m 32 e
>>> 2   m 2 w
    3   m 4 w
    4   m 20 w

warning: entity 34 was directed to use 6 halite to move north, but only 0 halite was available
At command 12 of 16:
    10   m 47 o
    11   m 24 e
>>> 12   m 34 n
    13   m 22 n
    14   m 9 s


Turn 294
================================================================
warning: entity 26 was directed to use 5 halite to move east, but only 2 halite was available
At command 12 of 16:
    10   m 19 o
    11   m 2 s
>>> 12   m 26 e
    13   m 32 s
    14   m 45 e


Turn 299
================================================================
warning: entity 34 was directed to use 4 halite to move south, but only 1 halite was available
At command 8 of 15:
    6   m 20 w
    7   m 24 n
>>> 8   m 34 s
    9   m 22 w
    10   m 26 n

warning: entity 26 was directed to use 9 halite to move north, but only 6 halite was available
At command 10 of 15:
    8   m 34 s
    9   m 22 w
>>> 10   m 26 n
    11   m 2 s
    12   m 35 w


Turn 301
================================================================
warning: entity 4 was directed to use 4 halite to move east, but only 2 halite was available
At command 12 of 15:
    10   m 26 s
    11   m 24 w
>>> 12   m 4 e
    13   m 47 n
    14   m 22 o


Turn 304
================================================================
warning: entity 45 was directed to use 3 halite to move north, but only 0 halite was available
At command 3 of 15:
    1   m 26 e
    2   m 34 w
>>> 3   m 45 n
    4   m 4 w
    5   m 32 s

warning: entity 4 was directed to use 3 halite to move west, but only 2 halite was available
At command 4 of 15:
    2   m 34 w
    3   m 45 n
>>> 4   m 4 w
    5   m 32 s
    6   m 20 e


Turn 308
================================================================
warning: entity 34 was directed to use 2 halite to move east, but only 0 halite was available
At command 8 of 15:
    6   m 9 s
    7   m 32 n
>>> 8   m 34 e
    9   m 36 e
    10   m 2 e


Turn 310
================================================================
warning: entity 45 was directed to use 4 halite to move north, but only 3 halite was available
At command 5 of 15:
    3   m 20 n
    4   m 9 e
>>> 5   m 45 n
    6   m 47 n
    7   m 13 e

warning: entity 32 was directed to use 3 halite to move north, but only 2 halite was available
At command 8 of 15:
    6   m 47 n
    7   m 13 e
>>> 8   m 32 n
    9   m 19 n
    10   m 26 n

warning: entity 36 was directed to use 2 halite to move north, but only 1 halite was available
At command 13 of 15:
    11   m 2 n
    12   m 4 n
>>> 13   m 36 n
    14   m 22 o
    15   m 35 s


Turn 311
================================================================
warning: entity 2 was directed to use 4 halite to move north, but only 0 halite was available
At command 2 of 15:
    1   m 24 s
>>> 2   m 2 n
    3   m 26 e
    4   m 35 s


Turn 312
================================================================
warning: entity 34 was directed to use 5 halite to move east, but only 3 halite was available
At command 8 of 15:
    6   m 45 w
    7   m 13 w
>>> 8   m 34 e
    9   m 19 n
    10   m 24 s


Turn 313
================================================================
warning: entity 36 was directed to use 7 halite to move south, but only 2 halite was available
At command 10 of 15:
    8   m 20 n
    9   m 24 s
>>> 10   m 36 s
    11   m 4 o
    12   m 13 s


Turn 314
================================================================
warning: entity 45 was directed to use 8 halite to move south, but only 3 halite was available
At command 9 of 14:
    7   m 2 w
    8   m 32 n
>>> 9   m 45 s
    10   m 26 s
    11   m 35 o


Turn 316
================================================================
warning: entity 2 was directed to use 8 halite to move east, but only 0 halite was available
At command 3 of 14:
    1   m 26 w
    2   m 45 n
>>> 3   m 2 e
    4   m 36 s
    5   m 22 w


Turn 317
================================================================
warning: entity 36 was directed to use 7 halite to move north, but only 5 halite was available
At command 5 of 14:
    3   m 32 s
    4   m 34 n
>>> 5   m 36 n
    6   m 26 w
    7   m 9 s


Turn 318
================================================================
warning: entity 4 was directed to use 7 halite to move east, but only 3 halite was available
At command 3 of 14:
    1   m 19 w
    2   m 2 s
>>> 3   m 4 e
    4   m 22 s
    5   m 47 s


Turn 320
================================================================
warning: entity 45 was directed to use 6 halite to move west, but only 0 halite was available
At command 7 of 14:
    5   m 2 s
    6   m 4 n
>>> 7   m 45 w
    8   m 24 s
    9   m 19 o

warning: entity 32 was directed to use 6 halite to move north, but only 3 halite was available
At command 11 of 14:
    9   m 19 o
    10   m 13 s
>>> 11   m 32 n
    12   m 34 e
    13   m 9 w


Turn 322
================================================================
warning: entity 4 was directed to use 6 halite to move north, but only 2 halite was available
At command 8 of 14:
    6   m 34 o
    7   m 35 o
>>> 8   m 4 n
    9   m 45 w
    10   m 36 n


Turn 323
================================================================
warning: entity 26 was directed to use 3 halite to move north, but only 1 halite was available
At command 9 of 14:
    7   m 19 s
    8   m 32 e
>>> 9   m 26 n
    10   m 9 n
    11   m 45 n

warning: entity 45 was directed to use 9 halite to move north, but only 6 halite was available
At command 11 of 14:
    9   m 26 n
    10   m 9 n
>>> 11   m 45 n
    12   m 34 e
    13   m 35 o


Turn 324
================================================================
warning: entity 32 was directed to use 9 halite to move east, but only 8 halite was available
At command 5 of 14:
    3   m 19 w
    4   m 9 e
>>> 5   m 32 e
    6   m 2 s
    7   m 24 n


Turn 326
================================================================
warning: entity 4 was directed to use 4 halite to move west, but only 1 halite was available
At command 11 of 14:
    9   m 19 n
    10   m 22 s
>>> 11   m 4 w
    12   m 13 s
    13   m 47 n


Turn 327
================================================================
warning: entity 24 was directed to use 2 halite to move north, but only 0 halite was available
At command 8 of 14:
    6   m 26 w
    7   m 2 w
>>> 8   m 24 n
    9   m 35 n
    10   m 9 s


Turn 328
================================================================
warning: entity 45 was directed to use 8 halite to move south, but only 3 halite was available
At command 6 of 14:
    4   m 47 w
    5   m 2 e
>>> 6   m 45 s
    7   m 36 n
    8   m 26 n


Turn 329
================================================================
warning: entity 26 was directed to use 2 halite to move east, but only 1 halite was available
At command 11 of 14:
    9   m 13 n
    10   m 2 w
>>> 11   m 26 e
    12   m 32 s
    13   m 45 w


Turn 330
================================================================
warning: entity 36 was directed to use 7 halite to move west, but only 1 halite was available
At command 9 of 14:
    7   m 2 w
    8   m 19 o
>>> 9   m 36 w
    10   m 35 n
    11   m 47 n


Turn 331
================================================================
warning: entity 4 was directed to use 3 halite to move east, but only 1 halite was available
At command 4 of 14:
    2   m 13 e
    3   m 47 e
>>> 4   m 4 e
    5   m 35 n
    6   m 2 n


Turn 332
================================================================
warning: entity 45 was directed to use 9 halite to move west, but only 1 halite was available
At command 1 of 14:
>>> 1   m 45 w
    2   m 24 e
    3   m 22 s

warning: entity 24 was directed to use 6 halite to move east, but only 2 halite was available
At command 2 of 14:
    1   m 45 w
>>> 2   m 24 e
    3   m 22 s
    4   m 34 e

warning: entity 35 was directed to use 1 halite to move north, but only 0 halite was available
At command 9 of 14:
    7   m 13 s
    8   m 47 e
>>> 9   m 35 n
    10   m 26 e
    11   m 2 s


Turn 334
================================================================
warning: entity 26 was directed to use 3 halite to move east, but only 1 halite was available
At command 7 of 14:
    5   m 9 e
    6   m 13 s
>>> 7   m 26 e
    8   m 2 w
    9   m 32 s


Turn 335
================================================================
warning: entity 2 was directed to use 3 halite to move south, but only 1 halite was available
At command 10 of 14:
    8   m 47 e
    9   m 24 n
>>> 10   m 2 s
    11   m 36 n
    12   m 9 n


Turn 336
================================================================
warning: entity 45 was directed to use 7 halite to move south, but only 6 halite was available
At command 7 of 14:
    5   m 22 n
    6   m 13 w
>>> 7   m 45 s
    8   m 35 w
    9   m 24 s

warning: entity 24 was directed to use 9 halite to move south, but only 0 halite was available
At command 9 of 14:
    7   m 45 s
    8   m 35 w
>>> 9   m 24 s
    10   m 34 s
    11   m 4 n


Turn 339
================================================================
warning: entity 26 was directed to use 4 halite to move south, but only 0 halite was available
At command 5 of 14:
    3   m 45 s
    4   m 2 e
>>> 5   m 26 s
    6   m 13 w
    7   m 24 e


Turn 340
================================================================
warning: entity 2 was directed to use 3 halite to move west, but only 1 halite was available
At command 2 of 14:
    1   m 34 s
>>> 2   m 2 w
    3   m 9 w
    4   m 35 o

warning: entity 36 was directed to use 5 halite to move west, but only 4 halite was available
At command 7 of 14:
    5   m 22 w
    6   m 47 n
>>> 7   m 36 w
    8   m 4 n
    9   m 24 n

warning: entity 24 was directed to use 8 halite to move north, but only 1 halite was available
At command 9 of 14:
    7   m 36 w
    8   m 4 n
>>> 9   m 24 n
    10   m 13 e
    11   m 32 o


Turn 342
================================================================
warning: entity 45 was directed to use 5 halite to move north, but only 1 halite was available
At command 10 of 14:
    8   m 2 e
    9   m 47 s
>>> 10   m 45 n
    11   m 22 e
    12   m 35 e


Turn 343
================================================================
warning: entity 2 was directed to use 9 halite to move north, but only 5 halite was available
At command 5 of 14:
    3   m 47 s
    4   m 22 o
>>> 5   m 2 n
    6   m 34 n
    7   m 24 s

warning: entity 24 was directed to use 9 halite to move south, but only 6 halite was available
At command 7 of 14:
    5   m 2 n
    6   m 34 n
>>> 7   m 24 s
    8   m 13 w
    9   m 9 w


Turn 345
================================================================
warning: entity 26 was directed to use 6 halite to move west, but only 1 halite was available
At command 7 of 14:
    5   m 2 w
    6   m 34 s
>>> 7   m 26 w
    8   m 4 n
    9   m 13 n


Turn 346
================================================================
warning: entity 36 was directed to use 5 halite to move west, but only 1 halite was available
At command 7 of 14:
    5   m 34 w
    6   m 45 s
>>> 7   m 36 w
    8   m 35 o
    9   m 9 w


Turn 347
================================================================
warning: entity 34 was directed to use 1 halite to move north, but only 0 halite was available
At command 10 of 14:
    8   m 13 w
    9   m 2 e
>>> 10   m 34 n
    11   m 45 n
    12   m 36 n


Turn 348
================================================================
warning: entity 24 was directed to use 4 halite to move north, but only 1 halite was available
At command 9 of 14:
    7   m 22 s
    8   m 36 e
>>> 9   m 24 n
    10   m 26 s
    11   m 13 o


Turn 349
================================================================
warning: entity 26 was directed to use 5 halite to move north, but only 2 halite was available
At command 4 of 13:
    2   m 19 s
    3   m 4 n
>>> 4   m 26 n
    5   m 22 s
    6   m 35 s


Turn 350
================================================================
warning: entity 34 was directed to use 5 halite to move north, but only 2 halite was available
At command 3 of 13:
    1   m 32 e
    2   m 24 e
>>> 3   m 34 n
    4   m 47 o
    5   m 2 e


Turn 351
================================================================
warning: entity 2 was directed to use 7 halite to move north, but only 2 halite was available
At command 6 of 13:
    4   m 4 w
    5   m 35 n
>>> 6   m 2 n
    7   m 24 n
    8   m 19 n

warning: entity 19 was directed to use 4 halite to move north, but only 2 halite was available
At command 8 of 13:
    6   m 2 n
    7   m 24 n
>>> 8   m 19 n
    9   m 9 e
    10   m 45 w

warning: entity 45 was directed to use 4 halite to move west, but only 2 halite was available
At command 10 of 13:
    8   m 19 n
    9   m 9 e
>>> 10   m 45 w
    11   m 34 n
    12   m 47 o


Turn 355
================================================================
warning: entity 45 was directed to use 2 halite to move south, but only 1 halite was available
At command 5 of 13:
    3   m 19 s
    4   m 9 s
>>> 5   m 45 s
    6   m 35 s
    7   m 13 n


Turn 356
================================================================
warning: entity 19 was directed to use 4 halite to move north, but only 3 halite was available
At command 9 of 13:
    7   m 13 n
    8   m 32 w
>>> 9   m 19 n
    10   m 45 n
    11   m 2 e


Turn 357
================================================================
warning: entity 45 was directed to use 8 halite to move east, but only 7 halite was available
At command 5 of 13:
    3   m 24 w
    4   m 26 e
>>> 5   m 45 e
    6   m 34 w
    7   m 47 w


Turn 359
================================================================
warning: entity 4 was directed to use 1 halite to move south, but only 0 halite was available
At command 10 of 12:
    8   m 2 e
    9   m 9 w
>>> 10   m 4 s
    11   m 13 e
    12   m 24 s


Turn 360
================================================================
warning: entity 2 was directed to use 9 halite to move east, but only 1 halite was available
At command 4 of 12:
    2   m 24 e
    3   m 13 s
>>> 4   m 2 e
    5   m 9 w
    6   m 32 s


Turn 361
================================================================
warning: entity 19 was directed to use 7 halite to move north, but only 1 halite was available
At command 11 of 12:
    9   m 22 w
    10   m 45 n
>>> 11   m 19 n
    12   m 2 n


Turn 362
================================================================
warning: entity 32 was directed to use 6 halite to move west, but only 0 halite was available
At command 5 of 12:
    3   m 45 s
    4   m 26 w
>>> 5   m 32 w
    6   m 13 e
    7   m 47 o

warning: entity 4 was directed to use 2 halite to move west, but only 1 halite was available
At command 8 of 12:
    6   m 13 e
    7   m 47 o
>>> 8   m 4 w
    9   m 24 n
    10   m 9 n


Turn 363
================================================================
warning: entity 45 was directed to use 6 halite to move west, but only 1 halite was available
At command 8 of 12:
    6   m 26 w
    7   m 22 e
>>> 8   m 45 w
    9   m 13 w
    10   m 32 e


Turn 364
================================================================
warning: entity 35 was directed to use 2 halite to move north, but only 1 halite was available
At command 9 of 12:
    7   m 2 s
    8   m 19 w
>>> 9   m 35 n
    10   m 9 n
    11   m 26 e


Turn 365
================================================================
warning: entity 19 was directed to use 9 halite to move east, but only 0 halite was available
At command 3 of 12:
    1   m 45 n
    2   m 26 n
>>> 3   m 19 e
    4   m 24 n
    5   m 9 n


Turn 366
================================================================
warning: entity 32 was directed to use 9 halite to move west, but only 0 halite was available
At command 1 of 12:
>>> 1   m 32 w
    2   m 13 n
    3   m 35 o


Turn 367
================================================================
warning: entity 2 was directed to use 5 halite to move east, but only 3 halite was available
At command 1 of 12:
>>> 1   m 2 e
    2   m 26 n
    3   m 19 n

warning: entity 45 was directed to use 5 halite to move west, but only 2 halite was available
At command 4 of 12:
    2   m 26 n
    3   m 19 n
>>> 4   m 45 w
    5   m 22 w
    6   m 24 e


Turn 370
================================================================
warning: entity 19 was directed to use 7 halite to move east, but only 0 halite was available
At command 7 of 12:
    5   m 13 n
    6   m 35 e
>>> 7   m 19 e
    8   m 4 e
    9   m 47 e


Turn 371
================================================================
warning: entity 45 was directed to use 7 halite to move south, but only 4 halite was available
At command 5 of 12:
    3   m 13 e
    4   m 9 e
>>> 5   m 45 s
    6   m 24 e
    7   m 26 e


Turn 373
================================================================
warning: entity 35 was directed to use 5 halite to move south, but only 4 halite was available
At command 4 of 12:
    2   m 45 n
    3   m 22 s
>>> 4   m 35 s
    5   m 24 w
    6   m 9 w


Turn 374
================================================================
warning: entity 19 was directed to use 6 halite to move north, but only 2 halite was available
At command 2 of 12:
    1   m 13 w
>>> 2   m 19 n
    3   m 47 w
    4   m 26 n

warning: entity 2 was directed to use 4 halite to move north, but only 0 halite was available
At command 11 of 12:
    9   m 45 n
    10   m 22 s
>>> 11   m 2 n
    12   m 35 n


Turn 375
================================================================
warning: entity 45 was directed to use 9 halite to move north, but only 6 halite was available
At command 4 of 12:
    2   m 9 e
    3   m 22 s
>>> 4   m 45 n
    5   m 24 e
    6   m 32 e

warning: entity 24 was directed to use 9 halite to move east, but only 2 halite was available
At command 5 of 12:
    3   m 22 s
    4   m 45 n
>>> 5   m 24 e
    6   m 32 e
    7   m 13 w


Turn 377
================================================================
warning: entity 32 was directed to use 6 halite to move west, but only 0 halite was available
At command 3 of 12:
    1   m 45 n
    2   m 22 e
>>> 3   m 32 w
    4   m 4 w
    5   m 26 w

warning: entity 35 was directed to use 7 halite to move south, but only 4 halite was available
At command 12 of 12:
    10   m 19 s
    11   m 9 w
>>> 12   m 35 s


Turn 378
================================================================
warning: entity 19 was directed to use 5 halite to move north, but only 4 halite was available
At command 7 of 12:
    5   m 45 s
    6   m 26 w
>>> 7   m 19 n
    8   m 4 s
    9   m 47 n


Turn 379
================================================================
warning: entity 24 was directed to use 9 halite to move south, but only 7 halite was available
At command 5 of 12:
    3   m 2 e
    4   m 47 w
>>> 5   m 24 s
    6   m 4 w
    7   m 9 e

warning: entity 45 was directed to use 9 halite to move east, but only 7 halite was available
At command 8 of 12:
    6   m 4 w
    7   m 9 e
>>> 8   m 45 e
    9   m 22 w
    10   m 13 w


Turn 381
================================================================
warning: entity 35 was directed to use 8 halite to move west, but only 3 halite was available
At command 7 of 12:
    5   m 19 w
    6   m 22 s
>>> 7   m 35 w
    8   m 45 e
    9   m 2 s


Turn 382
================================================================
warning: entity 32 was directed to use 3 halite to move east, but only 0 halite was available
At command 1 of 12:
>>> 1   m 32 e
    2   m 2 e
    3   m 26 o


Turn 383
================================================================
warning: entity 19 was directed to use 6 halite to move west, but only 3 halite was available
At command 7 of 12:
    5   m 47 s
    6   m 24 w
>>> 7   m 19 w
    8   m 2 n
    9   m 22 s


Turn 384
================================================================
warning: entity 2 was directed to use 4 halite to move east, but only 1 halite was available
At command 4 of 12:
    2   m 22 o
    3   m 32 n
>>> 4   m 2 e
    5   m 4 w
    6   m 35 w


Turn 386
================================================================
warning: entity 4 was directed to use 2 halite to move south, but only 0 halite was available
At command 10 of 12:
    8   m 19 w
    9   m 32 w
>>> 10   m 4 s
    11   m 45 o
    12   m 22 e


Turn 387
================================================================
warning: entity 32 was directed to use 8 halite to move south, but only 2 halite was available
At command 5 of 12:
    3   m 22 o
    4   m 19 o
>>> 5   m 32 s
    6   m 26 o
    7   m 2 w

warning: entity 24 was directed to use 2 halite to move south, but only 0 halite was available
At command 8 of 12:
    6   m 26 o
    7   m 2 w
>>> 8   m 24 s
    9   m 35 n
    10   m 47 o

warning: entity 35 was directed to use 8 halite to move north, but only 5 halite was available
At command 9 of 12:
    7   m 2 w
    8   m 24 s
>>> 9   m 35 n
    10   m 47 o
    11   m 4 s


Turn 389
================================================================
warning: entity 2 was directed to use 9 halite to move east, but only 4 halite was available
At command 3 of 12:
    1   m 47 o
    2   m 35 e
>>> 3   m 2 e
    4   m 24 n
    5   m 32 o

warning: entity 4 was directed to use 4 halite to move east, but only 3 halite was available
At command 8 of 12:
    6   m 9 s
    7   m 26 e
>>> 8   m 4 e
    9   m 13 w
    10   m 22 e


Turn 390
================================================================
warning: entity 24 was directed to use 2 halite to move west, but only 0 halite was available
At command 1 of 12:
>>> 1   m 24 w
    2   m 26 e
    3   m 35 w


Turn 391
================================================================
warning: entity 35 was directed to use 9 halite to move south, but only 6 halite was available
At command 7 of 11:
    5   m 32 s
    6   m 2 o
>>> 7   m 35 s
    8   m 19 o
    9   m 26 n


Turn 393
================================================================
warning: entity 13 was directed to use 2 halite to move east, but only 0 halite was available
At command 5 of 11:
    3   m 35 e
    4   m 22 e
>>> 5   m 13 e
    6   m 26 n
    7   m 4 s


Turn 394
================================================================
warning: entity 26 was directed to use 1 halite to move south, but only 0 halite was available
At command 1 of 11:
>>> 1   m 26 s
    2   m 35 e
    3   m 32 e

warning: entity 24 was directed to use 5 halite to move east, but only 0 halite was available
At command 4 of 11:
    2   m 35 e
    3   m 32 e
>>> 4   m 24 e
    5   m 2 e
    6   m 19 w


Turn 396
================================================================
warning: entity 35 was directed to use 7 halite to move south, but only 2 halite was available
At command 1 of 11:
>>> 1   m 35 s
    2   m 45 o
    3   m 24 e

warning: entity 13 was directed to use 5 halite to move east, but only 2 halite was available
At command 6 of 11:
    4   m 26 w
    5   m 32 w
>>> 6   m 13 e
    7   m 19 e
    8   m 22 s


Turn 398
================================================================
warning: entity 26 was directed to use 2 halite to move east, but only 1 halite was available
At command 4 of 10:
    2   m 13 e
    3   m 22 e
>>> 4   m 26 e
    5   m 2 s
    6   m 19 e

warning: entity 32 was directed to use 4 halite to move west, but only 0 halite was available
At command 7 of 10:
    5   m 2 s
    6   m 19 e
>>> 7   m 32 w
    8   m 4 s
    9   m 45 o


Turn 400
================================================================
warning: entity 35 was directed to use 8 halite to move east, but only 2 halite was available
At command 3 of 9:
    1   m 26 w
    2   m 13 n
>>> 3   m 35 e
    4   m 9 n
    5   m 19 e

