
Turn 6
================================================================
warning: entity 2 was directed to use 5 halite to move east, but only 0 halite was available
At command 3 of 4:
    1   m 5 w
    2   m 0 s
>>> 3   m 2 e
    4   g


Turn 7
================================================================
warning: entity 0 was directed to use 5 halite to move south, but only 1 halite was available
At command 2 of 4:
    1   m 6 o
>>> 2   m 0 s
    3   m 5 s
    4   m 2 w

warning: entity 5 was directed to use 3 halite to move south, but only 0 halite was available
At command 3 of 4:
    1   m 6 o
    2   m 0 s
>>> 3   m 5 s
    4   m 2 w


Turn 10
================================================================
warning: entity 7 was directed to use 5 halite to move north, but only 0 halite was available
At command 4 of 5:
    2   m 5 o
    3   m 6 e
>>> 4   m 7 n
    5   m 0 o


Turn 20
================================================================
warning: entity 5 was directed to use 3 halite to move south, but only 0 halite was available
At command 1 of 5:
>>> 1   m 5 s
    2   m 7 o
    3   m 0 s


Turn 24
================================================================
warning: entity 6 was directed to use 7 halite to move south, but only 3 halite was available
At command 4 of 5:
    2   m 7 o
    3   m 5 n
>>> 4   m 6 s
    5   m 2 o


Turn 25
================================================================
warning: entity 5 was directed to use 5 halite to move west, but only 0 halite was available
At command 1 of 5:
>>> 1   m 5 w
    2   m 0 s
    3   m 7 e


Turn 29
================================================================
warning: entity 5 was directed to use 4 halite to move north, but only 1 halite was available
At command 3 of 5:
    1   m 6 s
    2   m 2 n
>>> 3   m 5 n
    4   m 0 e
    5   m 7 o


Turn 31
================================================================
warning: entity 0 was directed to use 2 halite to move south, but only 1 halite was available
At command 4 of 5:
    2   m 5 o
    3   m 2 o
>>> 4   m 0 s
    5   m 7 o


Turn 44
================================================================
warning: entity 5 was directed to use 2 halite to move west, but only 1 halite was available
At command 2 of 5:
    1   m 2 e
>>> 2   m 5 w
    3   m 6 s
    4   m 0 o


Turn 66
================================================================
warning: entity 5 was directed to use 3 halite to move south, but only 0 halite was available
At command 1 of 5:
>>> 1   m 5 s
    2   m 2 e
    3   m 7 e

warning: owned entities 6, 0 collided on cell (23, 21) as the result of moves on this turn
At command 5 of 5:
    3   m 7 e
    4   m 0 o
>>> 5   m 6 n

warning: owned entities 2, 5 collided on cell (21, 15) as the result of moves on this turn
At command 2 of 5:
    1   m 5 s
>>> 2   m 2 e
    3   m 7 e
    4   m 0 o

