
Turn 6
================================================================
warning: owned entities 5, 1 collided on cell (8, 15) as the result of moves on this turn
At command 1 of 3:
>>> 1   m 5 n
    2   m 1 o
    3   m 3 o


Turn 10
================================================================
warning: owned entities 9, 7 collided on cell (9, 16) as the result of moves on this turn
At command 1 of 3:
>>> 1   m 9 e
    2   m 7 o
    3   m 3 o


Turn 33
================================================================
warning: entity 10 was directed to use 7 halite to move south, but only 0 halite was available
At command 1 of 2:
>>> 1   m 10 s
    2   m 3 o


Turn 40
================================================================
warning: owned entities 3, 10 collided on cell (7, 17) as the result of moves on this turn
At command 1 of 2:
>>> 1   m 3 s
    2   m 10 o

