
Turn 3
================================================================
warning: entity 1 was directed to use 6 halite to move west, but only 0 halite was available
At command 1 of 2:
>>> 1   m 1 w
    2   g


Turn 5
================================================================
warning: entity 3 was directed to use 6 halite to move west, but only 0 halite was available
At command 1 of 3:
>>> 1   m 3 w
    2   m 1 n
    3   g


Turn 14
================================================================
warning: entity 7 was directed to use 8 halite to move east, but only 0 halite was available
At command 1 of 5:
>>> 1   m 7 e
    2   m 3 s
    3   m 1 o


Turn 67
================================================================
warning: entity 7 was directed to use 8 halite to move north, but only 5 halite was available
At command 2 of 5:
    1   m 3 w
>>> 2   m 7 n
    3   m 1 n
    4   m 5 o


Turn 76
================================================================
warning: entity 3 was directed to use 3 halite to move west, but only 0 halite was available
At command 3 of 5:
    1   m 5 s
    2   m 6 w
>>> 3   m 3 w
    4   m 7 w
    5   m 1 o


Turn 78
================================================================
warning: entity 3 was directed to use 8 halite to move east, but only 7 halite was available
At command 3 of 5:
    1   m 6 e
    2   m 5 s
>>> 3   m 3 e
    4   m 1 n
    5   m 7 n


Turn 83
================================================================
warning: entity 3 was directed to use 9 halite to move north, but only 6 halite was available
At command 2 of 5:
    1   m 6 w
>>> 2   m 3 n
    3   m 7 w
    4   m 1 w


Turn 88
================================================================
warning: entity 3 was directed to use 7 halite to move west, but only 2 halite was available
At command 1 of 5:
>>> 1   m 3 w
    2   m 1 e
    3   m 6 s


Turn 97
================================================================
warning: entity 3 was directed to use 9 halite to move west, but only 3 halite was available
At command 5 of 5:
    3   m 1 n
    4   m 5 n
>>> 5   m 3 w


Turn 102
================================================================
warning: entity 3 was directed to use 7 halite to move west, but only 3 halite was available
At command 2 of 5:
    1   m 1 e
>>> 2   m 3 w
    3   m 6 w
    4   m 5 o


Turn 106
================================================================
warning: entity 3 was directed to use 8 halite to move west, but only 7 halite was available
At command 4 of 5:
    2   m 6 o
    3   m 5 n
>>> 4   m 3 w
    5   m 1 s


Turn 112
================================================================
warning: entity 3 was directed to use 5 halite to move north, but only 4 halite was available
At command 3 of 5:
    1   m 7 o
    2   m 1 s
>>> 3   m 3 n
    4   m 6 e
    5   m 5 w


Turn 113
================================================================
warning: entity 5 was directed to use 6 halite to move north, but only 0 halite was available
At command 2 of 6:
    1   m 1 e
>>> 2   m 5 n
    3   m 6 n
    4   m 7 w


Turn 121
================================================================
warning: entity 5 was directed to use 8 halite to move north, but only 1 halite was available
At command 1 of 6:
>>> 1   m 5 n
    2   m 1 n
    3   m 6 o


Turn 124
================================================================
warning: entity 10 was directed to use 7 halite to move south, but only 6 halite was available
At command 4 of 6:
    2   m 7 e
    3   m 5 o
>>> 4   m 10 s
    5   m 3 o
    6   m 6 s


Turn 130
================================================================
warning: entity 10 was directed to use 2 halite to move west, but only 1 halite was available
At command 5 of 6:
    3   m 1 e
    4   m 5 w
>>> 5   m 10 w
    6   m 3 n


Turn 136
================================================================
warning: entity 6 was directed to use 2 halite to move north, but only 0 halite was available
At command 1 of 7:
>>> 1   m 6 n
    2   m 7 n
    3   m 5 o


Turn 139
================================================================
warning: entity 6 was directed to use 5 halite to move west, but only 1 halite was available
At command 2 of 7:
    1   m 10 w
>>> 2   m 6 w
    3   m 3 w
    4   m 1 e


Turn 141
================================================================
warning: entity 11 was directed to use 4 halite to move north, but only 3 halite was available
At command 4 of 7:
    2   m 5 o
    3   m 7 n
>>> 4   m 11 n
    5   m 6 s
    6   m 3 n


Turn 142
================================================================
warning: entity 10 was directed to use 3 halite to move north, but only 1 halite was available
At command 1 of 7:
>>> 1   m 10 n
    2   m 7 n
    3   m 6 w


Turn 143
================================================================
warning: entity 6 was directed to use 8 halite to move south, but only 2 halite was available
At command 2 of 7:
    1   m 7 e
>>> 2   m 6 s
    3   m 1 n
    4   m 11 s


Turn 144
================================================================
warning: entity 11 was directed to use 3 halite to move south, but only 1 halite was available
At command 3 of 7:
    1   m 1 n
    2   m 7 s
>>> 3   m 11 s
    4   m 10 w
    5   m 6 e


Turn 145
================================================================
warning: entity 10 was directed to use 9 halite to move west, but only 0 halite was available
At command 4 of 7:
    2   m 6 n
    3   m 7 w
>>> 4   m 10 w
    5   m 5 o
    6   m 11 w


Turn 147
================================================================
warning: entity 11 was directed to use 5 halite to move west, but only 4 halite was available
At command 5 of 7:
    3   m 7 w
    4   m 1 e
>>> 5   m 11 w
    6   m 3 o
    7   m 5 o


Turn 149
================================================================
warning: entity 6 was directed to use 7 halite to move south, but only 1 halite was available
At command 1 of 7:
>>> 1   m 6 s
    2   m 1 w
    3   m 3 n

warning: entity 10 was directed to use 9 halite to move east, but only 2 halite was available
At command 5 of 7:
    3   m 3 n
    4   m 7 o
>>> 5   m 10 e
    6   m 11 s
    7   m 5 n


Turn 150
================================================================
warning: entity 11 was directed to use 6 halite to move west, but only 5 halite was available
At command 2 of 7:
    1   m 1 w
>>> 2   m 11 w
    3   m 5 o
    4   m 3 s


Turn 153
================================================================
warning: entity 10 was directed to use 9 halite to move south, but only 5 halite was available
At command 3 of 7:
    1   m 1 n
    2   m 3 w
>>> 3   m 10 s
    4   m 6 n
    5   m 11 n

warning: entity 6 was directed to use 6 halite to move north, but only 5 halite was available
At command 4 of 7:
    2   m 3 w
    3   m 10 s
>>> 4   m 6 n
    5   m 11 n
    6   m 7 o


Turn 154
================================================================
warning: entity 11 was directed to use 3 halite to move north, but only 2 halite was available
At command 3 of 7:
    1   m 1 w
    2   m 3 n
>>> 3   m 11 n
    4   m 5 n
    5   m 10 w


Turn 158
================================================================
warning: entity 11 was directed to use 5 halite to move south, but only 4 halite was available
At command 1 of 7:
>>> 1   m 11 s
    2   m 1 e
    3   m 6 e

warning: entity 6 was directed to use 4 halite to move east, but only 3 halite was available
At command 3 of 7:
    1   m 11 s
    2   m 1 e
>>> 3   m 6 e
    4   m 3 e
    5   m 10 s


Turn 162
================================================================
warning: entity 6 was directed to use 5 halite to move north, but only 1 halite was available
At command 2 of 7:
    1   m 1 w
>>> 2   m 6 n
    3   m 11 s
    4   m 3 n


Turn 165
================================================================
warning: entity 11 was directed to use 4 halite to move west, but only 1 halite was available
At command 3 of 7:
    1   m 7 n
    2   m 3 e
>>> 3   m 11 w
    4   m 1 w
    5   m 5 n

warning: entity 6 was directed to use 8 halite to move west, but only 6 halite was available
At command 6 of 7:
    4   m 1 w
    5   m 5 n
>>> 6   m 6 w
    7   m 10 o


Turn 170
================================================================
warning: entity 11 was directed to use 9 halite to move west, but only 8 halite was available
At command 6 of 7:
    4   m 3 e
    5   m 1 e
>>> 6   m 11 w
    7   m 10 o


Turn 175
================================================================
warning: entity 6 was directed to use 2 halite to move west, but only 0 halite was available
At command 2 of 7:
    1   m 3 s
>>> 2   m 6 w
    3   m 11 o
    4   m 1 e


Turn 183
================================================================
warning: entity 11 was directed to use 6 halite to move east, but only 5 halite was available
At command 5 of 7:
    3   m 5 s
    4   m 6 w
>>> 5   m 11 e
    6   m 7 o
    7   m 10 o


Turn 188
================================================================
warning: entity 11 was directed to use 8 halite to move south, but only 3 halite was available
At command 2 of 6:
    1   m 5 w
>>> 2   m 11 s
    3   m 1 w
    4   m 3 o


Turn 193
================================================================
warning: entity 11 was directed to use 9 halite to move south, but only 2 halite was available
At command 1 of 6:
>>> 1   m 11 s
    2   m 5 e
    3   m 3 n


Turn 213
================================================================
warning: entity 10 was directed to use 7 halite to move south, but only 0 halite was available
At command 3 of 6:
    1   m 1 n
    2   m 5 e
>>> 3   m 10 s
    4   m 7 n
    5   m 3 e


Turn 219
================================================================
warning: entity 10 was directed to use 2 halite to move south, but only 0 halite was available
At command 2 of 6:
    1   m 5 w
>>> 2   m 10 s
    3   m 1 e
    4   m 11 o


Turn 223
================================================================
warning: entity 10 was directed to use 9 halite to move north, but only 0 halite was available
At command 2 of 6:
    1   m 1 w
>>> 2   m 10 n
    3   m 5 o
    4   m 11 n


Turn 229
================================================================
warning: entity 11 was directed to use 2 halite to move east, but only 0 halite was available
At command 1 of 6:
>>> 1   m 11 e
    2   m 10 w
    3   m 7 s

warning: entity 10 was directed to use 8 halite to move west, but only 4 halite was available
At command 2 of 6:
    1   m 11 e
>>> 2   m 10 w
    3   m 7 s
    4   m 5 o


Turn 231
================================================================
warning: entity 11 was directed to use 6 halite to move south, but only 5 halite was available
At command 2 of 6:
    1   m 3 o
>>> 2   m 11 s
    3   m 10 o
    4   m 1 w


Turn 237
================================================================
warning: entity 11 was directed to use 4 halite to move south, but only 1 halite was available
At command 1 of 6:
>>> 1   m 11 s
    2   m 7 n
    3   m 10 w


Turn 239
================================================================
warning: entity 7 was directed to use 2 halite to move east, but only 0 halite was available
At command 3 of 6:
    1   m 5 o
    2   m 10 n
>>> 3   m 7 e
    4   m 3 n
    5   m 11 n


Turn 241
================================================================
warning: entity 11 was directed to use 6 halite to move south, but only 3 halite was available
At command 2 of 6:
    1   m 5 w
>>> 2   m 11 s
    3   m 10 s
    4   m 7 w


Turn 243
================================================================
warning: entity 7 was directed to use 4 halite to move east, but only 0 halite was available
At command 3 of 6:
    1   m 3 o
    2   m 10 s
>>> 3   m 7 e
    4   m 11 e
    5   m 5 w


Turn 246
================================================================
warning: entity 11 was directed to use 3 halite to move east, but only 1 halite was available
At command 4 of 6:
    2   m 3 o
    3   m 7 e
>>> 4   m 11 e
    5   m 5 w
    6   m 10 s


Turn 247
================================================================
warning: entity 7 was directed to use 9 halite to move south, but only 0 halite was available
At command 2 of 6:
    1   m 5 s
>>> 2   m 7 s
    3   m 10 w
    4   m 1 o


Turn 248
================================================================
warning: entity 11 was directed to use 9 halite to move south, but only 8 halite was available
At command 4 of 6:
    2   m 5 s
    3   m 3 n
>>> 4   m 11 s
    5   m 7 n
    6   m 1 o


Turn 249
================================================================
warning: entity 10 was directed to use 9 halite to move south, but only 8 halite was available
At command 2 of 6:
    1   m 5 s
>>> 2   m 10 s
    3   m 3 n
    4   m 7 n


Turn 254
================================================================
warning: entity 11 was directed to use 8 halite to move south, but only 2 halite was available
At command 3 of 6:
    1   m 5 w
    2   m 3 n
>>> 3   m 11 s
    4   m 10 w
    5   m 7 w


Turn 255
================================================================
warning: entity 10 was directed to use 8 halite to move north, but only 0 halite was available
At command 4 of 6:
    2   m 1 o
    3   m 3 n
>>> 4   m 10 n
    5   m 5 e
    6   m 11 s


Turn 257
================================================================
warning: entity 7 was directed to use 6 halite to move east, but only 2 halite was available
At command 1 of 6:
>>> 1   m 7 e
    2   m 10 s
    3   m 3 n


Turn 258
================================================================
warning: entity 10 was directed to use 9 halite to move east, but only 7 halite was available
At command 1 of 6:
>>> 1   m 10 e
    2   m 3 o
    3   m 11 e

warning: entity 11 was directed to use 9 halite to move east, but only 1 halite was available
At command 3 of 6:
    1   m 10 e
    2   m 3 o
>>> 3   m 11 e
    4   m 1 o
    5   m 7 e


Turn 261
================================================================
warning: entity 3 was directed to use 1 halite to move east, but only 0 halite was available
At command 1 of 6:
>>> 1   m 3 e
    2   m 7 s
    3   m 11 e

warning: entity 7 was directed to use 9 halite to move south, but only 8 halite was available
At command 2 of 6:
    1   m 3 e
>>> 2   m 7 s
    3   m 11 e
    4   m 1 e


Turn 262
================================================================
warning: entity 11 was directed to use 7 halite to move west, but only 4 halite was available
At command 3 of 6:
    1   m 10 o
    2   m 1 e
>>> 3   m 11 w
    4   m 5 n
    5   m 3 e


Turn 263
================================================================
warning: entity 3 was directed to use 8 halite to move south, but only 3 halite was available
At command 1 of 6:
>>> 1   m 3 s
    2   m 5 o
    3   m 1 o


Turn 267
================================================================
warning: entity 3 was directed to use 9 halite to move west, but only 5 halite was available
At command 3 of 6:
    1   m 5 s
    2   m 7 w
>>> 3   m 3 w
    4   m 11 s
    5   m 1 n


Turn 272
================================================================
warning: entity 3 was directed to use 9 halite to move south, but only 8 halite was available
At command 4 of 5:
    2   m 5 w
    3   m 7 e
>>> 4   m 3 s
    5   m 1 n


Turn 274
================================================================
warning: entity 7 was directed to use 7 halite to move south, but only 6 halite was available
At command 1 of 5:
>>> 1   m 7 s
    2   m 5 w
    3   m 3 o


Turn 281
================================================================
warning: entity 7 was directed to use 3 halite to move west, but only 2 halite was available
At command 3 of 5:
    1   m 5 n
    2   m 1 n
>>> 3   m 7 w
    4   m 10 o
    5   m 3 e


Turn 286
================================================================
warning: entity 7 was directed to use 6 halite to move north, but only 1 halite was available
At command 3 of 5:
    1   m 5 w
    2   m 1 e
>>> 3   m 7 n
    4   m 10 w
    5   m 3 e


Turn 291
================================================================
warning: entity 7 was directed to use 3 halite to move north, but only 0 halite was available
At command 1 of 5:
>>> 1   m 7 n
    2   m 1 w
    3   m 3 s


Turn 294
================================================================
warning: entity 7 was directed to use 5 halite to move south, but only 2 halite was available
At command 1 of 5:
>>> 1   m 7 s
    2   m 3 e
    3   m 1 e


Turn 302
================================================================
warning: entity 7 was directed to use 9 halite to move south, but only 0 halite was available
At command 1 of 5:
>>> 1   m 7 s
    2   m 3 n
    3   m 5 n


Turn 310
================================================================
warning: entity 7 was directed to use 1 halite to move east, but only 0 halite was available
At command 2 of 5:
    1   m 3 n
>>> 2   m 7 e
    3   m 10 s
    4   m 1 e


Turn 314
================================================================
warning: entity 7 was directed to use 3 halite to move west, but only 1 halite was available
At command 3 of 5:
    1   m 3 s
    2   m 5 w
>>> 3   m 7 w
    4   m 1 w
    5   m 10 n


Turn 315
================================================================
warning: entity 5 was directed to use 7 halite to move east, but only 0 halite was available
At command 4 of 5:
    2   m 10 n
    3   m 3 n
>>> 4   m 5 e
    5   m 7 e


Turn 319
================================================================
warning: entity 7 was directed to use 2 halite to move east, but only 1 halite was available
At command 4 of 5:
    2   m 10 o
    3   m 5 w
>>> 4   m 7 e
    5   m 1 n


Turn 320
================================================================
warning: entity 5 was directed to use 8 halite to move south, but only 6 halite was available
At command 3 of 5:
    1   m 3 n
    2   m 1 n
>>> 3   m 5 s
    4   m 10 e
    5   m 7 s


Turn 321
================================================================
warning: entity 7 was directed to use 7 halite to move south, but only 6 halite was available
At command 4 of 5:
    2   m 3 n
    3   m 1 n
>>> 4   m 7 s
    5   m 5 s


Turn 325
================================================================
warning: entity 5 was directed to use 6 halite to move north, but only 5 halite was available
At command 4 of 5:
    2   m 3 w
    3   m 1 w
>>> 4   m 5 n
    5   m 7 s


Turn 330
================================================================
warning: entity 5 was directed to use 5 halite to move north, but only 1 halite was available
At command 1 of 5:
>>> 1   m 5 n
    2   m 7 s
    3   m 10 n

warning: entity 7 was directed to use 4 halite to move south, but only 2 halite was available
At command 2 of 5:
    1   m 5 n
>>> 2   m 7 s
    3   m 10 n
    4   m 3 n


Turn 333
================================================================
warning: entity 7 was directed to use 5 halite to move south, but only 1 halite was available
At command 2 of 5:
    1   m 10 e
>>> 2   m 7 s
    3   m 3 e
    4   m 5 n


Turn 335
================================================================
warning: entity 5 was directed to use 4 halite to move north, but only 1 halite was available
At command 2 of 5:
    1   m 3 e
>>> 2   m 5 n
    3   m 10 e
    4   m 7 e


Turn 336
================================================================
warning: entity 7 was directed to use 5 halite to move east, but only 3 halite was available
At command 1 of 5:
>>> 1   m 7 e
    2   m 3 n
    3   m 10 n


Turn 339
================================================================
warning: entity 5 was directed to use 6 halite to move west, but only 1 halite was available
At command 4 of 5:
    2   m 3 e
    3   m 1 n
>>> 4   m 5 w
    5   m 7 s

warning: entity 7 was directed to use 7 halite to move south, but only 6 halite was available
At command 5 of 5:
    3   m 1 n
    4   m 5 w
>>> 5   m 7 s


Turn 343
================================================================
warning: entity 5 was directed to use 4 halite to move north, but only 3 halite was available
At command 3 of 5:
    1   m 7 s
    2   m 10 e
>>> 3   m 5 n
    4   m 1 s
    5   m 3 n


Turn 344
================================================================
warning: entity 7 was directed to use 8 halite to move south, but only 1 halite was available
At command 2 of 5:
    1   m 1 s
>>> 2   m 7 s
    3   m 10 e
    4   m 3 s


Turn 347
================================================================
warning: entity 5 was directed to use 7 halite to move east, but only 1 halite was available
At command 3 of 5:
    1   m 1 n
    2   m 10 n
>>> 3   m 5 e
    4   m 3 s
    5   m 7 o


Turn 356
================================================================
warning: entity 5 was directed to use 4 halite to move east, but only 1 halite was available
At command 4 of 4:
    2   m 7 s
    3   m 1 n
>>> 4   m 5 e


Turn 359
================================================================
warning: entity 5 was directed to use 7 halite to move west, but only 2 halite was available
At command 4 of 4:
    2   m 10 e
    3   m 1 e
>>> 4   m 5 w


Turn 362
================================================================
warning: entity 5 was directed to use 9 halite to move south, but only 6 halite was available
At command 2 of 4:
    1   m 10 e
>>> 2   m 5 s
    3   m 1 w
    4   m 7 o


Turn 367
================================================================
warning: entity 5 was directed to use 8 halite to move north, but only 3 halite was available
At command 1 of 4:
>>> 1   m 5 n
    2   m 7 o
    3   m 1 n


Turn 371
================================================================
warning: entity 5 was directed to use 6 halite to move south, but only 4 halite was available
At command 2 of 4:
    1   m 1 n
>>> 2   m 5 s
    3   m 7 e
    4   m 10 e


Turn 379
================================================================
warning: entity 5 was directed to use 3 halite to move north, but only 2 halite was available
At command 3 of 4:
    1   m 1 w
    2   m 10 s
>>> 3   m 5 n
    4   m 7 o


Turn 383
================================================================
warning: entity 5 was directed to use 7 halite to move south, but only 4 halite was available
At command 2 of 4:
    1   m 10 w
>>> 2   m 5 s
    3   m 1 n
    4   m 7 o


Turn 391
================================================================
warning: entity 5 was directed to use 2 halite to move north, but only 0 halite was available
At command 2 of 4:
    1   m 10 e
>>> 2   m 5 n
    3   m 7 n
    4   m 1 e


Turn 397
================================================================
warning: entity 5 was directed to use 2 halite to move east, but only 0 halite was available
At command 3 of 4:
    1   m 10 n
    2   m 7 e
>>> 3   m 5 e
    4   m 1 n

