
Turn 11
================================================================
warning: entity 6 was directed to use 8 halite to move south, but only 0 halite was available
At command 1 of 4:
>>> 1   m 6 s
    2   m 2 o
    3   m 0 o


Turn 16
================================================================
warning: entity 8 was directed to use 8 halite to move south, but only 0 halite was available
At command 2 of 5:
    1   m 0 o
>>> 2   m 8 s
    3   m 4 o
    4   m 2 o


Turn 20
================================================================
warning: entity 6 was directed to use 4 halite to move west, but only 0 halite was available
At command 1 of 5:
>>> 1   m 6 w
    2   m 4 o
    3   m 8 o


Turn 23
================================================================
warning: entity 6 was directed to use 6 halite to move west, but only 0 halite was available
At command 2 of 5:
    1   m 4 s
>>> 2   m 6 w
    3   m 8 o
    4   m 2 n


Turn 24
================================================================
error: communication error with bot: read failed, errno was: 0 (Success)
Last input received was:


Bot error output was:
Traceback (most recent call last):
  File "MyBot.py", line 61, in <module>
    command_queue.append(intendMove(Direction.convert(game_map.naive_navigate(ship, me.shipyard.position))))
TypeError: intendMove() missing 1 required positional argument: 'direction'

