
Turn 13
================================================================
warning: entity 7 was directed to use 9 halite to move south, but only 0 halite was available
At command 1 of 4:
>>> 1   m 7 s
    2   m 2 o
    3   m 1 o


Turn 32
================================================================
warning: entity 1 was directed to use 9 halite to move north, but only 0 halite was available
At command 4 of 5:
    2   m 2 o
    3   m 7 o
>>> 4   m 1 n
    5   m 8 n


Turn 44
================================================================
warning: entity 1 was directed to use 7 halite to move east, but only 5 halite was available
At command 4 of 5:
    2   m 7 o
    3   m 2 w
>>> 4   m 1 e
    5   m 8 o


Turn 48
================================================================
warning: entity 1 was directed to use 3 halite to move north, but only 0 halite was available
At command 3 of 5:
    1   m 7 o
    2   m 2 o
>>> 3   m 1 n
    4   m 8 e
    5   m 4 e


Turn 50
================================================================
warning: entity 1 was directed to use 9 halite to move west, but only 8 halite was available
At command 4 of 5:
    2   m 7 e
    3   m 2 s
>>> 4   m 1 w
    5   m 8 o


Turn 57
================================================================
warning: entity 1 was directed to use 7 halite to move south, but only 5 halite was available
At command 2 of 5:
    1   m 8 w
>>> 2   m 1 s
    3   m 4 o
    4   m 7 n


Turn 60
================================================================
warning: entity 7 was directed to use 6 halite to move north, but only 0 halite was available
At command 1 of 6:
>>> 1   m 7 n
    2   m 2 w
    3   m 8 n


Turn 62
================================================================
warning: entity 11 was directed to use 2 halite to move south, but only 0 halite was available
At command 3 of 6:
    1   m 7 e
    2   m 4 w
>>> 3   m 11 s
    4   m 2 e
    5   m 8 o


Turn 65
================================================================
warning: entity 7 was directed to use 5 halite to move west, but only 0 halite was available
At command 1 of 6:
>>> 1   m 7 w
    2   m 2 e
    3   m 4 e


Turn 77
================================================================
warning: entity 7 was directed to use 1 halite to move east, but only 0 halite was available
At command 1 of 6:
>>> 1   m 7 e
    2   m 11 w
    3   m 4 o


Turn 79
================================================================
warning: entity 2 was directed to use 3 halite to move north, but only 0 halite was available
At command 1 of 6:
>>> 1   m 2 n
    2   m 7 w
    3   m 11 e

warning: entity 11 was directed to use 6 halite to move east, but only 3 halite was available
At command 3 of 6:
    1   m 2 n
    2   m 7 w
>>> 3   m 11 e
    4   m 4 n
    5   m 8 w


Turn 82
================================================================
warning: entity 2 was directed to use 2 halite to move north, but only 0 halite was available
At command 2 of 6:
    1   m 7 o
>>> 2   m 2 n
    3   m 11 o
    4   m 4 o


Turn 84
================================================================
warning: entity 2 was directed to use 7 halite to move east, but only 6 halite was available
At command 6 of 7:
    4   m 4 e
    5   m 11 o
>>> 6   m 2 e
    7   m 7 n


Turn 85
================================================================
warning: entity 7 was directed to use 8 halite to move east, but only 6 halite was available
At command 5 of 8:
    3   m 12 w
    4   m 4 o
>>> 5   m 7 e
    6   m 11 o
    7   m 2 s


Turn 86
================================================================
warning: entity 12 was directed to use 5 halite to move south, but only 0 halite was available
At command 3 of 8:
    1   m 13 e
    2   m 8 n
>>> 3   m 12 s
    4   m 2 s
    5   m 1 o


Turn 87
================================================================
warning: entity 13 was directed to use 7 halite to move west, but only 0 halite was available
At command 1 of 8:
>>> 1   m 13 w
    2   m 8 s
    3   m 4 w


Turn 88
================================================================
warning: entity 2 was directed to use 8 halite to move south, but only 6 halite was available
At command 1 of 8:
>>> 1   m 2 s
    2   m 4 o
    3   m 8 s


Turn 90
================================================================
warning: entity 7 was directed to use 5 halite to move west, but only 0 halite was available
At command 2 of 8:
    1   m 8 e
>>> 2   m 7 w
    3   m 12 n
    4   m 4 n


Turn 91
================================================================
warning: entity 12 was directed to use 3 halite to move east, but only 0 halite was available
At command 2 of 8:
    1   m 2 n
>>> 2   m 12 e
    3   m 8 n
    4   m 4 s


Turn 93
================================================================
warning: entity 2 was directed to use 8 halite to move north, but only 1 halite was available
At command 1 of 8:
>>> 1   m 2 n
    2   m 13 w
    3   m 4 o


Turn 95
================================================================
warning: entity 13 was directed to use 7 halite to move north, but only 1 halite was available
At command 2 of 8:
    1   m 11 n
>>> 2   m 13 n
    3   m 1 s
    4   m 2 s


Turn 97
================================================================
warning: entity 2 was directed to use 9 halite to move east, but only 2 halite was available
At command 1 of 8:
>>> 1   m 2 e
    2   m 4 w
    3   m 12 n


Turn 101
================================================================
warning: entity 2 was directed to use 8 halite to move north, but only 7 halite was available
At command 1 of 8:
>>> 1   m 2 n
    2   m 12 o
    3   m 8 e


Turn 105
================================================================
warning: entity 2 was directed to use 8 halite to move west, but only 7 halite was available
At command 2 of 8:
    1   m 7 w
>>> 2   m 2 w
    3   m 4 o
    4   m 8 o


Turn 110
================================================================
warning: entity 4 was directed to use 4 halite to move west, but only 0 halite was available
At command 3 of 8:
    1   m 8 o
    2   m 1 n
>>> 3   m 4 w
    4   m 7 e
    5   m 12 s


Turn 113
================================================================
warning: entity 15 was directed to use 3 halite to move south, but only 0 halite was available
At command 2 of 9:
    1   m 1 o
>>> 2   m 15 s
    3   m 12 e
    4   m 8 n

warning: entity 4 was directed to use 3 halite to move west, but only 2 halite was available
At command 6 of 9:
    4   m 8 n
    5   m 2 e
>>> 6   m 4 w
    7   m 13 o
    8   m 11 e


Turn 114
================================================================
warning: entity 2 was directed to use 9 halite to move north, but only 0 halite was available
At command 1 of 9:
>>> 1   m 2 n
    2   m 8 e
    3   m 12 w


Turn 116
================================================================
warning: entity 15 was directed to use 8 halite to move north, but only 0 halite was available
At command 2 of 9:
    1   m 4 o
>>> 2   m 15 n
    3   m 7 n
    4   m 12 w


Turn 120
================================================================
warning: entity 15 was directed to use 8 halite to move east, but only 5 halite was available
At command 6 of 9:
    4   m 11 s
    5   m 8 e
>>> 6   m 15 e
    7   m 1 s
    8   m 4 s


Turn 128
================================================================
warning: entity 4 was directed to use 8 halite to move south, but only 6 halite was available
At command 3 of 9:
    1   m 12 n
    2   m 2 s
>>> 3   m 4 s
    4   m 11 n
    5   m 15 s


Turn 133
================================================================
warning: entity 4 was directed to use 6 halite to move north, but only 3 halite was available
At command 2 of 9:
    1   m 2 w
>>> 2   m 4 n
    3   m 11 w
    4   m 7 w


Turn 136
================================================================
warning: entity 4 was directed to use 9 halite to move north, but only 7 halite was available
At command 2 of 9:
    1   m 1 e
>>> 2   m 4 n
    3   m 11 n
    4   m 13 w


Turn 143
================================================================
warning: entity 4 was directed to use 6 halite to move south, but only 1 halite was available
At command 2 of 9:
    1   m 13 s
>>> 2   m 4 s
    3   m 12 w
    4   m 7 o


Turn 147
================================================================
warning: entity 4 was directed to use 6 halite to move north, but only 1 halite was available
At command 2 of 9:
    1   m 13 n
>>> 2   m 4 n
    3   m 1 n
    4   m 2 w


Turn 148
================================================================
warning: entity 2 was directed to use 3 halite to move east, but only 2 halite was available
At command 3 of 9:
    1   m 1 n
    2   m 13 e
>>> 3   m 2 e
    4   m 15 e
    5   m 12 o


Turn 153
================================================================
warning: entity 2 was directed to use 4 halite to move north, but only 3 halite was available
At command 3 of 9:
    1   m 1 n
    2   m 15 o
>>> 3   m 2 n
    4   m 7 s
    5   m 4 n


Turn 163
================================================================
warning: entity 2 was directed to use 2 halite to move north, but only 0 halite was available
At command 1 of 9:
>>> 1   m 2 n
    2   m 13 o
    3   m 11 e


Turn 167
================================================================
warning: entity 2 was directed to use 5 halite to move north, but only 2 halite was available
At command 1 of 9:
>>> 1   m 2 n
    2   m 13 n
    3   m 8 n


Turn 171
================================================================
warning: entity 2 was directed to use 2 halite to move north, but only 0 halite was available
At command 7 of 9:
    5   m 13 s
    6   m 12 n
>>> 7   m 2 n
    8   m 11 e
    9   m 1 o


Turn 175
================================================================
warning: entity 2 was directed to use 3 halite to move west, but only 1 halite was available
At command 7 of 9:
    5   m 15 e
    6   m 7 s
>>> 7   m 2 w
    8   m 4 o
    9   m 8 e


Turn 179
================================================================
warning: entity 2 was directed to use 7 halite to move north, but only 4 halite was available
At command 2 of 9:
    1   m 8 n
>>> 2   m 2 n
    3   m 15 e
    4   m 11 o


Turn 213
================================================================
warning: entity 2 was directed to use 1 halite to move east, but only 0 halite was available
At command 3 of 9:
    1   m 15 e
    2   m 7 s
>>> 3   m 2 e
    4   m 8 n
    5   m 4 o


Turn 216
================================================================
warning: entity 2 was directed to use 5 halite to move north, but only 1 halite was available
At command 3 of 9:
    1   m 12 s
    2   m 8 n
>>> 3   m 2 n
    4   m 15 w
    5   m 11 s


Turn 222
================================================================
warning: entity 2 was directed to use 9 halite to move south, but only 2 halite was available
At command 5 of 9:
    3   m 8 s
    4   m 13 o
>>> 5   m 2 s
    6   m 4 n
    7   m 12 e


Turn 224
================================================================
warning: entity 4 was directed to use 1 halite to move north, but only 0 halite was available
At command 5 of 9:
    3   m 7 e
    4   m 8 s
>>> 5   m 4 n
    6   m 11 o
    7   m 12 o


Turn 226
================================================================
warning: entity 4 was directed to use 8 halite to move south, but only 4 halite was available
At command 5 of 9:
    3   m 8 w
    4   m 1 n
>>> 5   m 4 s
    6   m 12 n
    7   m 15 s


Turn 228
================================================================
warning: entity 2 was directed to use 8 halite to move west, but only 2 halite was available
At command 4 of 9:
    2   m 12 s
    3   m 13 n
>>> 4   m 2 w
    5   m 1 n
    6   m 15 e


Turn 232
================================================================
warning: entity 2 was directed to use 9 halite to move east, but only 0 halite was available
At command 1 of 9:
>>> 1   m 2 e
    2   m 15 w
    3   m 8 w


Turn 236
================================================================
warning: entity 2 was directed to use 6 halite to move east, but only 1 halite was available
At command 5 of 9:
    3   m 8 e
    4   m 13 e
>>> 5   m 2 e
    6   m 1 s
    7   m 4 e

warning: entity 4 was directed to use 5 halite to move east, but only 4 halite was available
At command 7 of 9:
    5   m 2 e
    6   m 1 s
>>> 7   m 4 e
    8   m 15 w
    9   m 7 n


Turn 241
================================================================
warning: entity 2 was directed to use 1 halite to move west, but only 0 halite was available
At command 2 of 9:
    1   m 11 w
>>> 2   m 2 w
    3   m 12 s
    4   m 7 s


Turn 245
================================================================
warning: entity 2 was directed to use 2 halite to move east, but only 0 halite was available
At command 6 of 9:
    4   m 8 w
    5   m 1 w
>>> 6   m 2 e
    7   m 4 s
    8   m 11 s


Turn 248
================================================================
warning: entity 4 was directed to use 3 halite to move south, but only 2 halite was available
At command 7 of 9:
    5   m 11 e
    6   m 1 e
>>> 7   m 4 s
    8   m 13 w
    9   m 2 n


Turn 257
================================================================
warning: entity 4 was directed to use 1 halite to move north, but only 0 halite was available
At command 7 of 9:
    5   m 13 w
    6   m 11 w
>>> 7   m 4 n
    8   m 2 e
    9   m 12 o


Turn 265
================================================================
warning: entity 4 was directed to use 6 halite to move south, but only 1 halite was available
At command 2 of 9:
    1   m 13 n
>>> 2   m 4 s
    3   m 15 s
    4   m 2 n

warning: entity 2 was directed to use 9 halite to move north, but only 2 halite was available
At command 4 of 9:
    2   m 4 s
    3   m 15 s
>>> 4   m 2 n
    5   m 12 n
    6   m 11 e


Turn 269
================================================================
warning: entity 2 was directed to use 8 halite to move north, but only 5 halite was available
At command 3 of 9:
    1   m 8 s
    2   m 13 w
>>> 3   m 2 n
    4   m 4 n
    5   m 12 w

warning: entity 4 was directed to use 7 halite to move north, but only 0 halite was available
At command 4 of 9:
    2   m 13 w
    3   m 2 n
>>> 4   m 4 n
    5   m 12 w
    6   m 11 w


Turn 273
================================================================
warning: entity 4 was directed to use 5 halite to move north, but only 4 halite was available
At command 3 of 8:
    1   m 1 e
    2   m 13 n
>>> 3   m 4 n
    4   m 11 e
    5   m 7 e


Turn 280
================================================================
warning: entity 4 was directed to use 9 halite to move south, but only 3 halite was available
At command 6 of 8:
    4   m 15 e
    5   m 12 s
>>> 6   m 4 s
    7   m 11 s
    8   m 8 n


Turn 284
================================================================
warning: entity 4 was directed to use 8 halite to move west, but only 4 halite was available
At command 4 of 8:
    2   m 15 e
    3   m 12 w
>>> 4   m 4 w
    5   m 11 s
    6   m 7 n


Turn 289
================================================================
warning: entity 4 was directed to use 3 halite to move south, but only 0 halite was available
At command 4 of 8:
    2   m 12 s
    3   m 13 s
>>> 4   m 4 s
    5   m 7 s
    6   m 8 o


Turn 292
================================================================
warning: entity 4 was directed to use 9 halite to move west, but only 1 halite was available
At command 2 of 8:
    1   m 15 e
>>> 2   m 4 w
    3   m 1 e
    4   m 13 w


Turn 297
================================================================
warning: entity 4 was directed to use 7 halite to move south, but only 2 halite was available
At command 5 of 8:
    3   m 12 n
    4   m 13 n
>>> 5   m 4 s
    6   m 8 s
    7   m 1 s


Turn 301
================================================================
warning: entity 4 was directed to use 9 halite to move north, but only 3 halite was available
At command 5 of 8:
    3   m 7 n
    4   m 13 s
>>> 5   m 4 n
    6   m 12 o
    7   m 1 s


Turn 308
================================================================
warning: entity 4 was directed to use 4 halite to move north, but only 3 halite was available
At command 2 of 8:
    1   m 15 n
>>> 2   m 4 n
    3   m 12 e
    4   m 8 w


Turn 311
================================================================
warning: entity 4 was directed to use 7 halite to move east, but only 6 halite was available
At command 1 of 8:
>>> 1   m 4 e
    2   m 12 s
    3   m 8 n

