
Turn 16
================================================================
warning: entity 6 was directed to use 7 halite to move south, but only 0 halite was available
At command 1 of 5:
>>> 1   m 6 s
    2   m 1 o
    3   m 4 o


Turn 18
================================================================
warning: entity 8 was directed to use 8 halite to move east, but only 0 halite was available
At command 1 of 5:
>>> 1   m 8 e
    2   m 1 o
    3   m 3 s


Turn 20
================================================================
warning: entity 3 was directed to use 4 halite to move north, but only 0 halite was available
At command 1 of 5:
>>> 1   m 3 n
    2   m 8 o
    3   m 1 o


Turn 25
================================================================
warning: entity 3 was directed to use 6 halite to move east, but only 0 halite was available
At command 1 of 5:
>>> 1   m 3 e
    2   m 4 o
    3   m 1 o


Turn 28
================================================================
warning: entity 3 was directed to use 9 halite to move north, but only 0 halite was available
At command 1 of 5:
>>> 1   m 3 n
    2   m 4 e
    3   m 6 o


Turn 34
================================================================
warning: entity 3 was directed to use 3 halite to move west, but only 0 halite was available
At command 2 of 5:
    1   m 4 o
>>> 2   m 3 w
    3   m 6 n
    4   m 1 s

