
Turn 8
================================================================
warning: entity 3 was directed to use 7 halite to move south, but only 0 halite was available
At command 1 of 4:
>>> 1   m 3 s
    2   m 4 o
    3   m 1 o


Turn 10
================================================================
warning: entity 7 was directed to use 9 halite to move east, but only 0 halite was available
At command 1 of 4:
>>> 1   m 7 e
    2   m 4 e
    3   m 3 e


Turn 11
================================================================
warning: entity 3 was directed to use 9 halite to move east, but only 0 halite was available
At command 2 of 5:
    1   m 4 o
>>> 2   m 3 e
    3   m 7 e
    4   m 1 o


Turn 13
================================================================
warning: entity 8 was directed to use 6 halite to move north, but only 0 halite was available
At command 3 of 5:
    1   m 7 e
    2   m 3 w
>>> 3   m 8 n
    4   m 1 o
    5   m 4 e


Turn 14
================================================================
warning: entity 7 was directed to use 9 halite to move south, but only 2 halite was available
At command 1 of 5:
>>> 1   m 7 s
    2   m 4 o
    3   m 3 e

warning: entity 3 was directed to use 5 halite to move east, but only 0 halite was available
At command 3 of 5:
    1   m 7 s
    2   m 4 o
>>> 3   m 3 e
    4   m 8 w
    5   m 1 o


Turn 16
================================================================
warning: entity 8 was directed to use 4 halite to move north, but only 0 halite was available
At command 4 of 5:
    2   m 4 e
    3   m 3 w
>>> 4   m 8 n
    5   m 1 n


Turn 18
================================================================
warning: entity 7 was directed to use 7 halite to move south, but only 0 halite was available
At command 1 of 5:
>>> 1   m 7 s
    2   m 4 o
    3   m 3 o

warning: owned entities 8, 3 collided on cell (5, 16) as the result of moves on this turn
At command 4 of 5:
    2   m 4 o
    3   m 3 o
>>> 4   m 8 w
    5   m 1 o


Turn 70
================================================================
warning: entity 4 was directed to use 3 halite to move south, but only 0 halite was available
At command 1 of 3:
>>> 1   m 4 s
    2   m 1 s
    3   m 7 n


Turn 72
================================================================
warning: entity 4 was directed to use 7 halite to move north, but only 6 halite was available
At command 2 of 3:
    1   m 7 w
>>> 2   m 4 n
    3   m 1 s


Turn 82
================================================================
warning: entity 4 was directed to use 4 halite to move west, but only 0 halite was available
At command 2 of 3:
    1   m 7 w
>>> 2   m 4 w
    3   m 1 w


Turn 118
================================================================
warning: owned entities 4, 1 collided on cell (3, 14) as the result of moves on this turn
At command 1 of 3:
>>> 1   m 4 n
    2   m 7 w
    3   m 1 s

Other commands that placed an entity on this cell:
    1   m 4 n
    2   m 7 w
>>> 3   m 1 s


Turn 134
================================================================
warning: entity 7 was directed to use 5 halite to move north, but only 0 halite was available
At command 1 of 1:
>>> 1   m 7 n


Turn 138
================================================================
warning: entity 7 was directed to use 8 halite to move east, but only 0 halite was available
At command 1 of 1:
>>> 1   m 7 e


Turn 142
================================================================
warning: entity 7 was directed to use 6 halite to move north, but only 3 halite was available
At command 1 of 1:
>>> 1   m 7 n


Turn 146
================================================================
warning: entity 7 was directed to use 7 halite to move east, but only 3 halite was available
At command 1 of 1:
>>> 1   m 7 e

