
Turn 17
================================================================
warning: entity 2 was directed to use 9 halite to move south, but only 0 halite was available
At command 1 of 3:
>>> 1   m 2 s
    2   m 0 o
    3   m 5 n


Turn 20
================================================================
warning: entity 5 was directed to use 9 halite to move west, but only 0 halite was available
At command 1 of 3:
>>> 1   m 5 w
    2   m 2 o
    3   m 0 o


Turn 25
================================================================
warning: entity 6 was directed to use 5 halite to move west, but only 0 halite was available
At command 2 of 4:
    1   m 2 w
>>> 2   m 6 w
    3   m 0 o
    4   m 5 n


Turn 27
================================================================
warning: entity 5 was directed to use 7 halite to move east, but only 0 halite was available
At command 2 of 5:
    1   m 2 o
>>> 2   m 5 e
    3   m 6 o
    4   m 0 o


Turn 29
================================================================
warning: entity 8 was directed to use 4 halite to move south, but only 0 halite was available
At command 2 of 5:
    1   m 2 o
>>> 2   m 8 s
    3   m 0 o
    4   m 5 o

