
Turn 3
================================================================
warning: entity 1 was directed to use 5 halite to move north, but only 0 halite was available
At command 2 of 3:
    1   m 3 w
>>> 2   m 1 n
    3   g


Turn 4
================================================================
warning: entity 3 was directed to use 2 halite to move west, but only 0 halite was available
At command 3 of 4:
    1   m 5 n
    2   m 1 o
>>> 3   m 3 w
    4   g


Turn 5
================================================================
warning: entity 5 was directed to use 4 halite to move east, but only 0 halite was available
At command 2 of 4:
    1   m 7 o
>>> 2   m 5 e
    3   m 1 o
    4   m 3 o


Turn 7
================================================================
warning: entity 7 was directed to use 2 halite to move south, but only 0 halite was available
At command 1 of 5:
>>> 1   m 7 s
    2   m 5 o
    3   m 8 o

