
Turn 4
================================================================
warning: entity 3 was directed to use 9 halite to move west, but only 0 halite was available
At command 3 of 3:
    1   m 5 o
    2   m 1 o
>>> 3   m 3 w


Turn 8
================================================================
warning: entity 8 was directed to use 6 halite to move west, but only 0 halite was available
At command 3 of 5:
    1   m 9 o
    2   m 5 w
>>> 3   m 8 w
    4   m 1 o
    5   m 3 o


Turn 15
================================================================
warning: entity 8 was directed to use 6 halite to move west, but only 1 halite was available
At command 1 of 5:
>>> 1   m 8 w
    2   m 1 o
    3   m 9 e


Turn 25
================================================================
warning: owned entities 3, 1 collided on cell (6, 17) as the result of moves on this turn
At command 5 of 5:
    3   m 1 o
    4   m 8 n
>>> 5   m 3 e


Turn 48
================================================================
warning: entity 9 was directed to use 8 halite to move east, but only 6 halite was available
At command 1 of 3:
>>> 1   m 9 e
    2   m 5 n
    3   m 8 w


Turn 150
================================================================
warning: entity 8 was directed to use 7 halite to move west, but only 0 halite was available
At command 4 of 4:
    2   m 5 s
    3   m 9 s
>>> 4   m 8 w


Turn 153
================================================================
warning: entity 11 was directed to use 6 halite to move east, but only 0 halite was available
At command 2 of 4:
    1   m 5 o
>>> 2   m 11 e
    3   m 8 w
    4   m 9 n


Turn 157
================================================================
warning: entity 11 was directed to use 7 halite to move west, but only 3 halite was available
At command 3 of 4:
    1   m 9 n
    2   m 5 o
>>> 3   m 11 w
    4   m 8 o


Turn 161
================================================================
warning: entity 11 was directed to use 7 halite to move west, but only 1 halite was available
At command 2 of 5:
    1   m 9 s
>>> 2   m 11 w
    3   m 8 w
    4   m 12 s

warning: entity 12 was directed to use 4 halite to move south, but only 0 halite was available
At command 4 of 5:
    2   m 11 w
    3   m 8 w
>>> 4   m 12 s
    5   m 5 o


Turn 165
================================================================
warning: entity 11 was directed to use 6 halite to move west, but only 5 halite was available
At command 1 of 5:
>>> 1   m 11 w
    2   m 9 n
    3   m 8 o


Turn 166
================================================================
warning: entity 12 was directed to use 8 halite to move north, but only 2 halite was available
At command 4 of 5:
    2   m 11 w
    3   m 8 o
>>> 4   m 12 n
    5   m 5 e


Turn 168
================================================================
warning: entity 5 was directed to use 8 halite to move west, but only 2 halite was available
At command 4 of 5:
    2   m 11 s
    3   m 9 n
>>> 4   m 5 w
    5   m 12 s


Turn 170
================================================================
warning: entity 12 was directed to use 7 halite to move west, but only 2 halite was available
At command 5 of 5:
    3   m 11 s
    4   m 5 n
>>> 5   m 12 w


Turn 172
================================================================
warning: entity 5 was directed to use 9 halite to move south, but only 1 halite was available
At command 3 of 5:
    1   m 9 w
    2   m 11 s
>>> 3   m 5 s
    4   m 12 w
    5   m 8 s


Turn 173
================================================================
warning: entity 11 was directed to use 2 halite to move south, but only 1 halite was available
At command 1 of 5:
>>> 1   m 11 s
    2   m 9 n
    3   m 8 s


Turn 175
================================================================
warning: entity 11 was directed to use 7 halite to move east, but only 6 halite was available
At command 1 of 5:
>>> 1   m 11 e
    2   m 9 n
    3   m 8 o


Turn 176
================================================================
warning: entity 5 was directed to use 9 halite to move east, but only 3 halite was available
At command 2 of 5:
    1   m 9 n
>>> 2   m 5 e
    3   m 12 o
    4   m 11 w


Turn 181
================================================================
warning: entity 11 was directed to use 6 halite to move south, but only 1 halite was available
At command 2 of 5:
    1   m 9 e
>>> 2   m 11 s
    3   m 8 o
    4   m 5 n

warning: entity 5 was directed to use 5 halite to move north, but only 3 halite was available
At command 4 of 5:
    2   m 11 s
    3   m 8 o
>>> 4   m 5 n
    5   m 12 o


Turn 184
================================================================
warning: owned entities 5, 9 collided on cell (11, 13) as the result of moves on this turn
At command 4 of 5:
    2   m 11 s
    3   m 12 o
>>> 4   m 5 n
    5   m 8 n


Turn 186
================================================================
warning: entity 11 was directed to use 8 halite to move west, but only 2 halite was available
At command 1 of 3:
>>> 1   m 11 w
    2   m 8 n
    3   m 12 o


Turn 191
================================================================
warning: entity 11 was directed to use 4 halite to move west, but only 0 halite was available
At command 2 of 3:
    1   m 8 w
>>> 2   m 11 w
    3   m 12 o


Turn 194
================================================================
warning: entity 11 was directed to use 3 halite to move west, but only 0 halite was available
At command 1 of 3:
>>> 1   m 11 w
    2   m 8 o
    3   m 12 e


Turn 198
================================================================
warning: entity 11 was directed to use 3 halite to move south, but only 2 halite was available
At command 1 of 3:
>>> 1   m 11 s
    2   m 8 e
    3   m 12 e


Turn 201
================================================================
warning: entity 11 was directed to use 7 halite to move east, but only 3 halite was available
At command 2 of 3:
    1   m 8 e
>>> 2   m 11 e
    3   m 12 e


Turn 228
================================================================
warning: entity 11 was directed to use 6 halite to move west, but only 3 halite was available
At command 2 of 3:
    1   m 8 n
>>> 2   m 11 w
    3   m 12 w


Turn 232
================================================================
warning: entity 11 was directed to use 5 halite to move west, but only 4 halite was available
At command 2 of 3:
    1   m 8 s
>>> 2   m 11 w
    3   m 12 s


Turn 236
================================================================
warning: entity 11 was directed to use 8 halite to move north, but only 7 halite was available
At command 2 of 3:
    1   m 8 n
>>> 2   m 11 n
    3   m 12 w


Turn 241
================================================================
warning: owned entities 11, 12 collided on cell (5, 20) as the result of moves on this turn
At command 3 of 3:
    1   m 8 s
    2   m 12 o
>>> 3   m 11 s

