
Turn 15
================================================================
warning: entity 9 was directed to use 4 halite to move west, but only 0 halite was available
At command 4 of 5:
    2   m 0 n
    3   m 5 o
>>> 4   m 9 w
    5   m 2 o


Turn 21
================================================================
warning: entity 4 was directed to use 2 halite to move south, but only 0 halite was available
At command 1 of 5:
>>> 1   m 4 s
    2   m 5 o
    3   m 0 o


Turn 23
================================================================
warning: entity 4 was directed to use 8 halite to move north, but only 5 halite was available
At command 2 of 6:
    1   m 10 s
>>> 2   m 4 n
    3   m 5 o
    4   m 0 w


Turn 24
================================================================
warning: entity 10 was directed to use 9 halite to move west, but only 0 halite was available
At command 2 of 6:
    1   m 0 o
>>> 2   m 10 w
    3   m 4 s
    4   m 5 o


Turn 33
================================================================
warning: entity 5 was directed to use 5 halite to move east, but only 0 halite was available
At command 7 of 7:
    5   m 10 o
    6   m 0 o
>>> 7   m 5 e


Turn 45
================================================================
warning: owned entities 13, 5 collided on cell (24, 14) as the result of moves on this turn
At command 7 of 8:
    5   m 10 o
    6   m 2 o
>>> 7   m 13 e
    8   m 12 n


Turn 49
================================================================
warning: entity 4 was directed to use 6 halite to move west, but only 0 halite was available
At command 2 of 7:
    1   m 12 e
>>> 2   m 4 w
    3   m 16 e
    4   m 10 w

warning: entity 16 was directed to use 4 halite to move east, but only 0 halite was available
At command 3 of 7:
    1   m 12 e
    2   m 4 w
>>> 3   m 16 e
    4   m 10 w
    5   m 2 w


Turn 52
================================================================
warning: entity 16 was directed to use 3 halite to move east, but only 2 halite was available
At command 2 of 7:
    1   m 9 w
>>> 2   m 16 e
    3   m 4 s
    4   m 12 w

warning: entity 4 was directed to use 4 halite to move south, but only 2 halite was available
At command 3 of 7:
    1   m 9 w
    2   m 16 e
>>> 3   m 4 s
    4   m 12 w
    5   m 0 o


Turn 55
================================================================
warning: entity 4 was directed to use 3 halite to move north, but only 2 halite was available
At command 1 of 8:
>>> 1   m 4 n
    2   m 16 o
    3   m 2 e


Turn 58
================================================================
warning: entity 12 was directed to use 6 halite to move west, but only 5 halite was available
At command 1 of 8:
>>> 1   m 12 w
    2   m 4 o
    3   m 2 o

warning: owned entities 16, 12 collided on cell (24, 15) as the result of moves on this turn
At command 4 of 8:
    2   m 4 o
    3   m 2 o
>>> 4   m 16 w
    5   m 0 o
    6   m 17 o


Turn 60
================================================================
warning: entity 17 was directed to use 2 halite to move west, but only 0 halite was available
At command 4 of 6:
    2   m 9 o
    3   m 0 o
>>> 4   m 17 w
    5   m 4 o
    6   m 10 n


Turn 63
================================================================
warning: entity 10 was directed to use 1 halite to move east, but only 0 halite was available
At command 1 of 7:
>>> 1   m 10 e
    2   m 19 e
    3   m 2 o

warning: owned entities 19, 10 collided on cell (24, 16) as the result of moves on this turn
At command 2 of 7:
    1   m 10 e
>>> 2   m 19 e
    3   m 2 o
    4   m 9 n


Turn 68
================================================================
warning: entity 9 was directed to use 6 halite to move east, but only 1 halite was available
At command 1 of 6:
>>> 1   m 9 e
    2   m 4 e
    3   m 17 o


Turn 69
================================================================
warning: entity 20 was directed to use 3 halite to move south, but only 0 halite was available
At command 1 of 6:
>>> 1   m 20 s
    2   m 4 e
    3   m 2 n


Turn 71
================================================================
warning: entity 2 was directed to use 1 halite to move north, but only 0 halite was available
At command 2 of 7:
    1   m 22 e
>>> 2   m 2 n
    3   m 20 o
    4   m 0 o


Turn 72
================================================================
warning: entity 22 was directed to use 1 halite to move south, but only 0 halite was available
At command 1 of 7:
>>> 1   m 22 s
    2   m 2 o
    3   m 20 n

warning: entity 17 was directed to use 9 halite to move south, but only 5 halite was available
At command 4 of 7:
    2   m 2 o
    3   m 20 n
>>> 4   m 17 s
    5   m 0 o
    6   m 4 o


Turn 76
================================================================
warning: entity 2 was directed to use 8 halite to move west, but only 7 halite was available
At command 1 of 7:
>>> 1   m 2 w
    2   m 20 s
    3   m 22 s


Turn 77
================================================================
warning: entity 20 was directed to use 8 halite to move south, but only 1 halite was available
At command 2 of 7:
    1   m 22 o
>>> 2   m 20 s
    3   m 9 o
    4   m 2 w


Turn 85
================================================================
warning: entity 23 was directed to use 5 halite to move north, but only 1 halite was available
At command 1 of 8:
>>> 1   m 23 n
    2   m 20 o
    3   m 4 e

warning: entity 0 was directed to use 9 halite to move west, but only 4 halite was available
At command 7 of 8:
    5   m 22 w
    6   m 9 o
>>> 7   m 0 w
    8   m 17 s


Turn 109
================================================================
warning: entity 9 was directed to use 1 halite to move east, but only 0 halite was available
At command 4 of 9:
    2   m 4 w
    3   m 20 o
>>> 4   m 9 e
    5   m 2 o
    6   m 23 o


Turn 113
================================================================
warning: entity 27 was directed to use 2 halite to move south, but only 0 halite was available
At command 4 of 9:
    2   m 4 n
    3   m 20 o
>>> 4   m 27 s
    5   m 22 e
    6   m 2 o

warning: owned entities 23, 27 collided on cell (22, 15) as the result of moves on this turn
At command 7 of 9:
    5   m 22 e
    6   m 2 o
>>> 7   m 23 w
    8   m 0 o
    9   m 17 o


Turn 118
================================================================
warning: entity 2 was directed to use 1 halite to move north, but only 0 halite was available
At command 1 of 8:
>>> 1   m 2 n
    2   m 4 e
    3   m 20 e


Turn 121
================================================================
warning: entity 17 was directed to use 5 halite to move east, but only 0 halite was available
At command 3 of 9:
    1   m 4 n
    2   m 2 o
>>> 3   m 17 e
    4   m 0 n
    5   m 28 e

warning: entity 28 was directed to use 1 halite to move east, but only 0 halite was available
At command 5 of 9:
    3   m 17 e
    4   m 0 n
>>> 5   m 28 e
    6   m 29 n
    7   m 20 o


Turn 122
================================================================
warning: entity 29 was directed to use 2 halite to move south, but only 0 halite was available
At command 1 of 9:
>>> 1   m 29 s
    2   m 4 w
    3   m 2 w


Turn 124
================================================================
warning: entity 2 was directed to use 8 halite to move north, but only 2 halite was available
At command 4 of 9:
    2   m 0 o
    3   m 17 o
>>> 4   m 2 n
    5   m 28 n
    6   m 22 o


Turn 126
================================================================
warning: entity 28 was directed to use 5 halite to move north, but only 0 halite was available
At command 6 of 9:
    4   m 0 n
    5   m 2 o
>>> 6   m 28 n
    7   m 29 n
    8   m 9 e


Turn 131
================================================================
warning: entity 28 was directed to use 9 halite to move east, but only 6 halite was available
At command 4 of 9:
    2   m 4 o
    3   m 20 e
>>> 4   m 28 e
    5   m 0 e
    6   m 17 w


Turn 134
================================================================
warning: entity 17 was directed to use 6 halite to move south, but only 5 halite was available
At command 5 of 9:
    3   m 28 n
    4   m 0 n
>>> 5   m 17 s
    6   m 20 n
    7   m 22 e


Turn 138
================================================================
warning: entity 4 was directed to use 4 halite to move north, but only 0 halite was available
At command 3 of 10:
    1   m 2 o
    2   m 9 w
>>> 3   m 4 n
    4   m 22 s
    5   m 20 e


Turn 140
================================================================
warning: entity 31 was directed to use 3 halite to move south, but only 0 halite was available
At command 4 of 10:
    2   m 20 w
    3   m 28 e
>>> 4   m 31 s
    5   m 22 e
    6   m 9 s


Turn 142
================================================================
warning: entity 4 was directed to use 9 halite to move east, but only 6 halite was available
At command 3 of 10:
    1   m 31 e
    2   m 20 w
>>> 3   m 4 e
    4   m 29 o
    5   m 28 w


Turn 143
================================================================
warning: entity 28 was directed to use 6 halite to move south, but only 4 halite was available
At command 1 of 10:
>>> 1   m 28 s
    2   m 31 o
    3   m 9 n


Turn 146
================================================================
warning: entity 9 was directed to use 1 halite to move south, but only 0 halite was available
At command 1 of 10:
>>> 1   m 9 s
    2   m 22 n
    3   m 20 s

warning: entity 31 was directed to use 8 halite to move north, but only 0 halite was available
At command 5 of 10:
    3   m 20 s
    4   m 28 e
>>> 5   m 31 n
    6   m 0 o
    7   m 17 o


Turn 150
================================================================
warning: entity 31 was directed to use 6 halite to move north, but only 0 halite was available
At command 1 of 10:
>>> 1   m 31 n
    2   m 9 o
    3   m 2 n


Turn 153
================================================================
warning: entity 31 was directed to use 8 halite to move east, but only 4 halite was available
At command 4 of 10:
    2   m 28 w
    3   m 2 s
>>> 4   m 31 e
    5   m 22 e
    6   m 29 o


Turn 162
================================================================
warning: entity 0 was directed to use 9 halite to move east, but only 0 halite was available
At command 8 of 11:
    6   m 33 s
    7   m 9 o
>>> 8   m 0 e
    9   m 17 o
    10   m 22 s


Turn 164
================================================================
warning: entity 33 was directed to use 5 halite to move west, but only 0 halite was available
At command 5 of 11:
    3   m 29 s
    4   m 2 e
>>> 5   m 33 w
    6   m 31 o
    7   m 22 o


Turn 166
================================================================
warning: entity 0 was directed to use 8 halite to move east, but only 6 halite was available
At command 5 of 11:
    3   m 33 w
    4   m 17 e
>>> 5   m 0 e
    6   m 29 o
    7   m 9 s


Turn 171
================================================================
warning: entity 33 was directed to use 9 halite to move north, but only 1 halite was available
At command 2 of 11:
    1   m 29 w
>>> 2   m 33 n
    3   m 9 s
    4   m 28 e


Turn 175
================================================================
warning: entity 9 was directed to use 2 halite to move east, but only 0 halite was available
At command 3 of 11:
    1   m 0 s
    2   m 17 s
>>> 3   m 9 e
    4   m 33 s
    5   m 2 s


Turn 176
================================================================
warning: entity 33 was directed to use 9 halite to move north, but only 4 halite was available
At command 4 of 12:
    2   m 22 s
    3   m 2 e
>>> 4   m 33 n
    5   m 4 o
    6   m 0 n


Turn 178
================================================================
warning: entity 9 was directed to use 8 halite to move south, but only 3 halite was available
At command 7 of 12:
    5   m 20 s
    6   m 31 n
>>> 7   m 9 s
    8   m 2 o
    9   m 0 e


Turn 180
================================================================
warning: entity 35 was directed to use 3 halite to move east, but only 2 halite was available
At command 5 of 13:
    3   m 33 w
    4   m 29 n
>>> 5   m 35 e
    6   m 2 o
    7   m 4 w


Turn 181
================================================================
warning: entity 33 was directed to use 6 halite to move north, but only 3 halite was available
At command 3 of 13:
    1   m 29 n
    2   m 4 w
>>> 3   m 33 n
    4   m 28 e
    5   m 31 n


Turn 183
================================================================
warning: entity 29 was directed to use 3 halite to move west, but only 0 halite was available
At command 2 of 13:
    1   m 35 e
>>> 2   m 29 w
    3   m 31 n
    4   m 28 s

warning: entity 17 was directed to use 1 halite to move east, but only 0 halite was available
At command 11 of 13:
    9   m 37 o
    10   m 0 e
>>> 11   m 17 e
    12   m 2 w
    13   m 9 o


Turn 184
================================================================
warning: entity 28 was directed to use 8 halite to move west, but only 5 halite was available
At command 2 of 13:
    1   m 4 w
>>> 2   m 28 w
    3   m 33 n
    4   m 35 e


Turn 185
================================================================
warning: entity 33 was directed to use 6 halite to move north, but only 2 halite was available
At command 6 of 13:
    4   m 35 o
    5   m 4 e
>>> 6   m 33 n
    7   m 20 w
    8   m 37 o

warning: entity 0 was directed to use 8 halite to move south, but only 0 halite was available
At command 10 of 13:
    8   m 37 o
    9   m 17 o
>>> 10   m 0 s
    11   m 28 n
    12   m 31 o


Turn 189
================================================================
warning: entity 33 was directed to use 5 halite to move east, but only 4 halite was available
At command 3 of 13:
    1   m 9 s
    2   m 22 s
>>> 3   m 33 e
    4   m 29 n
    5   m 4 w

warning: entity 29 was directed to use 6 halite to move north, but only 2 halite was available
At command 4 of 13:
    2   m 22 s
    3   m 33 e
>>> 4   m 29 n
    5   m 4 w
    6   m 28 e

warning: entity 0 was directed to use 6 halite to move east, but only 4 halite was available
At command 12 of 13:
    10   m 31 s
    11   m 35 n
>>> 12   m 0 e
    13   m 17 o


Turn 190
================================================================
warning: entity 28 was directed to use 5 halite to move north, but only 2 halite was available
At command 5 of 13:
    3   m 20 w
    4   m 37 w
>>> 5   m 28 n
    6   m 9 e
    7   m 22 n


Turn 192
================================================================
warning: entity 29 was directed to use 9 halite to move north, but only 7 halite was available
At command 8 of 13:
    6   m 9 e
    7   m 31 s
>>> 8   m 29 n
    9   m 28 n
    10   m 37 e


Turn 193
================================================================
warning: entity 33 was directed to use 5 halite to move west, but only 3 halite was available
At command 2 of 13:
    1   m 9 e
>>> 2   m 33 w
    3   m 4 e
    4   m 22 e


Turn 195
================================================================
warning: entity 17 was directed to use 6 halite to move east, but only 3 halite was available
At command 12 of 13:
    10   m 29 o
    11   m 2 s
>>> 12   m 17 e
    13   m 0 o


Turn 199
================================================================
warning: entity 37 was directed to use 3 halite to move east, but only 0 halite was available
At command 5 of 13:
    3   m 9 s
    4   m 4 w
>>> 5   m 37 e
    6   m 20 s
    7   m 35 s


Turn 202
================================================================
warning: entity 37 was directed to use 4 halite to move east, but only 1 halite was available
At command 6 of 13:
    4   m 22 w
    5   m 20 n
>>> 6   m 37 e
    7   m 28 e
    8   m 2 n


Turn 204
================================================================
warning: entity 28 was directed to use 8 halite to move north, but only 1 halite was available
At command 9 of 13:
    7   m 4 e
    8   m 2 n
>>> 9   m 28 n
    10   m 31 s
    11   m 35 s


Turn 205
================================================================
warning: entity 17 was directed to use 6 halite to move east, but only 5 halite was available
At command 10 of 13:
    8   m 37 w
    9   m 20 w
>>> 10   m 17 e
    11   m 0 e
    12   m 28 w


Turn 206
================================================================
warning: entity 37 was directed to use 6 halite to move west, but only 1 halite was available
At command 5 of 13:
    3   m 29 e
    4   m 4 s
>>> 5   m 37 w
    6   m 20 w
    7   m 9 s


Turn 211
================================================================
warning: entity 28 was directed to use 9 halite to move east, but only 7 halite was available
At command 2 of 13:
    1   m 9 o
>>> 2   m 28 e
    3   m 17 o
    4   m 0 w


Turn 216
================================================================
warning: owned entities 2, 9 collided on cell (29, 23) as the result of moves on this turn
At command 13 of 13:
    11   m 0 w
    12   m 29 n
>>> 13   m 2 s


Turn 218
================================================================
warning: entity 29 was directed to use 2 halite to move east, but only 0 halite was available
At command 10 of 11:
    8   m 0 w
    9   m 17 e
>>> 10   m 29 e
    11   m 31 w


Turn 219
================================================================
warning: entity 17 was directed to use 4 halite to move east, but only 1 halite was available
At command 10 of 11:
    8   m 31 s
    9   m 0 w
>>> 10   m 17 e
    11   m 29 e


Turn 223
================================================================
warning: entity 17 was directed to use 5 halite to move west, but only 2 halite was available
At command 10 of 11:
    8   m 31 n
    9   m 28 n
>>> 10   m 17 w
    11   m 0 o


Turn 227
================================================================
warning: entity 17 was directed to use 6 halite to move south, but only 5 halite was available
At command 7 of 11:
    5   m 33 n
    6   m 31 e
>>> 7   m 17 s
    8   m 0 o
    9   m 28 o


Turn 231
================================================================
warning: entity 29 was directed to use 4 halite to move south, but only 2 halite was available
At command 2 of 11:
    1   m 22 w
>>> 2   m 29 s
    3   m 31 n
    4   m 0 e

warning: entity 17 was directed to use 7 halite to move south, but only 2 halite was available
At command 5 of 11:
    3   m 31 n
    4   m 0 e
>>> 5   m 17 s
    6   m 28 o
    7   m 4 e


Turn 235
================================================================
warning: entity 29 was directed to use 8 halite to move south, but only 2 halite was available
At command 3 of 11:
    1   m 35 n
    2   m 31 w
>>> 3   m 29 s
    4   m 20 o
    5   m 37 o

warning: entity 17 was directed to use 5 halite to move north, but only 0 halite was available
At command 9 of 11:
    7   m 33 w
    8   m 22 w
>>> 9   m 17 n
    10   m 0 s
    11   m 28 o


Turn 238
================================================================
warning: entity 17 was directed to use 3 halite to move north, but only 2 halite was available
At command 5 of 11:
    3   m 4 s
    4   m 0 s
>>> 5   m 17 n
    6   m 31 s
    7   m 29 e


Turn 239
================================================================
warning: entity 29 was directed to use 8 halite to move south, but only 2 halite was available
At command 7 of 11:
    5   m 35 e
    6   m 4 e
>>> 7   m 29 s
    8   m 0 w
    9   m 17 o


Turn 243
================================================================
warning: entity 29 was directed to use 9 halite to move north, but only 2 halite was available
At command 5 of 11:
    3   m 4 e
    4   m 22 s
>>> 5   m 29 n
    6   m 0 w
    7   m 17 e


Turn 244
================================================================
warning: entity 17 was directed to use 5 halite to move south, but only 0 halite was available
At command 8 of 11:
    6   m 33 s
    7   m 0 n
>>> 8   m 17 s
    9   m 29 e
    10   m 20 w


Turn 245
================================================================
warning: entity 20 was directed to use 6 halite to move west, but only 0 halite was available
At command 8 of 11:
    6   m 29 o
    7   m 37 e
>>> 8   m 20 w
    9   m 31 e
    10   m 0 w


Turn 247
================================================================
warning: entity 17 was directed to use 8 halite to move west, but only 4 halite was available
At command 9 of 11:
    7   m 33 n
    8   m 22 s
>>> 9   m 17 w
    10   m 0 e
    11   m 4 e


Turn 249
================================================================
warning: entity 20 was directed to use 7 halite to move east, but only 4 halite was available
At command 4 of 11:
    2   m 4 w
    3   m 37 e
>>> 4   m 20 e
    5   m 22 e
    6   m 33 e


Turn 251
================================================================
warning: entity 17 was directed to use 9 halite to move north, but only 3 halite was available
At command 2 of 11:
    1   m 31 e
>>> 2   m 17 n
    3   m 0 w
    4   m 35 e


Turn 269
================================================================
warning: entity 31 was directed to use 3 halite to move west, but only 0 halite was available
At command 1 of 11:
>>> 1   m 31 w
    2   m 28 w
    3   m 33 e


Turn 272
================================================================
warning: entity 31 was directed to use 6 halite to move south, but only 5 halite was available
At command 1 of 11:
>>> 1   m 31 s
    2   m 17 s
    3   m 0 w


Turn 278
================================================================
warning: entity 31 was directed to use 9 halite to move west, but only 1 halite was available
At command 4 of 11:
    2   m 33 e
    3   m 28 n
>>> 4   m 31 w
    5   m 22 s
    6   m 35 w


Turn 284
================================================================
warning: entity 20 was directed to use 5 halite to move east, but only 0 halite was available
At command 8 of 11:
    6   m 28 s
    7   m 22 w
>>> 8   m 20 e
    9   m 37 e
    10   m 4 s


Turn 289
================================================================
warning: entity 20 was directed to use 3 halite to move north, but only 0 halite was available
At command 5 of 11:
    3   m 4 w
    4   m 28 n
>>> 5   m 20 n
    6   m 37 e
    7   m 33 e


Turn 293
================================================================
warning: entity 20 was directed to use 5 halite to move south, but only 3 halite was available
At command 7 of 11:
    5   m 35 n
    6   m 37 s
>>> 7   m 20 s
    8   m 28 e
    9   m 29 o


Turn 295
================================================================
warning: entity 31 was directed to use 8 halite to move north, but only 1 halite was available
At command 1 of 11:
>>> 1   m 31 n
    2   m 28 e
    3   m 33 w


Turn 299
================================================================
warning: entity 20 was directed to use 8 halite to move west, but only 2 halite was available
At command 2 of 11:
    1   m 37 w
>>> 2   m 20 w
    3   m 28 e
    4   m 22 s


Turn 303
================================================================
warning: entity 35 was directed to use 1 halite to move east, but only 0 halite was available
At command 4 of 11:
    2   m 29 o
    3   m 28 w
>>> 4   m 35 e
    5   m 22 w
    6   m 33 n


Turn 306
================================================================
warning: entity 20 was directed to use 7 halite to move south, but only 3 halite was available
At command 3 of 11:
    1   m 28 n
    2   m 37 n
>>> 3   m 20 s
    4   m 35 e
    5   m 33 w


Turn 310
================================================================
warning: entity 20 was directed to use 4 halite to move east, but only 1 halite was available
At command 6 of 11:
    4   m 28 e
    5   m 37 n
>>> 6   m 20 e
    7   m 4 n
    8   m 33 e


Turn 314
================================================================
warning: entity 20 was directed to use 7 halite to move south, but only 4 halite was available
At command 3 of 11:
    1   m 22 w
    2   m 37 e
>>> 3   m 20 s
    4   m 35 s
    5   m 4 w

warning: entity 35 was directed to use 2 halite to move south, but only 1 halite was available
At command 4 of 11:
    2   m 37 e
    3   m 20 s
>>> 4   m 35 s
    5   m 4 w
    6   m 29 w


Turn 316
================================================================
warning: entity 35 was directed to use 8 halite to move north, but only 6 halite was available
At command 6 of 11:
    4   m 28 s
    5   m 22 e
>>> 6   m 35 n
    7   m 0 o
    8   m 17 e


Turn 322
================================================================
warning: entity 20 was directed to use 7 halite to move east, but only 0 halite was available
At command 7 of 11:
    5   m 29 e
    6   m 33 w
>>> 7   m 20 e
    8   m 37 e
    9   m 4 e


Turn 327
================================================================
warning: entity 20 was directed to use 5 halite to move west, but only 0 halite was available
At command 9 of 11:
    7   m 17 o
    8   m 35 s
>>> 9   m 20 w
    10   m 37 o
    11   m 31 w


Turn 331
================================================================
warning: entity 20 was directed to use 6 halite to move east, but only 1 halite was available
At command 10 of 11:
    8   m 0 n
    9   m 17 o
>>> 10   m 20 e
    11   m 37 o


Turn 334
================================================================
warning: entity 20 was directed to use 7 halite to move north, but only 6 halite was available
At command 9 of 11:
    7   m 0 s
    8   m 17 o
>>> 9   m 20 n
    10   m 37 o
    11   m 29 o


Turn 336
================================================================
warning: entity 33 was directed to use 2 halite to move east, but only 0 halite was available
At command 4 of 11:
    2   m 29 w
    3   m 4 s
>>> 4   m 33 e
    5   m 35 e
    6   m 22 e


Turn 339
================================================================
warning: entity 33 was directed to use 5 halite to move south, but only 1 halite was available
At command 9 of 11:
    7   m 31 n
    8   m 22 w
>>> 9   m 33 s
    10   m 35 w
    11   m 28 s


Turn 340
================================================================
warning: entity 35 was directed to use 9 halite to move north, but only 7 halite was available
At command 2 of 10:
    1   m 22 s
>>> 2   m 35 n
    3   m 29 n
    4   m 28 e

warning: entity 20 was directed to use 4 halite to move south, but only 2 halite was available
At command 8 of 10:
    6   m 17 n
    7   m 0 e
>>> 8   m 20 s
    9   m 37 e
    10   m 33 s


Turn 344
================================================================
warning: entity 33 was directed to use 3 halite to move north, but only 1 halite was available
At command 2 of 10:
    1   m 29 w
>>> 2   m 33 n
    3   m 35 e
    4   m 37 s

warning: entity 20 was directed to use 8 halite to move north, but only 1 halite was available
At command 5 of 10:
    3   m 35 e
    4   m 37 s
>>> 5   m 20 n
    6   m 22 s
    7   m 28 e


Turn 345
================================================================
warning: entity 29 was directed to use 2 halite to move east, but only 0 halite was available
At command 4 of 10:
    2   m 17 n
    3   m 0 n
>>> 4   m 29 e
    5   m 28 e
    6   m 35 n


Turn 349
================================================================
warning: entity 33 was directed to use 4 halite to move west, but only 3 halite was available
At command 5 of 10:
    3   m 35 w
    4   m 4 n
>>> 5   m 33 w
    6   m 29 w
    7   m 22 s


Turn 350
================================================================
warning: entity 29 was directed to use 3 halite to move north, but only 2 halite was available
At command 3 of 10:
    1   m 22 s
    2   m 28 s
>>> 3   m 29 n
    4   m 35 s
    5   m 0 e


Turn 357
================================================================
warning: entity 29 was directed to use 4 halite to move west, but only 1 halite was available
At command 5 of 10:
    3   m 22 w
    4   m 28 w
>>> 5   m 29 w
    6   m 35 n
    7   m 0 w

warning: entity 35 was directed to use 4 halite to move north, but only 2 halite was available
At command 6 of 10:
    4   m 28 w
    5   m 29 w
>>> 6   m 35 n
    7   m 0 w
    8   m 17 s


Turn 361
================================================================
warning: entity 29 was directed to use 9 halite to move north, but only 1 halite was available
At command 10 of 10:
    8   m 20 n
    9   m 37 e
>>> 10   m 29 n


Turn 362
================================================================
warning: entity 35 was directed to use 3 halite to move east, but only 2 halite was available
At command 4 of 10:
    2   m 4 e
    3   m 28 s
>>> 4   m 35 e
    5   m 33 s
    6   m 20 e


Turn 365
================================================================
warning: entity 33 was directed to use 8 halite to move south, but only 3 halite was available
At command 2 of 10:
    1   m 4 o
>>> 2   m 33 s
    3   m 28 n
    4   m 22 s

warning: entity 35 was directed to use 9 halite to move east, but only 6 halite was available
At command 6 of 10:
    4   m 22 s
    5   m 29 e
>>> 6   m 35 e
    7   m 17 w
    8   m 0 s


Turn 366
================================================================
warning: entity 29 was directed to use 6 halite to move west, but only 0 halite was available
At command 1 of 10:
>>> 1   m 29 w
    2   m 0 e
    3   m 17 w


Turn 369
================================================================
warning: entity 33 was directed to use 9 halite to move east, but only 4 halite was available
At command 2 of 10:
    1   m 4 w
>>> 2   m 33 e
    3   m 22 s
    4   m 28 w


Turn 371
================================================================
warning: entity 35 was directed to use 7 halite to move west, but only 5 halite was available
At command 4 of 10:
    2   m 4 w
    3   m 28 s
>>> 4   m 35 w
    5   m 29 w
    6   m 0 s

warning: entity 29 was directed to use 4 halite to move west, but only 3 halite was available
At command 5 of 10:
    3   m 28 s
    4   m 35 w
>>> 5   m 29 w
    6   m 0 s
    7   m 17 w


Turn 374
================================================================
warning: entity 33 was directed to use 3 halite to move south, but only 0 halite was available
At command 3 of 10:
    1   m 35 w
    2   m 28 e
>>> 3   m 33 s
    4   m 29 n
    5   m 4 o

warning: entity 29 was directed to use 4 halite to move north, but only 3 halite was available
At command 4 of 10:
    2   m 28 e
    3   m 33 s
>>> 4   m 29 n
    5   m 4 o
    6   m 17 e


Turn 377
================================================================
warning: entity 33 was directed to use 7 halite to move north, but only 0 halite was available
At command 6 of 10:
    4   m 4 e
    5   m 29 s
>>> 6   m 33 n
    7   m 17 w
    8   m 0 w


Turn 380
================================================================
warning: entity 33 was directed to use 7 halite to move west, but only 5 halite was available
At command 7 of 10:
    5   m 20 o
    6   m 37 n
>>> 7   m 33 w
    8   m 29 o
    9   m 4 s


Turn 391
================================================================
warning: entity 35 was directed to use 3 halite to move west, but only 2 halite was available
At command 3 of 10:
    1   m 28 s
    2   m 4 s
>>> 3   m 35 w
    4   m 29 n
    5   m 33 o

warning: entity 29 was directed to use 6 halite to move north, but only 4 halite was available
At command 4 of 10:
    2   m 4 s
    3   m 35 w
>>> 4   m 29 n
    5   m 33 o
    6   m 37 e


Turn 395
================================================================
warning: entity 35 was directed to use 6 halite to move north, but only 3 halite was available
At command 2 of 10:
    1   m 4 s
>>> 2   m 35 n
    3   m 28 e
    4   m 29 e


Turn 396
================================================================
warning: entity 29 was directed to use 6 halite to move east, but only 3 halite was available
At command 5 of 10:
    3   m 20 s
    4   m 4 s
>>> 5   m 29 e
    6   m 28 w
    7   m 0 n


Turn 400
================================================================
warning: entity 35 was directed to use 3 halite to move north, but only 1 halite was available
At command 2 of 10:
    1   m 22 w
>>> 2   m 35 n
    3   m 4 s
    4   m 20 w

