
Turn 24
================================================================
warning: entity 2 was directed to use 7 halite to move west, but only 0 halite was available
At command 2 of 5:
    1   m 4 e
>>> 2   m 2 w
    3   m 0 e
    4   m 7 o


Turn 30
================================================================
warning: entity 0 was directed to use 6 halite to move north, but only 0 halite was available
At command 2 of 6:
    1   m 6 o
>>> 2   m 0 n
    3   m 7 o
    4   m 4 o


Turn 31
================================================================
error: communication error with bot: read failed, errno was: 0 (Success)
Last input received was:


Bot error output was:
Traceback (most recent call last):
  File "MyBot.py", line 59, in <module>
    command_queue.append(intendMove(game_map.naive_navigate(ship, me.shipyard.position)))
TypeError: intendMove() missing 1 required positional argument: 'direction'

