
Turn 3
================================================================
warning: entity 0 was directed to use 1 halite to move south, but only 0 halite was available
At command 1 of 2:
>>> 1   m 0 s
    2   g


Turn 5
================================================================
warning: entity 2 was directed to use 1 halite to move east, but only 0 halite was available
At command 2 of 3:
    1   m 0 n
>>> 2   m 2 e
    3   g


Turn 6
================================================================
warning: owned entities 2, 0 collided on cell (24, 15) as the result of moves on this turn
At command 2 of 3:
    1   m 4 s
>>> 2   m 2 e
    3   m 0 s

Other commands that placed an entity on this cell:
    1   m 4 s
    2   m 2 e
>>> 3   m 0 s


Turn 7
================================================================
warning: entity 4 was directed to use 1 halite to move east, but only 0 halite was available
At command 1 of 2:
>>> 1   m 4 e
    2   g


Turn 9
================================================================
warning: entity 4 was directed to use 8 halite to move east, but only 3 halite was available
At command 1 of 3:
>>> 1   m 4 e
    2   m 6 s
    3   g

warning: spawn on cell (23, 16) collided with owned entity 6 on that cell
At command 3 of 3:
    1   m 4 e
    2   m 6 s
>>> 3   g


Turn 18
================================================================
warning: entity 4 was directed to use 6 halite to move east, but only 3 halite was available
At command 1 of 1:
>>> 1   m 4 e


Turn 27
================================================================
warning: entity 4 was directed to use 4 halite to move south, but only 0 halite was available
At command 1 of 1:
>>> 1   m 4 s


Turn 31
================================================================
warning: entity 4 was directed to use 2 halite to move north, but only 1 halite was available
At command 1 of 1:
>>> 1   m 4 n


Turn 37
================================================================
warning: entity 4 was directed to use 5 halite to move east, but only 2 halite was available
At command 1 of 1:
>>> 1   m 4 e

