
Turn 3
================================================================
warning: entity 1 was directed to use 7 halite to move east, but only 0 halite was available
At command 1 of 2:
>>> 1   m 1 e
    2   g


Turn 5
================================================================
warning: entity 3 was directed to use 7 halite to move east, but only 0 halite was available
At command 1 of 3:
>>> 1   m 3 e
    2   m 1 s
    3   g


Turn 8
================================================================
warning: entity 5 was directed to use 4 halite to move north, but only 0 halite was available
At command 2 of 3:
    1   m 3 s
>>> 2   m 5 n
    3   m 1 o


Turn 9
================================================================
warning: entity 3 was directed to use 6 halite to move west, but only 5 halite was available
At command 1 of 4:
>>> 1   m 3 w
    2   m 5 e
    3   m 1 o


Turn 11
================================================================
warning: entity 6 was directed to use 5 halite to move east, but only 0 halite was available
At command 1 of 5:
>>> 1   m 6 e
    2   m 1 o
    3   m 5 e

warning: entity 5 was directed to use 1 halite to move east, but only 0 halite was available
At command 3 of 5:
    1   m 6 e
    2   m 1 o
>>> 3   m 5 e
    4   m 3 e
    5   g


Turn 14
================================================================
warning: entity 8 was directed to use 5 halite to move east, but only 0 halite was available
At command 2 of 5:
    1   m 1 n
>>> 2   m 8 e
    3   m 3 o
    4   m 6 o


Turn 20
================================================================
warning: entity 8 was directed to use 4 halite to move north, but only 0 halite was available
At command 4 of 5:
    2   m 6 s
    3   m 3 o
>>> 4   m 8 n
    5   m 1 e


Turn 23
================================================================
warning: entity 5 was directed to use 4 halite to move east, but only 0 halite was available
At command 2 of 5:
    1   m 6 w
>>> 2   m 5 e
    3   m 3 o
    4   m 8 n


Turn 24
================================================================
warning: entity 8 was directed to use 5 halite to move west, but only 0 halite was available
At command 3 of 5:
    1   m 6 o
    2   m 1 o
>>> 3   m 8 w
    4   m 5 e
    5   m 3 o


Turn 26
================================================================
warning: entity 5 was directed to use 3 halite to move south, but only 0 halite was available
At command 1 of 5:
>>> 1   m 5 s
    2   m 6 o
    3   m 8 s


Turn 28
================================================================
warning: entity 5 was directed to use 8 halite to move west, but only 6 halite was available
At command 1 of 5:
>>> 1   m 5 w
    2   m 1 o
    3   m 8 o


Turn 34
================================================================
warning: entity 8 was directed to use 3 halite to move north, but only 0 halite was available
At command 2 of 5:
    1   m 1 s
>>> 2   m 8 n
    3   m 3 o
    4   m 6 o


Turn 36
================================================================
warning: entity 8 was directed to use 8 halite to move north, but only 7 halite was available
At command 3 of 5:
    1   m 6 s
    2   m 5 o
>>> 3   m 8 n
    4   m 1 s
    5   m 3 o


Turn 47
================================================================
warning: entity 8 was directed to use 2 halite to move east, but only 0 halite was available
At command 2 of 5:
    1   m 6 o
>>> 2   m 8 e
    3   m 1 o
    4   m 5 s


Turn 50
================================================================
warning: entity 8 was directed to use 3 halite to move east, but only 0 halite was available
At command 2 of 5:
    1   m 6 w
>>> 2   m 8 e
    3   m 1 n
    4   m 5 s


Turn 53
================================================================
warning: entity 8 was directed to use 9 halite to move south, but only 3 halite was available
At command 3 of 5:
    1   m 6 e
    2   m 1 o
>>> 3   m 8 s
    4   m 5 o
    5   m 3 o


Turn 57
================================================================
warning: entity 8 was directed to use 9 halite to move east, but only 8 halite was available
At command 4 of 5:
    2   m 6 e
    3   m 1 w
>>> 4   m 8 e
    5   m 3 o


Turn 62
================================================================
warning: entity 8 was directed to use 7 halite to move west, but only 5 halite was available
At command 4 of 5:
    2   m 5 s
    3   m 1 e
>>> 4   m 8 w
    5   m 3 o


Turn 70
================================================================
warning: entity 6 was directed to use 6 halite to move east, but only 0 halite was available
At command 1 of 5:
>>> 1   m 6 e
    2   m 1 o
    3   m 8 e

warning: entity 8 was directed to use 6 halite to move east, but only 0 halite was available
At command 3 of 5:
    1   m 6 e
    2   m 1 o
>>> 3   m 8 e
    4   m 5 o
    5   m 3 o


Turn 75
================================================================
warning: entity 6 was directed to use 3 halite to move east, but only 0 halite was available
At command 1 of 5:
>>> 1   m 6 e
    2   m 8 s
    3   m 1 o


Turn 76
================================================================
warning: entity 8 was directed to use 2 halite to move south, but only 0 halite was available
At command 2 of 5:
    1   m 6 s
>>> 2   m 8 s
    3   m 1 o
    4   m 5 o


Turn 78
================================================================
warning: entity 8 was directed to use 8 halite to move west, but only 5 halite was available
At command 2 of 5:
    1   m 6 w
>>> 2   m 8 w
    3   m 1 o
    4   m 5 o


Turn 81
================================================================
warning: entity 6 was directed to use 5 halite to move south, but only 2 halite was available
At command 1 of 5:
>>> 1   m 6 s
    2   m 8 s
    3   m 1 o


Turn 84
================================================================
warning: entity 8 was directed to use 7 halite to move east, but only 0 halite was available
At command 2 of 5:
    1   m 6 w
>>> 2   m 8 e
    3   m 1 o
    4   m 5 o


Turn 86
================================================================
warning: entity 6 was directed to use 3 halite to move north, but only 1 halite was available
At command 1 of 5:
>>> 1   m 6 n
    2   m 8 s
    3   m 1 o


Turn 90
================================================================
warning: entity 6 was directed to use 2 halite to move north, but only 1 halite was available
At command 1 of 5:
>>> 1   m 6 n
    2   m 8 o
    3   m 1 o


Turn 94
================================================================
warning: entity 6 was directed to use 8 halite to move east, but only 5 halite was available
At command 1 of 5:
>>> 1   m 6 e
    2   m 8 s
    3   m 1 o


Turn 100
================================================================
warning: entity 6 was directed to use 3 halite to move south, but only 0 halite was available
At command 1 of 5:
>>> 1   m 6 s
    2   m 8 w
    3   m 1 o


Turn 105
================================================================
warning: entity 6 was directed to use 6 halite to move east, but only 0 halite was available
At command 1 of 5:
>>> 1   m 6 e
    2   m 8 o
    3   m 1 o


Turn 110
================================================================
warning: entity 6 was directed to use 4 halite to move north, but only 1 halite was available
At command 1 of 5:
>>> 1   m 6 n
    2   m 8 o
    3   m 1 o


Turn 113
================================================================
warning: entity 6 was directed to use 7 halite to move north, but only 3 halite was available
At command 1 of 5:
>>> 1   m 6 n
    2   m 8 o
    3   m 1 o

