
Turn 3
================================================================
warning: entity 1 was directed to use 5 halite to move west, but only 0 halite was available
At command 2 of 3:
    1   m 3 n
>>> 2   m 1 w
    3   g


Turn 4
================================================================
warning: entity 3 was directed to use 5 halite to move west, but only 0 halite was available
At command 3 of 3:
    1   m 4 o
    2   m 1 o
>>> 3   m 3 w


Turn 9
================================================================
warning: entity 4 was directed to use 3 halite to move south, but only 0 halite was available
At command 4 of 5:
    2   m 8 n
    3   m 1 e
>>> 4   m 4 s
    5   g


Turn 10
================================================================
warning: entity 8 was directed to use 4 halite to move west, but only 0 halite was available
At command 3 of 5:
    1   m 9 s
    2   m 3 e
>>> 3   m 8 w
    4   m 1 n
    5   m 4 o


Turn 11
================================================================
warning: entity 9 was directed to use 4 halite to move west, but only 0 halite was available
At command 1 of 5:
>>> 1   m 9 w
    2   m 3 o
    3   m 1 w


Turn 19
================================================================
warning: entity 4 was directed to use 5 halite to move east, but only 2 halite was available
At command 1 of 5:
>>> 1   m 4 e
    2   m 9 o
    3   m 3 o


Turn 23
================================================================
warning: entity 4 was directed to use 9 halite to move east, but only 3 halite was available
At command 2 of 5:
    1   m 9 w
>>> 2   m 4 e
    3   m 1 o
    4   m 8 o


Turn 27
================================================================
warning: entity 4 was directed to use 9 halite to move west, but only 8 halite was available
At command 2 of 5:
    1   m 9 w
>>> 2   m 4 w
    3   m 3 e
    4   m 8 s


Turn 36
================================================================
warning: entity 9 was directed to use 3 halite to move south, but only 2 halite was available
At command 3 of 5:
    1   m 4 n
    2   m 3 e
>>> 3   m 9 s
    4   m 8 w
    5   m 1 o


Turn 37
================================================================
warning: entity 4 was directed to use 8 halite to move east, but only 2 halite was available
At command 1 of 5:
>>> 1   m 4 e
    2   m 3 n
    3   m 9 s


Turn 42
================================================================
warning: entity 9 was directed to use 7 halite to move south, but only 2 halite was available
At command 3 of 5:
    1   m 3 s
    2   m 4 s
>>> 3   m 9 s
    4   m 1 n
    5   m 8 o


Turn 44
================================================================
warning: entity 4 was directed to use 3 halite to move east, but only 2 halite was available
At command 3 of 5:
    1   m 9 e
    2   m 3 e
>>> 3   m 4 e
    4   m 1 n
    5   m 8 o


Turn 54
================================================================
warning: entity 9 was directed to use 6 halite to move east, but only 0 halite was available
At command 2 of 5:
    1   m 3 n
>>> 2   m 9 e
    3   m 4 n
    4   m 1 n


Turn 55
================================================================
warning: entity 4 was directed to use 9 halite to move south, but only 5 halite was available
At command 1 of 5:
>>> 1   m 4 s
    2   m 3 e
    3   m 9 w


Turn 68
================================================================
warning: entity 4 was directed to use 2 halite to move north, but only 0 halite was available
At command 3 of 5:
    1   m 8 n
    2   m 1 o
>>> 3   m 4 n
    4   m 3 o
    5   m 9 o


Turn 69
================================================================
warning: entity 8 was directed to use 2 halite to move east, but only 0 halite was available
At command 1 of 5:
>>> 1   m 8 e
    2   m 1 o
    3   m 4 n


Turn 71
================================================================
warning: entity 4 was directed to use 8 halite to move west, but only 5 halite was available
At command 1 of 5:
>>> 1   m 4 w
    2   m 9 e
    3   m 3 w


Turn 73
================================================================
warning: entity 8 was directed to use 4 halite to move west, but only 0 halite was available
At command 5 of 5:
    3   m 4 s
    4   m 1 n
>>> 5   m 8 w


Turn 76
================================================================
warning: entity 8 was directed to use 3 halite to move west, but only 0 halite was available
At command 3 of 5:
    1   m 9 n
    2   m 4 s
>>> 3   m 8 w
    4   m 1 e
    5   m 3 e


Turn 79
================================================================
warning: entity 8 was directed to use 5 halite to move north, but only 0 halite was available
At command 3 of 5:
    1   m 9 n
    2   m 4 s
>>> 3   m 8 n
    4   m 1 e
    5   m 3 o


Turn 85
================================================================
warning: entity 8 was directed to use 3 halite to move east, but only 1 halite was available
At command 1 of 5:
>>> 1   m 8 e
    2   m 1 o
    3   m 4 n


Turn 89
================================================================
warning: entity 8 was directed to use 5 halite to move north, but only 2 halite was available
At command 2 of 5:
    1   m 9 o
>>> 2   m 8 n
    3   m 1 s
    4   m 3 w


Turn 94
================================================================
warning: entity 8 was directed to use 3 halite to move north, but only 1 halite was available
At command 3 of 5:
    1   m 3 n
    2   m 1 n
>>> 3   m 8 n
    4   m 9 n
    5   m 4 o


Turn 98
================================================================
warning: entity 8 was directed to use 5 halite to move south, but only 4 halite was available
At command 4 of 5:
    2   m 3 s
    3   m 4 o
>>> 4   m 8 s
    5   m 1 n


Turn 142
================================================================
warning: entity 3 was directed to use 1 halite to move north, but only 0 halite was available
At command 3 of 6:
    1   m 4 e
    2   m 10 n
>>> 3   m 3 n
    4   m 9 e
    5   m 1 n


Turn 143
================================================================
warning: entity 10 was directed to use 1 halite to move west, but only 0 halite was available
At command 5 of 6:
    3   m 1 e
    4   m 8 s
>>> 5   m 10 w
    6   m 3 o


Turn 146
================================================================
warning: entity 10 was directed to use 7 halite to move north, but only 1 halite was available
At command 3 of 6:
    1   m 4 s
    2   m 3 s
>>> 3   m 10 n
    4   m 1 e
    5   m 8 o


Turn 148
================================================================
warning: entity 3 was directed to use 6 halite to move north, but only 5 halite was available
At command 3 of 6:
    1   m 4 e
    2   m 9 o
>>> 3   m 3 n
    4   m 10 s
    5   m 1 e


Turn 151
================================================================
warning: entity 10 was directed to use 5 halite to move south, but only 0 halite was available
At command 2 of 6:
    1   m 4 e
>>> 2   m 10 s
    3   m 3 e
    4   m 9 n


Turn 152
================================================================
warning: entity 3 was directed to use 8 halite to move north, but only 3 halite was available
At command 3 of 6:
    1   m 9 e
    2   m 4 s
>>> 3   m 3 n
    4   m 10 w
    5   m 8 o


Turn 162
================================================================
warning: entity 10 was directed to use 3 halite to move east, but only 0 halite was available
At command 1 of 7:
>>> 1   m 10 e
    2   m 3 s
    3   m 4 s

warning: entity 3 was directed to use 5 halite to move south, but only 3 halite was available
At command 2 of 7:
    1   m 10 e
>>> 2   m 3 s
    3   m 4 s
    4   m 8 n


Turn 164
================================================================
warning: entity 11 was directed to use 1 halite to move east, but only 0 halite was available
At command 2 of 7:
    1   m 3 n
>>> 2   m 11 e
    3   m 10 o
    4   m 1 n

warning: entity 8 was directed to use 2 halite to move south, but only 0 halite was available
At command 5 of 7:
    3   m 10 o
    4   m 1 n
>>> 5   m 8 s
    6   m 4 n
    7   m 9 o


Turn 165
================================================================
warning: entity 3 was directed to use 9 halite to move west, but only 5 halite was available
At command 2 of 7:
    1   m 1 n
>>> 2   m 3 w
    3   m 4 s
    4   m 11 o


Turn 166
================================================================
warning: entity 8 was directed to use 9 halite to move east, but only 5 halite was available
At command 4 of 7:
    2   m 1 e
    3   m 10 n
>>> 4   m 8 e
    5   m 9 o
    6   m 3 n


Turn 168
================================================================
warning: entity 10 was directed to use 2 halite to move south, but only 1 halite was available
At command 4 of 7:
    2   m 3 s
    3   m 11 o
>>> 4   m 10 s
    5   m 4 e
    6   m 8 e


Turn 169
================================================================
warning: entity 3 was directed to use 9 halite to move north, but only 7 halite was available
At command 1 of 7:
>>> 1   m 3 n
    2   m 1 w
    3   m 4 s


Turn 170
================================================================
warning: entity 10 was directed to use 7 halite to move south, but only 6 halite was available
At command 3 of 7:
    1   m 1 e
    2   m 4 w
>>> 3   m 10 s
    4   m 8 w
    5   m 9 n


Turn 173
================================================================
warning: entity 8 was directed to use 6 halite to move west, but only 4 halite was available
At command 5 of 7:
    3   m 9 n
    4   m 3 n
>>> 5   m 8 w
    6   m 11 e
    7   m 10 o


Turn 179
================================================================
warning: entity 11 was directed to use 6 halite to move west, but only 2 halite was available
At command 6 of 7:
    4   m 8 s
    5   m 4 e
>>> 6   m 11 w
    7   m 1 s


Turn 181
================================================================
warning: entity 8 was directed to use 4 halite to move west, but only 0 halite was available
At command 2 of 7:
    1   m 4 e
>>> 2   m 8 w
    3   m 1 n
    4   m 3 e

warning: entity 3 was directed to use 3 halite to move east, but only 0 halite was available
At command 4 of 7:
    2   m 8 w
    3   m 1 n
>>> 4   m 3 e
    5   m 11 s
    6   m 10 w


Turn 184
================================================================
warning: entity 3 was directed to use 1 halite to move east, but only 0 halite was available
At command 1 of 7:
>>> 1   m 3 e
    2   m 11 s
    3   m 8 n

warning: entity 8 was directed to use 6 halite to move north, but only 1 halite was available
At command 3 of 7:
    1   m 3 e
    2   m 11 s
>>> 3   m 8 n
    4   m 9 w
    5   m 4 o


Turn 187
================================================================
warning: entity 3 was directed to use 7 halite to move north, but only 2 halite was available
At command 1 of 7:
>>> 1   m 3 n
    2   m 8 o
    3   m 4 e


Turn 189
================================================================
warning: entity 11 was directed to use 9 halite to move east, but only 3 halite was available
At command 3 of 7:
    1   m 3 n
    2   m 1 s
>>> 3   m 11 e
    4   m 10 w
    5   m 4 n

warning: entity 10 was directed to use 6 halite to move west, but only 1 halite was available
At command 4 of 7:
    2   m 1 s
    3   m 11 e
>>> 4   m 10 w
    5   m 4 n
    6   m 9 o


Turn 192
================================================================
warning: entity 3 was directed to use 8 halite to move east, but only 5 halite was available
At command 2 of 7:
    1   m 1 w
>>> 2   m 3 e
    3   m 4 n
    4   m 10 e


Turn 193
================================================================
warning: entity 11 was directed to use 7 halite to move south, but only 6 halite was available
At command 2 of 7:
    1   m 8 o
>>> 2   m 11 s
    3   m 10 n
    4   m 4 w

warning: entity 10 was directed to use 8 halite to move north, but only 1 halite was available
At command 3 of 7:
    1   m 8 o
    2   m 11 s
>>> 3   m 10 n
    4   m 4 w
    5   m 1 e


Turn 198
================================================================
warning: entity 11 was directed to use 9 halite to move north, but only 3 halite was available
At command 4 of 7:
    2   m 4 s
    3   m 8 e
>>> 4   m 11 n
    5   m 3 s
    6   m 9 o


Turn 201
================================================================
warning: entity 4 was directed to use 8 halite to move west, but only 6 halite was available
At command 1 of 7:
>>> 1   m 4 w
    2   m 9 n
    3   m 3 n


Turn 202
================================================================
warning: entity 3 was directed to use 9 halite to move west, but only 8 halite was available
At command 3 of 7:
    1   m 8 e
    2   m 11 s
>>> 3   m 3 w
    4   m 1 s
    5   m 9 o


Turn 204
================================================================
warning: entity 11 was directed to use 6 halite to move north, but only 3 halite was available
At command 4 of 7:
    2   m 10 n
    3   m 1 w
>>> 4   m 11 n
    5   m 8 w
    6   m 3 s


Turn 207
================================================================
warning: entity 11 was directed to use 8 halite to move west, but only 5 halite was available
At command 4 of 7:
    2   m 1 e
    3   m 9 n
>>> 4   m 11 w
    5   m 4 w
    6   m 8 n

warning: entity 4 was directed to use 5 halite to move west, but only 0 halite was available
At command 5 of 7:
    3   m 9 n
    4   m 11 w
>>> 5   m 4 w
    6   m 8 n
    7   m 10 o


Turn 208
================================================================
warning: entity 3 was directed to use 5 halite to move north, but only 2 halite was available
At command 1 of 7:
>>> 1   m 3 n
    2   m 9 n
    3   m 1 e


Turn 210
================================================================
warning: entity 4 was directed to use 3 halite to move south, but only 2 halite was available
At command 3 of 7:
    1   m 3 s
    2   m 1 w
>>> 3   m 4 s
    4   m 8 n
    5   m 9 e


Turn 211
================================================================
warning: entity 9 was directed to use 2 halite to move west, but only 0 halite was available
At command 2 of 7:
    1   m 3 e
>>> 2   m 9 w
    3   m 1 e
    4   m 8 w


Turn 213
================================================================
warning: entity 8 was directed to use 7 halite to move east, but only 1 halite was available
At command 4 of 7:
    2   m 11 o
    3   m 4 n
>>> 4   m 8 e
    5   m 1 n
    6   m 3 w


Turn 214
================================================================
warning: entity 4 was directed to use 5 halite to move east, but only 0 halite was available
At command 2 of 7:
    1   m 9 s
>>> 2   m 4 e
    3   m 1 e
    4   m 3 w


Turn 215
================================================================
warning: entity 3 was directed to use 4 halite to move west, but only 0 halite was available
At command 3 of 7:
    1   m 9 s
    2   m 1 s
>>> 3   m 3 w
    4   m 8 e
    5   m 4 w


Turn 216
================================================================
warning: entity 9 was directed to use 6 halite to move east, but only 2 halite was available
At command 1 of 7:
>>> 1   m 9 e
    2   m 11 w
    3   m 1 n


Turn 217
================================================================
warning: entity 4 was directed to use 9 halite to move west, but only 6 halite was available
At command 2 of 7:
    1   m 3 s
>>> 2   m 4 w
    3   m 8 s
    4   m 1 s

warning: entity 8 was directed to use 8 halite to move south, but only 6 halite was available
At command 3 of 7:
    1   m 3 s
    2   m 4 w
>>> 3   m 8 s
    4   m 1 s
    5   m 11 n


Turn 219
================================================================
warning: entity 3 was directed to use 5 halite to move west, but only 0 halite was available
At command 1 of 7:
>>> 1   m 3 w
    2   m 9 n
    3   m 4 e

warning: entity 9 was directed to use 8 halite to move north, but only 5 halite was available
At command 2 of 7:
    1   m 3 w
>>> 2   m 9 n
    3   m 4 e
    4   m 1 e


Turn 222
================================================================
warning: entity 3 was directed to use 8 halite to move south, but only 2 halite was available
At command 1 of 7:
>>> 1   m 3 s
    2   m 4 n
    3   m 8 w

