
Turn 3
================================================================
warning: entity 1 was directed to use 3 halite to move west, but only 0 halite was available
At command 1 of 2:
>>> 1   m 1 w
    2   g


Turn 7
================================================================
warning: entity 2 was directed to use 2 halite to move west, but only 0 halite was available
At command 1 of 3:
>>> 1   m 2 w
    2   m 1 e
    3   g


Turn 11
================================================================
warning: entity 2 was directed to use 3 halite to move west, but only 0 halite was available
At command 1 of 3:
>>> 1   m 2 w
    2   m 4 o
    3   m 1 n


Turn 14
================================================================
warning: entity 2 was directed to use 2 halite to move west, but only 0 halite was available
At command 2 of 3:
    1   m 1 e
>>> 2   m 2 w
    3   m 4 e


Turn 19
================================================================
warning: entity 9 was directed to use 1 halite to move north, but only 0 halite was available
At command 2 of 5:
    1   m 4 w
>>> 2   m 9 n
    3   m 2 o
    4   m 1 w


Turn 22
================================================================
warning: entity 9 was directed to use 1 halite to move south, but only 0 halite was available
At command 1 of 5:
>>> 1   m 9 s
    2   m 2 w
    3   m 1 n


Turn 44
================================================================
warning: entity 8 was directed to use 8 halite to move east, but only 1 halite was available
At command 4 of 5:
    2   m 9 s
    3   m 4 o
>>> 4   m 8 e
    5   m 1 o


Turn 47
================================================================
warning: entity 8 was directed to use 8 halite to move west, but only 7 halite was available
At command 4 of 5:
    2   m 2 o
    3   m 4 o
>>> 4   m 8 w
    5   m 1 o


Turn 57
================================================================
warning: entity 8 was directed to use 6 halite to move west, but only 1 halite was available
At command 4 of 5:
    2   m 9 s
    3   m 2 o
>>> 4   m 8 w
    5   m 1 e


Turn 138
================================================================
warning: entity 8 was directed to use 6 halite to move east, but only 0 halite was available
At command 2 of 5:
    1   m 4 o
>>> 2   m 8 e
    3   m 1 o
    4   m 9 w


Turn 142
================================================================
warning: entity 8 was directed to use 8 halite to move east, but only 2 halite was available
At command 2 of 5:
    1   m 4 o
>>> 2   m 8 e
    3   m 1 o
    4   m 9 n


Turn 147
================================================================
warning: entity 8 was directed to use 2 halite to move north, but only 0 halite was available
At command 2 of 5:
    1   m 4 o
>>> 2   m 8 n
    3   m 1 o
    4   m 9 o


Turn 149
================================================================
warning: entity 8 was directed to use 9 halite to move east, but only 5 halite was available
At command 2 of 5:
    1   m 4 o
>>> 2   m 8 e
    3   m 1 o
    4   m 9 o


Turn 154
================================================================
warning: entity 8 was directed to use 9 halite to move north, but only 5 halite was available
At command 2 of 5:
    1   m 4 o
>>> 2   m 8 n
    3   m 1 o
    4   m 9 w


Turn 158
================================================================
warning: entity 8 was directed to use 8 halite to move west, but only 7 halite was available
At command 2 of 5:
    1   m 4 o
>>> 2   m 8 w
    3   m 1 o
    4   m 9 n

