
Turn 3
================================================================
warning: entity 1 was directed to use 5 halite to move west, but only 0 halite was available
At command 1 of 2:
>>> 1   m 1 w
    2   g


Turn 5
================================================================
warning: entity 3 was directed to use 3 halite to move west, but only 0 halite was available
At command 1 of 3:
>>> 1   m 3 w
    2   m 1 o
    3   g


Turn 7
================================================================
warning: entity 4 was directed to use 7 halite to move west, but only 0 halite was available
At command 1 of 4:
>>> 1   m 4 w
    2   m 1 w
    3   m 3 n


Turn 8
================================================================
warning: owned entities 1, 3 collided on cell (9, 14) as the result of moves on this turn
At command 2 of 4:
    1   m 6 n
>>> 2   m 1 n
    3   m 3 e
    4   m 4 s

Other commands that placed an entity on this cell:
    1   m 6 n
    2   m 1 n
>>> 3   m 3 e
    4   m 4 s


Turn 9
================================================================
warning: entity 6 was directed to use 1 halite to move south, but only 0 halite was available
At command 1 of 3:
>>> 1   m 6 s
    2   m 4 e
    3   g


Turn 11
================================================================
warning: entity 8 was directed to use 5 halite to move south, but only 0 halite was available
At command 1 of 3:
>>> 1   m 8 s
    2   m 4 s
    3   m 6 w

warning: entity 6 was directed to use 5 halite to move west, but only 4 halite was available
At command 3 of 3:
    1   m 8 s
    2   m 4 s
>>> 3   m 6 w


Turn 13
================================================================
warning: entity 4 was directed to use 4 halite to move north, but only 3 halite was available
At command 2 of 3:
    1   m 6 o
>>> 2   m 4 n
    3   m 8 o


Turn 15
================================================================
warning: entity 8 was directed to use 3 halite to move east, but only 0 halite was available
At command 3 of 3:
    1   m 4 o
    2   m 6 o
>>> 3   m 8 e


Turn 24
================================================================
warning: entity 8 was directed to use 3 halite to move east, but only 2 halite was available
At command 2 of 3:
    1   m 6 e
>>> 2   m 8 e
    3   m 4 o


Turn 32
================================================================
warning: entity 8 was directed to use 5 halite to move west, but only 3 halite was available
At command 1 of 3:
>>> 1   m 8 w
    2   m 6 o
    3   m 4 o


Turn 43
================================================================
warning: entity 8 was directed to use 9 halite to move north, but only 1 halite was available
At command 1 of 3:
>>> 1   m 8 n
    2   m 4 e
    3   m 6 o


Turn 57
================================================================
warning: entity 8 was directed to use 2 halite to move west, but only 0 halite was available
At command 2 of 3:
    1   m 6 s
>>> 2   m 8 w
    3   m 4 w


Turn 62
================================================================
warning: entity 8 was directed to use 4 halite to move east, but only 0 halite was available
At command 2 of 3:
    1   m 6 e
>>> 2   m 8 e
    3   m 4 e


Turn 89
================================================================
warning: entity 6 was directed to use 1 halite to move south, but only 0 halite was available
At command 3 of 3:
    1   m 4 n
    2   m 8 n
>>> 3   m 6 s


Turn 94
================================================================
warning: entity 6 was directed to use 3 halite to move north, but only 1 halite was available
At command 1 of 3:
>>> 1   m 6 n
    2   m 8 n
    3   m 4 n


Turn 97
================================================================
warning: entity 6 was directed to use 2 halite to move east, but only 0 halite was available
At command 2 of 3:
    1   m 8 w
>>> 2   m 6 e
    3   m 4 w


Turn 101
================================================================
warning: entity 6 was directed to use 7 halite to move north, but only 1 halite was available
At command 3 of 3:
    1   m 4 n
    2   m 8 n
>>> 3   m 6 n


Turn 105
================================================================
warning: entity 8 was directed to use 8 halite to move west, but only 5 halite was available
At command 1 of 3:
>>> 1   m 8 w
    2   m 4 s
    3   m 6 e

warning: entity 6 was directed to use 6 halite to move east, but only 2 halite was available
At command 3 of 3:
    1   m 8 w
    2   m 4 s
>>> 3   m 6 e


Turn 111
================================================================
warning: entity 6 was directed to use 5 halite to move east, but only 4 halite was available
At command 1 of 3:
>>> 1   m 6 e
    2   m 8 o
    3   m 4 o


Turn 115
================================================================
warning: entity 6 was directed to use 4 halite to move east, but only 2 halite was available
At command 2 of 3:
    1   m 8 n
>>> 2   m 6 e
    3   m 4 n


Turn 118
================================================================
warning: entity 6 was directed to use 5 halite to move north, but only 3 halite was available
At command 2 of 3:
    1   m 8 n
>>> 2   m 6 n
    3   m 4 w

