
Turn 3
================================================================
warning: entity 0 was directed to use 6 halite to move west, but only 0 halite was available
At command 2 of 3:
    1   m 2 n
>>> 2   m 0 w
    3   g


Turn 4
================================================================
warning: entity 2 was directed to use 3 halite to move north, but only 0 halite was available
At command 3 of 3:
    1   m 4 o
    2   m 0 e
>>> 3   m 2 n


Turn 7
================================================================
warning: entity 4 was directed to use 2 halite to move north, but only 0 halite was available
At command 2 of 4:
    1   m 6 o
>>> 2   m 4 n
    3   m 2 e
    4   m 0 s


Turn 9
================================================================
warning: entity 6 was directed to use 9 halite to move west, but only 0 halite was available
At command 2 of 5:
    1   m 8 s
>>> 2   m 6 w
    3   m 2 e
    4   m 4 n


Turn 10
================================================================
warning: entity 8 was directed to use 4 halite to move south, but only 0 halite was available
At command 2 of 5:
    1   m 2 s
>>> 2   m 8 s
    3   m 4 s
    4   m 6 w


Turn 12
================================================================
warning: entity 4 was directed to use 1 halite to move south, but only 0 halite was available
At command 3 of 5:
    1   m 8 e
    2   m 6 s
>>> 3   m 4 s
    4   m 2 w
    5   m 0 o


Turn 13
================================================================
warning: entity 8 was directed to use 9 halite to move east, but only 3 halite was available
At command 2 of 5:
    1   m 2 w
>>> 2   m 8 e
    3   m 6 e
    4   m 4 o

warning: entity 6 was directed to use 8 halite to move east, but only 5 halite was available
At command 3 of 5:
    1   m 2 w
    2   m 8 e
>>> 3   m 6 e
    4   m 4 o
    5   m 0 s


Turn 19
================================================================
warning: entity 4 was directed to use 6 halite to move west, but only 4 halite was available
At command 1 of 5:
>>> 1   m 4 w
    2   m 2 n
    3   m 0 o


Turn 35
================================================================
warning: entity 4 was directed to use 6 halite to move south, but only 5 halite was available
At command 2 of 5:
    1   m 6 n
>>> 2   m 4 s
    3   m 2 o
    4   m 0 n


Turn 41
================================================================
warning: entity 4 was directed to use 6 halite to move east, but only 2 halite was available
At command 1 of 5:
>>> 1   m 4 e
    2   m 6 w
    3   m 8 o


Turn 46
================================================================
warning: entity 4 was directed to use 5 halite to move west, but only 0 halite was available
At command 2 of 5:
    1   m 6 n
>>> 2   m 4 w
    3   m 0 e
    4   m 8 n

warning: owned entities 8, 4 collided on cell (20, 20) as the result of moves on this turn
At command 4 of 5:
    2   m 4 w
    3   m 0 e
>>> 4   m 8 n
    5   m 2 o


Turn 53
================================================================
warning: entity 6 was directed to use 7 halite to move east, but only 4 halite was available
At command 2 of 3:
    1   m 0 e
>>> 2   m 6 e
    3   m 2 o


Turn 57
================================================================
warning: entity 6 was directed to use 8 halite to move east, but only 0 halite was available
At command 1 of 3:
>>> 1   m 6 e
    2   m 0 s
    3   m 2 o


Turn 61
================================================================
warning: entity 6 was directed to use 8 halite to move east, but only 0 halite was available
At command 1 of 3:
>>> 1   m 6 e
    2   m 2 o
    3   m 0 o


Turn 186
================================================================
warning: entity 2 was directed to use 7 halite to move west, but only 1 halite was available
At command 1 of 2:
>>> 1   m 2 w
    2   m 0 n


Turn 190
================================================================
warning: entity 2 was directed to use 8 halite to move east, but only 4 halite was available
At command 1 of 2:
>>> 1   m 2 e
    2   m 0 o


Turn 384
================================================================
warning: entity 2 was directed to use 1 halite to move east, but only 0 halite was available
At command 2 of 2:
    1   m 0 w
>>> 2   m 2 e


Turn 386
================================================================
warning: entity 0 was directed to use 9 halite to move west, but only 2 halite was available
At command 1 of 2:
>>> 1   m 0 w
    2   m 2 e


Turn 388
================================================================
warning: entity 2 was directed to use 3 halite to move north, but only 2 halite was available
At command 2 of 2:
    1   m 0 e
>>> 2   m 2 n


Turn 390
================================================================
warning: entity 0 was directed to use 9 halite to move north, but only 1 halite was available
At command 2 of 2:
    1   m 2 s
>>> 2   m 0 n


Turn 392
================================================================
warning: entity 2 was directed to use 7 halite to move west, but only 5 halite was available
At command 2 of 2:
    1   m 0 e
>>> 2   m 2 w


Turn 394
================================================================
warning: entity 0 was directed to use 7 halite to move east, but only 2 halite was available
At command 2 of 2:
    1   m 2 s
>>> 2   m 0 e


Turn 398
================================================================
warning: entity 0 was directed to use 7 halite to move north, but only 1 halite was available
At command 1 of 2:
>>> 1   m 0 n
    2   m 2 s

