
Turn 4
================================================================
warning: entity 0 was directed to use 1 halite to move east, but only 0 halite was available
At command 2 of 2:
    1   m 2 w
>>> 2   m 0 e


Turn 5
================================================================
warning: entity 2 was directed to use 7 halite to move east, but only 0 halite was available
At command 1 of 2:
>>> 1   m 2 e
    2   m 0 s


Turn 6
================================================================
warning: entity 0 was directed to use 4 halite to move east, but only 3 halite was available
At command 1 of 2:
>>> 1   m 0 e
    2   m 2 e


Turn 8
================================================================
warning: entity 2 was directed to use 1 halite to move east, but only 0 halite was available
At command 2 of 3:
    1   m 0 e
>>> 2   m 2 e
    3   g


Turn 10
================================================================
warning: entity 2 was directed to use 6 halite to move west, but only 3 halite was available
At command 1 of 4:
>>> 1   m 2 w
    2   m 5 n
    3   m 0 n

warning: entity 0 was directed to use 7 halite to move north, but only 1 halite was available
At command 3 of 4:
    1   m 2 w
    2   m 5 n
>>> 3   m 0 n
    4   g


Turn 11
================================================================
warning: entity 5 was directed to use 5 halite to move north, but only 0 halite was available
At command 1 of 4:
>>> 1   m 5 n
    2   m 2 w
    3   m 7 w


Turn 12
================================================================
warning: entity 7 was directed to use 5 halite to move east, but only 0 halite was available
At command 2 of 4:
    1   m 2 e
>>> 2   m 7 e
    3   m 0 n
    4   m 5 s


Turn 15
================================================================
warning: entity 0 was directed to use 5 halite to move east, but only 2 halite was available
At command 3 of 5:
    1   m 2 w
    2   m 5 e
>>> 3   m 0 e
    4   m 7 e
    5   g


Turn 16
================================================================
warning: entity 2 was directed to use 7 halite to move east, but only 4 halite was available
At command 3 of 5:
    1   m 5 s
    2   m 9 s
>>> 3   m 2 e
    4   m 7 s
    5   m 0 n

warning: entity 7 was directed to use 2 halite to move south, but only 1 halite was available
At command 4 of 5:
    2   m 9 s
    3   m 2 e
>>> 4   m 7 s
    5   m 0 n


Turn 17
================================================================
warning: entity 5 was directed to use 3 halite to move north, but only 0 halite was available
At command 1 of 5:
>>> 1   m 5 n
    2   m 9 o
    3   m 2 n


Turn 18
================================================================
warning: entity 0 was directed to use 9 halite to move west, but only 5 halite was available
At command 1 of 5:
>>> 1   m 0 w
    2   m 7 e
    3   m 5 e


Turn 25
================================================================
warning: entity 9 was directed to use 3 halite to move north, but only 0 halite was available
At command 2 of 5:
    1   m 2 w
>>> 2   m 9 n
    3   m 5 n
    4   m 7 o


Turn 28
================================================================
warning: entity 9 was directed to use 1 halite to move west, but only 0 halite was available
At command 4 of 5:
    2   m 0 s
    3   m 7 w
>>> 4   m 9 w
    5   m 2 n


Turn 30
================================================================
warning: entity 9 was directed to use 4 halite to move west, but only 3 halite was available
At command 1 of 5:
>>> 1   m 9 w
    2   m 2 e
    3   m 5 o


Turn 33
================================================================
warning: entity 9 was directed to use 6 halite to move south, but only 2 halite was available
At command 2 of 5:
    1   m 2 s
>>> 2   m 9 s
    3   m 5 s
    4   m 0 o


Turn 37
================================================================
warning: entity 9 was directed to use 9 halite to move east, but only 1 halite was available
At command 2 of 5:
    1   m 2 w
>>> 2   m 9 e
    3   m 7 s
    4   m 0 o


Turn 50
================================================================
warning: entity 9 was directed to use 2 halite to move north, but only 0 halite was available
At command 2 of 5:
    1   m 2 w
>>> 2   m 9 n
    3   m 7 n
    4   m 0 o


Turn 53
================================================================
warning: entity 9 was directed to use 1 halite to move north, but only 0 halite was available
At command 5 of 5:
    3   m 7 s
    4   m 2 s
>>> 5   m 9 n


Turn 55
================================================================
warning: entity 9 was directed to use 6 halite to move south, but only 4 halite was available
At command 2 of 5:
    1   m 2 w
>>> 2   m 9 s
    3   m 5 n
    4   m 7 s


Turn 68
================================================================
warning: entity 9 was directed to use 9 halite to move west, but only 4 halite was available
At command 5 of 5:
    3   m 5 o
    4   m 2 e
>>> 5   m 9 w

