
Turn 8
================================================================
warning: entity 7 was directed to use 8 halite to move west, but only 0 halite was available
At command 3 of 5:
    1   m 8 o
    2   m 5 w
>>> 3   m 7 w
    4   m 0 o
    5   m 2 n


Turn 10
================================================================
warning: entity 8 was directed to use 7 halite to move west, but only 0 halite was available
At command 1 of 5:
>>> 1   m 8 w
    2   m 2 o
    3   m 5 e


Turn 41
================================================================
warning: entity 2 was directed to use 2 halite to move west, but only 0 halite was available
At command 2 of 5:
    1   m 5 w
>>> 2   m 2 w
    3   m 7 n
    4   m 0 e


Turn 44
================================================================
warning: entity 2 was directed to use 2 halite to move south, but only 1 halite was available
At command 2 of 5:
    1   m 8 o
>>> 2   m 2 s
    3   m 5 n
    4   m 0 e


Turn 46
================================================================
warning: entity 2 was directed to use 9 halite to move north, but only 5 halite was available
At command 1 of 5:
>>> 1   m 2 n
    2   m 8 o
    3   m 0 n


Turn 54
================================================================
warning: entity 2 was directed to use 9 halite to move west, but only 5 halite was available
At command 3 of 5:
    1   m 7 w
    2   m 0 w
>>> 3   m 2 w
    4   m 8 o
    5   m 5 s


Turn 58
================================================================
warning: owned entities 7, 5 collided on cell (23, 13) as the result of moves on this turn
At command 4 of 5:
    2   m 2 s
    3   m 0 o
>>> 4   m 7 n
    5   m 8 o


Turn 59
================================================================
warning: entity 2 was directed to use 8 halite to move west, but only 0 halite was available
At command 1 of 3:
>>> 1   m 2 w
    2   m 0 o
    3   m 8 o


Turn 63
================================================================
warning: entity 2 was directed to use 8 halite to move south, but only 3 halite was available
At command 1 of 4:
>>> 1   m 2 s
    2   m 11 w
    3   m 0 s

warning: entity 11 was directed to use 1 halite to move west, but only 0 halite was available
At command 2 of 4:
    1   m 2 s
>>> 2   m 11 w
    3   m 0 s
    4   m 8 o


Turn 64
================================================================
warning: entity 0 was directed to use 9 halite to move east, but only 8 halite was available
At command 1 of 4:
>>> 1   m 0 e
    2   m 2 n
    3   m 11 n


Turn 65
================================================================
warning: entity 11 was directed to use 6 halite to move west, but only 4 halite was available
At command 1 of 4:
>>> 1   m 11 w
    2   m 2 e
    3   m 8 s


Turn 67
================================================================
warning: entity 2 was directed to use 6 halite to move east, but only 4 halite was available
At command 1 of 4:
>>> 1   m 2 e
    2   m 8 n
    3   m 11 o


Turn 72
================================================================
warning: entity 2 was directed to use 7 halite to move north, but only 3 halite was available
At command 2 of 4:
    1   m 8 e
>>> 2   m 2 n
    3   m 0 o
    4   m 11 s


Turn 75
================================================================
warning: entity 11 was directed to use 1 halite to move west, but only 0 halite was available
At command 2 of 5:
    1   m 13 s
>>> 2   m 11 w
    3   m 2 s
    4   m 8 o


Turn 76
================================================================
warning: entity 2 was directed to use 9 halite to move north, but only 2 halite was available
At command 1 of 5:
>>> 1   m 2 n
    2   m 13 o
    3   m 0 o


Turn 79
================================================================
warning: entity 11 was directed to use 8 halite to move west, but only 1 halite was available
At command 2 of 5:
    1   m 2 e
>>> 2   m 11 w
    3   m 13 w
    4   m 8 s


Turn 81
================================================================
warning: entity 13 was directed to use 8 halite to move south, but only 4 halite was available
At command 2 of 5:
    1   m 8 s
>>> 2   m 13 s
    3   m 11 s
    4   m 0 n


Turn 93
================================================================
warning: entity 13 was directed to use 8 halite to move east, but only 6 halite was available
At command 4 of 5:
    2   m 11 n
    3   m 8 o
>>> 4   m 13 e
    5   m 2 o


Turn 99
================================================================
warning: entity 13 was directed to use 8 halite to move west, but only 6 halite was available
At command 2 of 5:
    1   m 11 w
>>> 2   m 13 w
    3   m 8 w
    4   m 2 e


Turn 104
================================================================
warning: entity 13 was directed to use 5 halite to move west, but only 0 halite was available
At command 3 of 5:
    1   m 8 s
    2   m 11 s
>>> 3   m 13 w
    4   m 0 o
    5   m 2 o


Turn 106
================================================================
warning: entity 11 was directed to use 9 halite to move north, but only 8 halite was available
At command 2 of 5:
    1   m 8 s
>>> 2   m 11 n
    3   m 13 n
    4   m 0 e


Turn 107
================================================================
warning: entity 13 was directed to use 7 halite to move north, but only 1 halite was available
At command 1 of 5:
>>> 1   m 13 n
    2   m 8 o
    3   m 0 n


Turn 111
================================================================
warning: entity 13 was directed to use 9 halite to move north, but only 0 halite was available
At command 1 of 5:
>>> 1   m 13 n
    2   m 11 s
    3   m 0 e


Turn 115
================================================================
warning: entity 13 was directed to use 8 halite to move north, but only 1 halite was available
At command 2 of 5:
    1   m 8 e
>>> 2   m 13 n
    3   m 0 s
    4   m 2 w


Turn 119
================================================================
warning: entity 13 was directed to use 7 halite to move west, but only 5 halite was available
At command 3 of 6:
    1   m 11 e
    2   m 2 w
>>> 3   m 13 w
    4   m 8 s
    5   m 14 e

warning: entity 14 was directed to use 6 halite to move east, but only 0 halite was available
At command 5 of 6:
    3   m 13 w
    4   m 8 s
>>> 5   m 14 e
    6   m 0 o


Turn 121
================================================================
warning: entity 0 was directed to use 6 halite to move west, but only 3 halite was available
At command 2 of 6:
    1   m 13 s
>>> 2   m 0 w
    3   m 14 w
    4   m 8 w


Turn 123
================================================================
warning: entity 14 was directed to use 5 halite to move north, but only 2 halite was available
At command 3 of 6:
    1   m 11 e
    2   m 0 w
>>> 3   m 14 n
    4   m 13 n
    5   m 8 w


Turn 124
================================================================
warning: entity 0 was directed to use 8 halite to move south, but only 7 halite was available
At command 5 of 6:
    3   m 13 o
    4   m 11 n
>>> 5   m 0 s
    6   m 14 n


Turn 126
================================================================
warning: entity 14 was directed to use 7 halite to move north, but only 6 halite was available
At command 2 of 6:
    1   m 0 n
>>> 2   m 14 n
    3   m 2 w
    4   m 8 e


Turn 135
================================================================
warning: entity 14 was directed to use 9 halite to move north, but only 3 halite was available
At command 3 of 6:
    1   m 8 n
    2   m 11 o
>>> 3   m 14 n
    4   m 0 e
    5   m 2 w


Turn 140
================================================================
warning: entity 14 was directed to use 6 halite to move south, but only 3 halite was available
At command 4 of 6:
    2   m 8 e
    3   m 13 w
>>> 4   m 14 s
    5   m 0 w
    6   m 2 o


Turn 146
================================================================
warning: entity 14 was directed to use 6 halite to move south, but only 2 halite was available
At command 2 of 6:
    1   m 2 w
>>> 2   m 14 s
    3   m 0 s
    4   m 8 e


Turn 149
================================================================
warning: entity 14 was directed to use 8 halite to move west, but only 5 halite was available
At command 3 of 6:
    1   m 13 n
    2   m 0 n
>>> 3   m 14 w
    4   m 11 w
    5   m 2 w


Turn 158
================================================================
warning: entity 14 was directed to use 5 halite to move south, but only 3 halite was available
At command 4 of 6:
    2   m 13 w
    3   m 0 s
>>> 4   m 14 s
    5   m 2 s
    6   m 11 o


Turn 166
================================================================
warning: entity 14 was directed to use 9 halite to move north, but only 1 halite was available
At command 2 of 6:
    1   m 8 o
>>> 2   m 14 n
    3   m 0 s
    4   m 13 e


Turn 170
================================================================
warning: entity 14 was directed to use 8 halite to move west, but only 4 halite was available
At command 1 of 6:
>>> 1   m 14 w
    2   m 0 w
    3   m 13 w


Turn 175
================================================================
warning: entity 14 was directed to use 5 halite to move west, but only 3 halite was available
At command 4 of 6:
    2   m 13 s
    3   m 0 n
>>> 4   m 14 w
    5   m 8 o
    6   m 11 w


Turn 177
================================================================
warning: entity 0 was directed to use 7 halite to move south, but only 2 halite was available
At command 4 of 6:
    2   m 11 w
    3   m 13 s
>>> 4   m 0 s
    5   m 14 e
    6   m 8 o


Turn 179
================================================================
warning: entity 14 was directed to use 6 halite to move south, but only 3 halite was available
At command 3 of 6:
    1   m 13 n
    2   m 11 o
>>> 3   m 14 s
    4   m 0 s
    5   m 2 e


Turn 182
================================================================
warning: entity 0 was directed to use 7 halite to move north, but only 2 halite was available
At command 6 of 6:
    4   m 8 w
    5   m 14 s
>>> 6   m 0 n


Turn 184
================================================================
warning: entity 14 was directed to use 8 halite to move north, but only 0 halite was available
At command 1 of 6:
>>> 1   m 14 n
    2   m 0 n
    3   m 2 w


Turn 188
================================================================
warning: entity 14 was directed to use 6 halite to move north, but only 5 halite was available
At command 4 of 6:
    2   m 13 e
    3   m 11 w
>>> 4   m 14 n
    5   m 0 o
    6   m 8 w


Turn 193
================================================================
warning: entity 14 was directed to use 4 halite to move north, but only 0 halite was available
At command 5 of 6:
    3   m 8 w
    4   m 2 o
>>> 5   m 14 n
    6   m 0 o


Turn 196
================================================================
warning: entity 14 was directed to use 9 halite to move north, but only 1 halite was available
At command 5 of 6:
    3   m 2 w
    4   m 13 e
>>> 5   m 14 n
    6   m 0 e


Turn 200
================================================================
warning: entity 14 was directed to use 9 halite to move south, but only 3 halite was available
At command 6 of 6:
    4   m 2 n
    5   m 0 o
>>> 6   m 14 s


Turn 205
================================================================
warning: entity 14 was directed to use 6 halite to move west, but only 4 halite was available
At command 5 of 6:
    3   m 11 w
    4   m 0 s
>>> 5   m 14 w
    6   m 2 o


Turn 210
================================================================
warning: entity 14 was directed to use 4 halite to move west, but only 1 halite was available
At command 6 of 6:
    4   m 2 s
    5   m 0 s
>>> 6   m 14 w


Turn 214
================================================================
warning: entity 14 was directed to use 6 halite to move north, but only 0 halite was available
At command 5 of 6:
    3   m 11 e
    4   m 2 n
>>> 5   m 14 n
    6   m 0 o


Turn 219
================================================================
warning: entity 14 was directed to use 4 halite to move east, but only 2 halite was available
At command 5 of 6:
    3   m 13 e
    4   m 8 o
>>> 5   m 14 e
    6   m 0 o


Turn 223
================================================================
warning: entity 14 was directed to use 4 halite to move south, but only 2 halite was available
At command 5 of 6:
    3   m 8 w
    4   m 11 w
>>> 5   m 14 s
    6   m 0 s


Turn 226
================================================================
warning: entity 14 was directed to use 7 halite to move west, but only 2 halite was available
At command 5 of 6:
    3   m 2 e
    4   m 13 s
>>> 5   m 14 w
    6   m 0 o


Turn 230
================================================================
warning: entity 14 was directed to use 9 halite to move east, but only 4 halite was available
At command 5 of 6:
    3   m 11 s
    4   m 8 e
>>> 5   m 14 e
    6   m 0 w


Turn 236
================================================================
warning: entity 14 was directed to use 3 halite to move north, but only 2 halite was available
At command 5 of 6:
    3   m 13 n
    4   m 11 w
>>> 5   m 14 n
    6   m 0 s


Turn 239
================================================================
warning: entity 14 was directed to use 9 halite to move south, but only 3 halite was available
At command 6 of 6:
    4   m 13 s
    5   m 0 o
>>> 6   m 14 s


Turn 244
================================================================
warning: entity 14 was directed to use 7 halite to move west, but only 1 halite was available
At command 5 of 6:
    3   m 2 w
    4   m 13 e
>>> 5   m 14 w
    6   m 0 w


Turn 248
================================================================
warning: entity 14 was directed to use 9 halite to move east, but only 4 halite was available
At command 4 of 6:
    2   m 8 e
    3   m 0 n
>>> 4   m 14 e
    5   m 11 o
    6   m 13 e


Turn 253
================================================================
warning: entity 14 was directed to use 8 halite to move south, but only 2 halite was available
At command 6 of 6:
    4   m 11 s
    5   m 0 e
>>> 6   m 14 s


Turn 258
================================================================
warning: entity 14 was directed to use 6 halite to move south, but only 1 halite was available
At command 3 of 6:
    1   m 8 s
    2   m 0 w
>>> 3   m 14 s
    4   m 11 e
    5   m 13 e


Turn 262
================================================================
warning: entity 14 was directed to use 6 halite to move south, but only 4 halite was available
At command 3 of 6:
    1   m 11 o
    2   m 0 w
>>> 3   m 14 s
    4   m 8 e
    5   m 2 w


Turn 267
================================================================
warning: entity 14 was directed to use 5 halite to move south, but only 2 halite was available
At command 5 of 6:
    3   m 11 o
    4   m 13 s
>>> 5   m 14 s
    6   m 0 s


Turn 270
================================================================
warning: entity 14 was directed to use 7 halite to move south, but only 6 halite was available
At command 2 of 6:
    1   m 0 w
>>> 2   m 14 s
    3   m 8 s
    4   m 11 w


Turn 274
================================================================
warning: entity 14 was directed to use 9 halite to move south, but only 5 halite was available
At command 5 of 6:
    3   m 8 n
    4   m 11 n
>>> 5   m 14 s
    6   m 0 o


Turn 282
================================================================
warning: entity 14 was directed to use 3 halite to move west, but only 2 halite was available
At command 4 of 6:
    2   m 2 e
    3   m 8 n
>>> 4   m 14 w
    5   m 0 e
    6   m 13 n


Turn 286
================================================================
warning: entity 14 was directed to use 3 halite to move north, but only 2 halite was available
At command 3 of 6:
    1   m 2 s
    2   m 0 e
>>> 3   m 14 n
    4   m 8 o
    5   m 13 w


Turn 290
================================================================
warning: entity 14 was directed to use 7 halite to move north, but only 0 halite was available
At command 3 of 6:
    1   m 13 s
    2   m 2 e
>>> 3   m 14 n
    4   m 0 w
    5   m 11 w


Turn 294
================================================================
warning: entity 14 was directed to use 7 halite to move south, but only 3 halite was available
At command 2 of 6:
    1   m 13 w
>>> 2   m 14 s
    3   m 0 s
    4   m 2 n


Turn 298
================================================================
warning: entity 14 was directed to use 5 halite to move west, but only 2 halite was available
At command 2 of 6:
    1   m 11 s
>>> 2   m 14 w
    3   m 0 w
    4   m 8 e


Turn 302
================================================================
warning: entity 14 was directed to use 6 halite to move west, but only 0 halite was available
At command 4 of 6:
    2   m 8 o
    3   m 0 o
>>> 4   m 14 w
    5   m 13 w
    6   m 2 s


Turn 305
================================================================
warning: entity 14 was directed to use 4 halite to move north, but only 3 halite was available
At command 3 of 6:
    1   m 11 w
    2   m 0 e
>>> 3   m 14 n
    4   m 8 n
    5   m 13 s


Turn 309
================================================================
warning: entity 14 was directed to use 8 halite to move west, but only 3 halite was available
At command 5 of 6:
    3   m 2 n
    4   m 8 n
>>> 5   m 14 w
    6   m 0 w


Turn 314
================================================================
warning: entity 14 was directed to use 9 halite to move west, but only 2 halite was available
At command 4 of 6:
    2   m 13 e
    3   m 11 n
>>> 4   m 14 w
    5   m 0 o
    6   m 8 e


Turn 318
================================================================
warning: entity 14 was directed to use 9 halite to move north, but only 6 halite was available
At command 2 of 6:
    1   m 11 w
>>> 2   m 14 n
    3   m 0 n
    4   m 2 s


Turn 332
================================================================
warning: entity 13 was directed to use 5 halite to move south, but only 4 halite was available
At command 5 of 6:
    3   m 2 s
    4   m 8 e
>>> 5   m 13 s
    6   m 11 n


Turn 346
================================================================
warning: owned entities 0, 13 collided on cell (20, 21) as the result of moves on this turn
At command 6 of 6:
    4   m 13 o
    5   m 14 s
>>> 6   m 0 w

