
Turn 4
================================================================
warning: entity 3 was directed to use 6 halite to move north, but only 0 halite was available
At command 3 of 4:
    1   m 5 s
    2   m 1 s
>>> 3   m 3 n
    4   g


Turn 6
================================================================
warning: entity 6 was directed to use 5 halite to move east, but only 0 halite was available
At command 2 of 5:
    1   m 7 o
>>> 2   m 6 e
    3   m 1 o
    4   m 3 o


Turn 12
================================================================
warning: entity 7 was directed to use 9 halite to move west, but only 8 halite was available
At command 1 of 5:
>>> 1   m 7 w
    2   m 1 e
    3   m 6 w


Turn 24
================================================================
warning: entity 6 was directed to use 9 halite to move north, but only 7 halite was available
At command 1 of 5:
>>> 1   m 6 n
    2   m 1 e
    3   m 7 o


Turn 30
================================================================
warning: entity 6 was directed to use 9 halite to move south, but only 3 halite was available
At command 2 of 5:
    1   m 1 o
>>> 2   m 6 s
    3   m 5 o
    4   m 3 e


Turn 35
================================================================
warning: entity 6 was directed to use 5 halite to move east, but only 4 halite was available
At command 2 of 5:
    1   m 3 s
>>> 2   m 6 e
    3   m 5 e
    4   m 7 w


Turn 41
================================================================
warning: owned entities 6, 3 collided on cell (6, 18) as the result of moves on this turn
At command 5 of 5:
    3   m 1 n
    4   m 7 w
>>> 5   m 6 w


Turn 46
================================================================
warning: entity 5 was directed to use 9 halite to move east, but only 2 halite was available
At command 1 of 3:
>>> 1   m 5 e
    2   m 7 o
    3   m 1 o


Turn 56
================================================================
warning: entity 5 was directed to use 6 halite to move east, but only 4 halite was available
At command 1 of 3:
>>> 1   m 5 e
    2   m 1 o
    3   m 7 w


Turn 61
================================================================
warning: entity 5 was directed to use 8 halite to move west, but only 2 halite was available
At command 3 of 3:
    1   m 7 n
    2   m 1 o
>>> 3   m 5 w


Turn 65
================================================================
warning: entity 5 was directed to use 8 halite to move south, but only 1 halite was available
At command 3 of 4:
    1   m 11 o
    2   m 1 o
>>> 3   m 5 s
    4   m 7 e


Turn 67
================================================================
warning: entity 11 was directed to use 3 halite to move west, but only 0 halite was available
At command 1 of 4:
>>> 1   m 11 w
    2   m 7 n
    3   m 5 e


Turn 69
================================================================
warning: entity 11 was directed to use 9 halite to move south, but only 7 halite was available
At command 2 of 5:
    1   m 7 n
>>> 2   m 11 s
    3   m 5 o
    4   m 1 o


Turn 75
================================================================
warning: entity 13 was directed to use 7 halite to move west, but only 1 halite was available
At command 1 of 5:
>>> 1   m 13 w
    2   m 11 w
    3   m 7 s


Turn 80
================================================================
warning: entity 13 was directed to use 4 halite to move west, but only 2 halite was available
At command 1 of 5:
>>> 1   m 13 w
    2   m 7 e
    3   m 1 w

warning: entity 7 was directed to use 8 halite to move east, but only 6 halite was available
At command 2 of 5:
    1   m 13 w
>>> 2   m 7 e
    3   m 1 w
    4   m 11 o


Turn 84
================================================================
warning: entity 13 was directed to use 7 halite to move west, but only 4 halite was available
At command 1 of 5:
>>> 1   m 13 w
    2   m 1 e
    3   m 7 n


Turn 89
================================================================
warning: entity 13 was directed to use 7 halite to move west, but only 1 halite was available
At command 1 of 5:
>>> 1   m 13 w
    2   m 7 n
    3   m 1 o


Turn 95
================================================================
warning: entity 13 was directed to use 7 halite to move east, but only 3 halite was available
At command 2 of 5:
    1   m 1 s
>>> 2   m 13 e
    3   m 5 o
    4   m 11 s


Turn 122
================================================================
warning: entity 5 was directed to use 2 halite to move north, but only 0 halite was available
At command 5 of 6:
    3   m 13 w
    4   m 7 w
>>> 5   m 5 n
    6   m 11 e


Turn 123
================================================================
warning: entity 15 was directed to use 1 halite to move east, but only 0 halite was available
At command 3 of 6:
    1   m 13 e
    2   m 1 o
>>> 3   m 15 e
    4   m 7 s
    5   m 11 e


Turn 125
================================================================
warning: entity 5 was directed to use 1 halite to move west, but only 0 halite was available
At command 4 of 6:
    2   m 13 o
    3   m 11 e
>>> 4   m 5 w
    5   m 1 o
    6   m 15 o


Turn 127
================================================================
warning: entity 5 was directed to use 6 halite to move north, but only 4 halite was available
At command 3 of 6:
    1   m 11 n
    2   m 13 o
>>> 3   m 5 n
    4   m 7 o
    5   m 15 w


Turn 132
================================================================
warning: entity 5 was directed to use 8 halite to move north, but only 1 halite was available
At command 2 of 6:
    1   m 7 e
>>> 2   m 5 n
    3   m 11 w
    4   m 13 o

warning: entity 15 was directed to use 7 halite to move north, but only 0 halite was available
At command 5 of 6:
    3   m 11 w
    4   m 13 o
>>> 5   m 15 n
    6   m 1 e


Turn 135
================================================================
warning: entity 15 was directed to use 7 halite to move east, but only 5 halite was available
At command 4 of 6:
    2   m 7 s
    3   m 5 w
>>> 4   m 15 e
    5   m 1 s
    6   m 13 o


Turn 140
================================================================
warning: entity 15 was directed to use 6 halite to move east, but only 1 halite was available
At command 4 of 6:
    2   m 11 n
    3   m 1 e
>>> 4   m 15 e
    5   m 5 o
    6   m 7 e


Turn 143
================================================================
warning: entity 15 was directed to use 8 halite to move south, but only 3 halite was available
At command 4 of 6:
    2   m 13 o
    3   m 1 s
>>> 4   m 15 s
    5   m 7 n
    6   m 5 o


Turn 161
================================================================
warning: entity 1 was directed to use 3 halite to move west, but only 0 halite was available
At command 5 of 8:
    3   m 5 e
    4   m 16 e
>>> 5   m 1 w
    6   m 7 o
    7   m 11 o


Turn 162
================================================================
warning: entity 16 was directed to use 5 halite to move north, but only 0 halite was available
At command 3 of 8:
    1   m 5 e
    2   m 17 o
>>> 3   m 16 n
    4   m 15 n
    5   m 1 w


Turn 164
================================================================
warning: entity 17 was directed to use 5 halite to move south, but only 1 halite was available
At command 4 of 8:
    2   m 7 w
    3   m 13 w
>>> 4   m 17 s
    5   m 1 s
    6   m 11 s

warning: entity 1 was directed to use 4 halite to move south, but only 2 halite was available
At command 5 of 8:
    3   m 13 w
    4   m 17 s
>>> 5   m 1 s
    6   m 11 s
    7   m 16 n


Turn 165
================================================================
warning: entity 16 was directed to use 3 halite to move north, but only 1 halite was available
At command 5 of 8:
    3   m 7 w
    4   m 11 o
>>> 5   m 16 n
    6   m 17 w
    7   m 1 s


Turn 167
================================================================
warning: entity 17 was directed to use 9 halite to move south, but only 6 halite was available
At command 1 of 8:
>>> 1   m 17 s
    2   m 15 w
    3   m 5 w


Turn 168
================================================================
warning: entity 16 was directed to use 7 halite to move east, but only 1 halite was available
At command 1 of 8:
>>> 1   m 16 e
    2   m 15 s
    3   m 5 s

warning: entity 1 was directed to use 9 halite to move west, but only 1 halite was available
At command 6 of 8:
    4   m 13 e
    5   m 7 s
>>> 6   m 1 w
    7   m 11 n
    8   m 17 e


Turn 173
================================================================
warning: entity 11 was directed to use 2 halite to move south, but only 0 halite was available
At command 3 of 9:
    1   m 7 o
    2   m 15 o
>>> 3   m 11 s
    4   m 13 w
    5   m 16 s


Turn 174
================================================================
warning: entity 1 was directed to use 3 halite to move south, but only 0 halite was available
At command 4 of 9:
    2   m 13 w
    3   m 5 s
>>> 4   m 1 s
    5   m 18 o
    6   m 17 n


Turn 176
================================================================
warning: entity 1 was directed to use 9 halite to move south, but only 7 halite was available
At command 5 of 9:
    3   m 16 o
    4   m 5 w
>>> 5   m 1 s
    6   m 18 n
    7   m 17 o


Turn 177
================================================================
warning: entity 11 was directed to use 9 halite to move east, but only 3 halite was available
At command 1 of 9:
>>> 1   m 11 e
    2   m 5 e
    3   m 7 o

warning: entity 18 was directed to use 6 halite to move north, but only 1 halite was available
At command 6 of 9:
    4   m 13 o
    5   m 16 s
>>> 6   m 18 n
    7   m 1 s
    8   m 17 w

warning: owned entities 16, 11 collided on cell (10, 17) as the result of moves on this turn
At command 5 of 9:
    3   m 7 o
    4   m 13 o
>>> 5   m 16 s
    6   m 18 n
    7   m 1 s


Turn 182
================================================================
warning: entity 18 was directed to use 5 halite to move south, but only 3 halite was available
At command 7 of 8:
    5   m 5 n
    6   m 17 o
>>> 7   m 18 s
    8   m 1 o


Turn 183
================================================================
warning: entity 15 was directed to use 2 halite to move north, but only 0 halite was available
At command 2 of 8:
    1   m 21 n
>>> 2   m 15 n
    3   m 7 s
    4   m 13 s


Turn 184
================================================================
warning: entity 21 was directed to use 3 halite to move east, but only 0 halite was available
At command 1 of 8:
>>> 1   m 21 e
    2   m 7 n
    3   m 5 e


Turn 185
================================================================
warning: entity 18 was directed to use 8 halite to move north, but only 5 halite was available
At command 6 of 8:
    4   m 15 s
    5   m 1 n
>>> 6   m 18 n
    7   m 21 w
    8   m 17 o


Turn 187
================================================================
warning: entity 21 was directed to use 8 halite to move west, but only 0 halite was available
At command 2 of 8:
    1   m 5 o
>>> 2   m 21 w
    3   m 17 o
    4   m 15 e


Turn 191
================================================================
warning: entity 21 was directed to use 8 halite to move north, but only 0 halite was available
At command 4 of 8:
    2   m 17 o
    3   m 13 s
>>> 4   m 21 n
    5   m 15 n
    6   m 5 s


Turn 194
================================================================
warning: entity 15 was directed to use 5 halite to move north, but only 2 halite was available
At command 3 of 8:
    1   m 7 n
    2   m 13 n
>>> 3   m 15 n
    4   m 18 w
    5   m 1 s


Turn 196
================================================================
warning: owned entities 7, 17 collided on cell (5, 13) as the result of moves on this turn
At command 3 of 8:
    1   m 17 o
    2   m 5 w
>>> 3   m 7 w
    4   m 13 e
    5   m 15 w


Turn 197
================================================================
warning: entity 18 was directed to use 7 halite to move north, but only 6 halite was available
At command 4 of 6:
    2   m 15 n
    3   m 13 s
>>> 4   m 18 n
    5   m 1 o
    6   m 21 o


Turn 198
================================================================
warning: entity 15 was directed to use 8 halite to move south, but only 0 halite was available
At command 1 of 6:
>>> 1   m 15 s
    2   m 5 e
    3   m 13 n


Turn 203
================================================================
warning: entity 18 was directed to use 4 halite to move east, but only 1 halite was available
At command 5 of 6:
    3   m 13 s
    4   m 5 s
>>> 5   m 18 e
    6   m 1 o


Turn 214
================================================================
warning: entity 15 was directed to use 9 halite to move north, but only 2 halite was available
At command 2 of 6:
    1   m 13 o
>>> 2   m 15 n
    3   m 5 o
    4   m 1 e


Turn 218
================================================================
warning: entity 15 was directed to use 8 halite to move west, but only 6 halite was available
At command 1 of 6:
>>> 1   m 15 w
    2   m 5 n
    3   m 18 s


Turn 224
================================================================
warning: entity 1 was directed to use 5 halite to move north, but only 0 halite was available
At command 2 of 6:
    1   m 5 w
>>> 2   m 1 n
    3   m 18 e
    4   m 13 n

warning: entity 15 was directed to use 5 halite to move south, but only 4 halite was available
At command 5 of 6:
    3   m 18 e
    4   m 13 n
>>> 5   m 15 s
    6   m 21 o


Turn 230
================================================================
warning: entity 1 was directed to use 9 halite to move north, but only 2 halite was available
At command 4 of 6:
    2   m 5 e
    3   m 13 e
>>> 4   m 1 n
    5   m 18 w
    6   m 15 o


Turn 255
================================================================
warning: entity 21 was directed to use 1 halite to move east, but only 0 halite was available
At command 1 of 6:
>>> 1   m 21 e
    2   m 13 w
    3   m 5 o


Turn 260
================================================================
warning: entity 21 was directed to use 4 halite to move south, but only 0 halite was available
At command 2 of 6:
    1   m 5 n
>>> 2   m 21 s
    3   m 15 w
    4   m 13 s


Turn 267
================================================================
warning: entity 21 was directed to use 2 halite to move east, but only 0 halite was available
At command 1 of 6:
>>> 1   m 21 e
    2   m 15 n
    3   m 13 s


Turn 269
================================================================
warning: entity 21 was directed to use 6 halite to move west, but only 5 halite was available
At command 3 of 6:
    1   m 15 n
    2   m 5 o
>>> 3   m 21 w
    4   m 1 s
    5   m 18 o


Turn 277
================================================================
warning: entity 21 was directed to use 3 halite to move north, but only 2 halite was available
At command 1 of 6:
>>> 1   m 21 n
    2   m 13 n
    3   m 5 n

warning: entity 13 was directed to use 2 halite to move north, but only 0 halite was available
At command 2 of 6:
    1   m 21 n
>>> 2   m 13 n
    3   m 5 n
    4   m 1 o


Turn 280
================================================================
warning: entity 13 was directed to use 5 halite to move north, but only 1 halite was available
At command 4 of 6:
    2   m 5 e
    3   m 15 w
>>> 4   m 13 n
    5   m 18 e
    6   m 1 s


Turn 281
================================================================
warning: entity 21 was directed to use 5 halite to move east, but only 1 halite was available
At command 1 of 6:
>>> 1   m 21 e
    2   m 5 n
    3   m 15 e


Turn 286
================================================================
warning: entity 1 was directed to use 2 halite to move north, but only 1 halite was available
At command 3 of 6:
    1   m 15 s
    2   m 18 e
>>> 3   m 1 n
    4   m 21 w
    5   m 5 e


Turn 291
================================================================
warning: entity 21 was directed to use 8 halite to move north, but only 0 halite was available
At command 2 of 6:
    1   m 15 w
>>> 2   m 21 n
    3   m 5 o
    4   m 1 w


Turn 295
================================================================
warning: entity 1 was directed to use 3 halite to move east, but only 2 halite was available
At command 5 of 6:
    3   m 13 s
    4   m 18 o
>>> 5   m 1 e
    6   m 15 w


Turn 297
================================================================
warning: entity 5 was directed to use 2 halite to move east, but only 0 halite was available
At command 2 of 6:
    1   m 21 n
>>> 2   m 5 e
    3   m 13 n
    4   m 1 w


Turn 304
================================================================
warning: entity 1 was directed to use 6 halite to move east, but only 0 halite was available
At command 1 of 6:
>>> 1   m 1 e
    2   m 18 e
    3   m 21 e

warning: entity 21 was directed to use 3 halite to move east, but only 1 halite was available
At command 3 of 6:
    1   m 1 e
    2   m 18 e
>>> 3   m 21 e
    4   m 5 w
    5   m 15 e


Turn 305
================================================================
warning: entity 5 was directed to use 2 halite to move east, but only 1 halite was available
At command 1 of 6:
>>> 1   m 5 e
    2   m 15 s
    3   m 18 n


Turn 307
================================================================
warning: entity 21 was directed to use 6 halite to move west, but only 5 halite was available
At command 1 of 6:
>>> 1   m 21 w
    2   m 13 w
    3   m 5 n


Turn 311
================================================================
warning: entity 21 was directed to use 6 halite to move west, but only 2 halite was available
At command 3 of 6:
    1   m 13 e
    2   m 15 n
>>> 3   m 21 w
    4   m 18 n
    5   m 1 e

warning: entity 5 was directed to use 6 halite to move south, but only 0 halite was available
At command 6 of 6:
    4   m 18 n
    5   m 1 e
>>> 6   m 5 s


Turn 313
================================================================
warning: entity 1 was directed to use 4 halite to move south, but only 3 halite was available
At command 4 of 6:
    2   m 15 w
    3   m 18 e
>>> 4   m 1 s
    5   m 5 s
    6   m 13 o


Turn 315
================================================================
warning: entity 21 was directed to use 7 halite to move east, but only 4 halite was available
At command 2 of 6:
    1   m 15 s
>>> 2   m 21 e
    3   m 5 n
    4   m 18 w


Turn 319
================================================================
warning: entity 5 was directed to use 6 halite to move south, but only 4 halite was available
At command 2 of 6:
    1   m 13 s
>>> 2   m 5 s
    3   m 21 s
    4   m 1 s

warning: entity 21 was directed to use 8 halite to move south, but only 4 halite was available
At command 3 of 6:
    1   m 13 s
    2   m 5 s
>>> 3   m 21 s
    4   m 1 s
    5   m 18 s


Turn 325
================================================================
warning: entity 21 was directed to use 4 halite to move south, but only 1 halite was available
At command 3 of 6:
    1   m 5 w
    2   m 15 o
>>> 3   m 21 s
    4   m 13 n
    5   m 18 e


Turn 326
================================================================
warning: entity 1 was directed to use 2 halite to move north, but only 1 halite was available
At command 4 of 6:
    2   m 13 n
    3   m 18 n
>>> 4   m 1 n
    5   m 15 e
    6   m 21 s


Turn 328
================================================================
warning: entity 5 was directed to use 8 halite to move north, but only 3 halite was available
At command 1 of 6:
>>> 1   m 5 n
    2   m 15 n
    3   m 13 n

warning: entity 21 was directed to use 7 halite to move north, but only 2 halite was available
At command 4 of 6:
    2   m 15 n
    3   m 13 n
>>> 4   m 21 n
    5   m 1 s
    6   m 18 n


Turn 332
================================================================
warning: entity 1 was directed to use 4 halite to move south, but only 1 halite was available
At command 5 of 6:
    3   m 5 w
    4   m 18 w
>>> 5   m 1 s
    6   m 21 n


Turn 336
================================================================
warning: entity 1 was directed to use 6 halite to move north, but only 3 halite was available
At command 4 of 6:
    2   m 21 n
    3   m 15 n
>>> 4   m 1 n
    5   m 18 e
    6   m 13 o


Turn 339
================================================================
warning: entity 5 was directed to use 2 halite to move south, but only 1 halite was available
At command 2 of 6:
    1   m 21 w
>>> 2   m 5 s
    3   m 15 s
    4   m 18 o


Turn 341
================================================================
warning: entity 1 was directed to use 6 halite to move east, but only 5 halite was available
At command 4 of 6:
    2   m 15 s
    3   m 13 s
>>> 4   m 1 e
    5   m 18 s
    6   m 21 s


Turn 346
================================================================
warning: entity 21 was directed to use 1 halite to move south, but only 0 halite was available
At command 1 of 6:
>>> 1   m 21 s
    2   m 1 n
    3   m 18 w

warning: entity 1 was directed to use 4 halite to move north, but only 3 halite was available
At command 2 of 6:
    1   m 21 s
>>> 2   m 1 n
    3   m 18 w
    4   m 5 s


Turn 347
================================================================
warning: entity 5 was directed to use 3 halite to move east, but only 1 halite was available
At command 2 of 6:
    1   m 15 n
>>> 2   m 5 e
    3   m 21 s
    4   m 18 n


Turn 349
================================================================
warning: entity 21 was directed to use 7 halite to move east, but only 0 halite was available
At command 2 of 6:
    1   m 15 e
>>> 2   m 21 e
    3   m 13 n
    4   m 5 w


Turn 356
================================================================
warning: entity 5 was directed to use 1 halite to move west, but only 0 halite was available
At command 4 of 6:
    2   m 18 e
    3   m 1 n
>>> 4   m 5 w
    5   m 13 w
    6   m 21 e


Turn 365
================================================================
warning: entity 1 was directed to use 9 halite to move west, but only 6 halite was available
At command 5 of 6:
    3   m 21 e
    4   m 18 o
>>> 5   m 1 w
    6   m 5 s


Turn 369
================================================================
warning: entity 5 was directed to use 2 halite to move south, but only 1 halite was available
At command 3 of 6:
    1   m 13 e
    2   m 21 s
>>> 3   m 5 s
    4   m 15 w
    5   m 18 s


Turn 370
================================================================
warning: entity 13 was directed to use 1 halite to move north, but only 0 halite was available
At command 1 of 6:
>>> 1   m 13 n
    2   m 21 e
    3   m 15 s


Turn 373
================================================================
warning: entity 13 was directed to use 3 halite to move north, but only 0 halite was available
At command 3 of 6:
    1   m 1 s
    2   m 18 n
>>> 3   m 13 n
    4   m 5 n
    5   m 15 w


Turn 378
================================================================
warning: entity 13 was directed to use 2 halite to move south, but only 0 halite was available
At command 1 of 6:
>>> 1   m 13 s
    2   m 5 n
    3   m 15 w


Turn 381
================================================================
warning: entity 13 was directed to use 5 halite to move west, but only 4 halite was available
At command 2 of 6:
    1   m 15 s
>>> 2   m 13 w
    3   m 5 s
    4   m 18 s


Turn 383
================================================================
warning: entity 5 was directed to use 1 halite to move west, but only 0 halite was available
At command 1 of 6:
>>> 1   m 5 w
    2   m 15 n
    3   m 18 s


Turn 388
================================================================
warning: entity 13 was directed to use 9 halite to move south, but only 1 halite was available
At command 1 of 6:
>>> 1   m 13 s
    2   m 15 w
    3   m 5 s


Turn 389
================================================================
warning: entity 5 was directed to use 4 halite to move south, but only 3 halite was available
At command 2 of 6:
    1   m 15 s
>>> 2   m 5 s
    3   m 21 e
    4   m 1 s

warning: entity 18 was directed to use 1 halite to move south, but only 0 halite was available
At command 5 of 6:
    3   m 21 e
    4   m 1 s
>>> 5   m 18 s
    6   m 13 e


Turn 391
================================================================
warning: entity 18 was directed to use 4 halite to move west, but only 3 halite was available
At command 5 of 6:
    3   m 13 w
    4   m 5 e
>>> 5   m 18 w
    6   m 1 o


Turn 392
================================================================
warning: entity 13 was directed to use 5 halite to move west, but only 4 halite was available
At command 1 of 6:
>>> 1   m 13 w
    2   m 15 n
    3   m 21 e


Turn 396
================================================================
warning: entity 5 was directed to use 8 halite to move south, but only 1 halite was available
At command 1 of 6:
>>> 1   m 5 s
    2   m 15 s
    3   m 13 w

warning: entity 13 was directed to use 9 halite to move west, but only 5 halite was available
At command 3 of 6:
    1   m 5 s
    2   m 15 s
>>> 3   m 13 w
    4   m 21 o
    5   m 18 n


Turn 397
================================================================
warning: entity 18 was directed to use 7 halite to move east, but only 6 halite was available
At command 2 of 6:
    1   m 15 w
>>> 2   m 18 e
    3   m 1 o
    4   m 5 s

