
Turn 17
================================================================
warning: entity 9 was directed to use 5 halite to move east, but only 0 halite was available
At command 2 of 5:
    1   m 0 o
>>> 2   m 9 e
    3   m 5 o
    4   m 3 o


Turn 35
================================================================
warning: entity 0 was directed to use 7 halite to move north, but only 0 halite was available
At command 1 of 5:
>>> 1   m 0 n
    2   m 6 w
    3   m 9 o


Turn 60
================================================================
warning: entity 3 was directed to use 3 halite to move south, but only 0 halite was available
At command 4 of 6:
    2   m 0 n
    3   m 5 e
>>> 4   m 3 s
    5   m 9 n
    6   g


Turn 62
================================================================
warning: entity 10 was directed to use 5 halite to move west, but only 0 halite was available
At command 5 of 6:
    3   m 5 s
    4   m 0 w
>>> 5   m 10 w
    6   m 3 n


Turn 65
================================================================
warning: entity 10 was directed to use 9 halite to move east, but only 6 halite was available
At command 5 of 6:
    3   m 9 e
    4   m 5 o
>>> 5   m 10 e
    6   m 3 o


Turn 96
================================================================
warning: entity 5 was directed to use 2 halite to move east, but only 0 halite was available
At command 2 of 7:
    1   m 0 o
>>> 2   m 5 e
    3   m 9 w
    4   m 6 n


Turn 98
================================================================
warning: entity 14 was directed to use 4 halite to move south, but only 0 halite was available
At command 2 of 7:
    1   m 6 w
>>> 2   m 14 s
    3   m 3 e
    4   m 10 o


Turn 100
================================================================
warning: entity 5 was directed to use 1 halite to move east, but only 0 halite was available
At command 6 of 7:
    4   m 0 w
    5   m 14 o
>>> 6   m 5 e
    7   m 9 s


Turn 102
================================================================
warning: entity 5 was directed to use 8 halite to move north, but only 3 halite was available
At command 3 of 7:
    1   m 0 n
    2   m 6 o
>>> 3   m 5 n
    4   m 9 e
    5   m 10 o


Turn 107
================================================================
warning: entity 5 was directed to use 8 halite to move west, but only 4 halite was available
At command 2 of 7:
    1   m 10 s
>>> 2   m 5 w
    3   m 9 e
    4   m 14 o


Turn 116
================================================================
warning: entity 5 was directed to use 8 halite to move south, but only 3 halite was available
At command 4 of 7:
    2   m 0 w
    3   m 9 n
>>> 4   m 5 s
    5   m 6 e
    6   m 10 n


Turn 120
================================================================
warning: entity 5 was directed to use 9 halite to move north, but only 3 halite was available
At command 2 of 7:
    1   m 0 o
>>> 2   m 5 n
    3   m 10 e
    4   m 14 o


Turn 125
================================================================
warning: entity 5 was directed to use 6 halite to move west, but only 1 halite was available
At command 1 of 7:
>>> 1   m 5 w
    2   m 3 o
    3   m 9 o


Turn 129
================================================================
warning: entity 5 was directed to use 6 halite to move east, but only 3 halite was available
At command 4 of 7:
    2   m 10 o
    3   m 0 s
>>> 4   m 5 e
    5   m 9 e
    6   m 14 e


Turn 130
================================================================
warning: entity 6 was directed to use 5 halite to move east, but only 0 halite was available
At command 1 of 8:
>>> 1   m 6 e
    2   m 14 n
    3   m 0 s


Turn 133
================================================================
warning: entity 16 was directed to use 3 halite to move south, but only 0 halite was available
At command 1 of 9:
>>> 1   m 16 s
    2   m 10 e
    3   m 6 o


Turn 135
================================================================
warning: entity 16 was directed to use 7 halite to move west, but only 6 halite was available
At command 2 of 9:
    1   m 6 w
>>> 2   m 16 w
    3   m 0 w
    4   m 17 s


Turn 136
================================================================
warning: entity 10 was directed to use 9 halite to move south, but only 0 halite was available
At command 2 of 9:
    1   m 14 s
>>> 2   m 10 s
    3   m 5 w
    4   m 9 w

warning: entity 17 was directed to use 6 halite to move north, but only 0 halite was available
At command 6 of 9:
    4   m 9 w
    5   m 6 w
>>> 6   m 17 n
    7   m 0 o
    8   m 16 w


Turn 137
================================================================
warning: entity 6 was directed to use 9 halite to move south, but only 5 halite was available
At command 4 of 9:
    2   m 5 n
    3   m 16 n
>>> 4   m 6 s
    5   m 9 e
    6   m 14 n


Turn 139
================================================================
warning: entity 16 was directed to use 9 halite to move west, but only 7 halite was available
At command 1 of 9:
>>> 1   m 16 w
    2   m 14 e
    3   m 6 o


Turn 141
================================================================
warning: entity 10 was directed to use 4 halite to move south, but only 0 halite was available
At command 3 of 9:
    1   m 16 n
    2   m 3 o
>>> 3   m 10 s
    4   m 5 s
    5   m 9 e


Turn 142
================================================================
warning: entity 5 was directed to use 5 halite to move south, but only 2 halite was available
At command 3 of 9:
    1   m 16 n
    2   m 9 o
>>> 3   m 5 s
    4   m 3 w
    5   m 10 e


Turn 144
================================================================
warning: entity 16 was directed to use 9 halite to move north, but only 2 halite was available
At command 1 of 9:
>>> 1   m 16 n
    2   m 5 e
    3   m 3 w


Turn 145
================================================================
warning: entity 10 was directed to use 2 halite to move east, but only 0 halite was available
At command 3 of 9:
    1   m 14 o
    2   m 9 s
>>> 3   m 10 e
    4   m 5 n
    5   m 3 s

warning: entity 5 was directed to use 9 halite to move north, but only 8 halite was available
At command 4 of 9:
    2   m 9 s
    3   m 10 e
>>> 4   m 5 n
    5   m 3 s
    6   m 6 n

warning: entity 17 was directed to use 7 halite to move east, but only 3 halite was available
At command 8 of 9:
    6   m 6 n
    7   m 16 n
>>> 8   m 17 e
    9   m 0 w


Turn 148
================================================================
warning: entity 16 was directed to use 7 halite to move east, but only 6 halite was available
At command 3 of 9:
    1   m 3 o
    2   m 6 w
>>> 3   m 16 e
    4   m 9 s
    5   m 5 n

warning: entity 10 was directed to use 8 halite to move south, but only 2 halite was available
At command 6 of 9:
    4   m 9 s
    5   m 5 n
>>> 6   m 10 s
    7   m 0 w
    8   m 17 o


Turn 152
================================================================
warning: entity 10 was directed to use 9 halite to move west, but only 4 halite was available
At command 4 of 9:
    2   m 5 n
    3   m 3 o
>>> 4   m 10 w
    5   m 6 e
    6   m 9 w


Turn 154
================================================================
warning: entity 5 was directed to use 1 halite to move south, but only 0 halite was available
At command 3 of 9:
    1   m 16 n
    2   m 10 s
>>> 3   m 5 s
    4   m 3 e
    5   m 9 e


Turn 157
================================================================
warning: entity 5 was directed to use 3 halite to move north, but only 0 halite was available
At command 5 of 9:
    3   m 3 s
    4   m 16 e
>>> 5   m 5 n
    6   m 10 n
    7   m 14 o

warning: entity 10 was directed to use 3 halite to move north, but only 0 halite was available
At command 6 of 9:
    4   m 16 e
    5   m 5 n
>>> 6   m 10 n
    7   m 14 o
    8   m 17 s


Turn 160
================================================================
warning: entity 10 was directed to use 5 halite to move east, but only 2 halite was available
At command 1 of 9:
>>> 1   m 10 e
    2   m 16 o
    3   m 9 s

warning: entity 5 was directed to use 6 halite to move south, but only 4 halite was available
At command 4 of 9:
    2   m 16 o
    3   m 9 s
>>> 4   m 5 s
    5   m 6 e
    6   m 3 n


Turn 163
================================================================
warning: entity 10 was directed to use 8 halite to move east, but only 4 halite was available
At command 4 of 9:
    2   m 5 e
    3   m 14 o
>>> 4   m 10 e
    5   m 3 e
    6   m 6 w


Turn 166
================================================================
warning: entity 5 was directed to use 4 halite to move east, but only 1 halite was available
At command 6 of 9:
    4   m 10 e
    5   m 3 s
>>> 6   m 5 e
    7   m 14 o
    8   m 16 o


Turn 167
================================================================
warning: entity 10 was directed to use 8 halite to move west, but only 4 halite was available
At command 1 of 9:
>>> 1   m 10 w
    2   m 3 n
    3   m 17 n


Turn 170
================================================================
warning: entity 5 was directed to use 4 halite to move west, but only 1 halite was available
At command 1 of 9:
>>> 1   m 5 w
    2   m 14 w
    3   m 17 s


Turn 173
================================================================
warning: entity 5 was directed to use 8 halite to move west, but only 4 halite was available
At command 5 of 9:
    3   m 10 e
    4   m 14 s
>>> 5   m 5 w
    6   m 9 w
    7   m 17 n


Turn 176
================================================================
warning: entity 10 was directed to use 6 halite to move north, but only 2 halite was available
At command 1 of 9:
>>> 1   m 10 n
    2   m 9 s
    3   m 14 n


Turn 178
================================================================
warning: entity 5 was directed to use 8 halite to move west, but only 0 halite was available
At command 3 of 9:
    1   m 14 s
    2   m 9 s
>>> 3   m 5 w
    4   m 16 w
    5   m 6 w


Turn 180
================================================================
warning: entity 10 was directed to use 9 halite to move south, but only 3 halite was available
At command 2 of 9:
    1   m 5 w
>>> 2   m 10 s
    3   m 3 s
    4   m 6 s


Turn 181
================================================================
warning: entity 5 was directed to use 9 halite to move west, but only 7 halite was available
At command 5 of 9:
    3   m 17 s
    4   m 6 o
>>> 5   m 5 w
    6   m 3 e
    7   m 10 o


Turn 232
================================================================
warning: entity 6 was directed to use 7 halite to move north, but only 6 halite was available
At command 1 of 9:
>>> 1   m 6 n
    2   m 9 s
    3   m 5 o


Turn 237
================================================================
warning: entity 6 was directed to use 9 halite to move south, but only 3 halite was available
At command 6 of 9:
    4   m 9 e
    5   m 16 e
>>> 6   m 6 s
    7   m 0 e
    8   m 17 w


Turn 251
================================================================
warning: entity 6 was directed to use 4 halite to move west, but only 3 halite was available
At command 6 of 9:
    4   m 17 w
    5   m 0 e
>>> 6   m 6 w
    7   m 9 n
    8   m 5 o


Turn 255
================================================================
warning: entity 6 was directed to use 5 halite to move south, but only 1 halite was available
At command 1 of 9:
>>> 1   m 6 s
    2   m 16 s
    3   m 14 s


Turn 258
================================================================
warning: entity 16 was directed to use 7 halite to move east, but only 2 halite was available
At command 8 of 9:
    6   m 17 n
    7   m 10 e
>>> 8   m 16 e
    9   m 14 w


Turn 259
================================================================
warning: entity 6 was directed to use 8 halite to move east, but only 0 halite was available
At command 6 of 9:
    4   m 5 w
    5   m 9 n
>>> 6   m 6 e
    7   m 3 o
    8   m 10 w


Turn 262
================================================================
warning: entity 16 was directed to use 8 halite to move south, but only 2 halite was available
At command 3 of 9:
    1   m 10 o
    2   m 6 e
>>> 3   m 16 s
    4   m 3 n
    5   m 9 n


Turn 265
================================================================
warning: entity 6 was directed to use 3 halite to move north, but only 1 halite was available
At command 3 of 9:
    1   m 17 e
    2   m 0 e
>>> 3   m 6 n
    4   m 9 e
    5   m 3 w


Turn 268
================================================================
warning: entity 6 was directed to use 6 halite to move north, but only 5 halite was available
At command 7 of 9:
    5   m 10 n
    6   m 5 n
>>> 7   m 6 n
    8   m 16 e
    9   m 9 w


Turn 269
================================================================
warning: entity 16 was directed to use 6 halite to move east, but only 0 halite was available
At command 1 of 9:
>>> 1   m 16 e
    2   m 10 s
    3   m 9 w


Turn 275
================================================================
warning: entity 6 was directed to use 9 halite to move south, but only 0 halite was available
At command 3 of 8:
    1   m 14 e
    2   m 3 e
>>> 3   m 6 s
    4   m 9 e
    5   m 16 n

warning: entity 16 was directed to use 2 halite to move north, but only 0 halite was available
At command 5 of 8:
    3   m 6 s
    4   m 9 e
>>> 5   m 16 n
    6   m 5 w
    7   m 0 w


Turn 279
================================================================
warning: entity 16 was directed to use 2 halite to move north, but only 0 halite was available
At command 4 of 8:
    2   m 17 e
    3   m 0 e
>>> 4   m 16 n
    5   m 3 e
    6   m 9 s


Turn 283
================================================================
warning: entity 6 was directed to use 8 halite to move west, but only 0 halite was available
At command 1 of 8:
>>> 1   m 6 w
    2   m 3 w
    3   m 9 s


Turn 284
================================================================
warning: entity 16 was directed to use 8 halite to move west, but only 1 halite was available
At command 4 of 8:
    2   m 0 e
    3   m 17 n
>>> 4   m 16 w
    5   m 3 s
    6   m 9 w


Turn 287
================================================================
warning: entity 6 was directed to use 8 halite to move north, but only 2 halite was available
At command 8 of 8:
    6   m 0 e
    7   m 17 e
>>> 8   m 6 n


Turn 288
================================================================
warning: entity 16 was directed to use 7 halite to move east, but only 5 halite was available
At command 1 of 8:
>>> 1   m 16 e
    2   m 17 n
    3   m 0 s


Turn 292
================================================================
warning: entity 6 was directed to use 4 halite to move north, but only 0 halite was available
At command 1 of 8:
>>> 1   m 6 n
    2   m 16 e
    3   m 14 s


Turn 294
================================================================
warning: entity 16 was directed to use 4 halite to move south, but only 0 halite was available
At command 4 of 8:
    2   m 14 w
    3   m 5 e
>>> 4   m 16 s
    5   m 17 w
    6   m 0 e


Turn 295
================================================================
warning: entity 6 was directed to use 5 halite to move south, but only 2 halite was available
At command 5 of 8:
    3   m 17 s
    4   m 5 s
>>> 5   m 6 s
    6   m 14 n
    7   m 16 w


Turn 298
================================================================
warning: entity 16 was directed to use 5 halite to move south, but only 3 halite was available
At command 2 of 8:
    1   m 5 e
>>> 2   m 16 s
    3   m 14 n
    4   m 17 s


Turn 299
================================================================
warning: entity 6 was directed to use 4 halite to move south, but only 2 halite was available
At command 3 of 8:
    1   m 9 o
    2   m 5 e
>>> 3   m 6 s
    4   m 0 s
    5   m 17 s


Turn 303
================================================================
warning: entity 6 was directed to use 3 halite to move north, but only 0 halite was available
At command 3 of 8:
    1   m 14 w
    2   m 16 o
>>> 3   m 6 n
    4   m 9 n
    5   m 5 w


Turn 308
================================================================
warning: entity 6 was directed to use 4 halite to move east, but only 0 halite was available
At command 4 of 8:
    2   m 5 w
    3   m 3 n
>>> 4   m 6 e
    5   m 16 w
    6   m 9 o

warning: entity 16 was directed to use 9 halite to move west, but only 4 halite was available
At command 5 of 8:
    3   m 3 n
    4   m 6 e
>>> 5   m 16 w
    6   m 9 o
    7   m 0 w


Turn 312
================================================================
warning: entity 6 was directed to use 6 halite to move south, but only 1 halite was available
At command 1 of 8:
>>> 1   m 6 s
    2   m 5 w
    3   m 16 n

warning: entity 16 was directed to use 8 halite to move north, but only 5 halite was available
At command 3 of 8:
    1   m 6 s
    2   m 5 w
>>> 3   m 16 n
    4   m 14 e
    5   m 3 e


Turn 316
================================================================
warning: entity 6 was directed to use 4 halite to move north, but only 2 halite was available
At command 2 of 8:
    1   m 5 w
>>> 2   m 6 n
    3   m 9 s
    4   m 3 w


Turn 319
================================================================
warning: entity 6 was directed to use 5 halite to move west, but only 4 halite was available
At command 6 of 8:
    4   m 3 e
    5   m 5 w
>>> 6   m 6 w
    7   m 0 e
    8   m 17 o


Turn 322
================================================================
warning: entity 6 was directed to use 9 halite to move east, but only 7 halite was available
At command 5 of 8:
    3   m 5 s
    4   m 3 s
>>> 5   m 6 e
    6   m 0 o
    7   m 17 w


Turn 327
================================================================
warning: entity 6 was directed to use 6 halite to move south, but only 4 halite was available
At command 5 of 8:
    3   m 14 n
    4   m 3 w
>>> 5   m 6 s
    6   m 9 n
    7   m 17 s


Turn 329
================================================================
warning: entity 16 was directed to use 6 halite to move south, but only 2 halite was available
At command 1 of 8:
>>> 1   m 16 s
    2   m 14 w
    3   m 5 s


Turn 335
================================================================
warning: entity 16 was directed to use 1 halite to move west, but only 0 halite was available
At command 2 of 8:
    1   m 9 n
>>> 2   m 16 w
    3   m 5 s
    4   m 3 o


Turn 339
================================================================
warning: entity 16 was directed to use 3 halite to move west, but only 0 halite was available
At command 5 of 8:
    3   m 3 w
    4   m 6 o
>>> 5   m 16 w
    6   m 9 e
    7   m 17 e


Turn 342
================================================================
warning: entity 16 was directed to use 5 halite to move south, but only 1 halite was available
At command 1 of 8:
>>> 1   m 16 s
    2   m 9 n
    3   m 0 n


Turn 353
================================================================
warning: entity 16 was directed to use 6 halite to move east, but only 0 halite was available
At command 4 of 8:
    2   m 17 s
    3   m 3 s
>>> 4   m 16 e
    5   m 14 n
    6   m 5 s


Turn 358
================================================================
warning: entity 16 was directed to use 4 halite to move north, but only 1 halite was available
At command 3 of 8:
    1   m 17 n
    2   m 0 w
>>> 3   m 16 n
    4   m 5 e
    5   m 3 o


Turn 377
================================================================
warning: entity 6 was directed to use 3 halite to move north, but only 0 halite was available
At command 7 of 8:
    5   m 17 s
    6   m 0 e
>>> 7   m 6 n
    8   m 5 w


Turn 380
================================================================
warning: entity 6 was directed to use 1 halite to move south, but only 0 halite was available
At command 8 of 8:
    6   m 9 e
    7   m 3 e
>>> 8   m 6 s


Turn 383
================================================================
warning: entity 6 was directed to use 3 halite to move north, but only 2 halite was available
At command 3 of 8:
    1   m 16 e
    2   m 5 n
>>> 3   m 6 n
    4   m 14 n
    5   m 0 s


Turn 387
================================================================
warning: entity 6 was directed to use 4 halite to move north, but only 1 halite was available
At command 8 of 8:
    6   m 16 n
    7   m 5 n
>>> 8   m 6 n


Turn 391
================================================================
warning: entity 6 was directed to use 5 halite to move north, but only 0 halite was available
At command 6 of 8:
    4   m 16 e
    5   m 14 s
>>> 6   m 6 n
    7   m 9 n
    8   m 5 e


Turn 394
================================================================
warning: entity 6 was directed to use 8 halite to move west, but only 6 halite was available
At command 8 of 8:
    6   m 0 e
    7   m 17 o
>>> 8   m 6 w


Turn 398
================================================================
warning: entity 6 was directed to use 9 halite to move west, but only 6 halite was available
At command 5 of 8:
    3   m 16 e
    4   m 3 w
>>> 5   m 6 w
    6   m 9 e
    7   m 0 s

