
Turn 15
================================================================
warning: entity 7 was directed to use 9 halite to move west, but only 0 halite was available
At command 2 of 5:
    1   m 3 o
>>> 2   m 7 w
    3   m 1 o
    4   m 5 s


Turn 20
================================================================
warning: entity 9 was directed to use 9 halite to move east, but only 0 halite was available
At command 1 of 5:
>>> 1   m 9 e
    2   m 1 e
    3   m 3 o


Turn 25
================================================================
warning: entity 5 was directed to use 9 halite to move north, but only 0 halite was available
At command 1 of 5:
>>> 1   m 5 n
    2   m 9 o
    3   m 1 e


Turn 27
================================================================
error: communication error with bot: read failed, errno was: 0 (Success)
Last input received was:


Bot error output was:
Traceback (most recent call last):
  File "MyBot.py", line 61, in <module>
    command_queue.append(intendMove(game_map.naive_navigate(ship, me.shipyard.position)))
TypeError: intendMove() missing 1 required positional argument: 'direction'

