
Turn 15
================================================================
warning: entity 8 was directed to use 8 halite to move south, but only 0 halite was available
At command 1 of 5:
>>> 1   m 8 s
    2   m 2 o
    3   m 0 o


Turn 22
================================================================
warning: entity 0 was directed to use 3 halite to move west, but only 0 halite was available
At command 1 of 5:
>>> 1   m 0 w
    2   m 2 s
    3   m 6 n


Turn 25
================================================================
warning: entity 2 was directed to use 9 halite to move north, but only 0 halite was available
At command 1 of 5:
>>> 1   m 2 n
    2   m 6 s
    3   m 8 o


Turn 28
================================================================
warning: entity 6 was directed to use 8 halite to move north, but only 0 halite was available
At command 1 of 6:
>>> 1   m 6 n
    2   m 4 w
    3   m 2 o


Turn 32
================================================================
warning: entity 10 was directed to use 7 halite to move north, but only 0 halite was available
At command 3 of 6:
    1   m 4 n
    2   m 2 o
>>> 3   m 10 n
    4   m 6 w
    5   m 0 o


Turn 34
================================================================
warning: entity 4 was directed to use 4 halite to move south, but only 0 halite was available
At command 2 of 7:
    1   m 8 o
>>> 2   m 4 s
    3   m 10 o
    4   m 6 o


Turn 40
================================================================
warning: entity 14 was directed to use 7 halite to move south, but only 6 halite was available
At command 1 of 8:
>>> 1   m 14 s
    2   m 2 w
    3   m 8 o


Turn 55
================================================================
warning: entity 4 was directed to use 1 halite to move east, but only 0 halite was available
At command 2 of 9:
    1   m 14 o
>>> 2   m 4 e
    3   m 8 w
    4   m 6 w


Turn 57
================================================================
warning: entity 4 was directed to use 5 halite to move east, but only 3 halite was available
At command 4 of 9:
    2   m 0 n
    3   m 10 o
>>> 4   m 4 e
    5   m 18 w
    6   m 12 o


Turn 61
================================================================
warning: entity 18 was directed to use 6 halite to move north, but only 0 halite was available
At command 1 of 10:
>>> 1   m 18 n
    2   m 8 w
    3   m 4 s


Turn 63
================================================================
warning: entity 2 was directed to use 6 halite to move west, but only 3 halite was available
At command 2 of 10:
    1   m 10 w
>>> 2   m 2 w
    3   m 14 o
    4   m 8 n


Turn 64
================================================================
warning: entity 20 was directed to use 1 halite to move east, but only 0 halite was available
At command 3 of 10:
    1   m 0 e
    2   m 18 o
>>> 3   m 20 e
    4   m 10 o
    5   m 8 w


Turn 68
================================================================
warning: entity 6 was directed to use 8 halite to move east, but only 0 halite was available
At command 5 of 10:
    3   m 2 e
    4   m 14 o
>>> 5   m 6 e
    6   m 12 e
    7   m 10 e


Turn 70
================================================================
warning: entity 20 was directed to use 6 halite to move west, but only 4 halite was available
At command 7 of 11:
    5   m 2 n
    6   m 12 o
>>> 7   m 20 w
    8   m 0 o
    9   m 4 o


Turn 75
================================================================
warning: entity 10 was directed to use 5 halite to move south, but only 4 halite was available
At command 2 of 11:
    1   m 12 o
>>> 2   m 10 s
    3   m 2 o
    4   m 4 o


Turn 81
================================================================
warning: entity 2 was directed to use 8 halite to move east, but only 2 halite was available
At command 4 of 11:
    2   m 10 w
    3   m 4 o
>>> 4   m 2 e
    5   m 14 o
    6   m 8 o


Turn 88
================================================================
warning: entity 14 was directed to use 3 halite to move west, but only 0 halite was available
At command 5 of 11:
    3   m 22 o
    4   m 10 o
>>> 5   m 14 w
    6   m 4 n
    7   m 18 s


Turn 92
================================================================
warning: entity 0 was directed to use 3 halite to move west, but only 0 halite was available
At command 3 of 13:
    1   m 6 n
    2   m 12 w
>>> 3   m 0 w
    4   m 22 n
    5   m 14 s


Turn 98
================================================================
warning: entity 27 was directed to use 5 halite to move south, but only 0 halite was available
At command 8 of 15:
    6   m 18 n
    7   m 2 o
>>> 8   m 27 s
    9   m 10 o
    10   m 26 o


Turn 101
================================================================
warning: entity 29 was directed to use 2 halite to move south, but only 0 halite was available
At command 2 of 15:
    1   m 2 e
>>> 2   m 29 s
    3   m 12 o
    4   m 22 s


Turn 103
================================================================
warning: entity 29 was directed to use 8 halite to move south, but only 5 halite was available
At command 7 of 15:
    5   m 22 w
    6   m 18 w
>>> 7   m 29 s
    8   m 12 s
    9   m 2 s

warning: entity 26 was directed to use 3 halite to move south, but only 1 halite was available
At command 10 of 15:
    8   m 12 s
    9   m 2 s
>>> 10   m 26 s
    11   m 27 s
    12   m 10 o

warning: entity 27 was directed to use 4 halite to move south, but only 0 halite was available
At command 11 of 15:
    9   m 2 s
    10   m 26 s
>>> 11   m 27 s
    12   m 10 o
    13   m 6 s


Turn 104
================================================================
warning: entity 0 was directed to use 8 halite to move south, but only 2 halite was available
At command 5 of 15:
    3   m 20 w
    4   m 18 w
>>> 5   m 0 s
    6   m 2 w
    7   m 6 e


Turn 110
================================================================
warning: entity 26 was directed to use 4 halite to move south, but only 0 halite was available
At command 3 of 16:
    1   m 2 o
    2   m 20 w
>>> 3   m 26 s
    4   m 18 s
    5   m 14 w


Turn 111
================================================================
warning: entity 33 was directed to use 2 halite to move north, but only 0 halite was available
At command 8 of 16:
    6   m 14 o
    7   m 22 n
>>> 8   m 33 n
    9   m 0 n
    10   m 2 o


Turn 112
================================================================
warning: entity 0 was directed to use 3 halite to move north, but only 2 halite was available
At command 4 of 16:
    2   m 26 n
    3   m 18 e
>>> 4   m 0 n
    5   m 8 s
    6   m 25 e

warning: entity 20 was directed to use 7 halite to move south, but only 2 halite was available
At command 7 of 16:
    5   m 8 s
    6   m 25 e
>>> 7   m 20 s
    8   m 10 n
    9   m 27 w


Turn 113
================================================================
warning: entity 26 was directed to use 6 halite to move east, but only 3 halite was available
At command 1 of 16:
>>> 1   m 26 e
    2   m 33 o
    3   m 18 w


Turn 118
================================================================
warning: entity 33 was directed to use 6 halite to move north, but only 4 halite was available
At command 11 of 17:
    9   m 27 w
    10   m 20 e
>>> 11   m 33 n
    12   m 6 o
    13   m 26 o


Turn 119
================================================================
warning: entity 10 was directed to use 5 halite to move west, but only 0 halite was available
At command 2 of 17:
    1   m 0 n
>>> 2   m 10 w
    3   m 22 s
    4   m 4 w

warning: entity 20 was directed to use 6 halite to move east, but only 0 halite was available
At command 8 of 17:
    6   m 12 e
    7   m 27 n
>>> 8   m 20 e
    9   m 25 e
    10   m 8 o


Turn 123
================================================================
warning: entity 26 was directed to use 8 halite to move west, but only 2 halite was available
At command 11 of 17:
    9   m 8 s
    10   m 4 o
>>> 11   m 26 w
    12   m 18 s
    13   m 34 o


Turn 129
================================================================
warning: entity 14 was directed to use 4 halite to move south, but only 0 halite was available
At command 8 of 18:
    6   m 10 o
    7   m 2 s
>>> 8   m 14 s
    9   m 4 w
    10   m 25 s


Turn 133
================================================================
warning: entity 34 was directed to use 9 halite to move south, but only 2 halite was available
At command 15 of 19:
    13   m 27 w
    14   m 25 o
>>> 15   m 34 s
    16   m 20 o
    17   m 4 o


Turn 137
================================================================
warning: entity 34 was directed to use 8 halite to move east, but only 4 halite was available
At command 3 of 19:
    1   m 20 w
    2   m 2 w
>>> 3   m 34 e
    4   m 14 w
    5   m 27 o

warning: entity 14 was directed to use 9 halite to move west, but only 3 halite was available
At command 4 of 19:
    2   m 2 w
    3   m 34 e
>>> 4   m 14 w
    5   m 27 o
    6   m 26 e

warning: entity 26 was directed to use 6 halite to move east, but only 2 halite was available
At command 6 of 19:
    4   m 14 w
    5   m 27 o
>>> 6   m 26 e
    7   m 6 o
    8   m 4 o


Turn 138
================================================================
warning: entity 36 was directed to use 1 halite to move east, but only 0 halite was available
At command 9 of 19:
    7   m 2 o
    8   m 20 n
>>> 9   m 36 e
    10   m 18 e
    11   m 34 w


Turn 141
================================================================
warning: entity 26 was directed to use 8 halite to move south, but only 0 halite was available
At command 1 of 19:
>>> 1   m 26 s
    2   m 25 o
    3   m 20 s

warning: entity 34 was directed to use 6 halite to move north, but only 4 halite was available
At command 5 of 19:
    3   m 20 s
    4   m 8 o
>>> 5   m 34 n
    6   m 6 n
    7   m 18 w


Turn 143
================================================================
warning: entity 37 was directed to use 8 halite to move west, but only 0 halite was available
At command 10 of 19:
    8   m 20 n
    9   m 6 s
>>> 10   m 37 w
    11   m 0 o
    12   m 22 e

warning: entity 36 was directed to use 7 halite to move south, but only 3 halite was available
At command 16 of 19:
    14   m 14 n
    15   m 4 w
>>> 16   m 36 s
    17   m 8 o
    18   m 33 o


Turn 145
================================================================
warning: entity 34 was directed to use 6 halite to move east, but only 5 halite was available
At command 6 of 20:
    4   m 33 n
    5   m 18 e
>>> 6   m 34 e
    7   m 39 e
    8   m 2 s


Turn 146
================================================================
warning: entity 20 was directed to use 6 halite to move north, but only 4 halite was available
At command 11 of 20:
    9   m 14 o
    10   m 18 s
>>> 11   m 20 n
    12   m 26 w
    13   m 36 w

warning: entity 26 was directed to use 6 halite to move west, but only 3 halite was available
At command 12 of 20:
    10   m 18 s
    11   m 20 n
>>> 12   m 26 w
    13   m 36 w
    14   m 33 o


Turn 148
================================================================
warning: entity 39 was directed to use 4 halite to move west, but only 0 halite was available
At command 2 of 20:
    1   m 2 o
>>> 2   m 39 w
    3   m 20 n
    4   m 22 e


Turn 150
================================================================
warning: entity 20 was directed to use 6 halite to move west, but only 3 halite was available
At command 4 of 20:
    2   m 25 w
    3   m 29 e
>>> 4   m 20 w
    5   m 37 w
    6   m 0 s


Turn 152
================================================================
warning: entity 39 was directed to use 6 halite to move south, but only 1 halite was available
At command 16 of 20:
    14   m 34 w
    15   m 25 o
>>> 16   m 39 s
    17   m 2 e
    18   m 26 o


Turn 153
================================================================
warning: entity 37 was directed to use 9 halite to move north, but only 2 halite was available
At command 5 of 20:
    3   m 4 o
    4   m 0 s
>>> 5   m 37 n
    6   m 27 o
    7   m 20 n

warning: entity 14 was directed to use 8 halite to move east, but only 7 halite was available
At command 9 of 20:
    7   m 20 n
    8   m 22 o
>>> 9   m 14 e
    10   m 8 n
    11   m 29 e


Turn 154
================================================================
warning: entity 20 was directed to use 9 halite to move west, but only 1 halite was available
At command 9 of 20:
    7   m 2 n
    8   m 12 n
>>> 9   m 20 w
    10   m 29 w
    11   m 4 e

warning: entity 29 was directed to use 9 halite to move west, but only 2 halite was available
At command 10 of 20:
    8   m 12 n
    9   m 20 w
>>> 10   m 29 w
    11   m 4 e
    12   m 0 n


Turn 155
================================================================
warning: entity 6 was directed to use 9 halite to move south, but only 5 halite was available
At command 11 of 20:
    9   m 37 o
    10   m 0 s
>>> 11   m 6 s
    12   m 4 e
    13   m 10 n


Turn 156
================================================================
warning: entity 12 was directed to use 3 halite to move north, but only 0 halite was available
At command 4 of 20:
    2   m 8 s
    3   m 4 e
>>> 4   m 12 n
    5   m 10 s
    6   m 25 e

warning: entity 39 was directed to use 4 halite to move east, but only 1 halite was available
At command 10 of 20:
    8   m 27 n
    9   m 29 w
>>> 10   m 39 e
    11   m 2 n
    12   m 33 o

warning: entity 34 was directed to use 7 halite to move west, but only 1 halite was available
At command 14 of 20:
    12   m 33 o
    13   m 14 n
>>> 14   m 34 w
    15   m 26 e
    16   m 22 o


Turn 158
================================================================
warning: entity 8 was directed to use 1 halite to move west, but only 0 halite was available
At command 8 of 21:
    6   m 27 n
    7   m 10 w
>>> 8   m 8 w
    9   m 6 n
    10   m 26 o


Turn 159
================================================================
warning: entity 29 was directed to use 6 halite to move north, but only 0 halite was available
At command 8 of 21:
    6   m 40 e
    7   m 18 e
>>> 8   m 29 n
    9   m 14 w
    10   m 27 n

warning: entity 36 was directed to use 2 halite to move west, but only 1 halite was available
At command 12 of 21:
    10   m 27 n
    11   m 33 s
>>> 12   m 36 w
    13   m 2 n
    14   m 39 e

warning: entity 39 was directed to use 7 halite to move east, but only 3 halite was available
At command 14 of 21:
    12   m 36 w
    13   m 2 n
>>> 14   m 39 e
    15   m 22 s
    16   m 8 e


Turn 160
================================================================
warning: entity 14 was directed to use 8 halite to move west, but only 3 halite was available
At command 9 of 21:
    7   m 8 w
    8   m 4 s
>>> 9   m 14 w
    10   m 6 e
    11   m 10 n

warning: entity 34 was directed to use 4 halite to move west, but only 1 halite was available
At command 12 of 21:
    10   m 6 e
    11   m 10 n
>>> 12   m 34 w
    13   m 25 o
    14   m 29 s


Turn 161
================================================================
warning: entity 6 was directed to use 4 halite to move north, but only 3 halite was available
At command 8 of 22:
    6   m 10 s
    7   m 4 n
>>> 8   m 6 n
    9   m 40 n
    10   m 36 w

warning: entity 40 was directed to use 2 halite to move north, but only 0 halite was available
At command 9 of 22:
    7   m 4 n
    8   m 6 n
>>> 9   m 40 n
    10   m 36 w
    11   m 20 s


Turn 162
================================================================
warning: entity 29 was directed to use 7 halite to move west, but only 3 halite was available
At command 4 of 22:
    2   m 34 s
    3   m 12 s
>>> 4   m 29 w
    5   m 33 n
    6   m 20 s

warning: entity 27 was directed to use 6 halite to move east, but only 4 halite was available
At command 11 of 22:
    9   m 37 e
    10   m 0 o
>>> 11   m 27 e
    12   m 41 o
    13   m 4 w


Turn 163
================================================================
warning: entity 39 was directed to use 8 halite to move north, but only 2 halite was available
At command 5 of 22:
    3   m 12 s
    4   m 2 w
>>> 5   m 39 n
    6   m 26 n
    7   m 10 s


Turn 165
================================================================
warning: entity 36 was directed to use 5 halite to move south, but only 2 halite was available
At command 15 of 22:
    13   m 29 e
    14   m 34 o
>>> 15   m 36 s
    16   m 20 s
    17   m 14 n

warning: entity 20 was directed to use 8 halite to move south, but only 1 halite was available
At command 16 of 22:
    14   m 34 o
    15   m 36 s
>>> 16   m 20 s
    17   m 14 n
    18   m 6 o


Turn 166
================================================================
warning: entity 29 was directed to use 6 halite to move south, but only 3 halite was available
At command 2 of 22:
    1   m 14 s
>>> 2   m 29 s
    3   m 8 s
    4   m 39 w

warning: entity 18 was directed to use 1 halite to move west, but only 0 halite was available
At command 11 of 22:
    9   m 26 o
    10   m 22 o
>>> 11   m 18 w
    12   m 33 n
    13   m 40 o


Turn 168
================================================================
warning: entity 18 was directed to use 6 halite to move north, but only 4 halite was available
At command 3 of 22:
    1   m 33 n
    2   m 20 n
>>> 3   m 18 n
    4   m 8 e
    5   m 27 n

warning: entity 8 was directed to use 7 halite to move east, but only 1 halite was available
At command 4 of 22:
    2   m 20 n
    3   m 18 n
>>> 4   m 8 e
    5   m 27 n
    6   m 25 o


Turn 170
================================================================
warning: entity 27 was directed to use 5 halite to move west, but only 4 halite was available
At command 3 of 22:
    1   m 8 e
    2   m 18 w
>>> 3   m 27 w
    4   m 12 o
    5   m 20 w

warning: entity 20 was directed to use 4 halite to move west, but only 2 halite was available
At command 5 of 22:
    3   m 27 w
    4   m 12 o
>>> 5   m 20 w
    6   m 14 e
    7   m 29 e

warning: entity 39 was directed to use 8 halite to move west, but only 6 halite was available
At command 10 of 22:
    8   m 33 e
    9   m 6 n
>>> 10   m 39 w
    11   m 2 e
    12   m 37 s


Turn 171
================================================================
warning: entity 8 was directed to use 8 halite to move east, but only 6 halite was available
At command 9 of 22:
    7   m 37 e
    8   m 18 w
>>> 9   m 8 e
    10   m 33 n
    11   m 29 s


Turn 174
================================================================
warning: entity 20 was directed to use 5 halite to move north, but only 1 halite was available
At command 2 of 22:
    1   m 25 e
>>> 2   m 20 n
    3   m 29 s
    4   m 6 n

warning: entity 14 was directed to use 8 halite to move south, but only 2 halite was available
At command 6 of 22:
    4   m 6 n
    5   m 26 o
>>> 6   m 14 s
    7   m 18 e
    8   m 4 o

warning: entity 12 was directed to use 6 halite to move east, but only 1 halite was available
At command 10 of 22:
    8   m 4 o
    9   m 41 n
>>> 10   m 12 e
    11   m 8 w
    12   m 22 w

warning: entity 39 was directed to use 8 halite to move east, but only 7 halite was available
At command 14 of 22:
    12   m 22 w
    13   m 33 w
>>> 14   m 39 e
    15   m 2 n
    16   m 27 e


Turn 176
================================================================
warning: entity 27 was directed to use 5 halite to move west, but only 4 halite was available
At command 11 of 22:
    9   m 34 o
    10   m 40 e
>>> 11   m 27 w
    12   m 10 s
    13   m 33 w

warning: entity 8 was directed to use 5 halite to move east, but only 3 halite was available
At command 15 of 22:
    13   m 33 w
    14   m 36 w
>>> 15   m 8 e
    16   m 25 n
    17   m 2 n


Turn 178
================================================================
warning: entity 20 was directed to use 8 halite to move west, but only 4 halite was available
At command 4 of 22:
    2   m 34 s
    3   m 6 w
>>> 4   m 20 w
    5   m 8 n
    6   m 2 s

warning: entity 41 was directed to use 3 halite to move south, but only 0 halite was available
At command 14 of 22:
    12   m 29 n
    13   m 25 n
>>> 14   m 41 s
    15   m 4 n
    16   m 36 s

warning: entity 40 was directed to use 7 halite to move south, but only 5 halite was available
At command 17 of 22:
    15   m 4 n
    16   m 36 s
>>> 17   m 40 s
    18   m 12 o
    19   m 33 w


Turn 179
================================================================
warning: entity 39 was directed to use 7 halite to move west, but only 3 halite was available
At command 15 of 22:
    13   m 8 w
    14   m 2 s
>>> 15   m 39 w
    16   m 18 n
    17   m 20 n


Turn 180
================================================================
warning: entity 27 was directed to use 4 halite to move east, but only 2 halite was available
At command 6 of 22:
    4   m 4 n
    5   m 18 o
>>> 6   m 27 e
    7   m 8 o
    8   m 26 w


Turn 182
================================================================
warning: entity 36 was directed to use 6 halite to move east, but only 2 halite was available
At command 16 of 22:
    14   m 37 n
    15   m 0 s
>>> 16   m 36 e
    17   m 6 o
    18   m 29 s


Turn 183
================================================================
warning: entity 20 was directed to use 4 halite to move south, but only 0 halite was available
At command 3 of 22:
    1   m 0 e
    2   m 37 w
>>> 3   m 20 s
    4   m 40 s
    5   m 26 s


Turn 186
================================================================
warning: entity 20 was directed to use 9 halite to move west, but only 6 halite was available
At command 3 of 22:
    1   m 29 e
    2   m 10 n
>>> 3   m 20 w
    4   m 25 s
    5   m 8 o

warning: entity 36 was directed to use 7 halite to move west, but only 2 halite was available
At command 12 of 22:
    10   m 37 w
    11   m 0 e
>>> 12   m 36 w
    13   m 27 e
    14   m 14 e

warning: entity 27 was directed to use 8 halite to move east, but only 3 halite was available
At command 13 of 22:
    11   m 0 e
    12   m 36 w
>>> 13   m 27 e
    14   m 14 e
    15   m 18 o


Turn 187
================================================================
warning: entity 40 was directed to use 5 halite to move west, but only 4 halite was available
At command 4 of 22:
    2   m 2 e
    3   m 39 o
>>> 4   m 40 w
    5   m 25 s
    6   m 26 s


Turn 189
================================================================
warning: entity 41 was directed to use 4 halite to move east, but only 1 halite was available
At command 17 of 23:
    15   m 14 w
    16   m 29 w
>>> 17   m 41 e
    18   m 4 s
    19   m 22 o


Turn 191
================================================================
warning: entity 39 was directed to use 8 halite to move east, but only 2 halite was available
At command 18 of 23:
    16   m 6 s
    17   m 34 e
>>> 18   m 39 e
    19   m 2 o
    20   m 36 o


Turn 192
================================================================
warning: entity 41 was directed to use 7 halite to move west, but only 4 halite was available
At command 8 of 23:
    6   m 27 o
    7   m 18 w
>>> 8   m 41 w
    9   m 4 n
    10   m 25 n


Turn 194
================================================================
warning: entity 20 was directed to use 3 halite to move east, but only 2 halite was available
At command 14 of 23:
    12   m 8 o
    13   m 34 e
>>> 14   m 20 e
    15   m 2 e
    16   m 39 e


Turn 195
================================================================
warning: entity 39 was directed to use 6 halite to move south, but only 3 halite was available
At command 6 of 23:
    4   m 10 w
    5   m 33 s
>>> 6   m 39 s
    7   m 2 e
    8   m 18 n

warning: entity 26 was directed to use 1 halite to move west, but only 0 halite was available
At command 12 of 23:
    10   m 14 w
    11   m 25 n
>>> 12   m 26 w
    13   m 34 w
    14   m 40 e


Turn 197
================================================================
warning: entity 20 was directed to use 9 halite to move west, but only 0 halite was available
At command 2 of 23:
    1   m 25 w
>>> 2   m 20 w
    3   m 33 n
    4   m 8 s

warning: entity 40 was directed to use 5 halite to move north, but only 1 halite was available
At command 5 of 23:
    3   m 33 n
    4   m 8 s
>>> 5   m 40 n
    6   m 34 e
    7   m 22 e

warning: entity 18 was directed to use 7 halite to move west, but only 4 halite was available
At command 10 of 23:
    8   m 6 w
    9   m 14 n
>>> 10   m 18 w
    11   m 12 o
    12   m 44 s


Turn 198
================================================================
warning: entity 6 was directed to use 5 halite to move east, but only 0 halite was available
At command 14 of 23:
    12   m 8 w
    13   m 34 n
>>> 14   m 6 e
    15   m 20 e
    16   m 40 e


Turn 199
================================================================
warning: entity 34 was directed to use 5 halite to move north, but only 3 halite was available
At command 3 of 23:
    1   m 18 e
    2   m 20 n
>>> 3   m 34 n
    4   m 8 s
    5   m 10 w


Turn 201
================================================================
warning: entity 40 was directed to use 3 halite to move north, but only 2 halite was available
At command 13 of 23:
    11   m 22 w
    12   m 34 o
>>> 13   m 40 n
    14   m 25 e
    15   m 39 o


Turn 202
================================================================
warning: entity 14 was directed to use 7 halite to move north, but only 6 halite was available
At command 6 of 23:
    4   m 41 o
    5   m 4 w
>>> 6   m 14 n
    7   m 26 w
    8   m 27 w


Turn 204
================================================================
warning: entity 44 was directed to use 2 halite to move south, but only 0 halite was available
At command 5 of 23:
    3   m 14 o
    4   m 26 e
>>> 5   m 44 s
    6   m 34 w
    7   m 33 w


Turn 206
================================================================
warning: entity 26 was directed to use 3 halite to move east, but only 0 halite was available
At command 11 of 23:
    9   m 14 w
    10   m 18 s
>>> 11   m 26 e
    12   m 33 e
    13   m 44 n

warning: entity 44 was directed to use 8 halite to move north, but only 6 halite was available
At command 13 of 23:
    11   m 26 e
    12   m 33 e
>>> 13   m 44 n
    14   m 29 o
    15   m 6 s


Turn 209
================================================================
warning: entity 40 was directed to use 5 halite to move south, but only 0 halite was available
At command 3 of 23:
    1   m 34 e
    2   m 27 e
>>> 3   m 40 s
    4   m 18 o
    5   m 20 o

warning: entity 26 was directed to use 5 halite to move north, but only 1 halite was available
At command 15 of 23:
    13   m 12 o
    14   m 10 e
>>> 15   m 26 n
    16   m 22 o
    17   m 6 w


Turn 211
================================================================
warning: entity 44 was directed to use 7 halite to move south, but only 1 halite was available
At command 15 of 23:
    13   m 4 w
    14   m 27 s
>>> 15   m 44 s
    16   m 14 s
    17   m 0 w


Turn 212
================================================================
warning: entity 40 was directed to use 7 halite to move north, but only 4 halite was available
At command 2 of 23:
    1   m 27 w
>>> 2   m 40 n
    3   m 25 w
    4   m 14 o

warning: entity 26 was directed to use 9 halite to move east, but only 2 halite was available
At command 7 of 23:
    5   m 34 e
    6   m 18 e
>>> 7   m 26 e
    8   m 12 e
    9   m 2 s


Turn 215
================================================================
warning: entity 34 was directed to use 6 halite to move west, but only 4 halite was available
At command 14 of 23:
    12   m 18 o
    13   m 27 n
>>> 14   m 34 w
    15   m 36 e
    16   m 0 s


Turn 216
================================================================
warning: entity 40 was directed to use 7 halite to move north, but only 5 halite was available
At command 9 of 23:
    7   m 4 e
    8   m 14 o
>>> 9   m 40 n
    10   m 33 w
    11   m 29 w


Turn 218
================================================================
warning: entity 44 was directed to use 8 halite to move east, but only 3 halite was available
At command 14 of 23:
    12   m 27 o
    13   m 20 e
>>> 14   m 44 e
    15   m 6 o
    16   m 8 o


Turn 219
================================================================
warning: entity 34 was directed to use 8 halite to move north, but only 0 halite was available
At command 3 of 23:
    1   m 25 s
    2   m 20 w
>>> 3   m 34 n
    4   m 29 o
    5   m 10 e


Turn 222
================================================================
warning: entity 22 was directed to use 4 halite to move south, but only 0 halite was available
At command 15 of 23:
    13   m 12 w
    14   m 10 n
>>> 15   m 22 s
    16   m 25 w
    17   m 26 e

warning: entity 40 was directed to use 6 halite to move east, but only 4 halite was available
At command 20 of 23:
    18   m 44 n
    19   m 6 o
>>> 20   m 40 e
    21   m 8 o
    22   m 18 n


Turn 223
================================================================
warning: entity 25 was directed to use 1 halite to move north, but only 0 halite was available
At command 4 of 23:
    2   m 26 w
    3   m 10 w
>>> 4   m 25 n
    5   m 44 w
    6   m 12 n

warning: entity 44 was directed to use 5 halite to move west, but only 0 halite was available
At command 5 of 23:
    3   m 10 w
    4   m 25 n
>>> 5   m 44 w
    6   m 12 n
    7   m 36 o


Turn 225
================================================================
warning: entity 34 was directed to use 3 halite to move east, but only 0 halite was available
At command 13 of 23:
    11   m 36 n
    12   m 29 o
>>> 13   m 34 e
    14   m 44 s
    15   m 20 w


Turn 226
================================================================
warning: entity 25 was directed to use 5 halite to move north, but only 0 halite was available
At command 18 of 23:
    16   m 44 w
    17   m 26 s
>>> 18   m 25 n
    19   m 10 s
    20   m 29 n


Turn 227
================================================================
warning: entity 44 was directed to use 3 halite to move east, but only 1 halite was available
At command 19 of 23:
    17   m 26 o
    18   m 36 e
>>> 19   m 44 e
    20   m 41 n
    21   m 4 w


Turn 228
================================================================
warning: entity 22 was directed to use 3 halite to move north, but only 1 halite was available
At command 2 of 23:
    1   m 33 s
>>> 2   m 22 n
    3   m 27 s
    4   m 8 o

warning: entity 34 was directed to use 2 halite to move south, but only 0 halite was available
At command 11 of 23:
    9   m 29 o
    10   m 36 s
>>> 11   m 34 s
    12   m 14 e
    13   m 20 w


Turn 230
================================================================
warning: entity 18 was directed to use 6 halite to move north, but only 3 halite was available
At command 5 of 23:
    3   m 36 e
    4   m 20 e
>>> 5   m 18 n
    6   m 44 e
    7   m 34 e

warning: entity 34 was directed to use 6 halite to move east, but only 5 halite was available
At command 7 of 23:
    5   m 18 n
    6   m 44 e
>>> 7   m 34 e
    8   m 40 n
    9   m 2 s

warning: entity 25 was directed to use 4 halite to move south, but only 3 halite was available
At command 17 of 23:
    15   m 33 s
    16   m 6 n
>>> 17   m 25 s
    18   m 29 o
    19   m 8 w


Turn 231
================================================================
warning: entity 40 was directed to use 9 halite to move south, but only 7 halite was available
At command 5 of 23:
    3   m 10 e
    4   m 6 w
>>> 5   m 40 s
    6   m 33 n
    7   m 14 e


Turn 232
================================================================
warning: entity 6 was directed to use 7 halite to move east, but only 2 halite was available
At command 11 of 23:
    9   m 41 w
    10   m 4 o
>>> 11   m 6 e
    12   m 18 n
    13   m 14 w


Turn 233
================================================================
warning: entity 2 was directed to use 1 halite to move north, but only 0 halite was available
At command 18 of 23:
    16   m 26 o
    17   m 27 w
>>> 18   m 2 n
    19   m 39 o
    20   m 29 o


Turn 235
================================================================
warning: entity 2 was directed to use 6 halite to move north, but only 4 halite was available
At command 13 of 23:
    11   m 44 w
    12   m 20 w
>>> 13   m 2 n
    14   m 39 s
    15   m 33 e


Turn 236
================================================================
warning: entity 18 was directed to use 6 halite to move west, but only 2 halite was available
At command 2 of 23:
    1   m 33 s
>>> 2   m 18 w
    3   m 0 w
    4   m 37 n

warning: entity 36 was directed to use 9 halite to move south, but only 8 halite was available
At command 9 of 23:
    7   m 10 s
    8   m 6 e
>>> 9   m 36 s
    10   m 40 o
    11   m 8 o

warning: entity 25 was directed to use 3 halite to move east, but only 1 halite was available
At command 14 of 23:
    12   m 29 n
    13   m 44 o
>>> 14   m 25 e
    15   m 20 e
    16   m 41 w


Turn 239
================================================================
warning: entity 20 was directed to use 9 halite to move north, but only 0 halite was available
At command 12 of 23:
    10   m 8 o
    11   m 14 e
>>> 12   m 20 n
    13   m 18 e
    14   m 44 o

warning: entity 18 was directed to use 9 halite to move east, but only 5 halite was available
At command 13 of 23:
    11   m 14 e
    12   m 20 n
>>> 13   m 18 e
    14   m 44 o
    15   m 26 o


Turn 241
================================================================
warning: entity 22 was directed to use 8 halite to move south, but only 3 halite was available
At command 13 of 23:
    11   m 14 o
    12   m 8 n
>>> 13   m 22 s
    14   m 33 e
    15   m 20 w


Turn 242
================================================================
warning: entity 36 was directed to use 3 halite to move south, but only 2 halite was available
At command 14 of 23:
    12   m 10 w
    13   m 6 w
>>> 14   m 36 s
    15   m 44 w
    16   m 41 e


Turn 243
================================================================
warning: entity 20 was directed to use 9 halite to move east, but only 0 halite was available
At command 8 of 23:
    6   m 14 o
    7   m 33 o
>>> 8   m 20 e
    9   m 34 w
    10   m 29 w

warning: entity 18 was directed to use 9 halite to move east, but only 6 halite was available
At command 14 of 23:
    12   m 39 s
    13   m 2 o
>>> 14   m 18 e
    15   m 25 s
    16   m 8 s


Turn 245
================================================================
warning: entity 36 was directed to use 6 halite to move east, but only 3 halite was available
At command 1 of 23:
>>> 1   m 36 e
    2   m 6 n
    3   m 14 n


Turn 246
================================================================
warning: entity 29 was directed to use 4 halite to move west, but only 0 halite was available
At command 6 of 22:
    4   m 22 o
    5   m 12 s
>>> 6   m 29 w
    7   m 20 s
    8   m 18 s

warning: entity 6 was directed to use 4 halite to move east, but only 1 halite was available
At command 9 of 22:
    7   m 20 s
    8   m 18 s
>>> 9   m 6 e
    10   m 27 o
    11   m 10 n


Turn 247
================================================================
warning: entity 44 was directed to use 3 halite to move east, but only 2 halite was available
At command 11 of 22:
    9   m 36 n
    10   m 14 w
>>> 11   m 44 e
    12   m 41 n
    13   m 4 s

warning: entity 20 was directed to use 4 halite to move south, but only 2 halite was available
At command 16 of 22:
    14   m 18 n
    15   m 12 w
>>> 16   m 20 s
    17   m 40 n
    18   m 22 o


Turn 248
================================================================
warning: entity 34 was directed to use 7 halite to move south, but only 4 halite was available
At command 9 of 22:
    7   m 36 w
    8   m 26 n
>>> 9   m 34 s
    10   m 37 w
    11   m 0 e


Turn 249
================================================================
warning: entity 36 was directed to use 7 halite to move east, but only 1 halite was available
At command 3 of 22:
    1   m 29 n
    2   m 12 o
>>> 3   m 36 e
    4   m 4 s
    5   m 41 w

warning: entity 37 was directed to use 2 halite to move east, but only 0 halite was available
At command 7 of 22:
    5   m 41 w
    6   m 0 s
>>> 7   m 37 e
    8   m 25 e
    9   m 2 s

warning: entity 25 was directed to use 3 halite to move east, but only 0 halite was available
At command 8 of 22:
    6   m 0 s
    7   m 37 e
>>> 8   m 25 e
    9   m 2 s
    10   m 39 e

warning: entity 18 was directed to use 5 halite to move south, but only 1 halite was available
At command 16 of 22:
    14   m 6 s
    15   m 40 s
>>> 16   m 18 s
    17   m 26 s
    18   m 44 w


Turn 250
================================================================
warning: entity 6 was directed to use 8 halite to move west, but only 0 halite was available
At command 8 of 22:
    6   m 40 o
    7   m 8 n
>>> 8   m 6 w
    9   m 14 e
    10   m 39 n


Turn 253
================================================================
warning: entity 36 was directed to use 9 halite to move west, but only 4 halite was available
At command 11 of 22:
    9   m 2 n
    10   m 29 e
>>> 11   m 36 w
    12   m 18 n
    13   m 12 w

warning: entity 18 was directed to use 7 halite to move north, but only 6 halite was available
At command 12 of 22:
    10   m 29 e
    11   m 36 w
>>> 12   m 18 n
    13   m 12 w
    14   m 41 w


Turn 254
================================================================
warning: entity 2 was directed to use 2 halite to move north, but only 0 halite was available
At command 2 of 22:
    1   m 12 w
>>> 2   m 2 n
    3   m 39 w
    4   m 20 w

warning: entity 25 was directed to use 9 halite to move east, but only 8 halite was available
At command 8 of 22:
    6   m 34 w
    7   m 26 w
>>> 8   m 25 e
    9   m 0 n
    10   m 37 w


Turn 256
================================================================
warning: entity 34 was directed to use 9 halite to move south, but only 5 halite was available
At command 4 of 22:
    2   m 10 w
    3   m 36 o
>>> 4   m 34 s
    5   m 12 w
    6   m 8 s

warning: entity 0 was directed to use 4 halite to move east, but only 3 halite was available
At command 7 of 22:
    5   m 12 w
    6   m 8 s
>>> 7   m 0 e
    8   m 37 w
    9   m 18 e

warning: entity 37 was directed to use 9 halite to move west, but only 4 halite was available
At command 8 of 22:
    6   m 8 s
    7   m 0 e
>>> 8   m 37 w
    9   m 18 e
    10   m 14 e


Turn 258
================================================================
warning: entity 18 was directed to use 6 halite to move south, but only 3 halite was available
At command 8 of 22:
    6   m 0 w
    7   m 44 s
>>> 8   m 18 s
    9   m 29 s
    10   m 25 e

warning: entity 2 was directed to use 7 halite to move west, but only 2 halite was available
At command 13 of 22:
    11   m 10 e
    12   m 39 n
>>> 13   m 2 w
    14   m 20 e
    15   m 12 n


Turn 259
================================================================
warning: entity 29 was directed to use 3 halite to move south, but only 2 halite was available
At command 5 of 22:
    3   m 10 o
    4   m 8 e
>>> 5   m 29 s
    6   m 12 o
    7   m 40 n

warning: entity 20 was directed to use 4 halite to move south, but only 1 halite was available
At command 11 of 22:
    9   m 26 w
    10   m 44 e
>>> 11   m 20 s
    12   m 34 s
    13   m 37 w

warning: entity 0 was directed to use 9 halite to move east, but only 5 halite was available
At command 14 of 22:
    12   m 34 s
    13   m 37 w
>>> 14   m 0 e
    15   m 41 o
    16   m 4 n


Turn 261
================================================================
warning: entity 34 was directed to use 8 halite to move south, but only 3 halite was available
At command 17 of 22:
    15   m 2 s
    16   m 26 n
>>> 17   m 34 s
    18   m 29 n
    19   m 18 n


Turn 262
================================================================
warning: entity 18 was directed to use 7 halite to move south, but only 2 halite was available
At command 1 of 22:
>>> 1   m 18 s
    2   m 39 o
    3   m 2 s

warning: entity 37 was directed to use 8 halite to move south, but only 2 halite was available
At command 7 of 22:
    5   m 44 s
    6   m 14 s
>>> 7   m 37 s
    8   m 0 e
    9   m 8 n

warning: entity 8 was directed to use 1 halite to move north, but only 0 halite was available
At command 9 of 22:
    7   m 37 s
    8   m 0 e
>>> 9   m 8 n
    10   m 22 e
    11   m 25 s


Turn 264
================================================================
warning: entity 20 was directed to use 3 halite to move south, but only 2 halite was available
At command 6 of 22:
    4   m 0 n
    5   m 37 n
>>> 6   m 20 s
    7   m 25 s
    8   m 34 w


Turn 265
================================================================
warning: entity 34 was directed to use 5 halite to move south, but only 4 halite was available
At command 16 of 22:
    14   m 4 e
    15   m 18 w
>>> 16   m 34 s
    17   m 12 n
    18   m 20 w


Turn 266
================================================================
warning: entity 0 was directed to use 2 halite to move south, but only 0 halite was available
At command 4 of 22:
    2   m 4 s
    3   m 41 s
>>> 4   m 0 s
    5   m 37 e
    6   m 29 n


Turn 268
================================================================
warning: entity 2 was directed to use 9 halite to move west, but only 4 halite was available
At command 18 of 22:
    16   m 41 s
    17   m 10 n
>>> 18   m 2 w
    19   m 39 o
    20   m 26 o


Turn 271
================================================================
warning: entity 18 was directed to use 6 halite to move north, but only 2 halite was available
At command 3 of 22:
    1   m 27 n
    2   m 10 s
>>> 3   m 18 n
    4   m 14 o
    5   m 20 w

warning: entity 20 was directed to use 2 halite to move west, but only 1 halite was available
At command 5 of 22:
    3   m 18 n
    4   m 14 o
>>> 5   m 20 w
    6   m 12 w
    7   m 41 s

warning: entity 34 was directed to use 6 halite to move north, but only 1 halite was available
At command 14 of 22:
    12   m 2 s
    13   m 39 s
>>> 14   m 34 n
    15   m 29 e
    16   m 26 n


Turn 272
================================================================
warning: entity 0 was directed to use 2 halite to move south, but only 1 halite was available
At command 4 of 22:
    2   m 22 s
    3   m 8 n
>>> 4   m 0 s
    5   m 37 s
    6   m 6 n


Turn 274
================================================================
warning: entity 20 was directed to use 2 halite to move south, but only 1 halite was available
At command 13 of 22:
    11   m 14 w
    12   m 10 o
>>> 13   m 20 s
    14   m 39 e
    15   m 2 s


Turn 275
================================================================
warning: entity 34 was directed to use 9 halite to move south, but only 3 halite was available
At command 13 of 22:
    11   m 0 w
    12   m 25 n
>>> 13   m 34 s
    14   m 22 s
    15   m 40 s


Turn 276
================================================================
warning: entity 18 was directed to use 5 halite to move south, but only 1 halite was available
At command 6 of 21:
    4   m 25 s
    5   m 14 n
>>> 6   m 18 s
    7   m 10 e
    8   m 27 e


Turn 277
================================================================
warning: entity 27 was directed to use 1 halite to move north, but only 0 halite was available
At command 1 of 21:
>>> 1   m 27 n
    2   m 6 s
    3   m 34 n

warning: entity 25 was directed to use 6 halite to move north, but only 4 halite was available
At command 8 of 21:
    6   m 8 s
    7   m 40 w
>>> 8   m 25 n
    9   m 22 n
    10   m 44 e


Turn 279
================================================================
warning: entity 8 was directed to use 3 halite to move west, but only 0 halite was available
At command 3 of 21:
    1   m 34 e
    2   m 6 o
>>> 3   m 8 w
    4   m 22 s
    5   m 2 o


Turn 280
================================================================
warning: entity 0 was directed to use 9 halite to move west, but only 2 halite was available
At command 6 of 21:
    4   m 4 n
    5   m 37 o
>>> 6   m 0 w
    7   m 40 o
    8   m 44 e

warning: entity 34 was directed to use 8 halite to move west, but only 5 halite was available
At command 10 of 21:
    8   m 44 e
    9   m 14 w
>>> 10   m 34 w
    11   m 22 s
    12   m 18 w


Turn 281
================================================================
warning: entity 29 was directed to use 8 halite to move south, but only 4 halite was available
At command 10 of 21:
    8   m 8 n
    9   m 44 o
>>> 10   m 29 s
    11   m 25 e
    12   m 22 n

warning: entity 25 was directed to use 8 halite to move east, but only 1 halite was available
At command 11 of 21:
    9   m 44 o
    10   m 29 s
>>> 11   m 25 e
    12   m 22 n
    13   m 41 w


Turn 282
================================================================
warning: entity 8 was directed to use 6 halite to move west, but only 2 halite was available
At command 6 of 21:
    4   m 14 e
    5   m 26 e
>>> 6   m 8 w
    7   m 20 e
    8   m 4 o


Turn 285
================================================================
warning: entity 25 was directed to use 6 halite to move north, but only 3 halite was available
At command 5 of 21:
    3   m 18 n
    4   m 12 n
>>> 5   m 25 n
    6   m 6 n
    7   m 44 w

warning: entity 44 was directed to use 4 halite to move west, but only 2 halite was available
At command 7 of 21:
    5   m 25 n
    6   m 6 n
>>> 7   m 44 w
    8   m 20 e
    9   m 0 e

warning: entity 34 was directed to use 9 halite to move west, but only 5 halite was available
At command 11 of 21:
    9   m 0 e
    10   m 37 w
>>> 11   m 34 w
    12   m 29 s
    13   m 14 n

warning: entity 29 was directed to use 8 halite to move south, but only 4 halite was available
At command 12 of 21:
    10   m 37 w
    11   m 34 w
>>> 12   m 29 s
    13   m 14 n
    14   m 4 e


Turn 286
================================================================
warning: entity 20 was directed to use 7 halite to move south, but only 0 halite was available
At command 2 of 21:
    1   m 26 s
>>> 2   m 20 s
    3   m 27 s
    4   m 14 w


Turn 288
================================================================
warning: entity 37 was directed to use 5 halite to move west, but only 3 halite was available
At command 11 of 21:
    9   m 6 w
    10   m 10 w
>>> 11   m 37 w
    12   m 0 n
    13   m 27 n

warning: entity 44 was directed to use 8 halite to move south, but only 4 halite was available
At command 15 of 21:
    13   m 27 n
    14   m 25 s
>>> 15   m 44 s
    16   m 4 n
    17   m 41 w


Turn 289
================================================================
warning: entity 25 was directed to use 6 halite to move south, but only 5 halite was available
At command 2 of 21:
    1   m 29 o
>>> 2   m 25 s
    3   m 12 w
    4   m 6 s

warning: entity 27 was directed to use 6 halite to move east, but only 5 halite was available
At command 9 of 21:
    7   m 4 s
    8   m 41 w
>>> 9   m 27 e
    10   m 22 s
    11   m 39 n

warning: entity 22 was directed to use 9 halite to move south, but only 3 halite was available
At command 10 of 21:
    8   m 41 w
    9   m 27 e
>>> 10   m 22 s
    11   m 39 n
    12   m 2 w

warning: entity 34 was directed to use 6 halite to move east, but only 4 halite was available
At command 14 of 21:
    12   m 2 w
    13   m 10 w
>>> 14   m 34 e
    15   m 14 s
    16   m 18 n


Turn 290
================================================================
warning: entity 41 was directed to use 5 halite to move south, but only 2 halite was available
At command 13 of 21:
    11   m 26 s
    12   m 6 s
>>> 13   m 41 s
    14   m 4 o
    15   m 0 n


Turn 292
================================================================
warning: entity 37 was directed to use 6 halite to move south, but only 4 halite was available
At command 4 of 20:
    2   m 39 n
    3   m 2 o
>>> 4   m 37 s
    5   m 34 n
    6   m 10 s


Turn 293
================================================================
warning: entity 25 was directed to use 5 halite to move south, but only 4 halite was available
At command 5 of 20:
    3   m 27 w
    4   m 8 w
>>> 5   m 25 s
    6   m 18 s
    7   m 44 s

warning: entity 34 was directed to use 9 halite to move north, but only 1 halite was available
At command 10 of 20:
    8   m 14 w
    9   m 10 o
>>> 10   m 34 n
    11   m 20 w
    12   m 40 w


Turn 294
================================================================
warning: entity 44 was directed to use 7 halite to move east, but only 5 halite was available
At command 11 of 20:
    9   m 27 n
    10   m 6 w
>>> 11   m 44 e
    12   m 18 w
    13   m 14 w


Turn 296
================================================================
warning: entity 37 was directed to use 5 halite to move south, but only 1 halite was available
At command 2 of 20:
    1   m 10 o
>>> 2   m 37 s
    3   m 4 n
    4   m 41 e

warning: entity 25 was directed to use 9 halite to move south, but only 5 halite was available
At command 13 of 20:
    11   m 12 n
    12   m 44 s
>>> 13   m 25 s
    14   m 27 n
    15   m 34 w


Turn 297
================================================================
warning: entity 8 was directed to use 3 halite to move south, but only 2 halite was available
At command 7 of 20:
    5   m 22 n
    6   m 12 s
>>> 7   m 8 s
    8   m 26 n
    9   m 14 w


Turn 298
================================================================
warning: entity 18 was directed to use 4 halite to move south, but only 1 halite was available
At command 5 of 19:
    3   m 14 w
    4   m 26 w
>>> 5   m 18 s
    6   m 37 s
    7   m 20 w

warning: entity 34 was directed to use 5 halite to move north, but only 3 halite was available
At command 10 of 19:
    8   m 22 s
    9   m 25 s
>>> 10   m 34 n
    11   m 12 o
    12   m 4 w


Turn 299
================================================================
warning: entity 44 was directed to use 6 halite to move west, but only 5 halite was available
At command 3 of 19:
    1   m 29 s
    2   m 22 n
>>> 3   m 44 w
    4   m 8 n
    5   m 41 n

warning: entity 41 was directed to use 3 halite to move north, but only 2 halite was available
At command 5 of 19:
    3   m 44 w
    4   m 8 n
>>> 5   m 41 n
    6   m 4 w
    7   m 37 s

warning: entity 37 was directed to use 8 halite to move south, but only 4 halite was available
At command 7 of 19:
    5   m 41 n
    6   m 4 w
>>> 7   m 37 s
    8   m 14 w
    9   m 6 e


Turn 301
================================================================
warning: entity 25 was directed to use 8 halite to move north, but only 3 halite was available
At command 13 of 19:
    11   m 41 e
    12   m 6 e
>>> 13   m 25 n
    14   m 39 e
    15   m 2 o


Turn 302
================================================================
warning: entity 34 was directed to use 8 halite to move north, but only 1 halite was available
At command 2 of 18:
    1   m 10 o
>>> 2   m 34 n
    3   m 6 w
    4   m 37 s

warning: entity 8 was directed to use 1 halite to move east, but only 0 halite was available
At command 14 of 18:
    12   m 41 o
    13   m 4 e
>>> 14   m 8 e
    15   m 25 w
    16   m 39 s


Turn 303
================================================================
warning: entity 44 was directed to use 4 halite to move east, but only 3 halite was available
At command 3 of 18:
    1   m 25 w
    2   m 18 w
>>> 3   m 44 e
    4   m 37 n
    5   m 14 n


Turn 304
================================================================
warning: entity 37 was directed to use 6 halite to move south, but only 2 halite was available
At command 1 of 18:
>>> 1   m 37 s
    2   m 20 e
    3   m 34 w

warning: entity 18 was directed to use 4 halite to move east, but only 1 halite was available
At command 6 of 18:
    4   m 22 e
    5   m 25 s
>>> 6   m 18 e
    7   m 29 n
    8   m 8 e


Turn 305
================================================================
warning: entity 25 was directed to use 7 halite to move east, but only 5 halite was available
At command 10 of 18:
    8   m 20 s
    9   m 6 e
>>> 10   m 25 e
    11   m 8 w
    12   m 22 e

warning: entity 22 was directed to use 1 halite to move east, but only 0 halite was available
At command 12 of 18:
    10   m 25 e
    11   m 8 w
>>> 12   m 22 e
    13   m 29 n
    14   m 37 e


Turn 306
================================================================
warning: entity 8 was directed to use 2 halite to move north, but only 1 halite was available
At command 2 of 18:
    1   m 18 e
>>> 2   m 8 n
    3   m 34 o
    4   m 6 s


Turn 307
================================================================
warning: entity 44 was directed to use 5 halite to move west, but only 3 halite was available
At command 7 of 18:
    5   m 39 e
    6   m 6 w
>>> 7   m 44 w
    8   m 20 n
    9   m 29 w


Turn 308
================================================================
warning: entity 37 was directed to use 4 halite to move south, but only 2 halite was available
At command 11 of 18:
    9   m 29 w
    10   m 12 s
>>> 11   m 37 s
    12   m 2 e
    13   m 39 n


Turn 309
================================================================
warning: entity 22 was directed to use 6 halite to move west, but only 2 halite was available
At command 10 of 18:
    8   m 26 s
    9   m 18 w
>>> 10   m 22 w
    11   m 6 n
    12   m 4 w

warning: entity 25 was directed to use 8 halite to move west, but only 4 halite was available
At command 14 of 18:
    12   m 4 w
    13   m 41 w
>>> 14   m 25 w
    15   m 14 s
    16   m 8 n


Turn 310
================================================================
warning: entity 18 was directed to use 2 halite to move north, but only 0 halite was available
At command 7 of 18:
    5   m 41 s
    6   m 6 s
>>> 7   m 18 n
    8   m 12 w
    9   m 20 n


Turn 311
================================================================
warning: entity 44 was directed to use 6 halite to move north, but only 0 halite was available
At command 5 of 18:
    3   m 25 n
    4   m 29 e
>>> 5   m 44 n
    6   m 12 e
    7   m 20 e

warning: entity 8 was directed to use 9 halite to move west, but only 6 halite was available
At command 8 of 18:
    6   m 12 e
    7   m 20 e
>>> 8   m 8 w
    9   m 39 s
    10   m 2 n

warning: entity 26 was directed to use 5 halite to move east, but only 1 halite was available
At command 15 of 18:
    13   m 37 s
    14   m 14 w
>>> 15   m 26 e
    16   m 6 s
    17   m 18 w


Turn 312
================================================================
warning: entity 37 was directed to use 3 halite to move south, but only 2 halite was available
At command 2 of 18:
    1   m 18 s
>>> 2   m 37 s
    3   m 34 w
    4   m 2 e


Turn 314
================================================================
warning: entity 22 was directed to use 4 halite to move south, but only 0 halite was available
At command 7 of 18:
    5   m 8 e
    6   m 44 o
>>> 7   m 22 s
    8   m 29 n
    9   m 26 e

warning: entity 25 was directed to use 4 halite to move south, but only 1 halite was available
At command 15 of 18:
    13   m 4 s
    14   m 18 s
>>> 15   m 25 s
    16   m 20 s
    17   m 12 e


Turn 315
================================================================
warning: entity 18 was directed to use 3 halite to move south, but only 1 halite was available
At command 3 of 18:
    1   m 37 w
    2   m 12 e
>>> 3   m 18 s
    4   m 39 w
    5   m 2 w


Turn 317
================================================================
warning: entity 22 was directed to use 3 halite to move east, but only 0 halite was available
At command 6 of 18:
    4   m 39 n
    5   m 20 s
>>> 6   m 22 e
    7   m 37 e
    8   m 14 s

warning: entity 26 was directed to use 6 halite to move south, but only 0 halite was available
At command 13 of 18:
    11   m 41 n
    12   m 4 w
>>> 13   m 26 s
    14   m 25 w
    15   m 8 w


Turn 319
================================================================
warning: entity 22 was directed to use 9 halite to move north, but only 7 halite was available
At command 1 of 18:
>>> 1   m 22 n
    2   m 34 e
    3   m 20 o


Turn 320
================================================================
warning: entity 8 was directed to use 1 halite to move east, but only 0 halite was available
At command 4 of 18:
    2   m 44 s
    3   m 29 n
>>> 4   m 8 e
    5   m 37 s
    6   m 18 n

warning: entity 37 was directed to use 6 halite to move south, but only 0 halite was available
At command 5 of 18:
    3   m 29 n
    4   m 8 e
>>> 5   m 37 s
    6   m 18 n
    7   m 34 e


Turn 321
================================================================
warning: entity 26 was directed to use 9 halite to move north, but only 2 halite was available
At command 6 of 18:
    4   m 41 e
    5   m 12 w
>>> 6   m 26 n
    7   m 29 n
    8   m 44 e

warning: entity 2 was directed to use 2 halite to move west, but only 1 halite was available
At command 12 of 18:
    10   m 14 n
    11   m 18 e
>>> 12   m 2 w
    13   m 39 w
    14   m 25 n


Turn 322
================================================================
warning: entity 34 was directed to use 9 halite to move west, but only 4 halite was available
At command 7 of 18:
    5   m 20 w
    6   m 14 e
>>> 7   m 34 w
    8   m 22 e
    9   m 44 w

warning: entity 41 was directed to use 3 halite to move west, but only 0 halite was available
At command 10 of 18:
    8   m 22 e
    9   m 44 w
>>> 10   m 41 w
    11   m 4 e
    12   m 12 n


Turn 324
================================================================
warning: entity 8 was directed to use 2 halite to move north, but only 0 halite was available
At command 2 of 18:
    1   m 20 w
>>> 2   m 8 n
    3   m 44 e
    4   m 14 o


Turn 325
================================================================
warning: entity 41 was directed to use 6 halite to move north, but only 4 halite was available
At command 10 of 18:
    8   m 6 e
    9   m 4 e
>>> 10   m 41 n
    11   m 10 s
    12   m 34 n


Turn 326
================================================================
warning: entity 22 was directed to use 8 halite to move east, but only 0 halite was available
At command 14 of 17:
    12   m 26 s
    13   m 44 w
>>> 14   m 22 e
    15   m 4 o
    16   m 41 w


Turn 327
================================================================
warning: entity 26 was directed to use 7 halite to move east, but only 4 halite was available
At command 2 of 17:
    1   m 25 s
>>> 2   m 26 e
    3   m 29 e
    4   m 37 o


Turn 328
================================================================
warning: entity 34 was directed to use 9 halite to move north, but only 5 halite was available
At command 3 of 17:
    1   m 29 o
    2   m 18 n
>>> 3   m 34 n
    4   m 22 w
    5   m 44 w

warning: entity 25 was directed to use 4 halite to move east, but only 0 halite was available
At command 8 of 17:
    6   m 10 s
    7   m 12 e
>>> 8   m 25 e
    9   m 41 w
    10   m 4 w

warning: entity 8 was directed to use 2 halite to move north, but only 0 halite was available
At command 11 of 17:
    9   m 41 w
    10   m 4 w
>>> 11   m 8 n
    12   m 20 n
    13   m 6 w


Turn 329
================================================================
warning: entity 41 was directed to use 6 halite to move south, but only 1 halite was available
At command 5 of 17:
    3   m 20 s
    4   m 4 o
>>> 5   m 41 s
    6   m 18 o
    7   m 44 n


Turn 330
================================================================
warning: entity 22 was directed to use 5 halite to move north, but only 2 halite was available
At command 8 of 17:
    6   m 2 o
    7   m 39 s
>>> 8   m 22 n
    9   m 44 w
    10   m 26 n


Turn 331
================================================================
warning: entity 26 was directed to use 5 halite to move south, but only 2 halite was available
At command 2 of 17:
    1   m 8 w
>>> 2   m 26 s
    3   m 29 e
    4   m 37 s

warning: entity 25 was directed to use 9 halite to move south, but only 1 halite was available
At command 5 of 17:
    3   m 29 e
    4   m 37 s
>>> 5   m 25 s
    6   m 6 n
    7   m 10 w

warning: entity 10 was directed to use 3 halite to move west, but only 0 halite was available
At command 7 of 17:
    5   m 25 s
    6   m 6 n
>>> 7   m 10 w
    8   m 34 e
    9   m 18 s


Turn 333
================================================================
warning: entity 34 was directed to use 9 halite to move north, but only 4 halite was available
At command 8 of 17:
    6   m 44 s
    7   m 20 w
>>> 8   m 34 n
    9   m 18 e
    10   m 22 s


Turn 334
================================================================
warning: entity 18 was directed to use 5 halite to move north, but only 4 halite was available
At command 9 of 17:
    7   m 39 o
    8   m 25 n
>>> 9   m 18 n
    10   m 20 n
    11   m 26 e

warning: entity 26 was directed to use 9 halite to move east, but only 8 halite was available
At command 11 of 17:
    9   m 18 n
    10   m 20 n
>>> 11   m 26 e
    12   m 6 s
    13   m 37 s

warning: entity 41 was directed to use 2 halite to move west, but only 0 halite was available
At command 16 of 17:
    14   m 10 e
    15   m 34 e
>>> 16   m 41 w
    17   m 4 n


Turn 335
================================================================
warning: entity 8 was directed to use 4 halite to move east, but only 0 halite was available
At command 10 of 17:
    8   m 12 n
    9   m 44 s
>>> 10   m 8 e
    11   m 25 s
    12   m 2 o


Turn 336
================================================================
warning: entity 22 was directed to use 9 halite to move south, but only 8 halite was available
At command 7 of 17:
    5   m 18 s
    6   m 44 n
>>> 7   m 22 s
    8   m 34 s
    9   m 10 s

warning: entity 10 was directed to use 6 halite to move south, but only 2 halite was available
At command 9 of 17:
    7   m 22 s
    8   m 34 s
>>> 9   m 10 s
    10   m 29 w
    11   m 25 s


Turn 339
================================================================
warning: entity 34 was directed to use 8 halite to move west, but only 4 halite was available
At command 1 of 17:
>>> 1   m 34 w
    2   m 25 w
    3   m 6 s

warning: entity 41 was directed to use 8 halite to move north, but only 1 halite was available
At command 13 of 17:
    11   m 2 n
    12   m 20 o
>>> 13   m 41 n
    14   m 4 e
    15   m 8 w

warning: entity 26 was directed to use 7 halite to move east, but only 6 halite was available
At command 16 of 17:
    14   m 4 e
    15   m 8 w
>>> 16   m 26 e
    17   m 22 o


Turn 340
================================================================
warning: entity 8 was directed to use 6 halite to move north, but only 0 halite was available
At command 2 of 17:
    1   m 37 n
>>> 2   m 8 n
    3   m 44 w
    4   m 2 s


Turn 344
================================================================
warning: entity 26 was directed to use 4 halite to move east, but only 1 halite was available
At command 12 of 16:
    10   m 2 e
    11   m 10 w
>>> 12   m 26 e
    13   m 8 n
    14   m 29 n

warning: entity 8 was directed to use 5 halite to move north, but only 4 halite was available
At command 13 of 16:
    11   m 10 w
    12   m 26 e
>>> 13   m 8 n
    14   m 29 n
    15   m 6 o


Turn 345
================================================================
warning: entity 34 was directed to use 7 halite to move north, but only 0 halite was available
At command 11 of 16:
    9   m 20 w
    10   m 10 s
>>> 11   m 34 n
    12   m 41 n
    13   m 4 s

warning: entity 41 was directed to use 3 halite to move north, but only 1 halite was available
At command 12 of 16:
    10   m 10 s
    11   m 34 n
>>> 12   m 41 n
    13   m 4 s
    14   m 26 e


Turn 348
================================================================
warning: entity 41 was directed to use 7 halite to move west, but only 4 halite was available
At command 15 of 16:
    13   m 20 e
    14   m 4 n
>>> 15   m 41 w
    16   m 6 s


Turn 349
================================================================
warning: entity 26 was directed to use 4 halite to move east, but only 0 halite was available
At command 7 of 16:
    5   m 37 e
    6   m 22 s
>>> 7   m 26 e
    8   m 44 w
    9   m 8 s


Turn 350
================================================================
warning: entity 8 was directed to use 4 halite to move south, but only 2 halite was available
At command 7 of 15:
    5   m 41 s
    6   m 4 n
>>> 7   m 8 s
    8   m 20 e
    9   m 29 s


Turn 352
================================================================
warning: entity 37 was directed to use 8 halite to move north, but only 4 halite was available
At command 10 of 14:
    8   m 4 n
    9   m 10 s
>>> 10   m 37 n
    11   m 6 s
    12   m 29 n


Turn 353
================================================================
warning: entity 26 was directed to use 9 halite to move west, but only 0 halite was available
At command 7 of 14:
    5   m 8 s
    6   m 34 s
>>> 7   m 26 w
    8   m 10 e
    9   m 18 s


Turn 355
================================================================
warning: entity 8 was directed to use 2 halite to move west, but only 0 halite was available
At command 4 of 14:
    2   m 34 w
    3   m 12 n
>>> 4   m 8 w
    5   m 10 s
    6   m 29 n

warning: entity 41 was directed to use 5 halite to move west, but only 0 halite was available
At command 10 of 14:
    8   m 37 s
    9   m 4 e
>>> 10   m 41 w
    11   m 6 n
    12   m 39 n


Turn 357
================================================================
warning: entity 10 was directed to use 3 halite to move north, but only 2 halite was available
At command 5 of 14:
    3   m 6 w
    4   m 34 o
>>> 5   m 10 n
    6   m 29 w
    7   m 37 o


Turn 359
================================================================
warning: entity 8 was directed to use 4 halite to move east, but only 0 halite was available
At command 11 of 14:
    9   m 41 w
    10   m 4 s
>>> 11   m 8 e
    12   m 34 n
    13   m 2 e


Turn 362
================================================================
warning: entity 41 was directed to use 3 halite to move east, but only 0 halite was available
At command 3 of 14:
    1   m 39 e
    2   m 2 e
>>> 3   m 41 e
    4   m 4 s
    5   m 29 n

warning: entity 18 was directed to use 3 halite to move north, but only 0 halite was available
At command 8 of 14:
    6   m 26 n
    7   m 34 e
>>> 8   m 18 n
    9   m 10 s
    10   m 37 w


Turn 365
================================================================
warning: entity 41 was directed to use 6 halite to move south, but only 2 halite was available
At command 13 of 14:
    11   m 18 e
    12   m 26 o
>>> 13   m 41 s
    14   m 4 o


Turn 367
================================================================
warning: entity 8 was directed to use 5 halite to move west, but only 0 halite was available
At command 5 of 13:
    3   m 12 n
    4   m 6 e
>>> 5   m 8 w
    6   m 18 e
    7   m 4 o

warning: entity 10 was directed to use 6 halite to move south, but only 1 halite was available
At command 9 of 13:
    7   m 4 o
    8   m 41 e
>>> 9   m 10 s
    10   m 39 s
    11   m 2 o


Turn 368
================================================================
warning: entity 18 was directed to use 4 halite to move north, but only 2 halite was available
At command 1 of 13:
>>> 1   m 18 n
    2   m 37 e
    3   m 20 s


Turn 371
================================================================
warning: entity 10 was directed to use 6 halite to move west, but only 0 halite was available
At command 7 of 13:
    5   m 4 e
    6   m 18 e
>>> 7   m 10 w
    8   m 8 e
    9   m 2 s


Turn 372
================================================================
warning: entity 26 was directed to use 2 halite to move north, but only 0 halite was available
At command 5 of 13:
    3   m 37 s
    4   m 12 e
>>> 5   m 26 n
    6   m 39 e
    7   m 2 w

warning: entity 41 was directed to use 2 halite to move north, but only 0 halite was available
At command 8 of 13:
    6   m 39 e
    7   m 2 w
>>> 8   m 41 n
    9   m 4 w
    10   m 18 s

warning: entity 18 was directed to use 7 halite to move south, but only 3 halite was available
At command 10 of 13:
    8   m 41 n
    9   m 4 w
>>> 10   m 18 s
    11   m 10 w
    12   m 6 n


Turn 375
================================================================
warning: entity 34 was directed to use 5 halite to move south, but only 2 halite was available
At command 7 of 12:
    5   m 4 n
    6   m 41 w
>>> 7   m 34 s
    8   m 18 n
    9   m 10 e

warning: entity 10 was directed to use 8 halite to move east, but only 5 halite was available
At command 9 of 12:
    7   m 34 s
    8   m 18 n
>>> 9   m 10 e
    10   m 26 n
    11   m 12 n


Turn 376
================================================================
warning: entity 8 was directed to use 1 halite to move west, but only 0 halite was available
At command 1 of 12:
>>> 1   m 8 w
    2   m 37 e
    3   m 12 s

warning: entity 18 was directed to use 8 halite to move west, but only 5 halite was available
At command 9 of 12:
    7   m 41 e
    8   m 4 s
>>> 9   m 18 w
    10   m 20 o
    11   m 34 e


Turn 378
================================================================
warning: entity 34 was directed to use 7 halite to move east, but only 5 halite was available
At command 5 of 12:
    3   m 41 n
    4   m 4 w
>>> 5   m 34 e
    6   m 8 o
    7   m 12 e

warning: entity 26 was directed to use 3 halite to move north, but only 0 halite was available
At command 8 of 12:
    6   m 8 o
    7   m 12 e
>>> 8   m 26 n
    9   m 10 n
    10   m 37 n


Turn 379
================================================================
warning: entity 10 was directed to use 7 halite to move south, but only 5 halite was available
At command 9 of 12:
    7   m 39 e
    8   m 12 s
>>> 9   m 10 s
    10   m 34 s
    11   m 8 s


Turn 382
================================================================
warning: entity 8 was directed to use 9 halite to move south, but only 8 halite was available
At command 5 of 12:
    3   m 2 s
    4   m 26 n
>>> 5   m 8 s
    6   m 18 e
    7   m 10 n


Turn 383
================================================================
warning: entity 34 was directed to use 3 halite to move west, but only 2 halite was available
At command 1 of 12:
>>> 1   m 34 w
    2   m 10 s
    3   m 12 e

warning: entity 10 was directed to use 8 halite to move south, but only 3 halite was available
At command 2 of 12:
    1   m 34 w
>>> 2   m 10 s
    3   m 12 e
    4   m 37 s


Turn 386
================================================================
warning: entity 18 was directed to use 3 halite to move north, but only 0 halite was available
At command 5 of 12:
    3   m 26 n
    4   m 12 s
>>> 5   m 18 n
    6   m 34 w
    7   m 39 s

warning: entity 41 was directed to use 2 halite to move west, but only 1 halite was available
At command 11 of 12:
    9   m 10 s
    10   m 4 s
>>> 11   m 41 w
    12   m 37 w


Turn 387
================================================================
warning: entity 34 was directed to use 7 halite to move east, but only 0 halite was available
At command 5 of 12:
    3   m 8 o
    4   m 20 o
>>> 5   m 34 e
    6   m 12 e
    7   m 10 n


Turn 388
================================================================
warning: entity 10 was directed to use 6 halite to move west, but only 1 halite was available
At command 8 of 12:
    6   m 39 n
    7   m 37 e
>>> 8   m 10 w
    9   m 12 w
    10   m 8 e


Turn 389
================================================================
warning: entity 18 was directed to use 9 halite to move north, but only 2 halite was available
At command 5 of 12:
    3   m 8 w
    4   m 12 e
>>> 5   m 18 n
    6   m 4 w
    7   m 41 n


Turn 391
================================================================
warning: entity 26 was directed to use 6 halite to move south, but only 5 halite was available
At command 1 of 12:
>>> 1   m 26 s
    2   m 18 s
    3   m 20 s

warning: entity 41 was directed to use 3 halite to move west, but only 1 halite was available
At command 10 of 12:
    8   m 37 w
    9   m 10 n
>>> 10   m 41 w
    11   m 4 o
    12   m 8 s

warning: entity 8 was directed to use 9 halite to move south, but only 0 halite was available
At command 12 of 12:
    10   m 41 w
    11   m 4 o
>>> 12   m 8 s


Turn 392
================================================================
warning: entity 10 was directed to use 5 halite to move south, but only 2 halite was available
At command 3 of 12:
    1   m 37 n
    2   m 12 n
>>> 3   m 10 s
    4   m 20 w
    5   m 18 s


Turn 393
================================================================
warning: entity 18 was directed to use 9 halite to move south, but only 6 halite was available
At command 4 of 12:
    2   m 37 s
    3   m 20 n
>>> 4   m 18 s
    5   m 8 n
    6   m 2 e


Turn 395
================================================================
warning: entity 2 was directed to use 3 halite to move east, but only 0 halite was available
At command 3 of 12:
    1   m 18 s
    2   m 39 s
>>> 3   m 2 e
    4   m 12 w
    5   m 26 w


Turn 397
================================================================
warning: entity 8 was directed to use 5 halite to move south, but only 0 halite was available
At command 2 of 12:
    1   m 26 n
>>> 2   m 8 s
    3   m 37 w
    4   m 12 n

warning: entity 10 was directed to use 4 halite to move east, but only 0 halite was available
At command 5 of 12:
    3   m 37 w
    4   m 12 n
>>> 5   m 10 e
    6   m 18 w
    7   m 41 e

warning: entity 34 was directed to use 7 halite to move north, but only 0 halite was available
At command 11 of 12:
    9   m 2 e
    10   m 39 w
>>> 11   m 34 n
    12   m 20 o


Turn 398
================================================================
warning: entity 18 was directed to use 7 halite to move south, but only 3 halite was available
At command 1 of 12:
>>> 1   m 18 s
    2   m 26 n
    3   m 2 w


Turn 400
================================================================
warning: entity 41 was directed to use 2 halite to move south, but only 0 halite was available
At command 2 of 12:
    1   m 18 n
>>> 2   m 41 s
    3   m 4 w
    4   m 39 n

