
Turn 3
================================================================
warning: entity 1 was directed to use 3 halite to move south, but only 0 halite was available
At command 1 of 2:
>>> 1   m 1 s
    2   g


Turn 5
================================================================
warning: entity 1 was directed to use 8 halite to move north, but only 7 halite was available
At command 1 of 3:
>>> 1   m 1 n
    2   m 3 e
    3   g

warning: entity 3 was directed to use 5 halite to move east, but only 0 halite was available
At command 2 of 3:
    1   m 1 n
>>> 2   m 3 e
    3   g


Turn 7
================================================================
warning: entity 4 was directed to use 7 halite to move north, but only 0 halite was available
At command 1 of 4:
>>> 1   m 4 n
    2   m 1 e
    3   m 3 e


Turn 9
================================================================
warning: entity 6 was directed to use 3 halite to move south, but only 0 halite was available
At command 2 of 5:
    1   m 3 e
>>> 2   m 6 s
    3   m 4 e
    4   m 1 o


Turn 12
================================================================
warning: entity 8 was directed to use 2 halite to move east, but only 0 halite was available
At command 4 of 5:
    2   m 6 o
    3   m 1 s
>>> 4   m 8 e
    5   m 4 n


Turn 13
================================================================
warning: entity 3 was directed to use 8 halite to move south, but only 3 halite was available
At command 2 of 5:
    1   m 4 o
>>> 2   m 3 s
    3   m 6 o
    4   m 1 o


Turn 15
================================================================
warning: entity 4 was directed to use 5 halite to move west, but only 0 halite was available
At command 2 of 5:
    1   m 3 w
>>> 2   m 4 w
    3   m 6 n
    4   m 1 o

