
Turn 3
================================================================
warning: entity 1 was directed to use 2 halite to move south, but only 0 halite was available
At command 1 of 2:
>>> 1   m 1 s
    2   g


Turn 5
================================================================
warning: entity 3 was directed to use 5 halite to move north, but only 0 halite was available
At command 1 of 3:
>>> 1   m 3 n
    2   m 1 w
    3   g


Turn 6
================================================================
warning: entity 1 was directed to use 8 halite to move north, but only 3 halite was available
At command 3 of 3:
    1   m 4 n
    2   m 3 w
>>> 3   m 1 n


Turn 8
================================================================
warning: entity 3 was directed to use 3 halite to move south, but only 0 halite was available
At command 1 of 4:
>>> 1   m 3 s
    2   m 1 n
    3   m 4 o


Turn 10
================================================================
warning: entity 7 was directed to use 2 halite to move south, but only 0 halite was available
At command 3 of 5:
    1   m 4 o
    2   m 3 s
>>> 3   m 7 s
    4   m 1 e
    5   g

warning: owned entities 3, 7 collided on cell (9, 16) as the result of moves on this turn
At command 2 of 5:
    1   m 4 o
>>> 2   m 3 s
    3   m 7 s
    4   m 1 e


Turn 11
================================================================
warning: entity 1 was directed to use 9 halite to move south, but only 3 halite was available
At command 2 of 3:
    1   m 8 w
>>> 2   m 1 s
    3   m 4 o


Turn 12
================================================================
warning: entity 8 was directed to use 1 halite to move south, but only 0 halite was available
At command 1 of 3:
>>> 1   m 8 s
    2   m 1 s
    3   m 4 o


Turn 13
================================================================
warning: owned entities 1, 4 collided on cell (6, 15) as the result of moves on this turn
At command 1 of 3:
>>> 1   m 1 n
    2   m 8 n
    3   m 4 w

Other commands that placed an entity on this cell:
    1   m 1 n
    2   m 8 n
>>> 3   m 4 w


Turn 14
================================================================
warning: entity 8 was directed to use 8 halite to move south, but only 4 halite was available
At command 1 of 1:
>>> 1   m 8 s


Turn 19
================================================================
warning: entity 8 was directed to use 8 halite to move north, but only 4 halite was available
At command 1 of 1:
>>> 1   m 8 n


Turn 24
================================================================
warning: entity 8 was directed to use 6 halite to move north, but only 3 halite was available
At command 1 of 1:
>>> 1   m 8 n


Turn 28
================================================================
warning: entity 8 was directed to use 9 halite to move west, but only 0 halite was available
At command 1 of 1:
>>> 1   m 8 w

