
Turn 15
================================================================
warning: entity 8 was directed to use 9 halite to move south, but only 0 halite was available
At command 2 of 5:
    1   m 5 o
>>> 2   m 8 s
    3   m 0 o
    4   m 2 o


Turn 16
================================================================
warning: owned entities 8, 5 collided on cell (24, 15) as the result of moves on this turn
At command 2 of 5:
    1   m 5 o
>>> 2   m 8 n
    3   m 0 o
    4   m 2 o


Turn 20
================================================================
warning: entity 2 was directed to use 7 halite to move south, but only 0 halite was available
At command 1 of 3:
>>> 1   m 2 s
    2   m 0 o
    3   m 4 o


Turn 30
================================================================
warning: entity 10 was directed to use 9 halite to move north, but only 0 halite was available
At command 2 of 4:
    1   m 0 o
>>> 2   m 10 n
    3   m 4 o
    4   m 2 o


Turn 32
================================================================
warning: entity 0 was directed to use 8 halite to move west, but only 0 halite was available
At command 2 of 5:
    1   m 12 s
>>> 2   m 0 w
    3   m 10 o
    4   m 4 o


Turn 33
================================================================
warning: entity 12 was directed to use 2 halite to move west, but only 0 halite was available
At command 1 of 5:
>>> 1   m 12 w
    2   m 0 o
    3   m 10 o


Turn 47
================================================================
warning: entity 2 was directed to use 7 halite to move south, but only 0 halite was available
At command 1 of 6:
>>> 1   m 2 s
    2   m 15 w
    3   m 10 o

warning: entity 15 was directed to use 3 halite to move west, but only 0 halite was available
At command 2 of 6:
    1   m 2 s
>>> 2   m 15 w
    3   m 10 o
    4   m 0 o


Turn 51
================================================================
warning: entity 2 was directed to use 9 halite to move north, but only 1 halite was available
At command 3 of 6:
    1   m 4 w
    2   m 0 o
>>> 3   m 2 n
    4   m 10 o
    5   m 12 o


Turn 64
================================================================
warning: entity 17 was directed to use 9 halite to move north, but only 7 halite was available
At command 6 of 7:
    4   m 4 o
    5   m 12 o
>>> 6   m 17 n
    7   m 0 o


Turn 66
================================================================
warning: entity 4 was directed to use 2 halite to move east, but only 0 halite was available
At command 4 of 8:
    2   m 19 s
    3   m 2 e
>>> 4   m 4 e
    5   m 15 o
    6   m 10 e

warning: owned entities 17, 4 collided on cell (23, 15) as the result of moves on this turn
At command 7 of 8:
    5   m 15 o
    6   m 10 e
>>> 7   m 17 e
    8   m 0 o


Turn 70
================================================================
warning: entity 20 was directed to use 7 halite to move east, but only 0 halite was available
At command 1 of 7:
>>> 1   m 20 e
    2   m 0 s
    3   m 12 o


Turn 72
================================================================
warning: entity 10 was directed to use 6 halite to move south, but only 4 halite was available
At command 2 of 7:
    1   m 15 e
>>> 2   m 10 s
    3   m 0 o
    4   m 20 s


Turn 75
================================================================
warning: entity 15 was directed to use 5 halite to move west, but only 0 halite was available
At command 3 of 8:
    1   m 23 o
    2   m 0 s
>>> 3   m 15 w
    4   m 20 o
    5   m 10 o

warning: entity 19 was directed to use 8 halite to move east, but only 4 halite was available
At command 7 of 8:
    5   m 10 o
    6   m 12 n
>>> 7   m 19 e
    8   m 2 w


Turn 88
================================================================
warning: entity 23 was directed to use 3 halite to move east, but only 0 halite was available
At command 6 of 9:
    4   m 15 o
    5   m 0 n
>>> 6   m 23 e
    7   m 20 o
    8   m 10 n


Turn 89
================================================================
warning: entity 12 was directed to use 3 halite to move east, but only 0 halite was available
At command 4 of 9:
    2   m 10 e
    3   m 0 o
>>> 4   m 12 e
    5   m 2 e
    6   m 19 e


Turn 90
================================================================
warning: entity 23 was directed to use 8 halite to move north, but only 7 halite was available
At command 1 of 9:
>>> 1   m 23 n
    2   m 15 w
    3   m 19 s


Turn 91
================================================================
warning: entity 12 was directed to use 7 halite to move north, but only 6 halite was available
At command 8 of 9:
    6   m 10 e
    7   m 20 n
>>> 8   m 12 n
    9   m 23 s


Turn 92
================================================================
warning: entity 24 was directed to use 2 halite to move east, but only 0 halite was available
At command 5 of 9:
    3   m 19 w
    4   m 2 n
>>> 5   m 24 e
    6   m 15 n
    7   m 23 o


Turn 97
================================================================
warning: entity 24 was directed to use 5 halite to move east, but only 4 halite was available
At command 6 of 9:
    4   m 10 e
    5   m 23 s
>>> 6   m 24 e
    7   m 12 o
    8   m 20 o


Turn 98
================================================================
warning: entity 19 was directed to use 9 halite to move south, but only 6 halite was available
At command 5 of 9:
    3   m 10 w
    4   m 0 w
>>> 5   m 19 s
    6   m 2 e
    7   m 24 n


Turn 100
================================================================
warning: entity 24 was directed to use 9 halite to move west, but only 7 halite was available
At command 2 of 9:
    1   m 0 n
>>> 2   m 24 w
    3   m 23 s
    4   m 10 w


Turn 125
================================================================
warning: entity 27 was directed to use 7 halite to move south, but only 0 halite was available
At command 7 of 10:
    5   m 12 s
    6   m 15 e
>>> 7   m 27 s
    8   m 10 o
    9   m 20 e


Turn 126
================================================================
warning: entity 20 was directed to use 8 halite to move west, but only 4 halite was available
At command 3 of 11:
    1   m 15 n
    2   m 12 w
>>> 3   m 20 w
    4   m 0 w
    5   m 19 w

warning: owned entities 0, 20 collided on cell (25, 16) as the result of moves on this turn
At command 4 of 11:
    2   m 12 w
    3   m 20 w
>>> 4   m 0 w
    5   m 19 w
    6   m 2 n


Turn 129
================================================================
warning: entity 12 was directed to use 1 halite to move south, but only 0 halite was available
At command 2 of 9:
    1   m 15 s
>>> 2   m 12 s
    3   m 29 o
    4   m 23 o


Turn 131
================================================================
warning: entity 29 was directed to use 1 halite to move north, but only 0 halite was available
At command 3 of 9:
    1   m 15 s
    2   m 12 w
>>> 3   m 29 n
    4   m 2 n
    5   m 19 s


Turn 133
================================================================
warning: entity 12 was directed to use 8 halite to move west, but only 4 halite was available
At command 2 of 9:
    1   m 24 s
>>> 2   m 12 w
    3   m 29 n
    4   m 2 o

warning: entity 29 was directed to use 6 halite to move north, but only 4 halite was available
At command 3 of 9:
    1   m 24 s
    2   m 12 w
>>> 3   m 29 n
    4   m 2 o
    5   m 19 e

warning: owned entities 23, 12 collided on cell (20, 16) as the result of moves on this turn
At command 7 of 9:
    5   m 19 e
    6   m 15 n
>>> 7   m 23 n
    8   m 10 o
    9   m 27 e


Turn 138
================================================================
warning: entity 10 was directed to use 3 halite to move north, but only 0 halite was available
At command 7 of 9:
    5   m 15 n
    6   m 31 n
>>> 7   m 10 n
    8   m 27 s
    9   g


Turn 140
================================================================
warning: entity 31 was directed to use 4 halite to move south, but only 0 halite was available
At command 1 of 9:
>>> 1   m 31 s
    2   m 15 s
    3   m 32 n


Turn 141
================================================================
warning: entity 32 was directed to use 1 halite to move east, but only 0 halite was available
At command 4 of 9:
    2   m 10 w
    3   m 15 w
>>> 4   m 32 e
    5   m 31 s
    6   m 2 n


Turn 143
================================================================
warning: entity 32 was directed to use 6 halite to move east, but only 3 halite was available
At command 2 of 9:
    1   m 15 e
>>> 2   m 32 e
    3   m 10 o
    4   m 27 o


Turn 147
================================================================
warning: entity 31 was directed to use 9 halite to move east, but only 1 halite was available
At command 2 of 9:
    1   m 29 e
>>> 2   m 31 e
    3   m 19 s
    4   m 2 s


Turn 148
================================================================
warning: entity 32 was directed to use 8 halite to move east, but only 6 halite was available
At command 6 of 9:
    4   m 31 e
    5   m 24 o
>>> 6   m 32 e
    7   m 15 o
    8   m 10 n


Turn 152
================================================================
warning: entity 31 was directed to use 9 halite to move south, but only 5 halite was available
At command 3 of 9:
    1   m 29 o
    2   m 24 e
>>> 3   m 31 s
    4   m 19 e
    5   m 2 w

warning: owned entities 15, 31 collided on cell (26, 17) as the result of moves on this turn
At command 7 of 9:
    5   m 2 w
    6   m 32 n
>>> 7   m 15 w
    8   m 10 n
    9   m 27 o


Turn 164
================================================================
warning: entity 29 was directed to use 7 halite to move west, but only 0 halite was available
At command 1 of 8:
>>> 1   m 29 w
    2   m 32 e
    3   m 2 w

warning: entity 32 was directed to use 5 halite to move east, but only 4 halite was available
At command 2 of 8:
    1   m 29 w
>>> 2   m 32 e
    3   m 2 w
    4   m 19 n


Turn 168
================================================================
warning: entity 29 was directed to use 8 halite to move west, but only 2 halite was available
At command 2 of 8:
    1   m 34 s
>>> 2   m 29 w
    3   m 24 o
    4   m 2 w


Turn 170
================================================================
warning: entity 34 was directed to use 1 halite to move west, but only 0 halite was available
At command 4 of 8:
    2   m 19 s
    3   m 2 s
>>> 4   m 34 w
    5   m 27 e
    6   m 10 n


Turn 172
================================================================
warning: entity 34 was directed to use 5 halite to move north, but only 3 halite was available
At command 1 of 8:
>>> 1   m 34 n
    2   m 24 n
    3   m 19 w


Turn 174
================================================================
warning: entity 27 was directed to use 1 halite to move east, but only 0 halite was available
At command 6 of 8:
    4   m 2 e
    5   m 32 s
>>> 6   m 27 e
    7   m 10 o
    8   m 29 o


Turn 176
================================================================
warning: entity 34 was directed to use 6 halite to move north, but only 4 halite was available
At command 5 of 8:
    3   m 19 s
    4   m 2 w
>>> 5   m 34 n
    6   m 29 o
    7   m 27 s


Turn 181
================================================================
warning: entity 27 was directed to use 7 halite to move north, but only 4 halite was available
At command 4 of 8:
    2   m 32 n
    3   m 24 s
>>> 4   m 27 n
    5   m 10 o
    6   m 2 o


Turn 188
================================================================
warning: entity 27 was directed to use 8 halite to move north, but only 2 halite was available
At command 6 of 8:
    4   m 19 s
    5   m 34 w
>>> 6   m 27 n
    7   m 10 w
    8   m 24 w


Turn 190
================================================================
warning: entity 34 was directed to use 9 halite to move north, but only 1 halite was available
At command 5 of 8:
    3   m 19 w
    4   m 2 w
>>> 5   m 34 n
    6   m 24 e
    7   m 10 s


Turn 192
================================================================
warning: entity 27 was directed to use 7 halite to move south, but only 5 halite was available
At command 6 of 8:
    4   m 2 n
    5   m 10 o
>>> 6   m 27 s
    7   m 34 e
    8   m 32 e


Turn 197
================================================================
warning: entity 32 was directed to use 5 halite to move north, but only 0 halite was available
At command 5 of 9:
    3   m 19 w
    4   m 2 s
>>> 5   m 32 n
    6   m 24 e
    7   m 10 e

warning: owned entities 10, 32 collided on cell (25, 16) as the result of moves on this turn
At command 7 of 9:
    5   m 32 n
    6   m 24 e
>>> 7   m 10 e
    8   m 27 o
    9   g


Turn 200
================================================================
warning: entity 34 was directed to use 9 halite to move south, but only 2 halite was available
At command 1 of 7:
>>> 1   m 34 s
    2   m 19 o
    3   m 36 n


Turn 201
================================================================
warning: entity 29 was directed to use 1 halite to move south, but only 0 halite was available
At command 1 of 7:
>>> 1   m 29 s
    2   m 34 n
    3   m 36 e

warning: entity 36 was directed to use 4 halite to move east, but only 0 halite was available
At command 3 of 7:
    1   m 29 s
    2   m 34 n
>>> 3   m 36 e
    4   m 2 n
    5   m 19 e


Turn 205
================================================================
warning: entity 29 was directed to use 8 halite to move east, but only 7 halite was available
At command 1 of 7:
>>> 1   m 29 e
    2   m 24 w
    3   m 27 n


Turn 206
================================================================
warning: entity 36 was directed to use 8 halite to move south, but only 2 halite was available
At command 1 of 7:
>>> 1   m 36 s
    2   m 2 n
    3   m 19 n


Turn 213
================================================================
warning: entity 29 was directed to use 9 halite to move east, but only 3 halite was available
At command 2 of 7:
    1   m 27 o
>>> 2   m 29 e
    3   m 24 e
    4   m 34 o


Turn 267
================================================================
warning: entity 34 was directed to use 4 halite to move north, but only 0 halite was available
At command 4 of 7:
    2   m 27 w
    3   m 29 e
>>> 4   m 34 n
    5   m 2 n
    6   m 19 s

warning: entity 2 was directed to use 3 halite to move north, but only 0 halite was available
At command 5 of 7:
    3   m 29 e
    4   m 34 n
>>> 5   m 2 n
    6   m 19 s
    7   m 36 o


Turn 270
================================================================
warning: entity 36 was directed to use 3 halite to move south, but only 1 halite was available
At command 4 of 7:
    2   m 29 e
    3   m 19 w
>>> 4   m 36 s
    5   m 2 s
    6   m 34 e

warning: entity 2 was directed to use 8 halite to move south, but only 0 halite was available
At command 5 of 7:
    3   m 19 w
    4   m 36 s
>>> 5   m 2 s
    6   m 34 e
    7   m 27 n

warning: entity 34 was directed to use 7 halite to move east, but only 2 halite was available
At command 6 of 7:
    4   m 36 s
    5   m 2 s
>>> 6   m 34 e
    7   m 27 n


Turn 273
================================================================
warning: entity 36 was directed to use 3 halite to move west, but only 2 halite was available
At command 4 of 7:
    2   m 24 e
    3   m 29 w
>>> 4   m 36 w
    5   m 2 e
    6   m 19 o


Turn 274
================================================================
warning: entity 2 was directed to use 4 halite to move west, but only 2 halite was available
At command 5 of 7:
    3   m 29 w
    4   m 34 w
>>> 5   m 2 w
    6   m 36 o
    7   m 19 o


Turn 277
================================================================
warning: entity 2 was directed to use 7 halite to move north, but only 5 halite was available
At command 5 of 7:
    3   m 34 w
    4   m 29 s
>>> 5   m 2 n
    6   m 36 s
    7   m 19 o


Turn 282
================================================================
warning: entity 36 was directed to use 8 halite to move east, but only 4 halite was available
At command 5 of 7:
    3   m 34 n
    4   m 29 n
>>> 5   m 36 e
    6   m 2 s
    7   m 19 o


Turn 283
================================================================
warning: entity 27 was directed to use 6 halite to move east, but only 0 halite was available
At command 4 of 7:
    2   m 34 s
    3   m 24 o
>>> 4   m 27 e
    5   m 2 n
    6   m 36 s

warning: entity 2 was directed to use 2 halite to move north, but only 0 halite was available
At command 5 of 7:
    3   m 24 o
    4   m 27 e
>>> 5   m 2 n
    6   m 36 s
    7   m 19 w


Turn 285
================================================================
warning: entity 34 was directed to use 7 halite to move north, but only 1 halite was available
At command 3 of 7:
    1   m 29 e
    2   m 27 e
>>> 3   m 34 n
    4   m 36 n
    5   m 19 w


Turn 287
================================================================
warning: entity 27 was directed to use 4 halite to move north, but only 3 halite was available
At command 1 of 7:
>>> 1   m 27 n
    2   m 34 o
    3   m 29 w

warning: entity 36 was directed to use 8 halite to move east, but only 1 halite was available
At command 6 of 7:
    4   m 19 e
    5   m 2 e
>>> 6   m 36 e
    7   m 24 w


Turn 289
================================================================
warning: entity 2 was directed to use 6 halite to move east, but only 3 halite was available
At command 2 of 7:
    1   m 36 s
>>> 2   m 2 e
    3   m 19 e
    4   m 27 n


Turn 291
================================================================
warning: entity 27 was directed to use 4 halite to move north, but only 3 halite was available
At command 1 of 7:
>>> 1   m 27 n
    2   m 24 e
    3   m 34 e


Turn 293
================================================================
warning: entity 2 was directed to use 9 halite to move north, but only 6 halite was available
At command 5 of 7:
    3   m 19 e
    4   m 36 w
>>> 5   m 2 n
    6   m 24 o
    7   m 29 w


Turn 294
================================================================
warning: entity 27 was directed to use 7 halite to move west, but only 6 halite was available
At command 3 of 7:
    1   m 29 w
    2   m 34 n
>>> 3   m 27 w
    4   m 36 n
    5   m 19 e

warning: entity 36 was directed to use 4 halite to move north, but only 3 halite was available
At command 4 of 7:
    2   m 34 n
    3   m 27 w
>>> 4   m 36 n
    5   m 19 e
    6   m 2 w


Turn 298
================================================================
warning: entity 36 was directed to use 9 halite to move west, but only 3 halite was available
At command 6 of 7:
    4   m 19 w
    5   m 2 n
>>> 6   m 36 w
    7   m 34 e


Turn 300
================================================================
warning: entity 2 was directed to use 6 halite to move west, but only 3 halite was available
At command 6 of 7:
    4   m 34 w
    5   m 19 w
>>> 6   m 2 w
    7   m 36 w


Turn 303
================================================================
warning: entity 36 was directed to use 8 halite to move south, but only 0 halite was available
At command 5 of 7:
    3   m 34 w
    4   m 24 n
>>> 5   m 36 s
    6   m 19 e
    7   m 2 s


Turn 306
================================================================
warning: entity 2 was directed to use 5 halite to move north, but only 0 halite was available
At command 4 of 7:
    2   m 29 s
    3   m 36 s
>>> 4   m 2 n
    5   m 19 s
    6   m 34 o


Turn 308
================================================================
warning: entity 24 was directed to use 2 halite to move north, but only 0 halite was available
At command 2 of 7:
    1   m 29 w
>>> 2   m 24 n
    3   m 2 e
    4   m 19 s


Turn 311
================================================================
warning: entity 24 was directed to use 6 halite to move west, but only 2 halite was available
At command 1 of 7:
>>> 1   m 24 w
    2   m 29 w
    3   m 19 n

warning: entity 2 was directed to use 7 halite to move north, but only 1 halite was available
At command 5 of 7:
    3   m 19 n
    4   m 36 o
>>> 5   m 2 n
    6   m 34 o
    7   m 27 o


Turn 315
================================================================
warning: entity 24 was directed to use 7 halite to move north, but only 3 halite was available
At command 2 of 7:
    1   m 34 o
>>> 2   m 24 n
    3   m 29 w
    4   m 2 s


Turn 317
================================================================
warning: entity 2 was directed to use 6 halite to move north, but only 1 halite was available
At command 3 of 7:
    1   m 24 w
    2   m 29 o
>>> 3   m 2 n
    4   m 19 s
    5   m 36 n


Turn 319
================================================================
warning: entity 24 was directed to use 7 halite to move south, but only 5 halite was available
At command 1 of 7:
>>> 1   m 24 s
    2   m 27 o
    3   m 29 o


Turn 326
================================================================
warning: entity 24 was directed to use 7 halite to move east, but only 0 halite was available
At command 6 of 7:
    4   m 29 s
    5   m 27 n
>>> 6   m 24 e
    7   m 34 s


Turn 327
================================================================
warning: entity 2 was directed to use 5 halite to move north, but only 1 halite was available
At command 4 of 7:
    2   m 29 n
    3   m 27 o
>>> 4   m 2 n
    5   m 19 e
    6   m 36 o


Turn 332
================================================================
warning: entity 2 was directed to use 5 halite to move east, but only 0 halite was available
At command 5 of 7:
    3   m 29 e
    4   m 24 w
>>> 5   m 2 e
    6   m 19 s
    7   m 36 o


Turn 335
================================================================
warning: entity 2 was directed to use 9 halite to move north, but only 5 halite was available
At command 3 of 7:
    1   m 29 e
    2   m 19 s
>>> 3   m 2 n
    4   m 36 s
    5   m 34 n


Turn 339
================================================================
warning: entity 27 was directed to use 2 halite to move east, but only 0 halite was available
At command 5 of 7:
    3   m 19 s
    4   m 34 n
>>> 5   m 27 e
    6   m 29 o
    7   m 24 w


Turn 343
================================================================
warning: entity 29 was directed to use 3 halite to move east, but only 2 halite was available
At command 1 of 7:
>>> 1   m 29 e
    2   m 34 n
    3   m 27 n

warning: entity 27 was directed to use 3 halite to move north, but only 2 halite was available
At command 3 of 7:
    1   m 29 e
    2   m 34 n
>>> 3   m 27 n
    4   m 24 o
    5   m 19 s


Turn 347
================================================================
warning: entity 29 was directed to use 6 halite to move west, but only 5 halite was available
At command 1 of 7:
>>> 1   m 29 w
    2   m 34 s
    3   m 27 e

warning: entity 27 was directed to use 4 halite to move east, but only 3 halite was available
At command 3 of 7:
    1   m 29 w
    2   m 34 s
>>> 3   m 27 e
    4   m 2 s
    5   m 36 w


Turn 352
================================================================
warning: entity 27 was directed to use 1 halite to move west, but only 0 halite was available
At command 1 of 7:
>>> 1   m 27 w
    2   m 29 e
    3   m 34 w

warning: entity 29 was directed to use 7 halite to move east, but only 0 halite was available
At command 2 of 7:
    1   m 27 w
>>> 2   m 29 e
    3   m 34 w
    4   m 19 n


Turn 355
================================================================
warning: entity 27 was directed to use 3 halite to move north, but only 2 halite was available
At command 3 of 7:
    1   m 24 e
    2   m 29 s
>>> 3   m 27 n
    4   m 34 s
    5   m 36 n


Turn 357
================================================================
warning: entity 29 was directed to use 4 halite to move north, but only 1 halite was available
At command 1 of 7:
>>> 1   m 29 n
    2   m 2 e
    3   m 19 w


Turn 359
================================================================
warning: entity 27 was directed to use 7 halite to move west, but only 0 halite was available
At command 4 of 7:
    2   m 24 s
    3   m 34 e
>>> 4   m 27 w
    5   m 19 w
    6   m 36 e


Turn 361
================================================================
warning: entity 29 was directed to use 2 halite to move east, but only 1 halite was available
At command 3 of 7:
    1   m 24 s
    2   m 34 e
>>> 3   m 29 e
    4   m 19 s
    5   m 36 w


Turn 364
================================================================
warning: entity 2 was directed to use 9 halite to move east, but only 5 halite was available
At command 5 of 7:
    3   m 19 n
    4   m 36 e
>>> 5   m 2 e
    6   m 27 s
    7   m 29 s


Turn 365
================================================================
warning: entity 27 was directed to use 6 halite to move west, but only 1 halite was available
At command 1 of 7:
>>> 1   m 27 w
    2   m 29 w
    3   m 24 n


Turn 368
================================================================
warning: entity 2 was directed to use 8 halite to move south, but only 6 halite was available
At command 4 of 7:
    2   m 19 w
    3   m 36 s
>>> 4   m 2 s
    5   m 27 s
    6   m 24 s


Turn 370
================================================================
warning: entity 27 was directed to use 3 halite to move north, but only 1 halite was available
At command 1 of 7:
>>> 1   m 27 n
    2   m 34 s
    3   m 29 w


Turn 376
================================================================
warning: entity 2 was directed to use 7 halite to move north, but only 3 halite was available
At command 4 of 7:
    2   m 36 s
    3   m 19 n
>>> 4   m 2 n
    5   m 27 e
    6   m 34 n


Turn 377
================================================================
warning: entity 27 was directed to use 5 halite to move north, but only 4 halite was available
At command 2 of 7:
    1   m 29 n
>>> 2   m 27 n
    3   m 24 s
    4   m 34 w


Turn 378
================================================================
warning: entity 29 was directed to use 5 halite to move south, but only 3 halite was available
At command 2 of 7:
    1   m 34 w
>>> 2   m 29 s
    3   m 24 n
    4   m 27 n


Turn 383
================================================================
warning: entity 27 was directed to use 2 halite to move south, but only 0 halite was available
At command 2 of 7:
    1   m 34 e
>>> 2   m 27 s
    3   m 29 s
    4   m 24 e


Turn 385
================================================================
warning: entity 29 was directed to use 4 halite to move east, but only 1 halite was available
At command 3 of 7:
    1   m 27 w
    2   m 24 e
>>> 3   m 29 e
    4   m 34 w
    5   m 2 w


Turn 387
================================================================
warning: entity 27 was directed to use 4 halite to move west, but only 0 halite was available
At command 1 of 7:
>>> 1   m 27 w
    2   m 29 s
    3   m 24 e


Turn 389
================================================================
warning: entity 29 was directed to use 4 halite to move west, but only 1 halite was available
At command 4 of 7:
    2   m 24 o
    3   m 34 e
>>> 4   m 29 w
    5   m 2 n
    6   m 19 n

warning: entity 2 was directed to use 4 halite to move north, but only 0 halite was available
At command 5 of 7:
    3   m 34 e
    4   m 29 w
>>> 5   m 2 n
    6   m 19 n
    7   m 36 o


Turn 390
================================================================
warning: entity 27 was directed to use 7 halite to move north, but only 1 halite was available
At command 1 of 7:
>>> 1   m 27 n
    2   m 34 n
    3   m 24 o


Turn 392
================================================================
warning: entity 2 was directed to use 3 halite to move south, but only 0 halite was available
At command 6 of 7:
    4   m 19 e
    5   m 36 o
>>> 6   m 2 s
    7   m 24 o


Turn 393
================================================================
warning: entity 27 was directed to use 9 halite to move north, but only 7 halite was available
At command 2 of 7:
    1   m 34 e
>>> 2   m 27 n
    3   m 29 w
    4   m 19 w


Turn 395
================================================================
warning: entity 2 was directed to use 5 halite to move east, but only 2 halite was available
At command 3 of 7:
    1   m 27 s
    2   m 36 n
>>> 3   m 2 e
    4   m 19 w
    5   m 29 e

warning: entity 29 was directed to use 4 halite to move east, but only 1 halite was available
At command 5 of 7:
    3   m 2 e
    4   m 19 w
>>> 5   m 29 e
    6   m 34 w
    7   m 24 w


Turn 399
================================================================
warning: entity 29 was directed to use 7 halite to move north, but only 4 halite was available
At command 4 of 7:
    2   m 19 n
    3   m 2 n
>>> 4   m 29 n
    5   m 34 e
    6   m 24 n


Turn 400
================================================================
warning: entity 2 was directed to use 3 halite to move east, but only 0 halite was available
At command 3 of 7:
    1   m 24 n
    2   m 34 s
>>> 3   m 2 e
    4   m 36 o
    5   m 19 n

