
Turn 7
================================================================
warning: entity 5 was directed to use 1 halite to move south, but only 0 halite was available
At command 4 of 5:
    2   m 1 o
    3   m 3 n
>>> 4   m 5 s
    5   g


Turn 8
================================================================
warning: entity 7 was directed to use 7 halite to move north, but only 0 halite was available
At command 2 of 5:
    1   m 9 n
>>> 2   m 7 n
    3   m 3 o
    4   m 1 s


Turn 9
================================================================
warning: entity 9 was directed to use 7 halite to move north, but only 0 halite was available
At command 1 of 5:
>>> 1   m 9 n
    2   m 5 e
    3   m 1 o

warning: entity 5 was directed to use 4 halite to move east, but only 3 halite was available
At command 2 of 5:
    1   m 9 n
>>> 2   m 5 e
    3   m 1 o
    4   m 7 o


Turn 25
================================================================
warning: entity 7 was directed to use 7 halite to move north, but only 3 halite was available
At command 2 of 5:
    1   m 5 w
>>> 2   m 7 n
    3   m 9 o
    4   m 1 o


Turn 30
================================================================
warning: entity 7 was directed to use 5 halite to move east, but only 0 halite was available
At command 3 of 5:
    1   m 1 o
    2   m 3 e
>>> 3   m 7 e
    4   m 5 s
    5   m 9 o


Turn 35
================================================================
warning: entity 7 was directed to use 4 halite to move east, but only 1 halite was available
At command 2 of 5:
    1   m 9 s
>>> 2   m 7 e
    3   m 3 s
    4   m 5 s


Turn 39
================================================================
warning: entity 7 was directed to use 9 halite to move west, but only 2 halite was available
At command 3 of 5:
    1   m 5 n
    2   m 1 w
>>> 3   m 7 w
    4   m 3 e
    5   m 9 s


Turn 66
================================================================
warning: entity 1 was directed to use 9 halite to move west, but only 7 halite was available
At command 2 of 6:
    1   m 11 s
>>> 2   m 1 w
    3   m 5 s
    4   m 3 e


Turn 67
================================================================
warning: entity 9 was directed to use 2 halite to move east, but only 0 halite was available
At command 3 of 6:
    1   m 5 n
    2   m 11 e
>>> 3   m 9 e
    4   m 3 n
    5   m 1 s


Turn 68
================================================================
warning: entity 11 was directed to use 3 halite to move west, but only 0 halite was available
At command 3 of 6:
    1   m 3 w
    2   m 5 n
>>> 3   m 11 w
    4   m 1 s
    5   m 7 o


Turn 70
================================================================
warning: entity 11 was directed to use 8 halite to move north, but only 7 halite was available
At command 5 of 6:
    3   m 3 n
    4   m 1 o
>>> 5   m 11 n
    6   m 7 s


Turn 79
================================================================
warning: entity 9 was directed to use 3 halite to move north, but only 0 halite was available
At command 3 of 6:
    1   m 7 s
    2   m 3 e
>>> 3   m 9 n
    4   m 11 e
    5   m 5 o


Turn 81
================================================================
warning: entity 9 was directed to use 9 halite to move east, but only 8 halite was available
At command 4 of 6:
    2   m 11 n
    3   m 7 s
>>> 4   m 9 e
    5   m 5 o
    6   m 1 w


Turn 82
================================================================
warning: entity 11 was directed to use 6 halite to move west, but only 3 halite was available
At command 3 of 6:
    1   m 7 w
    2   m 3 e
>>> 3   m 11 w
    4   m 1 n
    5   m 9 n


Turn 86
================================================================
warning: entity 9 was directed to use 6 halite to move west, but only 5 halite was available
At command 2 of 6:
    1   m 3 w
>>> 2   m 9 w
    3   m 11 w
    4   m 7 o

warning: entity 11 was directed to use 6 halite to move west, but only 3 halite was available
At command 3 of 6:
    1   m 3 w
    2   m 9 w
>>> 3   m 11 w
    4   m 7 o
    5   m 1 o


Turn 96
================================================================
warning: entity 9 was directed to use 8 halite to move east, but only 1 halite was available
At command 5 of 7:
    3   m 5 e
    4   m 7 s
>>> 5   m 9 e
    6   m 11 s
    7   m 1 s

warning: entity 1 was directed to use 3 halite to move south, but only 0 halite was available
At command 7 of 7:
    5   m 9 e
    6   m 11 s
>>> 7   m 1 s


Turn 97
================================================================
warning: entity 12 was directed to use 4 halite to move north, but only 0 halite was available
At command 1 of 8:
>>> 1   m 12 n
    2   m 5 s
    3   m 3 o


Turn 99
================================================================
warning: entity 1 was directed to use 7 halite to move north, but only 3 halite was available
At command 4 of 8:
    2   m 13 s
    3   m 9 n
>>> 4   m 1 n
    5   m 3 s
    6   m 5 s


Turn 100
================================================================
warning: entity 9 was directed to use 8 halite to move north, but only 7 halite was available
At command 2 of 8:
    1   m 7 s
>>> 2   m 9 n
    3   m 3 s
    4   m 13 s

warning: entity 13 was directed to use 1 halite to move south, but only 0 halite was available
At command 4 of 8:
    2   m 9 n
    3   m 3 s
>>> 4   m 13 s
    5   m 12 e
    6   m 5 e


Turn 101
================================================================
warning: entity 5 was directed to use 4 halite to move east, but only 1 halite was available
At command 5 of 8:
    3   m 3 s
    4   m 12 s
>>> 5   m 5 e
    6   m 1 s
    7   m 9 e


Turn 102
================================================================
warning: entity 12 was directed to use 5 halite to move west, but only 4 halite was available
At command 5 of 8:
    3   m 11 n
    4   m 3 s
>>> 5   m 12 w
    6   m 1 s
    7   m 9 n

warning: owned entities 1, 12 collided on cell (10, 16) as the result of moves on this turn
At command 6 of 8:
    4   m 3 s
    5   m 12 w
>>> 6   m 1 s
    7   m 9 n
    8   m 5 s


Turn 105
================================================================
warning: entity 5 was directed to use 4 halite to move east, but only 0 halite was available
At command 2 of 6:
    1   m 7 n
>>> 2   m 5 e
    3   m 11 o
    4   m 3 n


Turn 106
================================================================
warning: entity 13 was directed to use 1 halite to move west, but only 0 halite was available
At command 4 of 6:
    2   m 3 e
    3   m 7 o
>>> 4   m 13 w
    5   m 5 s
    6   m 11 s


Turn 108
================================================================
warning: entity 5 was directed to use 3 halite to move west, but only 2 halite was available
At command 4 of 6:
    2   m 9 w
    3   m 11 w
>>> 4   m 5 w
    5   m 7 w
    6   m 13 s

warning: entity 13 was directed to use 4 halite to move south, but only 3 halite was available
At command 6 of 6:
    4   m 5 w
    5   m 7 w
>>> 6   m 13 s


Turn 109
================================================================
warning: entity 9 was directed to use 2 halite to move east, but only 0 halite was available
At command 3 of 6:
    1   m 3 n
    2   m 7 n
>>> 3   m 9 e
    4   m 11 w
    5   m 5 w


Turn 110
================================================================
warning: entity 5 was directed to use 9 halite to move east, but only 8 halite was available
At command 4 of 6:
    2   m 3 e
    3   m 11 e
>>> 4   m 5 e
    5   m 13 e
    6   m 9 e


Turn 127
================================================================
warning: entity 9 was directed to use 5 halite to move south, but only 1 halite was available
At command 2 of 6:
    1   m 5 s
>>> 2   m 9 s
    3   m 7 w
    4   m 3 w

warning: entity 13 was directed to use 8 halite to move west, but only 0 halite was available
At command 5 of 6:
    3   m 7 w
    4   m 3 w
>>> 5   m 13 w
    6   m 11 o


Turn 130
================================================================
warning: entity 13 was directed to use 8 halite to move north, but only 7 halite was available
At command 2 of 6:
    1   m 7 o
>>> 2   m 13 n
    3   m 3 n
    4   m 9 n

warning: entity 9 was directed to use 6 halite to move north, but only 4 halite was available
At command 4 of 6:
    2   m 13 n
    3   m 3 n
>>> 4   m 9 n
    5   m 11 w
    6   m 5 s


Turn 134
================================================================
warning: entity 9 was directed to use 9 halite to move west, but only 0 halite was available
At command 2 of 6:
    1   m 5 s
>>> 2   m 9 w
    3   m 13 o
    4   m 11 n


Turn 138
================================================================
warning: entity 9 was directed to use 8 halite to move south, but only 3 halite was available
At command 4 of 6:
    2   m 3 o
    3   m 7 w
>>> 4   m 9 s
    5   m 11 e
    6   m 13 o


Turn 222
================================================================
warning: entity 7 was directed to use 2 halite to move south, but only 0 halite was available
At command 3 of 6:
    1   m 9 e
    2   m 3 o
>>> 3   m 7 s
    4   m 5 n
    5   m 11 o


Turn 226
================================================================
warning: entity 7 was directed to use 2 halite to move east, but only 0 halite was available
At command 3 of 6:
    1   m 13 n
    2   m 5 s
>>> 3   m 7 e
    4   m 9 s
    5   m 3 e


Turn 228
================================================================
warning: entity 7 was directed to use 7 halite to move south, but only 5 halite was available
At command 2 of 6:
    1   m 11 o
>>> 2   m 7 s
    3   m 5 n
    4   m 9 w


Turn 246
================================================================
warning: entity 3 was directed to use 3 halite to move east, but only 1 halite was available
At command 4 of 6:
    2   m 13 w
    3   m 7 n
>>> 4   m 3 e
    5   m 11 w
    6   m 5 n


Turn 249
================================================================
warning: entity 7 was directed to use 7 halite to move north, but only 6 halite was available
At command 3 of 6:
    1   m 3 o
    2   m 13 w
>>> 3   m 7 n
    4   m 9 n
    5   m 11 w


Turn 253
================================================================
warning: entity 7 was directed to use 9 halite to move east, but only 8 halite was available
At command 3 of 6:
    1   m 13 w
    2   m 3 w
>>> 3   m 7 e
    4   m 11 n
    5   m 9 s


Turn 256
================================================================
warning: entity 3 was directed to use 6 halite to move north, but only 0 halite was available
At command 2 of 6:
    1   m 7 e
>>> 2   m 3 n
    3   m 11 e
    4   m 9 e


Turn 257
================================================================
warning: entity 11 was directed to use 1 halite to move south, but only 0 halite was available
At command 3 of 6:
    1   m 9 n
    2   m 7 e
>>> 3   m 11 s
    4   m 13 s
    5   m 3 s


Turn 259
================================================================
warning: entity 11 was directed to use 6 halite to move north, but only 4 halite was available
At command 5 of 6:
    3   m 5 o
    4   m 7 s
>>> 5   m 11 n
    6   m 13 s


Turn 260
================================================================
warning: entity 7 was directed to use 7 halite to move east, but only 5 halite was available
At command 2 of 6:
    1   m 9 s
>>> 2   m 7 e
    3   m 13 n
    4   m 3 o


Turn 264
================================================================
warning: entity 7 was directed to use 8 halite to move east, but only 3 halite was available
At command 2 of 6:
    1   m 13 n
>>> 2   m 7 e
    3   m 11 w
    4   m 5 s

warning: entity 11 was directed to use 2 halite to move west, but only 1 halite was available
At command 3 of 6:
    1   m 13 n
    2   m 7 e
>>> 3   m 11 w
    4   m 5 s
    5   m 3 s


Turn 270
================================================================
warning: entity 11 was directed to use 5 halite to move north, but only 4 halite was available
At command 3 of 6:
    1   m 3 w
    2   m 13 n
>>> 3   m 11 n
    4   m 5 w
    5   m 7 o


Turn 279
================================================================
warning: entity 3 was directed to use 8 halite to move west, but only 3 halite was available
At command 4 of 6:
    2   m 5 w
    3   m 9 e
>>> 4   m 3 w
    5   m 11 w
    6   m 13 s


Turn 280
================================================================
warning: entity 11 was directed to use 2 halite to move north, but only 0 halite was available
At command 4 of 6:
    2   m 7 n
    3   m 9 s
>>> 4   m 11 n
    5   m 13 w
    6   m 3 n


Turn 283
================================================================
warning: entity 3 was directed to use 9 halite to move east, but only 1 halite was available
At command 2 of 6:
    1   m 11 e
>>> 2   m 3 e
    3   m 13 e
    4   m 7 e


Turn 285
================================================================
warning: entity 11 was directed to use 4 halite to move north, but only 1 halite was available
At command 2 of 6:
    1   m 13 e
>>> 2   m 11 n
    3   m 7 s
    4   m 3 e


Turn 287
================================================================
warning: entity 3 was directed to use 6 halite to move west, but only 1 halite was available
At command 2 of 6:
    1   m 9 w
>>> 2   m 3 w
    3   m 13 n
    4   m 7 s


Turn 290
================================================================
warning: entity 11 was directed to use 2 halite to move south, but only 0 halite was available
At command 2 of 6:
    1   m 9 e
>>> 2   m 11 s
    3   m 5 n
    4   m 7 e

warning: entity 3 was directed to use 5 halite to move east, but only 4 halite was available
At command 5 of 6:
    3   m 5 n
    4   m 7 e
>>> 5   m 3 e
    6   m 13 w


Turn 293
================================================================
warning: entity 11 was directed to use 5 halite to move east, but only 4 halite was available
At command 4 of 6:
    2   m 13 w
    3   m 5 n
>>> 4   m 11 e
    5   m 9 e
    6   m 3 n


Turn 294
================================================================
warning: entity 3 was directed to use 9 halite to move south, but only 0 halite was available
At command 5 of 6:
    3   m 13 n
    4   m 7 e
>>> 5   m 3 s
    6   m 11 n


Turn 297
================================================================
warning: entity 11 was directed to use 3 halite to move west, but only 0 halite was available
At command 2 of 6:
    1   m 9 n
>>> 2   m 11 w
    3   m 7 e
    4   m 13 n


Turn 300
================================================================
warning: entity 11 was directed to use 3 halite to move west, but only 0 halite was available
At command 3 of 6:
    1   m 7 w
    2   m 13 w
>>> 3   m 11 w
    4   m 9 n
    5   m 5 w


Turn 303
================================================================
warning: entity 11 was directed to use 2 halite to move north, but only 1 halite was available
At command 4 of 6:
    2   m 9 s
    3   m 13 n
>>> 4   m 11 n
    5   m 7 e
    6   m 3 o


Turn 309
================================================================
warning: entity 11 was directed to use 8 halite to move south, but only 1 halite was available
At command 3 of 6:
    1   m 5 s
    2   m 13 s
>>> 3   m 11 s
    4   m 9 n
    5   m 7 s


Turn 314
================================================================
warning: entity 11 was directed to use 5 halite to move south, but only 1 halite was available
At command 3 of 6:
    1   m 5 e
    2   m 7 w
>>> 3   m 11 s
    4   m 13 n
    5   m 9 n


Turn 320
================================================================
warning: entity 11 was directed to use 7 halite to move west, but only 5 halite was available
At command 3 of 6:
    1   m 5 s
    2   m 7 w
>>> 3   m 11 w
    4   m 13 e
    5   m 9 o


Turn 324
================================================================
warning: entity 7 was directed to use 9 halite to move north, but only 4 halite was available
At command 4 of 6:
    2   m 11 w
    3   m 9 o
>>> 4   m 7 n
    5   m 5 s
    6   m 3 e


Turn 331
================================================================
warning: entity 11 was directed to use 6 halite to move north, but only 0 halite was available
At command 6 of 6:
    4   m 9 w
    5   m 13 s
>>> 6   m 11 n


Turn 334
================================================================
warning: entity 7 was directed to use 2 halite to move south, but only 1 halite was available
At command 3 of 6:
    1   m 13 w
    2   m 9 w
>>> 3   m 7 s
    4   m 11 e
    5   m 3 e


Turn 336
================================================================
warning: entity 11 was directed to use 4 halite to move east, but only 2 halite was available
At command 5 of 6:
    3   m 3 w
    4   m 9 e
>>> 5   m 11 e
    6   m 7 e


Turn 337
================================================================
warning: entity 7 was directed to use 7 halite to move south, but only 0 halite was available
At command 3 of 6:
    1   m 5 n
    2   m 3 w
>>> 3   m 7 s
    4   m 13 o
    5   m 9 n


Turn 342
================================================================
warning: entity 11 was directed to use 6 halite to move south, but only 0 halite was available
At command 1 of 6:
>>> 1   m 11 s
    2   m 5 w
    3   m 7 n


Turn 343
================================================================
warning: entity 7 was directed to use 3 halite to move east, but only 0 halite was available
At command 3 of 6:
    1   m 9 w
    2   m 3 s
>>> 3   m 7 e
    4   m 5 n
    5   m 13 w


Turn 346
================================================================
warning: entity 7 was directed to use 8 halite to move south, but only 2 halite was available
At command 5 of 6:
    3   m 3 s
    4   m 9 e
>>> 5   m 7 s
    6   m 5 o


Turn 353
================================================================
warning: entity 11 was directed to use 2 halite to move north, but only 0 halite was available
At command 1 of 5:
>>> 1   m 11 n
    2   m 5 e
    3   m 9 o


Turn 359
================================================================
warning: entity 11 was directed to use 1 halite to move west, but only 0 halite was available
At command 2 of 5:
    1   m 5 w
>>> 2   m 11 w
    3   m 9 n
    4   m 7 o


Turn 364
================================================================
warning: entity 11 was directed to use 1 halite to move south, but only 0 halite was available
At command 2 of 5:
    1   m 5 n
>>> 2   m 11 s
    3   m 3 w
    4   m 9 w


Turn 366
================================================================
warning: entity 11 was directed to use 8 halite to move north, but only 3 halite was available
At command 3 of 5:
    1   m 3 w
    2   m 9 n
>>> 3   m 11 n
    4   m 5 o
    5   m 7 o


Turn 373
================================================================
warning: owned entities 7, 5 collided on cell (15, 18) as the result of moves on this turn
At command 5 of 5:
    3   m 5 o
    4   m 9 e
>>> 5   m 7 n


Turn 376
================================================================
warning: entity 11 was directed to use 9 halite to move north, but only 2 halite was available
At command 1 of 3:
>>> 1   m 11 n
    2   m 3 w
    3   m 9 e


Turn 381
================================================================
warning: entity 11 was directed to use 8 halite to move east, but only 0 halite was available
At command 1 of 3:
>>> 1   m 11 e
    2   m 9 s
    3   m 3 n


Turn 385
================================================================
warning: entity 11 was directed to use 8 halite to move west, but only 2 halite was available
At command 3 of 3:
    1   m 9 n
    2   m 3 n
>>> 3   m 11 w


Turn 390
================================================================
warning: entity 11 was directed to use 5 halite to move east, but only 3 halite was available
At command 2 of 3:
    1   m 3 n
>>> 2   m 11 e
    3   m 9 w

