
Turn 5
================================================================
warning: entity 2 was directed to use 9 halite to move south, but only 0 halite was available
At command 2 of 3:
    1   m 0 o
>>> 2   m 2 s
    3   g


Turn 9
================================================================
warning: entity 5 was directed to use 6 halite to move north, but only 0 halite was available
At command 2 of 5:
    1   m 2 s
>>> 2   m 5 n
    3   m 0 w
    4   m 4 o


Turn 10
================================================================
warning: owned entities 7, 4 collided on cell (23, 15) as the result of moves on this turn
At command 2 of 5:
    1   m 2 n
>>> 2   m 7 n
    3   m 0 s
    4   m 5 w

Other commands that placed an entity on this cell:
    3   m 0 s
    4   m 5 w
>>> 5   m 4 e


Turn 12
================================================================
warning: entity 5 was directed to use 4 halite to move west, but only 0 halite was available
At command 3 of 3:
    1   m 2 e
    2   m 0 e
>>> 3   m 5 w


Turn 14
================================================================
warning: entity 5 was directed to use 9 halite to move south, but only 8 halite was available
At command 3 of 3:
    1   m 2 w
    2   m 0 s
>>> 3   m 5 s


Turn 19
================================================================
warning: entity 2 was directed to use 9 halite to move north, but only 4 halite was available
At command 2 of 3:
    1   m 5 w
>>> 2   m 2 n
    3   m 0 o


Turn 21
================================================================
warning: entity 5 was directed to use 3 halite to move south, but only 0 halite was available
At command 2 of 3:
    1   m 2 w
>>> 2   m 5 s
    3   m 0 o


Turn 24
================================================================
warning: entity 5 was directed to use 2 halite to move south, but only 1 halite was available
At command 2 of 3:
    1   m 2 w
>>> 2   m 5 s
    3   m 0 o


Turn 26
================================================================
warning: entity 2 was directed to use 4 halite to move north, but only 0 halite was available
At command 2 of 3:
    1   m 5 e
>>> 2   m 2 n
    3   m 0 o


Turn 27
================================================================
warning: entity 5 was directed to use 8 halite to move south, but only 0 halite was available
At command 1 of 3:
>>> 1   m 5 s
    2   m 2 w
    3   m 0 e


Turn 31
================================================================
warning: owned entities 2, 5 collided on cell (21, 15) as the result of moves on this turn
At command 1 of 3:
>>> 1   m 2 w
    2   m 5 o
    3   m 0 o

