
Turn 3
================================================================
warning: entity 1 was directed to use 4 halite to move north, but only 0 halite was available
At command 1 of 2:
>>> 1   m 1 n
    2   g


Turn 5
================================================================
warning: entity 3 was directed to use 4 halite to move west, but only 0 halite was available
At command 1 of 3:
>>> 1   m 3 w
    2   m 1 e
    3   g


Turn 7
================================================================
warning: entity 5 was directed to use 3 halite to move east, but only 0 halite was available
At command 1 of 4:
>>> 1   m 5 e
    2   m 1 w
    3   m 3 o

warning: entity 1 was directed to use 3 halite to move west, but only 0 halite was available
At command 2 of 4:
    1   m 5 e
>>> 2   m 1 w
    3   m 3 o
    4   g


Turn 9
================================================================
warning: entity 6 was directed to use 6 halite to move north, but only 0 halite was available
At command 3 of 4:
    1   m 5 w
    2   m 3 n
>>> 3   m 6 n
    4   m 1 o


Turn 10
================================================================
warning: entity 5 was directed to use 2 halite to move east, but only 0 halite was available
At command 1 of 5:
>>> 1   m 5 e
    2   m 3 e
    3   m 6 n


Turn 12
================================================================
warning: entity 8 was directed to use 4 halite to move south, but only 0 halite was available
At command 5 of 5:
    3   m 5 o
    4   m 1 o
>>> 5   m 8 s


Turn 13
================================================================
warning: entity 3 was directed to use 3 halite to move west, but only 0 halite was available
At command 1 of 5:
>>> 1   m 3 w
    2   m 6 e
    3   m 5 n


Turn 15
================================================================
warning: entity 3 was directed to use 8 halite to move south, but only 7 halite was available
At command 3 of 5:
    1   m 5 s
    2   m 6 s
>>> 3   m 3 s
    4   m 8 s
    5   m 1 w

warning: entity 8 was directed to use 7 halite to move south, but only 5 halite was available
At command 4 of 5:
    2   m 6 s
    3   m 3 s
>>> 4   m 8 s
    5   m 1 w


Turn 18
================================================================
warning: entity 5 was directed to use 3 halite to move east, but only 1 halite was available
At command 2 of 5:
    1   m 6 e
>>> 2   m 5 e
    3   m 3 n
    4   m 8 w


Turn 20
================================================================
warning: entity 8 was directed to use 6 halite to move west, but only 1 halite was available
At command 5 of 5:
    3   m 3 n
    4   m 1 e
>>> 5   m 8 w


Turn 22
================================================================
warning: entity 6 was directed to use 6 halite to move south, but only 3 halite was available
At command 1 of 5:
>>> 1   m 6 s
    2   m 5 e
    3   m 3 w

warning: entity 5 was directed to use 5 halite to move east, but only 0 halite was available
At command 2 of 5:
    1   m 6 s
>>> 2   m 5 e
    3   m 3 w
    4   m 1 s


Turn 23
================================================================
warning: entity 3 was directed to use 1 halite to move east, but only 0 halite was available
At command 1 of 5:
>>> 1   m 3 e
    2   m 1 w
    3   m 8 s


Turn 25
================================================================
warning: entity 8 was directed to use 4 halite to move north, but only 2 halite was available
At command 3 of 5:
    1   m 5 n
    2   m 1 e
>>> 3   m 8 n
    4   m 6 e
    5   m 3 n

warning: entity 3 was directed to use 6 halite to move north, but only 3 halite was available
At command 5 of 5:
    3   m 8 n
    4   m 6 e
>>> 5   m 3 n

warning: owned entities 5, 8 collided on cell (10, 15) as the result of moves on this turn
At command 1 of 5:
>>> 1   m 5 n
    2   m 1 e
    3   m 8 n


Turn 31
================================================================
warning: entity 3 was directed to use 7 halite to move east, but only 3 halite was available
At command 2 of 3:
    1   m 1 n
>>> 2   m 3 e
    3   m 6 w


Turn 37
================================================================
warning: entity 6 was directed to use 8 halite to move north, but only 2 halite was available
At command 3 of 3:
    1   m 1 w
    2   m 3 s
>>> 3   m 6 n

