
Turn 3
================================================================
warning: entity 0 was directed to use 2 halite to move south, but only 0 halite was available
At command 2 of 3:
    1   m 2 e
>>> 2   m 0 s
    3   g


Turn 4
================================================================
warning: entity 2 was directed to use 2 halite to move east, but only 0 halite was available
At command 3 of 4:
    1   m 4 w
    2   m 0 o
>>> 3   m 2 e
    4   g


Turn 5
================================================================
warning: entity 4 was directed to use 5 halite to move north, but only 0 halite was available
At command 2 of 4:
    1   m 6 o
>>> 2   m 4 n
    3   m 0 o
    4   m 2 o

