
Turn 3
================================================================
warning: entity 0 was directed to use 3 halite to move north, but only 0 halite was available
At command 1 of 2:
>>> 1   m 0 n
    2   g


Turn 6
================================================================
warning: entity 2 was directed to use 4 halite to move south, but only 0 halite was available
At command 2 of 3:
    1   m 0 o
>>> 2   m 2 s
    3   g


Turn 8
================================================================
warning: entity 5 was directed to use 2 halite to move north, but only 0 halite was available
At command 2 of 4:
    1   m 2 o
>>> 2   m 5 n
    3   m 0 w
    4   g


Turn 10
================================================================
warning: entity 7 was directed to use 7 halite to move north, but only 0 halite was available
At command 2 of 5:
    1   m 0 n
>>> 2   m 7 n
    3   m 2 o
    4   m 5 w

warning: entity 5 was directed to use 6 halite to move west, but only 5 halite was available
At command 4 of 5:
    2   m 7 n
    3   m 2 o
>>> 4   m 5 w
    5   g


Turn 11
================================================================
warning: owned entities 9, 5 collided on cell (22, 16) as the result of moves on this turn
At command 3 of 5:
    1   m 0 s
    2   m 7 s
>>> 3   m 9 w
    4   m 2 e
    5   m 5 s

Other commands that placed an entity on this cell:
    3   m 9 w
    4   m 2 e
>>> 5   m 5 s


Turn 13
================================================================
warning: entity 0 was directed to use 8 halite to move north, but only 1 halite was available
At command 1 of 3:
>>> 1   m 0 n
    2   m 7 e
    3   m 2 n


Turn 17
================================================================
warning: entity 7 was directed to use 7 halite to move north, but only 3 halite was available
At command 2 of 3:
    1   m 2 e
>>> 2   m 7 n
    3   m 0 n


Turn 41
================================================================
warning: entity 2 was directed to use 8 halite to move south, but only 3 halite was available
At command 1 of 3:
>>> 1   m 2 s
    2   m 0 s
    3   m 7 o

warning: entity 0 was directed to use 3 halite to move south, but only 0 halite was available
At command 2 of 3:
    1   m 2 s
>>> 2   m 0 s
    3   m 7 o


Turn 45
================================================================
warning: entity 2 was directed to use 9 halite to move south, but only 8 halite was available
At command 1 of 3:
>>> 1   m 2 s
    2   m 0 w
    3   m 7 n


Turn 47
================================================================
warning: entity 0 was directed to use 7 halite to move west, but only 0 halite was available
At command 1 of 3:
>>> 1   m 0 w
    2   m 7 e
    3   m 2 o


Turn 68
================================================================
warning: entity 7 was directed to use 5 halite to move east, but only 0 halite was available
At command 2 of 3:
    1   m 2 s
>>> 2   m 7 e
    3   m 0 o


Turn 71
================================================================
warning: entity 2 was directed to use 9 halite to move south, but only 8 halite was available
At command 1 of 3:
>>> 1   m 2 s
    2   m 7 n
    3   m 0 o

warning: entity 7 was directed to use 4 halite to move north, but only 0 halite was available
At command 2 of 3:
    1   m 2 s
>>> 2   m 7 n
    3   m 0 o


Turn 74
================================================================
warning: entity 7 was directed to use 2 halite to move south, but only 0 halite was available
At command 2 of 3:
    1   m 2 e
>>> 2   m 7 s
    3   m 0 w


Turn 77
================================================================
warning: entity 7 was directed to use 1 halite to move east, but only 0 halite was available
At command 2 of 3:
    1   m 0 w
>>> 2   m 7 e
    3   m 2 o


Turn 79
================================================================
warning: entity 7 was directed to use 5 halite to move west, but only 4 halite was available
At command 1 of 3:
>>> 1   m 7 w
    2   m 0 s
    3   m 2 e


Turn 89
================================================================
warning: entity 7 was directed to use 8 halite to move east, but only 0 halite was available
At command 2 of 3:
    1   m 0 w
>>> 2   m 7 e
    3   m 2 w


Turn 94
================================================================
warning: entity 7 was directed to use 5 halite to move east, but only 1 halite was available
At command 2 of 3:
    1   m 0 n
>>> 2   m 7 e
    3   m 2 w


Turn 100
================================================================
warning: entity 7 was directed to use 7 halite to move north, but only 1 halite was available
At command 2 of 3:
    1   m 2 n
>>> 2   m 7 n
    3   m 0 s


Turn 104
================================================================
warning: entity 7 was directed to use 3 halite to move north, but only 2 halite was available
At command 3 of 3:
    1   m 2 n
    2   m 0 w
>>> 3   m 7 n


Turn 105
================================================================
warning: owned entities 0, 7 collided on cell (27, 20) as the result of moves on this turn
At command 2 of 3:
    1   m 2 e
>>> 2   m 0 n
    3   m 7 w

Other commands that placed an entity on this cell:
    1   m 2 e
    2   m 0 n
>>> 3   m 7 w

