
Turn 5
================================================================
warning: entity 3 was directed to use 6 halite to move west, but only 0 halite was available
At command 1 of 2:
>>> 1   m 3 w
    2   m 1 n


Turn 8
================================================================
warning: entity 1 was directed to use 6 halite to move west, but only 0 halite was available
At command 1 of 2:
>>> 1   m 1 w
    2   m 3 w


Turn 14
================================================================
warning: entity 7 was directed to use 5 halite to move east, but only 0 halite was available
At command 2 of 4:
    1   m 1 o
>>> 2   m 7 e
    3   m 3 o
    4   g


Turn 17
================================================================
warning: entity 8 was directed to use 8 halite to move east, but only 0 halite was available
At command 4 of 5:
    2   m 7 o
    3   m 1 n
>>> 4   m 8 e
    5   g


Turn 20
================================================================
warning: entity 9 was directed to use 4 halite to move west, but only 0 halite was available
At command 1 of 5:
>>> 1   m 9 w
    2   m 7 e
    3   m 3 w


Turn 23
================================================================
warning: entity 9 was directed to use 3 halite to move north, but only 0 halite was available
At command 2 of 5:
    1   m 7 o
>>> 2   m 9 n
    3   m 3 n
    4   m 1 o


Turn 27
================================================================
warning: entity 9 was directed to use 4 halite to move south, but only 2 halite was available
At command 1 of 5:
>>> 1   m 9 s
    2   m 7 o
    3   m 3 w


Turn 28
================================================================
warning: entity 8 was directed to use 7 halite to move north, but only 0 halite was available
At command 2 of 5:
    1   m 3 o
>>> 2   m 8 n
    3   m 1 o
    4   m 9 w


Turn 31
================================================================
warning: entity 9 was directed to use 3 halite to move north, but only 0 halite was available
At command 1 of 5:
>>> 1   m 9 n
    2   m 3 o
    3   m 7 e


Turn 34
================================================================
warning: entity 9 was directed to use 2 halite to move east, but only 1 halite was available
At command 1 of 5:
>>> 1   m 9 e
    2   m 3 o
    3   m 1 w


Turn 36
================================================================
warning: entity 9 was directed to use 9 halite to move west, but only 7 halite was available
At command 2 of 5:
    1   m 7 w
>>> 2   m 9 w
    3   m 8 e
    4   m 1 o


Turn 40
================================================================
warning: entity 8 was directed to use 9 halite to move west, but only 3 halite was available
At command 4 of 5:
    2   m 9 e
    3   m 7 o
>>> 4   m 8 w
    5   m 1 o


Turn 41
================================================================
warning: entity 9 was directed to use 6 halite to move south, but only 2 halite was available
At command 2 of 5:
    1   m 3 o
>>> 2   m 9 s
    3   m 7 w
    4   m 8 s


Turn 44
================================================================
warning: entity 9 was directed to use 7 halite to move west, but only 6 halite was available
At command 2 of 5:
    1   m 7 s
>>> 2   m 9 w
    3   m 3 o
    4   m 8 s


Turn 46
================================================================
warning: entity 8 was directed to use 9 halite to move south, but only 0 halite was available
At command 2 of 5:
    1   m 7 s
>>> 2   m 8 s
    3   m 1 e
    4   m 9 s


Turn 50
================================================================
warning: entity 9 was directed to use 6 halite to move west, but only 0 halite was available
At command 2 of 5:
    1   m 7 s
>>> 2   m 9 w
    3   m 3 o
    4   m 1 o


Turn 54
================================================================
warning: entity 9 was directed to use 5 halite to move west, but only 3 halite was available
At command 1 of 5:
>>> 1   m 9 w
    2   m 7 o
    3   m 1 n


Turn 73
================================================================
warning: entity 7 was directed to use 2 halite to move north, but only 0 halite was available
At command 1 of 5:
>>> 1   m 7 n
    2   m 9 e
    3   m 1 e


Turn 76
================================================================
warning: entity 7 was directed to use 4 halite to move west, but only 0 halite was available
At command 2 of 5:
    1   m 9 s
>>> 2   m 7 w
    3   m 1 s
    4   m 8 o


Turn 79
================================================================
warning: entity 7 was directed to use 4 halite to move south, but only 0 halite was available
At command 1 of 5:
>>> 1   m 7 s
    2   m 9 o
    3   m 1 e


Turn 82
================================================================
warning: entity 7 was directed to use 2 halite to move east, but only 0 halite was available
At command 1 of 5:
>>> 1   m 7 e
    2   m 9 o
    3   m 1 o


Turn 84
================================================================
warning: entity 7 was directed to use 7 halite to move east, but only 5 halite was available
At command 1 of 5:
>>> 1   m 7 e
    2   m 9 s
    3   m 1 n


Turn 91
================================================================
warning: entity 7 was directed to use 3 halite to move south, but only 0 halite was available
At command 1 of 5:
>>> 1   m 7 s
    2   m 9 o
    3   m 1 o


Turn 93
================================================================
warning: entity 7 was directed to use 7 halite to move east, but only 6 halite was available
At command 1 of 5:
>>> 1   m 7 e
    2   m 9 s
    3   m 1 o


Turn 98
================================================================
warning: entity 7 was directed to use 9 halite to move south, but only 3 halite was available
At command 1 of 5:
>>> 1   m 7 s
    2   m 9 o
    3   m 1 o


Turn 105
================================================================
warning: entity 7 was directed to use 6 halite to move west, but only 0 halite was available
At command 1 of 5:
>>> 1   m 7 w
    2   m 9 o
    3   m 1 o


Turn 109
================================================================
warning: entity 7 was directed to use 6 halite to move west, but only 1 halite was available
At command 1 of 5:
>>> 1   m 7 w
    2   m 9 o
    3   m 1 o


Turn 113
================================================================
warning: entity 7 was directed to use 1 halite to move west, but only 0 halite was available
At command 1 of 5:
>>> 1   m 7 w
    2   m 9 o
    3   m 1 o


Turn 115
================================================================
warning: entity 7 was directed to use 6 halite to move south, but only 4 halite was available
At command 1 of 5:
>>> 1   m 7 s
    2   m 9 o
    3   m 1 o


Turn 119
================================================================
warning: entity 7 was directed to use 3 halite to move north, but only 0 halite was available
At command 1 of 5:
>>> 1   m 7 n
    2   m 9 o
    3   m 1 o


Turn 122
================================================================
warning: entity 7 was directed to use 4 halite to move north, but only 2 halite was available
At command 1 of 5:
>>> 1   m 7 n
    2   m 9 o
    3   m 1 o


Turn 127
================================================================
warning: entity 7 was directed to use 8 halite to move south, but only 1 halite was available
At command 1 of 5:
>>> 1   m 7 s
    2   m 9 o
    3   m 1 o


Turn 132
================================================================
warning: entity 7 was directed to use 6 halite to move south, but only 5 halite was available
At command 1 of 5:
>>> 1   m 7 s
    2   m 9 o
    3   m 1 o


Turn 173
================================================================
warning: entity 7 was directed to use 4 halite to move east, but only 1 halite was available
At command 1 of 5:
>>> 1   m 7 e
    2   m 9 o
    3   m 1 o


Turn 176
================================================================
warning: entity 7 was directed to use 9 halite to move north, but only 5 halite was available
At command 1 of 5:
>>> 1   m 7 n
    2   m 9 o
    3   m 1 o


Turn 181
================================================================
warning: entity 7 was directed to use 8 halite to move south, but only 2 halite was available
At command 1 of 5:
>>> 1   m 7 s
    2   m 9 o
    3   m 1 o


Turn 185
================================================================
warning: entity 7 was directed to use 8 halite to move south, but only 0 halite was available
At command 1 of 5:
>>> 1   m 7 s
    2   m 9 o
    3   m 1 o


Turn 200
================================================================
warning: entity 7 was directed to use 7 halite to move south, but only 3 halite was available
At command 1 of 5:
>>> 1   m 7 s
    2   m 9 o
    3   m 1 o


Turn 205
================================================================
warning: entity 7 was directed to use 7 halite to move south, but only 0 halite was available
At command 1 of 5:
>>> 1   m 7 s
    2   m 9 o
    3   m 1 o


Turn 209
================================================================
warning: entity 7 was directed to use 7 halite to move west, but only 0 halite was available
At command 1 of 5:
>>> 1   m 7 w
    2   m 9 o
    3   m 1 o


Turn 218
================================================================
warning: entity 7 was directed to use 6 halite to move west, but only 0 halite was available
At command 1 of 5:
>>> 1   m 7 w
    2   m 9 o
    3   m 1 o


Turn 222
================================================================
warning: entity 7 was directed to use 7 halite to move north, but only 0 halite was available
At command 1 of 5:
>>> 1   m 7 n
    2   m 9 o
    3   m 1 o


Turn 225
================================================================
warning: entity 7 was directed to use 8 halite to move south, but only 7 halite was available
At command 1 of 5:
>>> 1   m 7 s
    2   m 9 o
    3   m 1 o

